2017-11-01 14:36:36.390 [7788] LOG_ALARM -----------------  log4z thread started!   ---------------------------- log4z.cpp:1924
2017-11-01 14:36:36.394 [7788] LOG_ALARM logger id=0 key=Main name=Main path=./log/ level=0 display=true log4z.cpp:1934
2017-11-01 14:36:36.394 [13124] LOG_TRACE stream input *** LOGT LOGT LOGT LOGT ***  cctdlg.cpp:79
2017-11-01 14:36:36.394 [13124] LOG_DEBUG stream input *** LOGD LOGD LOGD LOGD ***  cctdlg.cpp:80
2017-11-01 14:36:36.394 [13124] LOG_INFO stream input *** LOGI LOGI LOGI LOGI ***  cctdlg.cpp:81
2017-11-01 14:36:36.395 [13124] LOG_WARN stream input *** LOGW LOGW LOGW LOGW ***  cctdlg.cpp:82
2017-11-01 14:36:36.395 [13124] LOG_ERROR stream input *** LOGE LOGE LOGE LOGE ***  cctdlg.cpp:83
2017-11-01 14:36:36.395 [13124] LOG_ALARM stream input *** LOGA LOGA LOGA LOGA ***  cctdlg.cpp:84
2017-11-01 14:36:36.395 [13124] LOG_FATAL stream input *** LOGF LOGF LOGF LOGF ***  cctdlg.cpp:85
2017-11-01 14:36:36.395 [13124] LOG_TRACE format input *** LOGFMTT *** 123456 *** cctdlg.cpp:86
2017-11-01 14:36:36.395 [13124] LOG_DEBUG format input *** LOGFMTD *** 123456 *** cctdlg.cpp:87
2017-11-01 14:36:36.395 [13124] LOG_INFO format input *** LOGFMTI *** 123456 *** cctdlg.cpp:88
2017-11-01 14:36:36.395 [13124] LOG_WARN format input *** LOGFMTW *** 123456 *** cctdlg.cpp:89
2017-11-01 14:36:36.395 [13124] LOG_ERROR format input *** LOGFMTE *** 123456 *** cctdlg.cpp:90
2017-11-01 14:36:36.395 [13124] LOG_ALARM format input *** LOGFMTA *** 123456 *** cctdlg.cpp:91
2017-11-01 14:36:36.395 [13124] LOG_FATAL format input *** LOGFMTF *** 123456 *** cctdlg.cpp:92
2017-11-01 14:36:36.395 [13124] LOG_ALARM main quit ... cctdlg.cpp:94
2017-11-01 14:36:36.460 [13124] LOG_TRACE CCCTDlg::udp_client_init cctdlg.cpp:589
2017-11-01 14:36:36.461 [11860] LOG_TRACE call_dev_mon_thread 
 devmon.cpp:6
2017-11-01 14:36:36.461 [11860] LOG_TRACE CDevMon::dev_mon_thread start
 devmon.cpp:29
2017-11-01 14:36:38.141 [13124] LOG_TRACE CCCTDlg::OnBnClickedButtonTest cctdlg.cpp:364
2017-11-01 14:36:38.141 [13124] LOG_TRACE CCCTDlg::initRecord cctdlg.cpp:393
2017-11-01 14:36:38.162 [13124] LOG_TRACE cap_dev_num=2 cctdlg.cpp:397
2017-11-01 14:36:38.162 [13124] LOG_INFO CCCTDlg::initRecord, sample=22050, bits=16, ch=2, block=4, bytes_per_sec=88200 cctdlg.cpp:430
2017-11-01 14:36:38.194 [13124] LOG_TRACE WIM_OPEN cctdlg.cpp:490
