2017-11-02 14:24:01.772 [13308] LOG_ALARM -----------------  log4z thread started!   ---------------------------- log4z.cpp:1924
2017-11-02 14:24:01.776 [13308] LOG_ALARM logger id=0 key=Main name=Main path=./log/ level=0 display=true log4z.cpp:1934
2017-11-02 14:24:01.776 [15196] LOG_TRACE stream input *** LOGT LOGT LOGT LOGT ***  cctdlg.cpp:80
2017-11-02 14:24:01.776 [15196] LOG_DEBUG stream input *** LOGD LOGD LOGD LOGD ***  cctdlg.cpp:81
2017-11-02 14:24:01.776 [15196] LOG_INFO stream input *** LOGI LOGI LOGI LOGI ***  cctdlg.cpp:82
2017-11-02 14:24:01.777 [15196] LOG_WARN stream input *** LOGW LOGW LOGW LOGW ***  cctdlg.cpp:83
2017-11-02 14:24:01.777 [15196] LOG_ERROR stream input *** LOGE LOGE LOGE LOGE ***  cctdlg.cpp:84
2017-11-02 14:24:01.777 [15196] LOG_ALARM stream input *** LOGA LOGA LOGA LOGA ***  cctdlg.cpp:85
2017-11-02 14:24:01.777 [15196] LOG_FATAL stream input *** LOGF LOGF LOGF LOGF ***  cctdlg.cpp:86
2017-11-02 14:24:01.777 [15196] LOG_TRACE format input *** LOGFMTT *** 123456 *** cctdlg.cpp:87
2017-11-02 14:24:01.777 [15196] LOG_DEBUG format input *** LOGFMTD *** 123456 *** cctdlg.cpp:88
2017-11-02 14:24:01.777 [15196] LOG_INFO format input *** LOGFMTI *** 123456 *** cctdlg.cpp:89
2017-11-02 14:24:01.777 [15196] LOG_WARN format input *** LOGFMTW *** 123456 *** cctdlg.cpp:90
2017-11-02 14:24:01.777 [15196] LOG_ERROR format input *** LOGFMTE *** 123456 *** cctdlg.cpp:91
2017-11-02 14:24:01.777 [15196] LOG_ALARM format input *** LOGFMTA *** 123456 *** cctdlg.cpp:92
2017-11-02 14:24:01.777 [15196] LOG_FATAL format input *** LOGFMTF *** 123456 *** cctdlg.cpp:93
2017-11-02 14:24:01.777 [15196] LOG_ALARM main quit ... cctdlg.cpp:95
2017-11-02 14:24:01.863 [15196] LOG_TRACE CCCTDlg::udp_client_init cctdlg.cpp:609
2017-11-02 14:24:01.864 [12428] LOG_TRACE call_dev_mon_thread 
 devmon.cpp:6
2017-11-02 14:24:01.864 [12428] LOG_TRACE CDevMon::dev_mon_thread start
 devmon.cpp:29
2017-11-02 14:24:01.960 [15196] LOG_TRACE m_s32_volume=50 cctdlg.cpp:1169
2017-11-02 14:24:04.598 [15196] LOG_TRACE m_s32_volume=50 cctdlg.cpp:1169
2017-11-02 14:24:04.879 [15196] LOG_TRACE m_s32_volume=50 cctdlg.cpp:1169
2017-11-02 14:24:04.964 [15196] LOG_TRACE m_s32_volume=49 cctdlg.cpp:1169
2017-11-02 14:24:04.990 [15196] LOG_TRACE m_s32_volume=48 cctdlg.cpp:1169
2017-11-02 14:24:05.050 [15196] LOG_TRACE m_s32_volume=47 cctdlg.cpp:1169
2017-11-02 14:24:05.159 [15196] LOG_TRACE m_s32_volume=46 cctdlg.cpp:1169
2017-11-02 14:24:05.166 [15196] LOG_TRACE m_s32_volume=45 cctdlg.cpp:1169
2017-11-02 14:24:05.234 [15196] LOG_TRACE m_s32_volume=44 cctdlg.cpp:1169
2017-11-02 14:24:05.247 [15196] LOG_TRACE m_s32_volume=43 cctdlg.cpp:1169
2017-11-02 14:24:05.252 [15196] LOG_TRACE m_s32_volume=42 cctdlg.cpp:1169
2017-11-02 14:24:05.261 [15196] LOG_TRACE m_s32_volume=41 cctdlg.cpp:1169
2017-11-02 14:24:05.276 [15196] LOG_TRACE m_s32_volume=39 cctdlg.cpp:1169
2017-11-02 14:24:05.368 [15196] LOG_TRACE m_s32_volume=38 cctdlg.cpp:1169
2017-11-02 14:24:05.377 [15196] LOG_TRACE m_s32_volume=37 cctdlg.cpp:1169
2017-11-02 14:24:05.392 [15196] LOG_TRACE m_s32_volume=36 cctdlg.cpp:1169
2017-11-02 14:24:05.408 [15196] LOG_TRACE m_s32_volume=35 cctdlg.cpp:1169
2017-11-02 14:24:05.432 [15196] LOG_TRACE m_s32_volume=34 cctdlg.cpp:1169
2017-11-02 14:24:05.456 [15196] LOG_TRACE m_s32_volume=33 cctdlg.cpp:1169
2017-11-02 14:24:05.470 [15196] LOG_TRACE m_s32_volume=32 cctdlg.cpp:1169
2017-11-02 14:24:05.499 [15196] LOG_TRACE m_s32_volume=31 cctdlg.cpp:1169
2017-11-02 14:24:05.507 [15196] LOG_TRACE m_s32_volume=30 cctdlg.cpp:1169
2017-11-02 14:24:05.523 [15196] LOG_TRACE m_s32_volume=28 cctdlg.cpp:1169
2017-11-02 14:24:05.530 [15196] LOG_TRACE m_s32_volume=26 cctdlg.cpp:1169
2017-11-02 14:24:05.548 [15196] LOG_TRACE m_s32_volume=24 cctdlg.cpp:1169
2017-11-02 14:24:05.564 [15196] LOG_TRACE m_s32_volume=23 cctdlg.cpp:1169
2017-11-02 14:24:05.573 [15196] LOG_TRACE m_s32_volume=22 cctdlg.cpp:1169
2017-11-02 14:24:05.590 [15196] LOG_TRACE m_s32_volume=20 cctdlg.cpp:1169
2017-11-02 14:24:05.596 [15196] LOG_TRACE m_s32_volume=19 cctdlg.cpp:1169
2017-11-02 14:24:05.607 [15196] LOG_TRACE m_s32_volume=18 cctdlg.cpp:1169
2017-11-02 14:24:05.623 [15196] LOG_TRACE m_s32_volume=17 cctdlg.cpp:1169
2017-11-02 14:24:05.634 [15196] LOG_TRACE m_s32_volume=16 cctdlg.cpp:1169
2017-11-02 14:24:05.707 [15196] LOG_TRACE m_s32_volume=15 cctdlg.cpp:1169
2017-11-02 14:24:05.714 [15196] LOG_TRACE m_s32_volume=14 cctdlg.cpp:1169
2017-11-02 14:24:05.723 [15196] LOG_TRACE m_s32_volume=12 cctdlg.cpp:1169
2017-11-02 14:24:05.730 [15196] LOG_TRACE m_s32_volume=11 cctdlg.cpp:1169
2017-11-02 14:24:05.755 [15196] LOG_TRACE m_s32_volume=10 cctdlg.cpp:1169
2017-11-02 14:24:05.762 [15196] LOG_TRACE m_s32_volume=9 cctdlg.cpp:1169
2017-11-02 14:24:05.797 [15196] LOG_TRACE m_s32_volume=8 cctdlg.cpp:1169
2017-11-02 14:24:05.804 [15196] LOG_TRACE m_s32_volume=7 cctdlg.cpp:1169
2017-11-02 14:24:05.813 [15196] LOG_TRACE m_s32_volume=5 cctdlg.cpp:1169
2017-11-02 14:24:05.831 [15196] LOG_TRACE m_s32_volume=3 cctdlg.cpp:1169
2017-11-02 14:24:05.847 [15196] LOG_TRACE m_s32_volume=2 cctdlg.cpp:1169
2017-11-02 14:24:05.855 [15196] LOG_TRACE m_s32_volume=1 cctdlg.cpp:1169
2017-11-02 14:24:05.871 [15196] LOG_TRACE m_s32_volume=0 cctdlg.cpp:1169
2017-11-02 14:24:06.521 [15196] LOG_TRACE m_s32_volume=1 cctdlg.cpp:1169
2017-11-02 14:24:06.539 [15196] LOG_TRACE m_s32_volume=2 cctdlg.cpp:1169
2017-11-02 14:24:06.546 [15196] LOG_TRACE m_s32_volume=3 cctdlg.cpp:1169
2017-11-02 14:24:06.554 [15196] LOG_TRACE m_s32_volume=5 cctdlg.cpp:1169
2017-11-02 14:24:06.563 [15196] LOG_TRACE m_s32_volume=6 cctdlg.cpp:1169
2017-11-02 14:24:06.571 [15196] LOG_TRACE m_s32_volume=7 cctdlg.cpp:1169
2017-11-02 14:24:06.578 [15196] LOG_TRACE m_s32_volume=8 cctdlg.cpp:1169
2017-11-02 14:24:06.587 [15196] LOG_TRACE m_s32_volume=9 cctdlg.cpp:1169
2017-11-02 14:24:06.597 [15196] LOG_TRACE m_s32_volume=11 cctdlg.cpp:1169
2017-11-02 14:24:06.605 [15196] LOG_TRACE m_s32_volume=13 cctdlg.cpp:1169
2017-11-02 14:24:06.612 [15196] LOG_TRACE m_s32_volume=14 cctdlg.cpp:1169
2017-11-02 14:24:06.628 [15196] LOG_TRACE m_s32_volume=15 cctdlg.cpp:1169
2017-11-02 14:24:06.645 [15196] LOG_TRACE m_s32_volume=16 cctdlg.cpp:1169
2017-11-02 14:24:06.676 [15196] LOG_TRACE m_s32_volume=17 cctdlg.cpp:1169
2017-11-02 14:24:06.685 [15196] LOG_TRACE m_s32_volume=18 cctdlg.cpp:1169
2017-11-02 14:24:06.714 [15196] LOG_TRACE m_s32_volume=20 cctdlg.cpp:1169
2017-11-02 14:24:06.723 [15196] LOG_TRACE m_s32_volume=21 cctdlg.cpp:1169
2017-11-02 14:24:06.730 [15196] LOG_TRACE m_s32_volume=22 cctdlg.cpp:1169
2017-11-02 14:24:06.739 [15196] LOG_TRACE m_s32_volume=24 cctdlg.cpp:1169
2017-11-02 14:24:06.749 [15196] LOG_TRACE m_s32_volume=25 cctdlg.cpp:1169
2017-11-02 14:24:06.756 [15196] LOG_TRACE m_s32_volume=26 cctdlg.cpp:1169
2017-11-02 14:24:06.772 [15196] LOG_TRACE m_s32_volume=28 cctdlg.cpp:1169
2017-11-02 14:24:06.780 [15196] LOG_TRACE m_s32_volume=30 cctdlg.cpp:1169
2017-11-02 14:24:06.797 [15196] LOG_TRACE m_s32_volume=31 cctdlg.cpp:1169
2017-11-02 14:24:06.813 [15196] LOG_TRACE m_s32_volume=32 cctdlg.cpp:1169
2017-11-02 14:24:06.829 [15196] LOG_TRACE m_s32_volume=33 cctdlg.cpp:1169
2017-11-02 14:24:06.836 [15196] LOG_TRACE m_s32_volume=34 cctdlg.cpp:1169
2017-11-02 14:24:06.856 [15196] LOG_TRACE m_s32_volume=36 cctdlg.cpp:1169
2017-11-02 14:24:06.873 [15196] LOG_TRACE m_s32_volume=37 cctdlg.cpp:1169
2017-11-02 14:24:06.880 [15196] LOG_TRACE m_s32_volume=38 cctdlg.cpp:1169
2017-11-02 14:24:06.888 [15196] LOG_TRACE m_s32_volume=39 cctdlg.cpp:1169
2017-11-02 14:24:06.899 [15196] LOG_TRACE m_s32_volume=41 cctdlg.cpp:1169
2017-11-02 14:24:06.915 [15196] LOG_TRACE m_s32_volume=43 cctdlg.cpp:1169
2017-11-02 14:24:06.922 [15196] LOG_TRACE m_s32_volume=44 cctdlg.cpp:1169
2017-11-02 14:24:06.932 [15196] LOG_TRACE m_s32_volume=45 cctdlg.cpp:1169
2017-11-02 14:24:06.939 [15196] LOG_TRACE m_s32_volume=46 cctdlg.cpp:1169
2017-11-02 14:24:06.946 [15196] LOG_TRACE m_s32_volume=47 cctdlg.cpp:1169
2017-11-02 14:24:06.964 [15196] LOG_TRACE m_s32_volume=48 cctdlg.cpp:1169
2017-11-02 14:24:06.981 [15196] LOG_TRACE m_s32_volume=49 cctdlg.cpp:1169
2017-11-02 14:24:06.988 [15196] LOG_TRACE m_s32_volume=51 cctdlg.cpp:1169
2017-11-02 14:24:07.005 [15196] LOG_TRACE m_s32_volume=53 cctdlg.cpp:1169
2017-11-02 14:24:07.021 [15196] LOG_TRACE m_s32_volume=55 cctdlg.cpp:1169
2017-11-02 14:24:07.028 [15196] LOG_TRACE m_s32_volume=57 cctdlg.cpp:1169
2017-11-02 14:24:07.046 [15196] LOG_TRACE m_s32_volume=59 cctdlg.cpp:1169
2017-11-02 14:24:07.055 [15196] LOG_TRACE m_s32_volume=60 cctdlg.cpp:1169
2017-11-02 14:24:07.062 [15196] LOG_TRACE m_s32_volume=61 cctdlg.cpp:1169
2017-11-02 14:24:07.074 [15196] LOG_TRACE m_s32_volume=63 cctdlg.cpp:1169
2017-11-02 14:24:07.078 [15196] LOG_TRACE m_s32_volume=64 cctdlg.cpp:1169
2017-11-02 14:24:07.086 [15196] LOG_TRACE m_s32_volume=66 cctdlg.cpp:1169
2017-11-02 14:24:07.094 [15196] LOG_TRACE m_s32_volume=67 cctdlg.cpp:1169
2017-11-02 14:24:07.103 [15196] LOG_TRACE m_s32_volume=69 cctdlg.cpp:1169
2017-11-02 14:24:07.112 [15196] LOG_TRACE m_s32_volume=70 cctdlg.cpp:1169
2017-11-02 14:24:07.128 [15196] LOG_TRACE m_s32_volume=71 cctdlg.cpp:1169
2017-11-02 14:24:07.136 [15196] LOG_TRACE m_s32_volume=72 cctdlg.cpp:1169
2017-11-02 14:24:07.156 [15196] LOG_TRACE m_s32_volume=73 cctdlg.cpp:1169
2017-11-02 14:24:07.174 [15196] LOG_TRACE m_s32_volume=74 cctdlg.cpp:1169
2017-11-02 14:24:07.182 [15196] LOG_TRACE m_s32_volume=76 cctdlg.cpp:1169
2017-11-02 14:24:07.190 [15196] LOG_TRACE m_s32_volume=77 cctdlg.cpp:1169
2017-11-02 14:24:07.198 [15196] LOG_TRACE m_s32_volume=78 cctdlg.cpp:1169
2017-11-02 14:24:07.206 [15196] LOG_TRACE m_s32_volume=79 cctdlg.cpp:1169
2017-11-02 14:24:07.214 [15196] LOG_TRACE m_s32_volume=80 cctdlg.cpp:1169
2017-11-02 14:24:07.224 [15196] LOG_TRACE m_s32_volume=81 cctdlg.cpp:1169
2017-11-02 14:24:07.232 [15196] LOG_TRACE m_s32_volume=82 cctdlg.cpp:1169
2017-11-02 14:24:07.242 [15196] LOG_TRACE m_s32_volume=84 cctdlg.cpp:1169
2017-11-02 14:24:07.265 [15196] LOG_TRACE m_s32_volume=86 cctdlg.cpp:1169
2017-11-02 14:24:07.280 [15196] LOG_TRACE m_s32_volume=87 cctdlg.cpp:1169
2017-11-02 14:24:07.290 [15196] LOG_TRACE m_s32_volume=89 cctdlg.cpp:1169
2017-11-02 14:24:07.304 [15196] LOG_TRACE m_s32_volume=90 cctdlg.cpp:1169
2017-11-02 14:24:07.312 [15196] LOG_TRACE m_s32_volume=91 cctdlg.cpp:1169
2017-11-02 14:24:07.320 [15196] LOG_TRACE m_s32_volume=92 cctdlg.cpp:1169
2017-11-02 14:24:07.330 [15196] LOG_TRACE m_s32_volume=93 cctdlg.cpp:1169
2017-11-02 14:24:07.338 [15196] LOG_TRACE m_s32_volume=94 cctdlg.cpp:1169
2017-11-02 14:24:07.346 [15196] LOG_TRACE m_s32_volume=95 cctdlg.cpp:1169
2017-11-02 14:24:07.354 [15196] LOG_TRACE m_s32_volume=96 cctdlg.cpp:1169
2017-11-02 14:24:07.363 [15196] LOG_TRACE m_s32_volume=98 cctdlg.cpp:1169
2017-11-02 14:24:07.370 [15196] LOG_TRACE m_s32_volume=99 cctdlg.cpp:1169
2017-11-02 14:24:07.381 [15196] LOG_TRACE m_s32_volume=100 cctdlg.cpp:1169
2017-11-02 14:24:07.963 [15196] LOG_TRACE m_s32_volume=99 cctdlg.cpp:1169
2017-11-02 14:24:07.971 [15196] LOG_TRACE m_s32_volume=97 cctdlg.cpp:1169
2017-11-02 14:24:07.994 [15196] LOG_TRACE m_s32_volume=96 cctdlg.cpp:1169
2017-11-02 14:24:08.006 [15196] LOG_TRACE m_s32_volume=95 cctdlg.cpp:1169
2017-11-02 14:24:08.051 [15196] LOG_TRACE m_s32_volume=93 cctdlg.cpp:1169
2017-11-02 14:24:08.073 [15196] LOG_TRACE m_s32_volume=92 cctdlg.cpp:1169
2017-11-02 14:24:08.088 [15196] LOG_TRACE m_s32_volume=91 cctdlg.cpp:1169
2017-11-02 14:24:08.096 [15196] LOG_TRACE m_s32_volume=90 cctdlg.cpp:1169
2017-11-02 14:24:08.104 [15196] LOG_TRACE m_s32_volume=89 cctdlg.cpp:1169
2017-11-02 14:24:08.112 [15196] LOG_TRACE m_s32_volume=88 cctdlg.cpp:1169
2017-11-02 14:24:08.121 [15196] LOG_TRACE m_s32_volume=87 cctdlg.cpp:1169
2017-11-02 14:24:08.128 [15196] LOG_TRACE m_s32_volume=86 cctdlg.cpp:1169
2017-11-02 14:24:08.145 [15196] LOG_TRACE m_s32_volume=85 cctdlg.cpp:1169
2017-11-02 14:24:08.160 [15196] LOG_TRACE m_s32_volume=84 cctdlg.cpp:1169
2017-11-02 14:24:08.169 [15196] LOG_TRACE m_s32_volume=83 cctdlg.cpp:1169
2017-11-02 14:24:08.178 [15196] LOG_TRACE m_s32_volume=82 cctdlg.cpp:1169
2017-11-02 14:24:08.300 [15196] LOG_TRACE m_s32_volume=81 cctdlg.cpp:1169
2017-11-02 14:24:08.308 [15196] LOG_TRACE m_s32_volume=80 cctdlg.cpp:1169
2017-11-02 14:24:08.316 [15196] LOG_TRACE m_s32_volume=79 cctdlg.cpp:1169
2017-11-02 14:24:08.326 [15196] LOG_TRACE m_s32_volume=78 cctdlg.cpp:1169
2017-11-02 14:24:08.334 [15196] LOG_TRACE m_s32_volume=77 cctdlg.cpp:1169
2017-11-02 14:24:08.342 [15196] LOG_TRACE m_s32_volume=76 cctdlg.cpp:1169
2017-11-02 14:24:08.358 [15196] LOG_TRACE m_s32_volume=74 cctdlg.cpp:1169
2017-11-02 14:24:08.366 [15196] LOG_TRACE m_s32_volume=73 cctdlg.cpp:1169
2017-11-02 14:24:08.374 [15196] LOG_TRACE m_s32_volume=72 cctdlg.cpp:1169
2017-11-02 14:24:08.392 [15196] LOG_TRACE m_s32_volume=70 cctdlg.cpp:1169
2017-11-02 14:24:08.416 [15196] LOG_TRACE m_s32_volume=68 cctdlg.cpp:1169
2017-11-02 14:24:08.501 [15196] LOG_TRACE m_s32_volume=67 cctdlg.cpp:1169
2017-11-02 14:24:08.508 [15196] LOG_TRACE m_s32_volume=66 cctdlg.cpp:1169
2017-11-02 14:24:08.516 [15196] LOG_TRACE m_s32_volume=64 cctdlg.cpp:1169
2017-11-02 14:24:08.524 [15196] LOG_TRACE m_s32_volume=63 cctdlg.cpp:1169
2017-11-02 14:24:08.532 [15196] LOG_TRACE m_s32_volume=62 cctdlg.cpp:1169
2017-11-02 14:24:08.540 [15196] LOG_TRACE m_s32_volume=60 cctdlg.cpp:1169
2017-11-02 14:24:08.550 [15196] LOG_TRACE m_s32_volume=59 cctdlg.cpp:1169
2017-11-02 14:24:08.559 [15196] LOG_TRACE m_s32_volume=57 cctdlg.cpp:1169
2017-11-02 14:24:08.574 [15196] LOG_TRACE m_s32_volume=55 cctdlg.cpp:1169
2017-11-02 14:24:08.599 [15196] LOG_TRACE m_s32_volume=54 cctdlg.cpp:1169
2017-11-02 14:24:08.606 [15196] LOG_TRACE m_s32_volume=53 cctdlg.cpp:1169
2017-11-02 14:24:08.614 [15196] LOG_TRACE m_s32_volume=52 cctdlg.cpp:1169
2017-11-02 14:24:08.622 [15196] LOG_TRACE m_s32_volume=51 cctdlg.cpp:1169
2017-11-02 14:24:08.630 [15196] LOG_TRACE m_s32_volume=50 cctdlg.cpp:1169
2017-11-02 14:24:08.639 [15196] LOG_TRACE m_s32_volume=49 cctdlg.cpp:1169
2017-11-02 14:24:08.646 [15196] LOG_TRACE m_s32_volume=47 cctdlg.cpp:1169
2017-11-02 14:24:08.655 [15196] LOG_TRACE m_s32_volume=44 cctdlg.cpp:1169
2017-11-02 14:24:08.665 [15196] LOG_TRACE m_s32_volume=43 cctdlg.cpp:1169
2017-11-02 14:24:08.672 [15196] LOG_TRACE m_s32_volume=40 cctdlg.cpp:1169
2017-11-02 14:24:08.680 [15196] LOG_TRACE m_s32_volume=38 cctdlg.cpp:1169
2017-11-02 14:24:08.690 [15196] LOG_TRACE m_s32_volume=34 cctdlg.cpp:1169
2017-11-02 14:24:08.696 [15196] LOG_TRACE m_s32_volume=31 cctdlg.cpp:1169
2017-11-02 14:24:08.707 [15196] LOG_TRACE m_s32_volume=27 cctdlg.cpp:1169
2017-11-02 14:24:08.715 [15196] LOG_TRACE m_s32_volume=23 cctdlg.cpp:1169
2017-11-02 14:24:08.722 [15196] LOG_TRACE m_s32_volume=20 cctdlg.cpp:1169
2017-11-02 14:24:08.730 [15196] LOG_TRACE m_s32_volume=17 cctdlg.cpp:1169
2017-11-02 14:24:08.739 [15196] LOG_TRACE m_s32_volume=15 cctdlg.cpp:1169
2017-11-02 14:24:08.746 [15196] LOG_TRACE m_s32_volume=12 cctdlg.cpp:1169
2017-11-02 14:24:08.757 [15196] LOG_TRACE m_s32_volume=11 cctdlg.cpp:1169
2017-11-02 14:24:08.772 [15196] LOG_TRACE m_s32_volume=9 cctdlg.cpp:1169
2017-11-02 14:24:08.817 [15196] LOG_TRACE m_s32_volume=7 cctdlg.cpp:1169
2017-11-02 14:24:08.826 [15196] LOG_TRACE m_s32_volume=6 cctdlg.cpp:1169
2017-11-02 14:24:08.834 [15196] LOG_TRACE m_s32_volume=5 cctdlg.cpp:1169
2017-11-02 14:24:08.843 [15196] LOG_TRACE m_s32_volume=3 cctdlg.cpp:1169
2017-11-02 14:24:08.850 [15196] LOG_TRACE m_s32_volume=2 cctdlg.cpp:1169
2017-11-02 14:24:08.858 [15196] LOG_TRACE m_s32_volume=0 cctdlg.cpp:1169
2017-11-02 14:24:09.324 [15196] LOG_TRACE m_s32_volume=5 cctdlg.cpp:1169
2017-11-02 14:24:09.332 [15196] LOG_TRACE m_s32_volume=13 cctdlg.cpp:1169
2017-11-02 14:24:09.340 [15196] LOG_TRACE m_s32_volume=20 cctdlg.cpp:1169
2017-11-02 14:24:09.350 [15196] LOG_TRACE m_s32_volume=27 cctdlg.cpp:1169
2017-11-02 14:24:09.358 [15196] LOG_TRACE m_s32_volume=32 cctdlg.cpp:1169
2017-11-02 14:24:09.366 [15196] LOG_TRACE m_s32_volume=38 cctdlg.cpp:1169
2017-11-02 14:24:09.374 [15196] LOG_TRACE m_s32_volume=42 cctdlg.cpp:1169
2017-11-02 14:24:09.382 [15196] LOG_TRACE m_s32_volume=44 cctdlg.cpp:1169
2017-11-02 14:24:09.393 [15196] LOG_TRACE m_s32_volume=45 cctdlg.cpp:1169
2017-11-02 14:24:09.400 [15196] LOG_TRACE m_s32_volume=46 cctdlg.cpp:1169
2017-11-02 14:24:09.408 [15196] LOG_TRACE m_s32_volume=47 cctdlg.cpp:1169
2017-11-02 14:24:09.424 [15196] LOG_TRACE m_s32_volume=49 cctdlg.cpp:1169
2017-11-02 14:24:09.432 [15196] LOG_TRACE m_s32_volume=50 cctdlg.cpp:1169
2017-11-02 14:24:09.440 [15196] LOG_TRACE m_s32_volume=51 cctdlg.cpp:1169
2017-11-02 14:24:09.448 [15196] LOG_TRACE m_s32_volume=53 cctdlg.cpp:1169
2017-11-02 14:24:09.458 [15196] LOG_TRACE m_s32_volume=55 cctdlg.cpp:1169
2017-11-02 14:24:09.466 [15196] LOG_TRACE m_s32_volume=57 cctdlg.cpp:1169
2017-11-02 14:24:09.474 [15196] LOG_TRACE m_s32_volume=59 cctdlg.cpp:1169
2017-11-02 14:24:09.482 [15196] LOG_TRACE m_s32_volume=64 cctdlg.cpp:1169
2017-11-02 14:24:09.490 [15196] LOG_TRACE m_s32_volume=67 cctdlg.cpp:1169
2017-11-02 14:24:09.500 [15196] LOG_TRACE m_s32_volume=70 cctdlg.cpp:1169
2017-11-02 14:24:09.508 [15196] LOG_TRACE m_s32_volume=72 cctdlg.cpp:1169
2017-11-02 14:24:09.516 [15196] LOG_TRACE m_s32_volume=76 cctdlg.cpp:1169
2017-11-02 14:24:09.524 [15196] LOG_TRACE m_s32_volume=78 cctdlg.cpp:1169
2017-11-02 14:24:09.532 [15196] LOG_TRACE m_s32_volume=79 cctdlg.cpp:1169
2017-11-02 14:24:09.540 [15196] LOG_TRACE m_s32_volume=82 cctdlg.cpp:1169
2017-11-02 14:24:09.558 [15196] LOG_TRACE m_s32_volume=84 cctdlg.cpp:1169
2017-11-02 14:24:09.567 [15196] LOG_TRACE m_s32_volume=85 cctdlg.cpp:1169
2017-11-02 14:24:09.575 [15196] LOG_TRACE m_s32_volume=86 cctdlg.cpp:1169
2017-11-02 14:24:09.582 [15196] LOG_TRACE m_s32_volume=87 cctdlg.cpp:1169
2017-11-02 14:24:09.590 [15196] LOG_TRACE m_s32_volume=88 cctdlg.cpp:1169
2017-11-02 14:24:09.598 [15196] LOG_TRACE m_s32_volume=90 cctdlg.cpp:1169
2017-11-02 14:24:09.606 [15196] LOG_TRACE m_s32_volume=91 cctdlg.cpp:1169
2017-11-02 14:24:09.616 [15196] LOG_TRACE m_s32_volume=93 cctdlg.cpp:1169
2017-11-02 14:24:09.624 [15196] LOG_TRACE m_s32_volume=94 cctdlg.cpp:1169
2017-11-02 14:24:09.632 [15196] LOG_TRACE m_s32_volume=95 cctdlg.cpp:1169
2017-11-02 14:24:09.640 [15196] LOG_TRACE m_s32_volume=97 cctdlg.cpp:1169
2017-11-02 14:24:09.648 [15196] LOG_TRACE m_s32_volume=99 cctdlg.cpp:1169
2017-11-02 14:24:09.656 [15196] LOG_TRACE m_s32_volume=100 cctdlg.cpp:1169
2017-11-02 14:24:10.141 [15196] LOG_TRACE m_s32_volume=95 cctdlg.cpp:1169
2017-11-02 14:24:10.148 [15196] LOG_TRACE m_s32_volume=83 cctdlg.cpp:1169
2017-11-02 14:24:10.156 [15196] LOG_TRACE m_s32_volume=74 cctdlg.cpp:1169
2017-11-02 14:24:10.164 [15196] LOG_TRACE m_s32_volume=63 cctdlg.cpp:1169
2017-11-02 14:24:10.172 [15196] LOG_TRACE m_s32_volume=53 cctdlg.cpp:1169
2017-11-02 14:24:10.182 [15196] LOG_TRACE m_s32_volume=43 cctdlg.cpp:1169
2017-11-02 14:24:10.190 [15196] LOG_TRACE m_s32_volume=35 cctdlg.cpp:1169
2017-11-02 14:24:10.198 [15196] LOG_TRACE m_s32_volume=28 cctdlg.cpp:1169
2017-11-02 14:24:10.206 [15196] LOG_TRACE m_s32_volume=20 cctdlg.cpp:1169
2017-11-02 14:24:10.214 [15196] LOG_TRACE m_s32_volume=14 cctdlg.cpp:1169
2017-11-02 14:24:10.222 [15196] LOG_TRACE m_s32_volume=7 cctdlg.cpp:1169
2017-11-02 14:24:10.232 [15196] LOG_TRACE m_s32_volume=1 cctdlg.cpp:1169
2017-11-02 14:24:10.240 [15196] LOG_TRACE m_s32_volume=0 cctdlg.cpp:1169
2017-11-02 14:24:10.431 [15196] LOG_TRACE m_s32_volume=5 cctdlg.cpp:1169
2017-11-02 14:24:10.439 [15196] LOG_TRACE m_s32_volume=12 cctdlg.cpp:1169
2017-11-02 14:24:10.446 [15196] LOG_TRACE m_s32_volume=20 cctdlg.cpp:1169
2017-11-02 14:24:10.455 [15196] LOG_TRACE m_s32_volume=27 cctdlg.cpp:1169
2017-11-02 14:24:10.462 [15196] LOG_TRACE m_s32_volume=35 cctdlg.cpp:1169
2017-11-02 14:24:10.473 [15196] LOG_TRACE m_s32_volume=40 cctdlg.cpp:1169
2017-11-02 14:24:10.480 [15196] LOG_TRACE m_s32_volume=45 cctdlg.cpp:1169
2017-11-02 14:24:10.488 [15196] LOG_TRACE m_s32_volume=51 cctdlg.cpp:1169
2017-11-02 14:24:10.496 [15196] LOG_TRACE m_s32_volume=55 cctdlg.cpp:1169
2017-11-02 14:24:10.504 [15196] LOG_TRACE m_s32_volume=57 cctdlg.cpp:1169
2017-11-02 14:24:10.513 [15196] LOG_TRACE m_s32_volume=59 cctdlg.cpp:1169
2017-11-02 14:24:10.550 [15196] LOG_TRACE m_s32_volume=60 cctdlg.cpp:1169
2017-11-02 14:24:10.558 [15196] LOG_TRACE m_s32_volume=61 cctdlg.cpp:1169
2017-11-02 14:24:10.566 [15196] LOG_TRACE m_s32_volume=62 cctdlg.cpp:1169
2017-11-02 14:24:10.574 [15196] LOG_TRACE m_s32_volume=65 cctdlg.cpp:1169
2017-11-02 14:24:10.582 [15196] LOG_TRACE m_s32_volume=67 cctdlg.cpp:1169
2017-11-02 14:24:10.592 [15196] LOG_TRACE m_s32_volume=71 cctdlg.cpp:1169
2017-11-02 14:24:10.600 [15196] LOG_TRACE m_s32_volume=78 cctdlg.cpp:1169
2017-11-02 14:24:10.608 [15196] LOG_TRACE m_s32_volume=86 cctdlg.cpp:1169
2017-11-02 14:24:10.616 [15196] LOG_TRACE m_s32_volume=92 cctdlg.cpp:1169
2017-11-02 14:24:10.624 [15196] LOG_TRACE m_s32_volume=100 cctdlg.cpp:1169
2017-11-02 14:24:11.055 [15196] LOG_TRACE m_s32_volume=99 cctdlg.cpp:1169
2017-11-02 14:24:11.062 [15196] LOG_TRACE m_s32_volume=96 cctdlg.cpp:1169
2017-11-02 14:24:11.070 [15196] LOG_TRACE m_s32_volume=94 cctdlg.cpp:1169
2017-11-02 14:24:11.078 [15196] LOG_TRACE m_s32_volume=90 cctdlg.cpp:1169
2017-11-02 14:24:11.086 [15196] LOG_TRACE m_s32_volume=86 cctdlg.cpp:1169
2017-11-02 14:24:11.096 [15196] LOG_TRACE m_s32_volume=80 cctdlg.cpp:1169
2017-11-02 14:24:11.104 [15196] LOG_TRACE m_s32_volume=76 cctdlg.cpp:1169
2017-11-02 14:24:11.112 [15196] LOG_TRACE m_s32_volume=75 cctdlg.cpp:1169
2017-11-02 14:24:11.120 [15196] LOG_TRACE m_s32_volume=74 cctdlg.cpp:1169
2017-11-02 14:24:11.283 [15196] LOG_TRACE m_s32_volume=73 cctdlg.cpp:1169
2017-11-02 14:24:11.290 [15196] LOG_TRACE m_s32_volume=72 cctdlg.cpp:1169
2017-11-02 14:24:11.298 [15196] LOG_TRACE m_s32_volume=70 cctdlg.cpp:1169
2017-11-02 14:24:11.306 [15196] LOG_TRACE m_s32_volume=69 cctdlg.cpp:1169
2017-11-02 14:24:11.314 [15196] LOG_TRACE m_s32_volume=66 cctdlg.cpp:1169
2017-11-02 14:24:11.324 [15196] LOG_TRACE m_s32_volume=62 cctdlg.cpp:1169
2017-11-02 14:24:11.332 [15196] LOG_TRACE m_s32_volume=60 cctdlg.cpp:1169
2017-11-02 14:24:11.340 [15196] LOG_TRACE m_s32_volume=57 cctdlg.cpp:1169
2017-11-02 14:24:11.349 [15196] LOG_TRACE m_s32_volume=55 cctdlg.cpp:1169
2017-11-02 14:24:11.540 [15196] LOG_TRACE m_s32_volume=55 cctdlg.cpp:1169
2017-11-02 14:24:11.541 [15196] LOG_TRACE m_s32_volume=55 cctdlg.cpp:1169
2017-11-02 14:24:11.541 [15196] LOG_TRACE m_s32_volume=55 cctdlg.cpp:1169
2017-11-02 14:24:12.296 [15196] LOG_TRACE m_s32_volume=55 cctdlg.cpp:1169
2017-11-02 14:24:12.459 [15196] LOG_TRACE CCCTDlg::stopRecord cctdlg.cpp:581
2017-11-02 14:24:12.468 [15196] LOG_INFO wav in close err:5 cctdlg.cpp:591
2017-11-02 14:24:13.065 [15196] LOG_TRACE DeleteTimerQueue cctdlg.cpp:986
2017-11-02 14:24:14.725 [15196] LOG_TRACE CCCTDlg::OnBnClickedButtonTest cctdlg.cpp:380
2017-11-02 14:24:14.725 [15196] LOG_TRACE CCCTDlg::initRecord cctdlg.cpp:413
2017-11-02 14:24:14.725 [15196] LOG_TRACE cap_dev_num=1 cctdlg.cpp:417
2017-11-02 14:24:14.726 [15196] LOG_INFO CCCTDlg::initRecord, sample=22050, bits=16, ch=2, block=4, bytes_per_sec=88200 cctdlg.cpp:449
2017-11-02 14:24:14.776 [15196] LOG_TRACE WIM_OPEN cctdlg.cpp:509
2017-11-02 14:24:15.633 [15196] LOG_TRACE CCCTDlg::stopRecord cctdlg.cpp:581
2017-11-02 14:24:15.769 [15196] LOG_TRACE WIM_CLOSE cctdlg.cpp:570
2017-11-02 14:24:15.771 [15196] LOG_TRACE wav in close ok cctdlg.cpp:589
2017-11-02 14:24:17.751 [15196] LOG_TRACE CCCTDlg::OnBnClickedButtonTest cctdlg.cpp:380
2017-11-02 14:24:18.114 [15196] LOG_TRACE CCCTDlg::OnBnClickedButtonTest cctdlg.cpp:380
