2017-11-01 11:26:21.551 [1904] LOG_ALARM -----------------  log4z thread started!   ---------------------------- log4z.cpp:1924
2017-11-01 11:26:21.571 [1904] LOG_ALARM logger id=0 key=Main name=Main path=./log/ level=0 display=true log4z.cpp:1934
2017-11-01 11:26:21.572 [2460] LOG_TRACE stream input *** LOGT LOGT LOGT LOGT ***  cctdlg.cpp:79
2017-11-01 11:26:21.572 [2460] LOG_DEBUG stream input *** LOGD LOGD LOGD LOGD ***  cctdlg.cpp:80
2017-11-01 11:26:21.572 [2460] LOG_INFO stream input *** LOGI LOGI LOGI LOGI ***  cctdlg.cpp:81
2017-11-01 11:26:21.572 [2460] LOG_WARN stream input *** LOGW LOGW LOGW LOGW ***  cctdlg.cpp:82
2017-11-01 11:26:21.572 [2460] LOG_ERROR stream input *** LOGE LOGE LOGE LOGE ***  cctdlg.cpp:83
2017-11-01 11:26:21.572 [2460] LOG_ALARM stream input *** LOGA LOGA LOGA LOGA ***  cctdlg.cpp:84
2017-11-01 11:26:21.572 [2460] LOG_FATAL stream input *** LOGF LOGF LOGF LOGF ***  cctdlg.cpp:85
2017-11-01 11:26:21.572 [2460] LOG_TRACE format input *** LOGFMTT *** 123456 *** cctdlg.cpp:86
2017-11-01 11:26:21.572 [2460] LOG_DEBUG format input *** LOGFMTD *** 123456 *** cctdlg.cpp:87
2017-11-01 11:26:21.572 [2460] LOG_INFO format input *** LOGFMTI *** 123456 *** cctdlg.cpp:88
2017-11-01 11:26:21.572 [2460] LOG_WARN format input *** LOGFMTW *** 123456 *** cctdlg.cpp:89
2017-11-01 11:26:21.572 [2460] LOG_ERROR format input *** LOGFMTE *** 123456 *** cctdlg.cpp:90
2017-11-01 11:26:21.572 [2460] LOG_ALARM format input *** LOGFMTA *** 123456 *** cctdlg.cpp:91
2017-11-01 11:26:21.572 [2460] LOG_FATAL format input *** LOGFMTF *** 123456 *** cctdlg.cpp:92
2017-11-01 11:26:21.572 [2460] LOG_ALARM main quit ... cctdlg.cpp:94
2017-11-01 11:26:21.819 [2460] LOG_TRACE CCCTDlg::udp_client_init cctdlg.cpp:589
2017-11-01 11:26:21.820 [5400] LOG_TRACE call_dev_mon_thread 
 devmon.cpp:6
2017-11-01 11:26:21.820 [5400] LOG_TRACE CDevMon::dev_mon_thread start
 devmon.cpp:29
2017-11-01 11:26:27.317 [2460] LOG_TRACE CCCTDlg::OnBnClickedButtonTest cctdlg.cpp:364
2017-11-01 11:26:27.317 [2460] LOG_TRACE CCCTDlg::initRecord cctdlg.cpp:393
2017-11-01 11:26:30.703 [2460] LOG_TRACE cap_dev_num=1 cctdlg.cpp:397
2017-11-01 11:26:30.731 [2460] LOG_INFO CCCTDlg::initRecord, sample=22050, bits=16, ch=2, block=4, bytes_per_sec=88200 cctdlg.cpp:430
2017-11-01 11:26:30.774 [2460] LOG_TRACE WIM_OPEN cctdlg.cpp:490
2017-11-01 11:26:35.432 [0272] LOG_TRACE 91313094,cap len=1280 cctdlg.cpp:538
2017-11-01 11:26:40.072 [0272] LOG_TRACE 91317743,cap len=1280 cctdlg.cpp:538
2017-11-01 11:26:44.721 [0272] LOG_TRACE 91322392,cap len=1280 cctdlg.cpp:538
2017-11-01 11:26:49.361 [0272] LOG_TRACE 91327025,cap len=1280 cctdlg.cpp:538
2017-11-01 11:26:54.001 [0272] LOG_TRACE 91331674,cap len=1280 cctdlg.cpp:538
2017-11-01 11:26:58.651 [0272] LOG_TRACE 91336323,cap len=1280 cctdlg.cpp:538
2017-11-01 11:27:03.291 [0272] LOG_TRACE 91340956,cap len=1280 cctdlg.cpp:538
2017-11-01 11:27:07.941 [0272] LOG_TRACE 91345605,cap len=1280 cctdlg.cpp:538
2017-11-01 11:27:12.581 [0272] LOG_TRACE 91350254,cap len=1280 cctdlg.cpp:538
2017-11-01 11:27:17.221 [0272] LOG_TRACE 91354887,cap len=1280 cctdlg.cpp:538
2017-11-01 11:27:21.870 [0272] LOG_TRACE 91359536,cap len=1280 cctdlg.cpp:538
2017-11-01 11:27:26.511 [0272] LOG_TRACE 91364185,cap len=1280 cctdlg.cpp:538
2017-11-01 11:27:31.162 [0272] LOG_TRACE 91368833,cap len=1280 cctdlg.cpp:538
2017-11-01 11:27:35.801 [0272] LOG_TRACE 91373467,cap len=1280 cctdlg.cpp:538
2017-11-01 11:27:40.440 [0272] LOG_TRACE 91378116,cap len=1280 cctdlg.cpp:538
2017-11-01 11:27:45.091 [0272] LOG_TRACE 91382764,cap len=1280 cctdlg.cpp:538
2017-11-01 11:27:49.731 [0272] LOG_TRACE 91387398,cap len=1280 cctdlg.cpp:538
2017-11-01 11:27:54.380 [0272] LOG_TRACE 91392046,cap len=1280 cctdlg.cpp:538
2017-11-01 11:27:59.020 [0272] LOG_TRACE 91396695,cap len=1280 cctdlg.cpp:538
2017-11-01 11:28:03.661 [0272] LOG_TRACE 91401328,cap len=1280 cctdlg.cpp:538
2017-11-01 11:28:08.311 [0272] LOG_TRACE 91405977,cap len=1280 cctdlg.cpp:538
2017-11-01 11:28:12.212 [2460] LOG_TRACE CCCTDlg::OnBnClickedCheckAll 1 cctdlg.cpp:864
2017-11-01 11:28:12.212 [2460] LOG_TRACE CCCTDlg::set_speaker, spk=1, onoff=1 cctdlg.cpp:618
2017-11-01 11:28:12.212 [2460] LOG_TRACE CCCTDlg::set_speaker, spk=2, onoff=1 cctdlg.cpp:618
2017-11-01 11:28:12.212 [2460] LOG_TRACE CCCTDlg::set_speaker, spk=3, onoff=1 cctdlg.cpp:618
2017-11-01 11:28:12.212 [2460] LOG_TRACE CCCTDlg::set_speaker, spk=4, onoff=1 cctdlg.cpp:618
2017-11-01 11:28:12.212 [2460] LOG_TRACE CCCTDlg::set_speaker, spk=5, onoff=1 cctdlg.cpp:618
2017-11-01 11:28:12.212 [2460] LOG_TRACE CCCTDlg::set_speaker, spk=6, onoff=1 cctdlg.cpp:618
2017-11-01 11:28:12.212 [2460] LOG_TRACE CCCTDlg::set_speaker, spk=7, onoff=1 cctdlg.cpp:618
2017-11-01 11:28:12.212 [2460] LOG_TRACE CCCTDlg::set_speaker, spk=8, onoff=1 cctdlg.cpp:618
2017-11-01 11:28:12.212 [2460] LOG_TRACE CCCTDlg::set_speaker, spk=9, onoff=1 cctdlg.cpp:618
2017-11-01 11:28:12.212 [2460] LOG_TRACE CCCTDlg::set_speaker, spk=10, onoff=1 cctdlg.cpp:618
2017-11-01 11:28:12.212 [2460] LOG_TRACE CCCTDlg::set_speaker, spk=11, onoff=1 cctdlg.cpp:618
2017-11-01 11:28:12.212 [2460] LOG_TRACE CCCTDlg::set_speaker, spk=12, onoff=1 cctdlg.cpp:618
2017-11-01 11:28:12.212 [2460] LOG_TRACE CCCTDlg::set_speaker, spk=13, onoff=1 cctdlg.cpp:618
2017-11-01 11:28:12.212 [2460] LOG_TRACE CCCTDlg::set_speaker, spk=14, onoff=1 cctdlg.cpp:618
2017-11-01 11:28:12.212 [2460] LOG_TRACE CCCTDlg::set_speaker, spk=15, onoff=1 cctdlg.cpp:618
2017-11-01 11:28:12.212 [2460] LOG_TRACE CCCTDlg::set_speaker, spk=16, onoff=1 cctdlg.cpp:618
2017-11-01 11:28:12.212 [2460] LOG_TRACE CCCTDlg::set_speaker, spk=17, onoff=1 cctdlg.cpp:618
2017-11-01 11:28:12.212 [2460] LOG_TRACE CCCTDlg::set_speaker, spk=18, onoff=1 cctdlg.cpp:618
2017-11-01 11:28:12.213 [2460] LOG_TRACE CCCTDlg::set_speaker, spk=19, onoff=1 cctdlg.cpp:618
2017-11-01 11:28:12.213 [2460] LOG_TRACE CCCTDlg::set_speaker, spk=20, onoff=1 cctdlg.cpp:618
2017-11-01 11:28:12.213 [2460] LOG_TRACE CCCTDlg::set_speaker, spk=21, onoff=1 cctdlg.cpp:618
2017-11-01 11:28:12.213 [2460] LOG_TRACE CCCTDlg::set_speaker, spk=22, onoff=1 cctdlg.cpp:618
2017-11-01 11:28:12.213 [2460] LOG_TRACE CCCTDlg::set_speaker, spk=23, onoff=1 cctdlg.cpp:618
2017-11-01 11:28:12.213 [2460] LOG_TRACE CCCTDlg::set_speaker, spk=24, onoff=1 cctdlg.cpp:618
2017-11-01 11:28:12.213 [2460] LOG_TRACE CCCTDlg::set_speaker, spk=25, onoff=1 cctdlg.cpp:618
2017-11-01 11:28:12.213 [2460] LOG_TRACE CCCTDlg::set_speaker, spk=26, onoff=1 cctdlg.cpp:618
2017-11-01 11:28:12.213 [2460] LOG_TRACE CCCTDlg::set_speaker, spk=27, onoff=1 cctdlg.cpp:618
2017-11-01 11:28:12.213 [2460] LOG_TRACE CCCTDlg::set_speaker, spk=28, onoff=1 cctdlg.cpp:618
2017-11-01 11:28:12.213 [2460] LOG_TRACE CCCTDlg::set_speaker, spk=29, onoff=1 cctdlg.cpp:618
2017-11-01 11:28:12.213 [2460] LOG_TRACE CCCTDlg::set_speaker, spk=30, onoff=1 cctdlg.cpp:618
2017-11-01 11:28:12.213 [2460] LOG_TRACE CCCTDlg::set_speaker, spk=31, onoff=1 cctdlg.cpp:618
2017-11-01 11:28:12.213 [2460] LOG_TRACE CCCTDlg::set_speaker, spk=32, onoff=1 cctdlg.cpp:618
2017-11-01 11:28:12.213 [2460] LOG_TRACE CCCTDlg::set_speaker, spk=33, onoff=1 cctdlg.cpp:618
2017-11-01 11:28:12.213 [2460] LOG_TRACE CCCTDlg::set_speaker, spk=34, onoff=1 cctdlg.cpp:618
2017-11-01 11:28:12.213 [2460] LOG_TRACE CCCTDlg::set_speaker, spk=35, onoff=1 cctdlg.cpp:618
2017-11-01 11:28:12.213 [2460] LOG_TRACE CCCTDlg::set_speaker, spk=36, onoff=1 cctdlg.cpp:618
2017-11-01 11:28:12.213 [2460] LOG_TRACE CCCTDlg::set_speaker, spk=37, onoff=1 cctdlg.cpp:618
2017-11-01 11:28:12.213 [2460] LOG_TRACE CCCTDlg::set_speaker, spk=38, onoff=1 cctdlg.cpp:618
2017-11-01 11:28:12.213 [2460] LOG_TRACE CCCTDlg::set_speaker, spk=39, onoff=1 cctdlg.cpp:618
2017-11-01 11:28:12.213 [2460] LOG_TRACE CCCTDlg::set_speaker, spk=40, onoff=1 cctdlg.cpp:618
2017-11-01 11:28:12.213 [2460] LOG_TRACE CCCTDlg::set_speaker, spk=41, onoff=1 cctdlg.cpp:618
2017-11-01 11:28:12.213 [2460] LOG_TRACE CCCTDlg::set_speaker, spk=42, onoff=1 cctdlg.cpp:618
2017-11-01 11:28:12.213 [2460] LOG_TRACE CCCTDlg::set_speaker, spk=43, onoff=1 cctdlg.cpp:618
2017-11-01 11:28:12.213 [2460] LOG_TRACE CCCTDlg::set_speaker, spk=44, onoff=1 cctdlg.cpp:618
2017-11-01 11:28:12.213 [2460] LOG_TRACE CCCTDlg::set_speaker, spk=45, onoff=1 cctdlg.cpp:618
2017-11-01 11:28:12.213 [2460] LOG_TRACE CCCTDlg::set_speaker, spk=46, onoff=1 cctdlg.cpp:618
2017-11-01 11:28:12.213 [2460] LOG_TRACE CCCTDlg::set_speaker, spk=47, onoff=1 cctdlg.cpp:618
2017-11-01 11:28:12.213 [2460] LOG_TRACE CCCTDlg::set_speaker, spk=48, onoff=1 cctdlg.cpp:618
2017-11-01 11:28:12.213 [2460] LOG_TRACE CCCTDlg::set_speaker, spk=49, onoff=1 cctdlg.cpp:618
2017-11-01 11:28:12.213 [2460] LOG_TRACE CCCTDlg::set_speaker, spk=50, onoff=1 cctdlg.cpp:618
2017-11-01 11:28:12.213 [2460] LOG_TRACE CCCTDlg::set_speaker, spk=51, onoff=1 cctdlg.cpp:618
2017-11-01 11:28:12.213 [2460] LOG_TRACE CCCTDlg::set_speaker, spk=52, onoff=1 cctdlg.cpp:618
2017-11-01 11:28:12.213 [2460] LOG_TRACE CCCTDlg::set_speaker, spk=53, onoff=1 cctdlg.cpp:618
2017-11-01 11:28:12.213 [2460] LOG_TRACE CCCTDlg::set_speaker, spk=54, onoff=1 cctdlg.cpp:618
2017-11-01 11:28:12.213 [2460] LOG_TRACE CCCTDlg::set_speaker, spk=55, onoff=1 cctdlg.cpp:618
2017-11-01 11:28:12.213 [2460] LOG_TRACE CCCTDlg::set_speaker, spk=56, onoff=1 cctdlg.cpp:618
2017-11-01 11:28:12.213 [2460] LOG_TRACE CCCTDlg::set_speaker, spk=57, onoff=1 cctdlg.cpp:618
2017-11-01 11:28:12.213 [2460] LOG_TRACE CCCTDlg::set_speaker, spk=58, onoff=1 cctdlg.cpp:618
2017-11-01 11:28:12.213 [2460] LOG_TRACE CCCTDlg::set_speaker, spk=59, onoff=1 cctdlg.cpp:618
2017-11-01 11:28:12.213 [2460] LOG_TRACE CCCTDlg::set_speaker, spk=60, onoff=1 cctdlg.cpp:618
2017-11-01 11:28:12.213 [2460] LOG_TRACE CCCTDlg::set_speaker, spk=61, onoff=1 cctdlg.cpp:618
2017-11-01 11:28:12.213 [2460] LOG_TRACE CCCTDlg::set_speaker, spk=62, onoff=1 cctdlg.cpp:618
2017-11-01 11:28:12.213 [2460] LOG_TRACE CCCTDlg::set_speaker, spk=63, onoff=1 cctdlg.cpp:618
2017-11-01 11:28:12.213 [2460] LOG_TRACE CCCTDlg::set_speaker, spk=64, onoff=1 cctdlg.cpp:618
2017-11-01 11:28:12.214 [2460] LOG_TRACE CCCTDlg::set_speaker, spk=65, onoff=1 cctdlg.cpp:618
2017-11-01 11:28:12.214 [2460] LOG_TRACE CCCTDlg::set_speaker, spk=66, onoff=1 cctdlg.cpp:618
2017-11-01 11:28:12.214 [2460] LOG_TRACE CCCTDlg::set_speaker, spk=67, onoff=1 cctdlg.cpp:618
2017-11-01 11:28:12.214 [2460] LOG_TRACE CCCTDlg::set_speaker, spk=68, onoff=1 cctdlg.cpp:618
2017-11-01 11:28:12.214 [2460] LOG_TRACE CCCTDlg::set_speaker, spk=69, onoff=1 cctdlg.cpp:618
2017-11-01 11:28:12.214 [2460] LOG_TRACE CCCTDlg::set_speaker, spk=70, onoff=1 cctdlg.cpp:618
2017-11-01 11:28:12.214 [2460] LOG_TRACE CCCTDlg::set_speaker, spk=71, onoff=1 cctdlg.cpp:618
2017-11-01 11:28:12.214 [2460] LOG_TRACE CCCTDlg::set_speaker, spk=72, onoff=1 cctdlg.cpp:618
2017-11-01 11:28:12.214 [2460] LOG_TRACE CCCTDlg::set_speaker, spk=73, onoff=1 cctdlg.cpp:618
2017-11-01 11:28:12.214 [2460] LOG_TRACE CCCTDlg::set_speaker, spk=74, onoff=1 cctdlg.cpp:618
2017-11-01 11:28:12.214 [2460] LOG_TRACE CCCTDlg::set_speaker, spk=75, onoff=1 cctdlg.cpp:618
2017-11-01 11:28:12.214 [2460] LOG_TRACE CCCTDlg::set_speaker, spk=76, onoff=1 cctdlg.cpp:618
2017-11-01 11:28:12.214 [2460] LOG_TRACE CCCTDlg::set_speaker, spk=77, onoff=1 cctdlg.cpp:618
2017-11-01 11:28:12.214 [2460] LOG_TRACE CCCTDlg::set_speaker, spk=78, onoff=1 cctdlg.cpp:618
2017-11-01 11:28:12.214 [2460] LOG_TRACE CCCTDlg::set_speaker, spk=79, onoff=1 cctdlg.cpp:618
2017-11-01 11:28:12.214 [2460] LOG_TRACE CCCTDlg::set_speaker, spk=80, onoff=1 cctdlg.cpp:618
2017-11-01 11:28:12.214 [2460] LOG_TRACE CCCTDlg::set_speaker, spk=81, onoff=1 cctdlg.cpp:618
2017-11-01 11:28:12.214 [2460] LOG_TRACE CCCTDlg::set_speaker, spk=82, onoff=1 cctdlg.cpp:618
2017-11-01 11:28:12.214 [2460] LOG_TRACE CCCTDlg::set_speaker, spk=83, onoff=1 cctdlg.cpp:618
2017-11-01 11:28:12.214 [2460] LOG_TRACE CCCTDlg::set_speaker, spk=84, onoff=1 cctdlg.cpp:618
2017-11-01 11:28:12.214 [2460] LOG_TRACE CCCTDlg::set_speaker, spk=85, onoff=1 cctdlg.cpp:618
2017-11-01 11:28:12.214 [2460] LOG_TRACE CCCTDlg::set_speaker, spk=86, onoff=1 cctdlg.cpp:618
2017-11-01 11:28:12.214 [2460] LOG_TRACE CCCTDlg::set_speaker, spk=87, onoff=1 cctdlg.cpp:618
2017-11-01 11:28:12.214 [2460] LOG_TRACE CCCTDlg::set_speaker, spk=88, onoff=1 cctdlg.cpp:618
2017-11-01 11:28:12.214 [2460] LOG_TRACE CCCTDlg::set_speaker, spk=89, onoff=1 cctdlg.cpp:618
2017-11-01 11:28:12.214 [2460] LOG_TRACE CCCTDlg::set_speaker, spk=90, onoff=1 cctdlg.cpp:618
2017-11-01 11:28:12.214 [2460] LOG_TRACE CCCTDlg::set_speaker, spk=91, onoff=1 cctdlg.cpp:618
2017-11-01 11:28:12.214 [2460] LOG_TRACE CCCTDlg::set_speaker, spk=92, onoff=1 cctdlg.cpp:618
2017-11-01 11:28:12.214 [2460] LOG_TRACE CCCTDlg::set_speaker, spk=93, onoff=1 cctdlg.cpp:618
2017-11-01 11:28:12.214 [2460] LOG_TRACE CCCTDlg::set_speaker, spk=94, onoff=1 cctdlg.cpp:618
2017-11-01 11:28:12.214 [2460] LOG_TRACE CCCTDlg::set_speaker, spk=95, onoff=1 cctdlg.cpp:618
2017-11-01 11:28:12.214 [2460] LOG_TRACE CCCTDlg::set_speaker, spk=96, onoff=1 cctdlg.cpp:618
2017-11-01 11:28:12.214 [2460] LOG_TRACE CCCTDlg::set_speaker, spk=97, onoff=1 cctdlg.cpp:618
2017-11-01 11:28:12.214 [2460] LOG_TRACE CCCTDlg::set_speaker, spk=98, onoff=1 cctdlg.cpp:618
2017-11-01 11:28:12.214 [2460] LOG_TRACE CCCTDlg::set_speaker, spk=99, onoff=1 cctdlg.cpp:618
2017-11-01 11:28:12.214 [2460] LOG_TRACE CCCTDlg::set_speaker, spk=100, onoff=1 cctdlg.cpp:618
2017-11-01 11:28:12.214 [2460] LOG_TRACE CCCTDlg::set_speaker, spk=101, onoff=1 cctdlg.cpp:618
2017-11-01 11:28:12.214 [2460] LOG_TRACE CCCTDlg::set_speaker, spk=102, onoff=1 cctdlg.cpp:618
2017-11-01 11:28:12.214 [2460] LOG_TRACE CCCTDlg::set_speaker, spk=103, onoff=1 cctdlg.cpp:618
2017-11-01 11:28:12.214 [2460] LOG_TRACE CCCTDlg::set_speaker, spk=104, onoff=1 cctdlg.cpp:618
2017-11-01 11:28:12.214 [2460] LOG_TRACE CCCTDlg::set_speaker, spk=105, onoff=1 cctdlg.cpp:618
2017-11-01 11:28:12.214 [2460] LOG_TRACE CCCTDlg::set_speaker, spk=106, onoff=1 cctdlg.cpp:618
2017-11-01 11:28:12.214 [2460] LOG_TRACE CCCTDlg::set_speaker, spk=107, onoff=1 cctdlg.cpp:618
2017-11-01 11:28:12.214 [2460] LOG_TRACE CCCTDlg::set_speaker, spk=108, onoff=1 cctdlg.cpp:618
2017-11-01 11:28:12.214 [2460] LOG_TRACE CCCTDlg::set_speaker, spk=109, onoff=1 cctdlg.cpp:618
2017-11-01 11:28:12.214 [2460] LOG_TRACE CCCTDlg::set_speaker, spk=110, onoff=1 cctdlg.cpp:618
2017-11-01 11:28:12.214 [2460] LOG_TRACE CCCTDlg::set_speaker, spk=111, onoff=1 cctdlg.cpp:618
2017-11-01 11:28:12.215 [2460] LOG_TRACE CCCTDlg::set_speaker, spk=112, onoff=1 cctdlg.cpp:618
2017-11-01 11:28:12.215 [2460] LOG_TRACE CCCTDlg::set_speaker, spk=113, onoff=1 cctdlg.cpp:618
2017-11-01 11:28:12.215 [2460] LOG_TRACE CCCTDlg::set_speaker, spk=114, onoff=1 cctdlg.cpp:618
2017-11-01 11:28:12.215 [2460] LOG_TRACE CCCTDlg::set_speaker, spk=115, onoff=1 cctdlg.cpp:618
2017-11-01 11:28:12.215 [2460] LOG_TRACE CCCTDlg::set_speaker, spk=116, onoff=1 cctdlg.cpp:618
2017-11-01 11:28:12.215 [2460] LOG_TRACE CCCTDlg::set_speaker, spk=117, onoff=1 cctdlg.cpp:618
2017-11-01 11:28:12.215 [2460] LOG_TRACE CCCTDlg::set_speaker, spk=118, onoff=1 cctdlg.cpp:618
2017-11-01 11:28:12.215 [2460] LOG_TRACE CCCTDlg::set_speaker, spk=119, onoff=1 cctdlg.cpp:618
2017-11-01 11:28:12.215 [2460] LOG_TRACE CCCTDlg::set_speaker, spk=120, onoff=1 cctdlg.cpp:618
2017-11-01 11:28:12.215 [2460] LOG_TRACE CCCTDlg::set_speaker, spk=121, onoff=1 cctdlg.cpp:618
2017-11-01 11:28:12.215 [2460] LOG_TRACE CCCTDlg::set_speaker, spk=122, onoff=1 cctdlg.cpp:618
2017-11-01 11:28:12.215 [2460] LOG_TRACE CCCTDlg::set_speaker, spk=123, onoff=1 cctdlg.cpp:618
2017-11-01 11:28:12.215 [2460] LOG_TRACE CCCTDlg::set_speaker, spk=124, onoff=1 cctdlg.cpp:618
2017-11-01 11:28:12.215 [2460] LOG_TRACE CCCTDlg::set_speaker, spk=125, onoff=1 cctdlg.cpp:618
2017-11-01 11:28:12.215 [2460] LOG_TRACE CCCTDlg::set_speaker, spk=126, onoff=1 cctdlg.cpp:618
2017-11-01 11:28:12.215 [2460] LOG_TRACE CCCTDlg::set_speaker, spk=127, onoff=1 cctdlg.cpp:618
2017-11-01 11:28:12.215 [2460] LOG_TRACE CCCTDlg::set_speaker, spk=128, onoff=1 cctdlg.cpp:618
2017-11-01 11:28:12.215 [2460] LOG_TRACE CCCTDlg::set_speaker, spk=129, onoff=1 cctdlg.cpp:618
2017-11-01 11:28:12.215 [2460] LOG_TRACE CCCTDlg::set_speaker, spk=130, onoff=1 cctdlg.cpp:618
2017-11-01 11:28:12.215 [2460] LOG_TRACE CCCTDlg::set_speaker, spk=131, onoff=1 cctdlg.cpp:618
2017-11-01 11:28:12.215 [2460] LOG_TRACE CCCTDlg::set_speaker, spk=132, onoff=1 cctdlg.cpp:618
2017-11-01 11:28:12.215 [2460] LOG_TRACE CCCTDlg::set_speaker, spk=133, onoff=1 cctdlg.cpp:618
2017-11-01 11:28:12.215 [2460] LOG_TRACE CCCTDlg::set_speaker, spk=134, onoff=1 cctdlg.cpp:618
2017-11-01 11:28:12.215 [2460] LOG_TRACE CCCTDlg::set_speaker, spk=135, onoff=1 cctdlg.cpp:618
2017-11-01 11:28:12.215 [2460] LOG_TRACE CCCTDlg::set_speaker, spk=136, onoff=1 cctdlg.cpp:618
2017-11-01 11:28:12.215 [2460] LOG_TRACE CCCTDlg::set_speaker, spk=137, onoff=1 cctdlg.cpp:618
2017-11-01 11:28:12.215 [2460] LOG_TRACE CCCTDlg::set_speaker, spk=138, onoff=1 cctdlg.cpp:618
2017-11-01 11:28:12.215 [2460] LOG_TRACE CCCTDlg::set_speaker, spk=139, onoff=1 cctdlg.cpp:618
2017-11-01 11:28:12.215 [2460] LOG_TRACE CCCTDlg::set_speaker, spk=140, onoff=1 cctdlg.cpp:618
2017-11-01 11:28:12.215 [2460] LOG_TRACE CCCTDlg::set_speaker, spk=141, onoff=1 cctdlg.cpp:618
2017-11-01 11:28:12.215 [2460] LOG_TRACE CCCTDlg::set_speaker, spk=142, onoff=1 cctdlg.cpp:618
2017-11-01 11:28:12.215 [2460] LOG_TRACE CCCTDlg::set_speaker, spk=143, onoff=1 cctdlg.cpp:618
2017-11-01 11:28:12.215 [2460] LOG_TRACE CCCTDlg::set_speaker, spk=144, onoff=1 cctdlg.cpp:618
2017-11-01 11:28:12.215 [2460] LOG_TRACE CCCTDlg::set_speaker, spk=145, onoff=1 cctdlg.cpp:618
2017-11-01 11:28:12.215 [2460] LOG_TRACE CCCTDlg::set_speaker, spk=146, onoff=1 cctdlg.cpp:618
2017-11-01 11:28:12.215 [2460] LOG_TRACE CCCTDlg::set_speaker, spk=147, onoff=1 cctdlg.cpp:618
2017-11-01 11:28:12.215 [2460] LOG_TRACE CCCTDlg::set_speaker, spk=148, onoff=1 cctdlg.cpp:618
2017-11-01 11:28:12.215 [2460] LOG_TRACE CCCTDlg::set_speaker, spk=149, onoff=1 cctdlg.cpp:618
2017-11-01 11:28:12.215 [2460] LOG_TRACE CCCTDlg::set_speaker, spk=150, onoff=1 cctdlg.cpp:618
2017-11-01 11:28:12.215 [2460] LOG_TRACE CCCTDlg::set_speaker, spk=151, onoff=1 cctdlg.cpp:618
2017-11-01 11:28:12.215 [2460] LOG_TRACE CCCTDlg::set_speaker, spk=152, onoff=1 cctdlg.cpp:618
2017-11-01 11:28:12.215 [2460] LOG_TRACE CCCTDlg::set_speaker, spk=153, onoff=1 cctdlg.cpp:618
2017-11-01 11:28:12.215 [2460] LOG_TRACE CCCTDlg::set_speaker, spk=154, onoff=1 cctdlg.cpp:618
2017-11-01 11:28:12.215 [2460] LOG_TRACE CCCTDlg::set_speaker, spk=155, onoff=1 cctdlg.cpp:618
2017-11-01 11:28:12.215 [2460] LOG_TRACE CCCTDlg::set_speaker, spk=156, onoff=1 cctdlg.cpp:618
2017-11-01 11:28:12.215 [2460] LOG_TRACE CCCTDlg::set_speaker, spk=157, onoff=1 cctdlg.cpp:618
2017-11-01 11:28:12.216 [2460] LOG_TRACE CCCTDlg::set_speaker, spk=158, onoff=1 cctdlg.cpp:618
2017-11-01 11:28:12.216 [2460] LOG_TRACE CCCTDlg::set_speaker, spk=159, onoff=1 cctdlg.cpp:618
2017-11-01 11:28:12.216 [2460] LOG_TRACE CCCTDlg::set_speaker, spk=160, onoff=1 cctdlg.cpp:618
2017-11-01 11:28:12.216 [2460] LOG_TRACE CCCTDlg::set_speaker, spk=161, onoff=1 cctdlg.cpp:618
2017-11-01 11:28:12.216 [2460] LOG_TRACE CCCTDlg::set_speaker, spk=162, onoff=1 cctdlg.cpp:618
2017-11-01 11:28:12.216 [2460] LOG_TRACE CCCTDlg::set_speaker, spk=163, onoff=1 cctdlg.cpp:618
2017-11-01 11:28:12.216 [2460] LOG_TRACE CCCTDlg::set_speaker, spk=164, onoff=1 cctdlg.cpp:618
2017-11-01 11:28:12.216 [2460] LOG_TRACE CCCTDlg::set_speaker, spk=165, onoff=1 cctdlg.cpp:618
2017-11-01 11:28:12.216 [2460] LOG_TRACE CCCTDlg::set_speaker, spk=166, onoff=1 cctdlg.cpp:618
2017-11-01 11:28:12.216 [2460] LOG_TRACE CCCTDlg::set_speaker, spk=167, onoff=1 cctdlg.cpp:618
2017-11-01 11:28:12.216 [2460] LOG_TRACE CCCTDlg::set_speaker, spk=168, onoff=1 cctdlg.cpp:618
2017-11-01 11:28:12.216 [2460] LOG_TRACE CCCTDlg::set_speaker, spk=169, onoff=1 cctdlg.cpp:618
2017-11-01 11:28:12.216 [2460] LOG_TRACE CCCTDlg::set_speaker, spk=170, onoff=1 cctdlg.cpp:618
2017-11-01 11:28:12.216 [2460] LOG_TRACE CCCTDlg::set_speaker, spk=171, onoff=1 cctdlg.cpp:618
2017-11-01 11:28:12.216 [2460] LOG_TRACE CCCTDlg::set_speaker, spk=172, onoff=1 cctdlg.cpp:618
2017-11-01 11:28:12.216 [2460] LOG_TRACE CCCTDlg::set_speaker, spk=173, onoff=1 cctdlg.cpp:618
2017-11-01 11:28:12.216 [2460] LOG_TRACE CCCTDlg::set_speaker, spk=174, onoff=1 cctdlg.cpp:618
2017-11-01 11:28:12.216 [2460] LOG_TRACE CCCTDlg::set_speaker, spk=175, onoff=1 cctdlg.cpp:618
2017-11-01 11:28:12.216 [2460] LOG_TRACE CCCTDlg::set_speaker, spk=176, onoff=1 cctdlg.cpp:618
2017-11-01 11:28:12.216 [2460] LOG_TRACE CCCTDlg::set_speaker, spk=177, onoff=1 cctdlg.cpp:618
2017-11-01 11:28:12.216 [2460] LOG_TRACE CCCTDlg::set_speaker, spk=178, onoff=1 cctdlg.cpp:618
2017-11-01 11:28:12.216 [2460] LOG_TRACE CCCTDlg::set_speaker, spk=179, onoff=1 cctdlg.cpp:618
2017-11-01 11:28:12.216 [2460] LOG_TRACE CCCTDlg::set_speaker, spk=180, onoff=1 cctdlg.cpp:618
2017-11-01 11:28:12.216 [2460] LOG_TRACE CCCTDlg::set_speaker, spk=181, onoff=1 cctdlg.cpp:618
2017-11-01 11:28:12.216 [2460] LOG_TRACE CCCTDlg::set_speaker, spk=182, onoff=1 cctdlg.cpp:618
2017-11-01 11:28:12.216 [2460] LOG_TRACE CCCTDlg::set_speaker, spk=183, onoff=1 cctdlg.cpp:618
2017-11-01 11:28:12.216 [2460] LOG_TRACE CCCTDlg::set_speaker, spk=184, onoff=1 cctdlg.cpp:618
2017-11-01 11:28:12.216 [2460] LOG_TRACE CCCTDlg::set_speaker, spk=185, onoff=1 cctdlg.cpp:618
2017-11-01 11:28:12.216 [2460] LOG_TRACE CCCTDlg::set_speaker, spk=186, onoff=1 cctdlg.cpp:618
2017-11-01 11:28:12.216 [2460] LOG_TRACE CCCTDlg::set_speaker, spk=187, onoff=1 cctdlg.cpp:618
2017-11-01 11:28:12.216 [2460] LOG_TRACE CCCTDlg::set_speaker, spk=188, onoff=1 cctdlg.cpp:618
2017-11-01 11:28:12.216 [2460] LOG_TRACE CCCTDlg::set_speaker, spk=189, onoff=1 cctdlg.cpp:618
2017-11-01 11:28:12.216 [2460] LOG_TRACE CCCTDlg::set_speaker, spk=190, onoff=1 cctdlg.cpp:618
2017-11-01 11:28:12.216 [2460] LOG_TRACE CCCTDlg::set_speaker, spk=191, onoff=1 cctdlg.cpp:618
2017-11-01 11:28:12.216 [2460] LOG_TRACE CCCTDlg::set_speaker, spk=192, onoff=1 cctdlg.cpp:618
2017-11-01 11:28:12.216 [2460] LOG_TRACE CCCTDlg::set_speaker, spk=193, onoff=1 cctdlg.cpp:618
2017-11-01 11:28:12.216 [2460] LOG_TRACE CCCTDlg::set_speaker, spk=194, onoff=1 cctdlg.cpp:618
2017-11-01 11:28:12.216 [2460] LOG_TRACE CCCTDlg::set_speaker, spk=195, onoff=1 cctdlg.cpp:618
2017-11-01 11:28:12.216 [2460] LOG_TRACE CCCTDlg::set_speaker, spk=196, onoff=1 cctdlg.cpp:618
2017-11-01 11:28:12.216 [2460] LOG_TRACE CCCTDlg::set_speaker, spk=197, onoff=1 cctdlg.cpp:618
2017-11-01 11:28:12.216 [2460] LOG_TRACE CCCTDlg::set_speaker, spk=198, onoff=1 cctdlg.cpp:618
2017-11-01 11:28:12.216 [2460] LOG_TRACE CCCTDlg::set_speaker, spk=199, onoff=1 cctdlg.cpp:618
2017-11-01 11:28:12.216 [2460] LOG_TRACE CCCTDlg::set_speaker, spk=200, onoff=1 cctdlg.cpp:618
2017-11-01 11:28:12.216 [2460] LOG_TRACE CCCTDlg::set_speaker, spk=201, onoff=1 cctdlg.cpp:618
2017-11-01 11:28:12.216 [2460] LOG_TRACE CCCTDlg::set_speaker, spk=202, onoff=1 cctdlg.cpp:618
2017-11-01 11:28:12.216 [2460] LOG_TRACE CCCTDlg::set_speaker, spk=203, onoff=1 cctdlg.cpp:618
2017-11-01 11:28:12.217 [2460] LOG_TRACE CCCTDlg::set_speaker, spk=204, onoff=1 cctdlg.cpp:618
2017-11-01 11:28:12.217 [2460] LOG_TRACE CCCTDlg::set_speaker, spk=205, onoff=1 cctdlg.cpp:618
2017-11-01 11:28:12.217 [2460] LOG_TRACE CCCTDlg::set_speaker, spk=206, onoff=1 cctdlg.cpp:618
2017-11-01 11:28:12.217 [2460] LOG_TRACE CCCTDlg::set_speaker, spk=207, onoff=1 cctdlg.cpp:618
2017-11-01 11:28:12.217 [2460] LOG_TRACE CCCTDlg::set_speaker, spk=208, onoff=1 cctdlg.cpp:618
2017-11-01 11:28:12.217 [2460] LOG_TRACE CCCTDlg::set_speaker, spk=209, onoff=1 cctdlg.cpp:618
2017-11-01 11:28:12.217 [2460] LOG_TRACE CCCTDlg::set_speaker, spk=210, onoff=1 cctdlg.cpp:618
2017-11-01 11:28:12.217 [2460] LOG_TRACE CCCTDlg::set_speaker, spk=211, onoff=1 cctdlg.cpp:618
2017-11-01 11:28:12.217 [2460] LOG_TRACE CCCTDlg::set_speaker, spk=212, onoff=1 cctdlg.cpp:618
2017-11-01 11:28:12.217 [2460] LOG_TRACE CCCTDlg::set_speaker, spk=213, onoff=1 cctdlg.cpp:618
2017-11-01 11:28:12.217 [2460] LOG_TRACE CCCTDlg::set_speaker, spk=214, onoff=1 cctdlg.cpp:618
2017-11-01 11:28:12.217 [2460] LOG_TRACE CCCTDlg::set_speaker, spk=215, onoff=1 cctdlg.cpp:618
2017-11-01 11:28:12.217 [2460] LOG_TRACE CCCTDlg::set_speaker, spk=216, onoff=1 cctdlg.cpp:618
2017-11-01 11:28:12.217 [2460] LOG_TRACE CCCTDlg::set_speaker, spk=217, onoff=1 cctdlg.cpp:618
2017-11-01 11:28:12.217 [2460] LOG_TRACE CCCTDlg::set_speaker, spk=218, onoff=1 cctdlg.cpp:618
2017-11-01 11:28:12.217 [2460] LOG_TRACE CCCTDlg::set_speaker, spk=219, onoff=1 cctdlg.cpp:618
2017-11-01 11:28:12.217 [2460] LOG_TRACE CCCTDlg::set_speaker, spk=220, onoff=1 cctdlg.cpp:618
2017-11-01 11:28:12.217 [2460] LOG_TRACE CCCTDlg::set_speaker, spk=221, onoff=1 cctdlg.cpp:618
2017-11-01 11:28:12.217 [2460] LOG_TRACE CCCTDlg::set_speaker, spk=222, onoff=1 cctdlg.cpp:618
2017-11-01 11:28:12.217 [2460] LOG_TRACE CCCTDlg::set_speaker, spk=223, onoff=1 cctdlg.cpp:618
2017-11-01 11:28:12.217 [2460] LOG_TRACE CCCTDlg::set_speaker, spk=224, onoff=1 cctdlg.cpp:618
2017-11-01 11:28:12.217 [2460] LOG_TRACE CCCTDlg::set_speaker, spk=225, onoff=1 cctdlg.cpp:618
2017-11-01 11:28:12.217 [2460] LOG_TRACE CCCTDlg::set_speaker, spk=226, onoff=1 cctdlg.cpp:618
2017-11-01 11:28:12.217 [2460] LOG_TRACE CCCTDlg::set_speaker, spk=227, onoff=1 cctdlg.cpp:618
2017-11-01 11:28:12.217 [2460] LOG_TRACE CCCTDlg::set_speaker, spk=228, onoff=1 cctdlg.cpp:618
2017-11-01 11:28:12.217 [2460] LOG_TRACE CCCTDlg::set_speaker, spk=229, onoff=1 cctdlg.cpp:618
2017-11-01 11:28:12.217 [2460] LOG_TRACE CCCTDlg::set_speaker, spk=230, onoff=1 cctdlg.cpp:618
2017-11-01 11:28:12.217 [2460] LOG_TRACE CCCTDlg::set_speaker, spk=231, onoff=1 cctdlg.cpp:618
2017-11-01 11:28:12.217 [2460] LOG_TRACE CCCTDlg::set_speaker, spk=232, onoff=1 cctdlg.cpp:618
2017-11-01 11:28:12.217 [2460] LOG_TRACE CCCTDlg::set_speaker, spk=233, onoff=1 cctdlg.cpp:618
2017-11-01 11:28:12.217 [2460] LOG_TRACE CCCTDlg::set_speaker, spk=234, onoff=1 cctdlg.cpp:618
2017-11-01 11:28:12.217 [2460] LOG_TRACE CCCTDlg::set_speaker, spk=235, onoff=1 cctdlg.cpp:618
2017-11-01 11:28:12.217 [2460] LOG_TRACE CCCTDlg::set_speaker, spk=236, onoff=1 cctdlg.cpp:618
2017-11-01 11:28:12.217 [2460] LOG_TRACE CCCTDlg::set_speaker, spk=237, onoff=1 cctdlg.cpp:618
2017-11-01 11:28:12.217 [2460] LOG_TRACE CCCTDlg::set_speaker, spk=238, onoff=1 cctdlg.cpp:618
2017-11-01 11:28:12.217 [2460] LOG_TRACE CCCTDlg::set_speaker, spk=239, onoff=1 cctdlg.cpp:618
2017-11-01 11:28:12.217 [2460] LOG_TRACE CCCTDlg::set_speaker, spk=240, onoff=1 cctdlg.cpp:618
2017-11-01 11:28:12.217 [2460] LOG_TRACE CCCTDlg::set_speaker, spk=241, onoff=1 cctdlg.cpp:618
2017-11-01 11:28:12.217 [2460] LOG_TRACE CCCTDlg::set_speaker, spk=242, onoff=1 cctdlg.cpp:618
2017-11-01 11:28:12.217 [2460] LOG_TRACE CCCTDlg::set_speaker, spk=243, onoff=1 cctdlg.cpp:618
2017-11-01 11:28:12.217 [2460] LOG_TRACE CCCTDlg::set_speaker, spk=244, onoff=1 cctdlg.cpp:618
2017-11-01 11:28:12.217 [2460] LOG_TRACE CCCTDlg::set_speaker, spk=245, onoff=1 cctdlg.cpp:618
2017-11-01 11:28:12.217 [2460] LOG_TRACE CCCTDlg::set_speaker, spk=246, onoff=1 cctdlg.cpp:618
2017-11-01 11:28:12.217 [2460] LOG_TRACE CCCTDlg::set_speaker, spk=247, onoff=1 cctdlg.cpp:618
2017-11-01 11:28:12.217 [2460] LOG_TRACE CCCTDlg::set_speaker, spk=248, onoff=1 cctdlg.cpp:618
2017-11-01 11:28:12.217 [2460] LOG_TRACE CCCTDlg::set_speaker, spk=249, onoff=1 cctdlg.cpp:618
2017-11-01 11:28:12.217 [2460] LOG_TRACE CCCTDlg::set_speaker, spk=250, onoff=1 cctdlg.cpp:618
2017-11-01 11:28:12.218 [2460] LOG_TRACE CCCTDlg::set_speaker, spk=251, onoff=1 cctdlg.cpp:618
2017-11-01 11:28:12.218 [2460] LOG_TRACE CCCTDlg::set_speaker, spk=252, onoff=1 cctdlg.cpp:618
2017-11-01 11:28:12.218 [2460] LOG_TRACE CCCTDlg::set_speaker, spk=253, onoff=1 cctdlg.cpp:618
2017-11-01 11:28:12.218 [2460] LOG_TRACE CCCTDlg::set_speaker, spk=254, onoff=1 cctdlg.cpp:618
2017-11-01 11:28:12.951 [0272] LOG_TRACE 91410626,cap len=1280 cctdlg.cpp:538
2017-11-01 11:28:13.559 [2460] LOG_TRACE CCCTDlg::OnBnClickedCheckAll 0 cctdlg.cpp:864
2017-11-01 11:28:13.559 [2460] LOG_TRACE CCCTDlg::set_speaker, spk=1, onoff=0 cctdlg.cpp:618
2017-11-01 11:28:13.559 [2460] LOG_TRACE CCCTDlg::set_speaker, spk=2, onoff=0 cctdlg.cpp:618
2017-11-01 11:28:13.559 [2460] LOG_TRACE CCCTDlg::set_speaker, spk=3, onoff=0 cctdlg.cpp:618
2017-11-01 11:28:13.559 [2460] LOG_TRACE CCCTDlg::set_speaker, spk=4, onoff=0 cctdlg.cpp:618
2017-11-01 11:28:13.559 [2460] LOG_TRACE CCCTDlg::set_speaker, spk=5, onoff=0 cctdlg.cpp:618
2017-11-01 11:28:13.559 [2460] LOG_TRACE CCCTDlg::set_speaker, spk=6, onoff=0 cctdlg.cpp:618
2017-11-01 11:28:13.559 [2460] LOG_TRACE CCCTDlg::set_speaker, spk=7, onoff=0 cctdlg.cpp:618
2017-11-01 11:28:13.559 [2460] LOG_TRACE CCCTDlg::set_speaker, spk=8, onoff=0 cctdlg.cpp:618
2017-11-01 11:28:13.559 [2460] LOG_TRACE CCCTDlg::set_speaker, spk=9, onoff=0 cctdlg.cpp:618
2017-11-01 11:28:13.559 [2460] LOG_TRACE CCCTDlg::set_speaker, spk=10, onoff=0 cctdlg.cpp:618
2017-11-01 11:28:13.559 [2460] LOG_TRACE CCCTDlg::set_speaker, spk=11, onoff=0 cctdlg.cpp:618
2017-11-01 11:28:13.559 [2460] LOG_TRACE CCCTDlg::set_speaker, spk=12, onoff=0 cctdlg.cpp:618
2017-11-01 11:28:13.559 [2460] LOG_TRACE CCCTDlg::set_speaker, spk=13, onoff=0 cctdlg.cpp:618
2017-11-01 11:28:13.559 [2460] LOG_TRACE CCCTDlg::set_speaker, spk=14, onoff=0 cctdlg.cpp:618
2017-11-01 11:28:13.559 [2460] LOG_TRACE CCCTDlg::set_speaker, spk=15, onoff=0 cctdlg.cpp:618
2017-11-01 11:28:13.559 [2460] LOG_TRACE CCCTDlg::set_speaker, spk=16, onoff=0 cctdlg.cpp:618
2017-11-01 11:28:13.559 [2460] LOG_TRACE CCCTDlg::set_speaker, spk=17, onoff=0 cctdlg.cpp:618
2017-11-01 11:28:13.559 [2460] LOG_TRACE CCCTDlg::set_speaker, spk=18, onoff=0 cctdlg.cpp:618
2017-11-01 11:28:13.559 [2460] LOG_TRACE CCCTDlg::set_speaker, spk=19, onoff=0 cctdlg.cpp:618
2017-11-01 11:28:13.559 [2460] LOG_TRACE CCCTDlg::set_speaker, spk=20, onoff=0 cctdlg.cpp:618
2017-11-01 11:28:13.559 [2460] LOG_TRACE CCCTDlg::set_speaker, spk=21, onoff=0 cctdlg.cpp:618
2017-11-01 11:28:13.559 [2460] LOG_TRACE CCCTDlg::set_speaker, spk=22, onoff=0 cctdlg.cpp:618
2017-11-01 11:28:13.559 [2460] LOG_TRACE CCCTDlg::set_speaker, spk=23, onoff=0 cctdlg.cpp:618
2017-11-01 11:28:13.559 [2460] LOG_TRACE CCCTDlg::set_speaker, spk=24, onoff=0 cctdlg.cpp:618
2017-11-01 11:28:13.559 [2460] LOG_TRACE CCCTDlg::set_speaker, spk=25, onoff=0 cctdlg.cpp:618
2017-11-01 11:28:13.559 [2460] LOG_TRACE CCCTDlg::set_speaker, spk=26, onoff=0 cctdlg.cpp:618
2017-11-01 11:28:13.559 [2460] LOG_TRACE CCCTDlg::set_speaker, spk=27, onoff=0 cctdlg.cpp:618
2017-11-01 11:28:13.559 [2460] LOG_TRACE CCCTDlg::set_speaker, spk=28, onoff=0 cctdlg.cpp:618
2017-11-01 11:28:13.559 [2460] LOG_TRACE CCCTDlg::set_speaker, spk=29, onoff=0 cctdlg.cpp:618
2017-11-01 11:28:13.559 [2460] LOG_TRACE CCCTDlg::set_speaker, spk=30, onoff=0 cctdlg.cpp:618
2017-11-01 11:28:13.559 [2460] LOG_TRACE CCCTDlg::set_speaker, spk=31, onoff=0 cctdlg.cpp:618
2017-11-01 11:28:13.559 [2460] LOG_TRACE CCCTDlg::set_speaker, spk=32, onoff=0 cctdlg.cpp:618
2017-11-01 11:28:13.559 [2460] LOG_TRACE CCCTDlg::set_speaker, spk=33, onoff=0 cctdlg.cpp:618
2017-11-01 11:28:13.559 [2460] LOG_TRACE CCCTDlg::set_speaker, spk=34, onoff=0 cctdlg.cpp:618
2017-11-01 11:28:13.559 [2460] LOG_TRACE CCCTDlg::set_speaker, spk=35, onoff=0 cctdlg.cpp:618
2017-11-01 11:28:13.559 [2460] LOG_TRACE CCCTDlg::set_speaker, spk=36, onoff=0 cctdlg.cpp:618
2017-11-01 11:28:13.559 [2460] LOG_TRACE CCCTDlg::set_speaker, spk=37, onoff=0 cctdlg.cpp:618
2017-11-01 11:28:13.559 [2460] LOG_TRACE CCCTDlg::set_speaker, spk=38, onoff=0 cctdlg.cpp:618
2017-11-01 11:28:13.559 [2460] LOG_TRACE CCCTDlg::set_speaker, spk=39, onoff=0 cctdlg.cpp:618
2017-11-01 11:28:13.559 [2460] LOG_TRACE CCCTDlg::set_speaker, spk=40, onoff=0 cctdlg.cpp:618
2017-11-01 11:28:13.559 [2460] LOG_TRACE CCCTDlg::set_speaker, spk=41, onoff=0 cctdlg.cpp:618
2017-11-01 11:28:13.559 [2460] LOG_TRACE CCCTDlg::set_speaker, spk=42, onoff=0 cctdlg.cpp:618
2017-11-01 11:28:13.559 [2460] LOG_TRACE CCCTDlg::set_speaker, spk=43, onoff=0 cctdlg.cpp:618
2017-11-01 11:28:13.559 [2460] LOG_TRACE CCCTDlg::set_speaker, spk=44, onoff=0 cctdlg.cpp:618
2017-11-01 11:28:13.559 [2460] LOG_TRACE CCCTDlg::set_speaker, spk=45, onoff=0 cctdlg.cpp:618
2017-11-01 11:28:13.559 [2460] LOG_TRACE CCCTDlg::set_speaker, spk=46, onoff=0 cctdlg.cpp:618
2017-11-01 11:28:13.559 [2460] LOG_TRACE CCCTDlg::set_speaker, spk=47, onoff=0 cctdlg.cpp:618
2017-11-01 11:28:13.559 [2460] LOG_TRACE CCCTDlg::set_speaker, spk=48, onoff=0 cctdlg.cpp:618
2017-11-01 11:28:13.559 [2460] LOG_TRACE CCCTDlg::set_speaker, spk=49, onoff=0 cctdlg.cpp:618
2017-11-01 11:28:13.559 [2460] LOG_TRACE CCCTDlg::set_speaker, spk=50, onoff=0 cctdlg.cpp:618
2017-11-01 11:28:13.559 [2460] LOG_TRACE CCCTDlg::set_speaker, spk=51, onoff=0 cctdlg.cpp:618
2017-11-01 11:28:13.559 [2460] LOG_TRACE CCCTDlg::set_speaker, spk=52, onoff=0 cctdlg.cpp:618
2017-11-01 11:28:13.559 [2460] LOG_TRACE CCCTDlg::set_speaker, spk=53, onoff=0 cctdlg.cpp:618
2017-11-01 11:28:13.559 [2460] LOG_TRACE CCCTDlg::set_speaker, spk=54, onoff=0 cctdlg.cpp:618
2017-11-01 11:28:13.559 [2460] LOG_TRACE CCCTDlg::set_speaker, spk=55, onoff=0 cctdlg.cpp:618
2017-11-01 11:28:13.559 [2460] LOG_TRACE CCCTDlg::set_speaker, spk=56, onoff=0 cctdlg.cpp:618
2017-11-01 11:28:13.559 [2460] LOG_TRACE CCCTDlg::set_speaker, spk=57, onoff=0 cctdlg.cpp:618
2017-11-01 11:28:13.559 [2460] LOG_TRACE CCCTDlg::set_speaker, spk=58, onoff=0 cctdlg.cpp:618
2017-11-01 11:28:13.559 [2460] LOG_TRACE CCCTDlg::set_speaker, spk=59, onoff=0 cctdlg.cpp:618
2017-11-01 11:28:13.559 [2460] LOG_TRACE CCCTDlg::set_speaker, spk=60, onoff=0 cctdlg.cpp:618
2017-11-01 11:28:13.559 [2460] LOG_TRACE CCCTDlg::set_speaker, spk=61, onoff=0 cctdlg.cpp:618
2017-11-01 11:28:13.559 [2460] LOG_TRACE CCCTDlg::set_speaker, spk=62, onoff=0 cctdlg.cpp:618
2017-11-01 11:28:13.559 [2460] LOG_TRACE CCCTDlg::set_speaker, spk=63, onoff=0 cctdlg.cpp:618
2017-11-01 11:28:13.559 [2460] LOG_TRACE CCCTDlg::set_speaker, spk=64, onoff=0 cctdlg.cpp:618
2017-11-01 11:28:13.559 [2460] LOG_TRACE CCCTDlg::set_speaker, spk=65, onoff=0 cctdlg.cpp:618
2017-11-01 11:28:13.559 [2460] LOG_TRACE CCCTDlg::set_speaker, spk=66, onoff=0 cctdlg.cpp:618
2017-11-01 11:28:13.559 [2460] LOG_TRACE CCCTDlg::set_speaker, spk=67, onoff=0 cctdlg.cpp:618
2017-11-01 11:28:13.559 [2460] LOG_TRACE CCCTDlg::set_speaker, spk=68, onoff=0 cctdlg.cpp:618
2017-11-01 11:28:13.559 [2460] LOG_TRACE CCCTDlg::set_speaker, spk=69, onoff=0 cctdlg.cpp:618
2017-11-01 11:28:13.559 [2460] LOG_TRACE CCCTDlg::set_speaker, spk=70, onoff=0 cctdlg.cpp:618
2017-11-01 11:28:13.559 [2460] LOG_TRACE CCCTDlg::set_speaker, spk=71, onoff=0 cctdlg.cpp:618
2017-11-01 11:28:13.559 [2460] LOG_TRACE CCCTDlg::set_speaker, spk=72, onoff=0 cctdlg.cpp:618
2017-11-01 11:28:13.559 [2460] LOG_TRACE CCCTDlg::set_speaker, spk=73, onoff=0 cctdlg.cpp:618
2017-11-01 11:28:13.559 [2460] LOG_TRACE CCCTDlg::set_speaker, spk=74, onoff=0 cctdlg.cpp:618
2017-11-01 11:28:13.560 [2460] LOG_TRACE CCCTDlg::set_speaker, spk=75, onoff=0 cctdlg.cpp:618
2017-11-01 11:28:13.560 [2460] LOG_TRACE CCCTDlg::set_speaker, spk=76, onoff=0 cctdlg.cpp:618
2017-11-01 11:28:13.560 [2460] LOG_TRACE CCCTDlg::set_speaker, spk=77, onoff=0 cctdlg.cpp:618
2017-11-01 11:28:13.560 [2460] LOG_TRACE CCCTDlg::set_speaker, spk=78, onoff=0 cctdlg.cpp:618
2017-11-01 11:28:13.560 [2460] LOG_TRACE CCCTDlg::set_speaker, spk=79, onoff=0 cctdlg.cpp:618
2017-11-01 11:28:13.560 [2460] LOG_TRACE CCCTDlg::set_speaker, spk=80, onoff=0 cctdlg.cpp:618
2017-11-01 11:28:13.560 [2460] LOG_TRACE CCCTDlg::set_speaker, spk=81, onoff=0 cctdlg.cpp:618
2017-11-01 11:28:13.560 [2460] LOG_TRACE CCCTDlg::set_speaker, spk=82, onoff=0 cctdlg.cpp:618
2017-11-01 11:28:13.560 [2460] LOG_TRACE CCCTDlg::set_speaker, spk=83, onoff=0 cctdlg.cpp:618
2017-11-01 11:28:13.560 [2460] LOG_TRACE CCCTDlg::set_speaker, spk=84, onoff=0 cctdlg.cpp:618
2017-11-01 11:28:13.560 [2460] LOG_TRACE CCCTDlg::set_speaker, spk=85, onoff=0 cctdlg.cpp:618
2017-11-01 11:28:13.560 [2460] LOG_TRACE CCCTDlg::set_speaker, spk=86, onoff=0 cctdlg.cpp:618
2017-11-01 11:28:13.560 [2460] LOG_TRACE CCCTDlg::set_speaker, spk=87, onoff=0 cctdlg.cpp:618
2017-11-01 11:28:13.560 [2460] LOG_TRACE CCCTDlg::set_speaker, spk=88, onoff=0 cctdlg.cpp:618
2017-11-01 11:28:13.560 [2460] LOG_TRACE CCCTDlg::set_speaker, spk=89, onoff=0 cctdlg.cpp:618
2017-11-01 11:28:13.560 [2460] LOG_TRACE CCCTDlg::set_speaker, spk=90, onoff=0 cctdlg.cpp:618
2017-11-01 11:28:13.560 [2460] LOG_TRACE CCCTDlg::set_speaker, spk=91, onoff=0 cctdlg.cpp:618
2017-11-01 11:28:13.560 [2460] LOG_TRACE CCCTDlg::set_speaker, spk=92, onoff=0 cctdlg.cpp:618
2017-11-01 11:28:13.560 [2460] LOG_TRACE CCCTDlg::set_speaker, spk=93, onoff=0 cctdlg.cpp:618
2017-11-01 11:28:13.560 [2460] LOG_TRACE CCCTDlg::set_speaker, spk=94, onoff=0 cctdlg.cpp:618
2017-11-01 11:28:13.560 [2460] LOG_TRACE CCCTDlg::set_speaker, spk=95, onoff=0 cctdlg.cpp:618
2017-11-01 11:28:13.560 [2460] LOG_TRACE CCCTDlg::set_speaker, spk=96, onoff=0 cctdlg.cpp:618
2017-11-01 11:28:13.560 [2460] LOG_TRACE CCCTDlg::set_speaker, spk=97, onoff=0 cctdlg.cpp:618
2017-11-01 11:28:13.560 [2460] LOG_TRACE CCCTDlg::set_speaker, spk=98, onoff=0 cctdlg.cpp:618
2017-11-01 11:28:13.560 [2460] LOG_TRACE CCCTDlg::set_speaker, spk=99, onoff=0 cctdlg.cpp:618
2017-11-01 11:28:13.560 [2460] LOG_TRACE CCCTDlg::set_speaker, spk=100, onoff=0 cctdlg.cpp:618
2017-11-01 11:28:13.560 [2460] LOG_TRACE CCCTDlg::set_speaker, spk=101, onoff=0 cctdlg.cpp:618
2017-11-01 11:28:13.560 [2460] LOG_TRACE CCCTDlg::set_speaker, spk=102, onoff=0 cctdlg.cpp:618
2017-11-01 11:28:13.560 [2460] LOG_TRACE CCCTDlg::set_speaker, spk=103, onoff=0 cctdlg.cpp:618
2017-11-01 11:28:13.560 [2460] LOG_TRACE CCCTDlg::set_speaker, spk=104, onoff=0 cctdlg.cpp:618
2017-11-01 11:28:13.560 [2460] LOG_TRACE CCCTDlg::set_speaker, spk=105, onoff=0 cctdlg.cpp:618
2017-11-01 11:28:13.560 [2460] LOG_TRACE CCCTDlg::set_speaker, spk=106, onoff=0 cctdlg.cpp:618
2017-11-01 11:28:13.560 [2460] LOG_TRACE CCCTDlg::set_speaker, spk=107, onoff=0 cctdlg.cpp:618
2017-11-01 11:28:13.560 [2460] LOG_TRACE CCCTDlg::set_speaker, spk=108, onoff=0 cctdlg.cpp:618
2017-11-01 11:28:13.560 [2460] LOG_TRACE CCCTDlg::set_speaker, spk=109, onoff=0 cctdlg.cpp:618
2017-11-01 11:28:13.560 [2460] LOG_TRACE CCCTDlg::set_speaker, spk=110, onoff=0 cctdlg.cpp:618
2017-11-01 11:28:13.560 [2460] LOG_TRACE CCCTDlg::set_speaker, spk=111, onoff=0 cctdlg.cpp:618
2017-11-01 11:28:13.560 [2460] LOG_TRACE CCCTDlg::set_speaker, spk=112, onoff=0 cctdlg.cpp:618
2017-11-01 11:28:13.560 [2460] LOG_TRACE CCCTDlg::set_speaker, spk=113, onoff=0 cctdlg.cpp:618
2017-11-01 11:28:13.560 [2460] LOG_TRACE CCCTDlg::set_speaker, spk=114, onoff=0 cctdlg.cpp:618
2017-11-01 11:28:13.560 [2460] LOG_TRACE CCCTDlg::set_speaker, spk=115, onoff=0 cctdlg.cpp:618
2017-11-01 11:28:13.560 [2460] LOG_TRACE CCCTDlg::set_speaker, spk=116, onoff=0 cctdlg.cpp:618
2017-11-01 11:28:13.560 [2460] LOG_TRACE CCCTDlg::set_speaker, spk=117, onoff=0 cctdlg.cpp:618
2017-11-01 11:28:13.560 [2460] LOG_TRACE CCCTDlg::set_speaker, spk=118, onoff=0 cctdlg.cpp:618
2017-11-01 11:28:13.560 [2460] LOG_TRACE CCCTDlg::set_speaker, spk=119, onoff=0 cctdlg.cpp:618
2017-11-01 11:28:13.560 [2460] LOG_TRACE CCCTDlg::set_speaker, spk=120, onoff=0 cctdlg.cpp:618
2017-11-01 11:28:13.560 [2460] LOG_TRACE CCCTDlg::set_speaker, spk=121, onoff=0 cctdlg.cpp:618
2017-11-01 11:28:13.560 [2460] LOG_TRACE CCCTDlg::set_speaker, spk=122, onoff=0 cctdlg.cpp:618
2017-11-01 11:28:13.560 [2460] LOG_TRACE CCCTDlg::set_speaker, spk=123, onoff=0 cctdlg.cpp:618
2017-11-01 11:28:13.560 [2460] LOG_TRACE CCCTDlg::set_speaker, spk=124, onoff=0 cctdlg.cpp:618
2017-11-01 11:28:13.560 [2460] LOG_TRACE CCCTDlg::set_speaker, spk=125, onoff=0 cctdlg.cpp:618
2017-11-01 11:28:13.560 [2460] LOG_TRACE CCCTDlg::set_speaker, spk=126, onoff=0 cctdlg.cpp:618
2017-11-01 11:28:13.560 [2460] LOG_TRACE CCCTDlg::set_speaker, spk=127, onoff=0 cctdlg.cpp:618
2017-11-01 11:28:13.560 [2460] LOG_TRACE CCCTDlg::set_speaker, spk=128, onoff=0 cctdlg.cpp:618
2017-11-01 11:28:13.560 [2460] LOG_TRACE CCCTDlg::set_speaker, spk=129, onoff=0 cctdlg.cpp:618
2017-11-01 11:28:13.560 [2460] LOG_TRACE CCCTDlg::set_speaker, spk=130, onoff=0 cctdlg.cpp:618
2017-11-01 11:28:13.560 [2460] LOG_TRACE CCCTDlg::set_speaker, spk=131, onoff=0 cctdlg.cpp:618
2017-11-01 11:28:13.560 [2460] LOG_TRACE CCCTDlg::set_speaker, spk=132, onoff=0 cctdlg.cpp:618
2017-11-01 11:28:13.560 [2460] LOG_TRACE CCCTDlg::set_speaker, spk=133, onoff=0 cctdlg.cpp:618
2017-11-01 11:28:13.560 [2460] LOG_TRACE CCCTDlg::set_speaker, spk=134, onoff=0 cctdlg.cpp:618
2017-11-01 11:28:13.560 [2460] LOG_TRACE CCCTDlg::set_speaker, spk=135, onoff=0 cctdlg.cpp:618
2017-11-01 11:28:13.560 [2460] LOG_TRACE CCCTDlg::set_speaker, spk=136, onoff=0 cctdlg.cpp:618
2017-11-01 11:28:13.560 [2460] LOG_TRACE CCCTDlg::set_speaker, spk=137, onoff=0 cctdlg.cpp:618
2017-11-01 11:28:13.560 [2460] LOG_TRACE CCCTDlg::set_speaker, spk=138, onoff=0 cctdlg.cpp:618
2017-11-01 11:28:13.560 [2460] LOG_TRACE CCCTDlg::set_speaker, spk=139, onoff=0 cctdlg.cpp:618
2017-11-01 11:28:13.560 [2460] LOG_TRACE CCCTDlg::set_speaker, spk=140, onoff=0 cctdlg.cpp:618
2017-11-01 11:28:13.560 [2460] LOG_TRACE CCCTDlg::set_speaker, spk=141, onoff=0 cctdlg.cpp:618
2017-11-01 11:28:13.560 [2460] LOG_TRACE CCCTDlg::set_speaker, spk=142, onoff=0 cctdlg.cpp:618
2017-11-01 11:28:13.560 [2460] LOG_TRACE CCCTDlg::set_speaker, spk=143, onoff=0 cctdlg.cpp:618
2017-11-01 11:28:13.560 [2460] LOG_TRACE CCCTDlg::set_speaker, spk=144, onoff=0 cctdlg.cpp:618
2017-11-01 11:28:13.560 [2460] LOG_TRACE CCCTDlg::set_speaker, spk=145, onoff=0 cctdlg.cpp:618
2017-11-01 11:28:13.560 [2460] LOG_TRACE CCCTDlg::set_speaker, spk=146, onoff=0 cctdlg.cpp:618
2017-11-01 11:28:13.560 [2460] LOG_TRACE CCCTDlg::set_speaker, spk=147, onoff=0 cctdlg.cpp:618
2017-11-01 11:28:13.560 [2460] LOG_TRACE CCCTDlg::set_speaker, spk=148, onoff=0 cctdlg.cpp:618
2017-11-01 11:28:13.560 [2460] LOG_TRACE CCCTDlg::set_speaker, spk=149, onoff=0 cctdlg.cpp:618
2017-11-01 11:28:13.560 [2460] LOG_TRACE CCCTDlg::set_speaker, spk=150, onoff=0 cctdlg.cpp:618
2017-11-01 11:28:13.561 [2460] LOG_TRACE CCCTDlg::set_speaker, spk=151, onoff=0 cctdlg.cpp:618
2017-11-01 11:28:13.561 [2460] LOG_TRACE CCCTDlg::set_speaker, spk=152, onoff=0 cctdlg.cpp:618
2017-11-01 11:28:13.561 [2460] LOG_TRACE CCCTDlg::set_speaker, spk=153, onoff=0 cctdlg.cpp:618
2017-11-01 11:28:13.561 [2460] LOG_TRACE CCCTDlg::set_speaker, spk=154, onoff=0 cctdlg.cpp:618
2017-11-01 11:28:13.561 [2460] LOG_TRACE CCCTDlg::set_speaker, spk=155, onoff=0 cctdlg.cpp:618
2017-11-01 11:28:13.561 [2460] LOG_TRACE CCCTDlg::set_speaker, spk=156, onoff=0 cctdlg.cpp:618
2017-11-01 11:28:13.561 [2460] LOG_TRACE CCCTDlg::set_speaker, spk=157, onoff=0 cctdlg.cpp:618
2017-11-01 11:28:13.561 [2460] LOG_TRACE CCCTDlg::set_speaker, spk=158, onoff=0 cctdlg.cpp:618
2017-11-01 11:28:13.561 [2460] LOG_TRACE CCCTDlg::set_speaker, spk=159, onoff=0 cctdlg.cpp:618
2017-11-01 11:28:13.561 [2460] LOG_TRACE CCCTDlg::set_speaker, spk=160, onoff=0 cctdlg.cpp:618
2017-11-01 11:28:13.561 [2460] LOG_TRACE CCCTDlg::set_speaker, spk=161, onoff=0 cctdlg.cpp:618
2017-11-01 11:28:13.561 [2460] LOG_TRACE CCCTDlg::set_speaker, spk=162, onoff=0 cctdlg.cpp:618
2017-11-01 11:28:13.561 [2460] LOG_TRACE CCCTDlg::set_speaker, spk=163, onoff=0 cctdlg.cpp:618
2017-11-01 11:28:13.561 [2460] LOG_TRACE CCCTDlg::set_speaker, spk=164, onoff=0 cctdlg.cpp:618
2017-11-01 11:28:13.561 [2460] LOG_TRACE CCCTDlg::set_speaker, spk=165, onoff=0 cctdlg.cpp:618
2017-11-01 11:28:13.561 [2460] LOG_TRACE CCCTDlg::set_speaker, spk=166, onoff=0 cctdlg.cpp:618
2017-11-01 11:28:13.561 [2460] LOG_TRACE CCCTDlg::set_speaker, spk=167, onoff=0 cctdlg.cpp:618
2017-11-01 11:28:13.561 [2460] LOG_TRACE CCCTDlg::set_speaker, spk=168, onoff=0 cctdlg.cpp:618
2017-11-01 11:28:13.561 [2460] LOG_TRACE CCCTDlg::set_speaker, spk=169, onoff=0 cctdlg.cpp:618
2017-11-01 11:28:13.561 [2460] LOG_TRACE CCCTDlg::set_speaker, spk=170, onoff=0 cctdlg.cpp:618
2017-11-01 11:28:13.561 [2460] LOG_TRACE CCCTDlg::set_speaker, spk=171, onoff=0 cctdlg.cpp:618
2017-11-01 11:28:13.561 [2460] LOG_TRACE CCCTDlg::set_speaker, spk=172, onoff=0 cctdlg.cpp:618
2017-11-01 11:28:13.561 [2460] LOG_TRACE CCCTDlg::set_speaker, spk=173, onoff=0 cctdlg.cpp:618
2017-11-01 11:28:13.561 [2460] LOG_TRACE CCCTDlg::set_speaker, spk=174, onoff=0 cctdlg.cpp:618
2017-11-01 11:28:13.561 [2460] LOG_TRACE CCCTDlg::set_speaker, spk=175, onoff=0 cctdlg.cpp:618
2017-11-01 11:28:13.561 [2460] LOG_TRACE CCCTDlg::set_speaker, spk=176, onoff=0 cctdlg.cpp:618
2017-11-01 11:28:13.561 [2460] LOG_TRACE CCCTDlg::set_speaker, spk=177, onoff=0 cctdlg.cpp:618
2017-11-01 11:28:13.561 [2460] LOG_TRACE CCCTDlg::set_speaker, spk=178, onoff=0 cctdlg.cpp:618
2017-11-01 11:28:13.561 [2460] LOG_TRACE CCCTDlg::set_speaker, spk=179, onoff=0 cctdlg.cpp:618
2017-11-01 11:28:13.561 [2460] LOG_TRACE CCCTDlg::set_speaker, spk=180, onoff=0 cctdlg.cpp:618
2017-11-01 11:28:13.561 [2460] LOG_TRACE CCCTDlg::set_speaker, spk=181, onoff=0 cctdlg.cpp:618
2017-11-01 11:28:13.561 [2460] LOG_TRACE CCCTDlg::set_speaker, spk=182, onoff=0 cctdlg.cpp:618
2017-11-01 11:28:13.561 [2460] LOG_TRACE CCCTDlg::set_speaker, spk=183, onoff=0 cctdlg.cpp:618
2017-11-01 11:28:13.561 [2460] LOG_TRACE CCCTDlg::set_speaker, spk=184, onoff=0 cctdlg.cpp:618
2017-11-01 11:28:13.561 [2460] LOG_TRACE CCCTDlg::set_speaker, spk=185, onoff=0 cctdlg.cpp:618
2017-11-01 11:28:13.561 [2460] LOG_TRACE CCCTDlg::set_speaker, spk=186, onoff=0 cctdlg.cpp:618
2017-11-01 11:28:13.561 [2460] LOG_TRACE CCCTDlg::set_speaker, spk=187, onoff=0 cctdlg.cpp:618
2017-11-01 11:28:13.561 [2460] LOG_TRACE CCCTDlg::set_speaker, spk=188, onoff=0 cctdlg.cpp:618
2017-11-01 11:28:13.561 [2460] LOG_TRACE CCCTDlg::set_speaker, spk=189, onoff=0 cctdlg.cpp:618
2017-11-01 11:28:13.561 [2460] LOG_TRACE CCCTDlg::set_speaker, spk=190, onoff=0 cctdlg.cpp:618
2017-11-01 11:28:13.561 [2460] LOG_TRACE CCCTDlg::set_speaker, spk=191, onoff=0 cctdlg.cpp:618
2017-11-01 11:28:13.561 [2460] LOG_TRACE CCCTDlg::set_speaker, spk=192, onoff=0 cctdlg.cpp:618
2017-11-01 11:28:13.561 [2460] LOG_TRACE CCCTDlg::set_speaker, spk=193, onoff=0 cctdlg.cpp:618
2017-11-01 11:28:13.561 [2460] LOG_TRACE CCCTDlg::set_speaker, spk=194, onoff=0 cctdlg.cpp:618
2017-11-01 11:28:13.561 [2460] LOG_TRACE CCCTDlg::set_speaker, spk=195, onoff=0 cctdlg.cpp:618
2017-11-01 11:28:13.561 [2460] LOG_TRACE CCCTDlg::set_speaker, spk=196, onoff=0 cctdlg.cpp:618
2017-11-01 11:28:13.561 [2460] LOG_TRACE CCCTDlg::set_speaker, spk=197, onoff=0 cctdlg.cpp:618
2017-11-01 11:28:13.561 [2460] LOG_TRACE CCCTDlg::set_speaker, spk=198, onoff=0 cctdlg.cpp:618
2017-11-01 11:28:13.561 [2460] LOG_TRACE CCCTDlg::set_speaker, spk=199, onoff=0 cctdlg.cpp:618
2017-11-01 11:28:13.561 [2460] LOG_TRACE CCCTDlg::set_speaker, spk=200, onoff=0 cctdlg.cpp:618
2017-11-01 11:28:13.561 [2460] LOG_TRACE CCCTDlg::set_speaker, spk=201, onoff=0 cctdlg.cpp:618
2017-11-01 11:28:13.561 [2460] LOG_TRACE CCCTDlg::set_speaker, spk=202, onoff=0 cctdlg.cpp:618
2017-11-01 11:28:13.561 [2460] LOG_TRACE CCCTDlg::set_speaker, spk=203, onoff=0 cctdlg.cpp:618
2017-11-01 11:28:13.561 [2460] LOG_TRACE CCCTDlg::set_speaker, spk=204, onoff=0 cctdlg.cpp:618
2017-11-01 11:28:13.561 [2460] LOG_TRACE CCCTDlg::set_speaker, spk=205, onoff=0 cctdlg.cpp:618
2017-11-01 11:28:13.561 [2460] LOG_TRACE CCCTDlg::set_speaker, spk=206, onoff=0 cctdlg.cpp:618
2017-11-01 11:28:13.561 [2460] LOG_TRACE CCCTDlg::set_speaker, spk=207, onoff=0 cctdlg.cpp:618
2017-11-01 11:28:13.561 [2460] LOG_TRACE CCCTDlg::set_speaker, spk=208, onoff=0 cctdlg.cpp:618
2017-11-01 11:28:13.561 [2460] LOG_TRACE CCCTDlg::set_speaker, spk=209, onoff=0 cctdlg.cpp:618
2017-11-01 11:28:13.561 [2460] LOG_TRACE CCCTDlg::set_speaker, spk=210, onoff=0 cctdlg.cpp:618
2017-11-01 11:28:13.561 [2460] LOG_TRACE CCCTDlg::set_speaker, spk=211, onoff=0 cctdlg.cpp:618
2017-11-01 11:28:13.561 [2460] LOG_TRACE CCCTDlg::set_speaker, spk=212, onoff=0 cctdlg.cpp:618
2017-11-01 11:28:13.562 [2460] LOG_TRACE CCCTDlg::set_speaker, spk=213, onoff=0 cctdlg.cpp:618
2017-11-01 11:28:13.562 [2460] LOG_TRACE CCCTDlg::set_speaker, spk=214, onoff=0 cctdlg.cpp:618
2017-11-01 11:28:13.562 [2460] LOG_TRACE CCCTDlg::set_speaker, spk=215, onoff=0 cctdlg.cpp:618
2017-11-01 11:28:13.562 [2460] LOG_TRACE CCCTDlg::set_speaker, spk=216, onoff=0 cctdlg.cpp:618
2017-11-01 11:28:13.562 [2460] LOG_TRACE CCCTDlg::set_speaker, spk=217, onoff=0 cctdlg.cpp:618
2017-11-01 11:28:13.562 [2460] LOG_TRACE CCCTDlg::set_speaker, spk=218, onoff=0 cctdlg.cpp:618
2017-11-01 11:28:13.562 [2460] LOG_TRACE CCCTDlg::set_speaker, spk=219, onoff=0 cctdlg.cpp:618
2017-11-01 11:28:13.562 [2460] LOG_TRACE CCCTDlg::set_speaker, spk=220, onoff=0 cctdlg.cpp:618
2017-11-01 11:28:13.562 [2460] LOG_TRACE CCCTDlg::set_speaker, spk=221, onoff=0 cctdlg.cpp:618
2017-11-01 11:28:13.562 [2460] LOG_TRACE CCCTDlg::set_speaker, spk=222, onoff=0 cctdlg.cpp:618
2017-11-01 11:28:13.562 [2460] LOG_TRACE CCCTDlg::set_speaker, spk=223, onoff=0 cctdlg.cpp:618
2017-11-01 11:28:13.562 [2460] LOG_TRACE CCCTDlg::set_speaker, spk=224, onoff=0 cctdlg.cpp:618
2017-11-01 11:28:13.562 [2460] LOG_TRACE CCCTDlg::set_speaker, spk=225, onoff=0 cctdlg.cpp:618
2017-11-01 11:28:13.562 [2460] LOG_TRACE CCCTDlg::set_speaker, spk=226, onoff=0 cctdlg.cpp:618
2017-11-01 11:28:13.562 [2460] LOG_TRACE CCCTDlg::set_speaker, spk=227, onoff=0 cctdlg.cpp:618
2017-11-01 11:28:13.562 [2460] LOG_TRACE CCCTDlg::set_speaker, spk=228, onoff=0 cctdlg.cpp:618
2017-11-01 11:28:13.562 [2460] LOG_TRACE CCCTDlg::set_speaker, spk=229, onoff=0 cctdlg.cpp:618
2017-11-01 11:28:13.562 [2460] LOG_TRACE CCCTDlg::set_speaker, spk=230, onoff=0 cctdlg.cpp:618
2017-11-01 11:28:13.562 [2460] LOG_TRACE CCCTDlg::set_speaker, spk=231, onoff=0 cctdlg.cpp:618
2017-11-01 11:28:13.562 [2460] LOG_TRACE CCCTDlg::set_speaker, spk=232, onoff=0 cctdlg.cpp:618
2017-11-01 11:28:13.562 [2460] LOG_TRACE CCCTDlg::set_speaker, spk=233, onoff=0 cctdlg.cpp:618
2017-11-01 11:28:13.562 [2460] LOG_TRACE CCCTDlg::set_speaker, spk=234, onoff=0 cctdlg.cpp:618
2017-11-01 11:28:13.562 [2460] LOG_TRACE CCCTDlg::set_speaker, spk=235, onoff=0 cctdlg.cpp:618
2017-11-01 11:28:13.562 [2460] LOG_TRACE CCCTDlg::set_speaker, spk=236, onoff=0 cctdlg.cpp:618
2017-11-01 11:28:13.562 [2460] LOG_TRACE CCCTDlg::set_speaker, spk=237, onoff=0 cctdlg.cpp:618
2017-11-01 11:28:13.562 [2460] LOG_TRACE CCCTDlg::set_speaker, spk=238, onoff=0 cctdlg.cpp:618
2017-11-01 11:28:13.562 [2460] LOG_TRACE CCCTDlg::set_speaker, spk=239, onoff=0 cctdlg.cpp:618
2017-11-01 11:28:13.562 [2460] LOG_TRACE CCCTDlg::set_speaker, spk=240, onoff=0 cctdlg.cpp:618
2017-11-01 11:28:13.562 [2460] LOG_TRACE CCCTDlg::set_speaker, spk=241, onoff=0 cctdlg.cpp:618
2017-11-01 11:28:13.562 [2460] LOG_TRACE CCCTDlg::set_speaker, spk=242, onoff=0 cctdlg.cpp:618
2017-11-01 11:28:13.562 [2460] LOG_TRACE CCCTDlg::set_speaker, spk=243, onoff=0 cctdlg.cpp:618
2017-11-01 11:28:13.562 [2460] LOG_TRACE CCCTDlg::set_speaker, spk=244, onoff=0 cctdlg.cpp:618
2017-11-01 11:28:13.562 [2460] LOG_TRACE CCCTDlg::set_speaker, spk=245, onoff=0 cctdlg.cpp:618
2017-11-01 11:28:13.563 [2460] LOG_TRACE CCCTDlg::set_speaker, spk=246, onoff=0 cctdlg.cpp:618
2017-11-01 11:28:13.563 [2460] LOG_TRACE CCCTDlg::set_speaker, spk=247, onoff=0 cctdlg.cpp:618
2017-11-01 11:28:13.563 [2460] LOG_TRACE CCCTDlg::set_speaker, spk=248, onoff=0 cctdlg.cpp:618
2017-11-01 11:28:13.563 [2460] LOG_TRACE CCCTDlg::set_speaker, spk=249, onoff=0 cctdlg.cpp:618
2017-11-01 11:28:13.563 [2460] LOG_TRACE CCCTDlg::set_speaker, spk=250, onoff=0 cctdlg.cpp:618
2017-11-01 11:28:13.563 [2460] LOG_TRACE CCCTDlg::set_speaker, spk=251, onoff=0 cctdlg.cpp:618
2017-11-01 11:28:13.563 [2460] LOG_TRACE CCCTDlg::set_speaker, spk=252, onoff=0 cctdlg.cpp:618
2017-11-01 11:28:13.563 [2460] LOG_TRACE CCCTDlg::set_speaker, spk=253, onoff=0 cctdlg.cpp:618
2017-11-01 11:28:13.563 [2460] LOG_TRACE CCCTDlg::set_speaker, spk=254, onoff=0 cctdlg.cpp:618
2017-11-01 11:28:17.600 [0272] LOG_TRACE 91415275,cap len=1280 cctdlg.cpp:538
2017-11-01 11:28:22.241 [0272] LOG_TRACE 91419908,cap len=1280 cctdlg.cpp:538
2017-11-01 11:28:26.881 [0272] LOG_TRACE 91424557,cap len=1280 cctdlg.cpp:538
2017-11-01 11:28:31.530 [0272] LOG_TRACE 91429206,cap len=1280 cctdlg.cpp:538
2017-11-01 11:28:36.171 [0272] LOG_TRACE 91433839,cap len=1280 cctdlg.cpp:538
2017-11-01 11:28:40.821 [0272] LOG_TRACE 91438488,cap len=1280 cctdlg.cpp:538
2017-11-01 11:28:45.461 [0272] LOG_TRACE 91443137,cap len=1280 cctdlg.cpp:538
2017-11-01 11:28:50.100 [0272] LOG_TRACE 91447770,cap len=1280 cctdlg.cpp:538
2017-11-01 11:28:54.751 [0272] LOG_TRACE 91452419,cap len=1280 cctdlg.cpp:538
2017-11-01 11:28:59.390 [0272] LOG_TRACE 91457068,cap len=1280 cctdlg.cpp:538
2017-11-01 11:29:04.041 [0272] LOG_TRACE 91461716,cap len=1280 cctdlg.cpp:538
2017-11-01 11:29:08.680 [0272] LOG_TRACE 91466350,cap len=1280 cctdlg.cpp:538
2017-11-01 11:29:13.320 [0272] LOG_TRACE 91470983,cap len=1280 cctdlg.cpp:538
2017-11-01 11:29:17.970 [0272] LOG_TRACE 91475647,cap len=1280 cctdlg.cpp:538
2017-11-01 11:29:22.610 [0272] LOG_TRACE 91480281,cap len=1280 cctdlg.cpp:538
2017-11-01 11:29:27.259 [0272] LOG_TRACE 91484929,cap len=1280 cctdlg.cpp:538
2017-11-01 11:29:31.900 [0272] LOG_TRACE 91489563,cap len=1280 cctdlg.cpp:538
2017-11-01 11:29:36.540 [0272] LOG_TRACE 91494211,cap len=1280 cctdlg.cpp:538
2017-11-01 11:29:41.189 [0272] LOG_TRACE 91498860,cap len=1280 cctdlg.cpp:538
2017-11-01 11:29:45.831 [0272] LOG_TRACE 91503494,cap len=1280 cctdlg.cpp:538
2017-11-01 11:29:50.480 [0272] LOG_TRACE 91508142,cap len=1280 cctdlg.cpp:538
2017-11-01 11:29:55.121 [0272] LOG_TRACE 91512791,cap len=1280 cctdlg.cpp:538
2017-11-01 11:29:59.759 [0272] LOG_TRACE 91517424,cap len=1280 cctdlg.cpp:538
2017-11-01 11:30:04.410 [0272] LOG_TRACE 91522073,cap len=1280 cctdlg.cpp:538
2017-11-01 11:30:09.050 [0272] LOG_TRACE 91526722,cap len=1280 cctdlg.cpp:538
2017-11-01 11:30:13.699 [0272] LOG_TRACE 91531371,cap len=1280 cctdlg.cpp:538
2017-11-01 11:30:18.339 [0272] LOG_TRACE 91536004,cap len=1280 cctdlg.cpp:538
2017-11-01 11:30:22.980 [0272] LOG_TRACE 91540653,cap len=1280 cctdlg.cpp:538
2017-11-01 11:30:27.629 [0272] LOG_TRACE 91545302,cap len=1280 cctdlg.cpp:538
2017-11-01 11:30:32.269 [0272] LOG_TRACE 91549935,cap len=1280 cctdlg.cpp:538
2017-11-01 11:30:36.919 [0272] LOG_TRACE 91554584,cap len=1280 cctdlg.cpp:538
2017-11-01 11:30:41.561 [0272] LOG_TRACE 91559233,cap len=1280 cctdlg.cpp:538
2017-11-01 11:30:46.200 [0272] LOG_TRACE 91563866,cap len=1280 cctdlg.cpp:538
2017-11-01 11:30:50.850 [0272] LOG_TRACE 91568515,cap len=1280 cctdlg.cpp:538
2017-11-01 11:30:55.491 [0272] LOG_TRACE 91573164,cap len=1280 cctdlg.cpp:538
2017-11-01 11:31:00.139 [0272] LOG_TRACE 91577812,cap len=1280 cctdlg.cpp:538
2017-11-01 11:31:04.779 [0272] LOG_TRACE 91582446,cap len=1280 cctdlg.cpp:538
2017-11-01 11:31:09.419 [0272] LOG_TRACE 91587094,cap len=1280 cctdlg.cpp:538
2017-11-01 11:31:14.071 [0272] LOG_TRACE 91591743,cap len=1280 cctdlg.cpp:538
2017-11-01 11:31:18.709 [0272] LOG_TRACE 91596377,cap len=1280 cctdlg.cpp:538
2017-11-01 11:31:23.359 [0272] LOG_TRACE 91601025,cap len=1280 cctdlg.cpp:538
2017-11-01 11:31:27.999 [0272] LOG_TRACE 91605674,cap len=1280 cctdlg.cpp:538
2017-11-01 11:31:32.639 [0272] LOG_TRACE 91610307,cap len=1280 cctdlg.cpp:538
2017-11-01 11:31:37.289 [0272] LOG_TRACE 91614956,cap len=1280 cctdlg.cpp:538
2017-11-01 11:31:41.930 [0272] LOG_TRACE 91619605,cap len=1280 cctdlg.cpp:538
2017-11-01 11:31:46.578 [0272] LOG_TRACE 91624254,cap len=1280 cctdlg.cpp:538
2017-11-01 11:31:51.219 [0272] LOG_TRACE 91628887,cap len=1280 cctdlg.cpp:538
2017-11-01 11:31:55.859 [0272] LOG_TRACE 91633536,cap len=1280 cctdlg.cpp:538
2017-11-01 11:32:00.509 [0272] LOG_TRACE 91638185,cap len=1280 cctdlg.cpp:538
2017-11-01 11:32:05.148 [0272] LOG_TRACE 91642818,cap len=1280 cctdlg.cpp:538
2017-11-01 11:32:09.799 [0272] LOG_TRACE 91647467,cap len=1280 cctdlg.cpp:538
2017-11-01 11:32:14.439 [0272] LOG_TRACE 91652116,cap len=1280 cctdlg.cpp:538
2017-11-01 11:32:19.078 [0272] LOG_TRACE 91656749,cap len=1280 cctdlg.cpp:538
2017-11-01 11:32:23.729 [0272] LOG_TRACE 91661398,cap len=1280 cctdlg.cpp:538
2017-11-01 11:32:28.369 [0272] LOG_TRACE 91666047,cap len=1280 cctdlg.cpp:538
2017-11-01 11:32:33.019 [0272] LOG_TRACE 91670695,cap len=1280 cctdlg.cpp:538
2017-11-01 11:32:37.659 [0272] LOG_TRACE 91675329,cap len=1280 cctdlg.cpp:538
2017-11-01 11:32:42.300 [0272] LOG_TRACE 91679977,cap len=1280 cctdlg.cpp:538
2017-11-01 11:32:46.949 [0272] LOG_TRACE 91684626,cap len=1280 cctdlg.cpp:538
2017-11-01 11:32:51.589 [0272] LOG_TRACE 91689260,cap len=1280 cctdlg.cpp:538
2017-11-01 11:32:56.238 [0272] LOG_TRACE 91693908,cap len=1280 cctdlg.cpp:538
2017-11-01 11:33:00.879 [0272] LOG_TRACE 91698542,cap len=1280 cctdlg.cpp:538
2017-11-01 11:33:05.519 [0272] LOG_TRACE 91703190,cap len=1280 cctdlg.cpp:538
2017-11-01 11:33:10.169 [0272] LOG_TRACE 91707839,cap len=1280 cctdlg.cpp:538
2017-11-01 11:33:14.807 [0272] LOG_TRACE 91712472,cap len=1280 cctdlg.cpp:538
2017-11-01 11:33:19.458 [0272] LOG_TRACE 91717121,cap len=1280 cctdlg.cpp:538
2017-11-01 11:33:24.099 [0272] LOG_TRACE 91721770,cap len=1280 cctdlg.cpp:538
2017-11-01 11:33:28.739 [0272] LOG_TRACE 91726403,cap len=1280 cctdlg.cpp:538
2017-11-01 11:33:33.389 [0272] LOG_TRACE 91731052,cap len=1280 cctdlg.cpp:538
2017-11-01 11:33:38.029 [0272] LOG_TRACE 91735701,cap len=1280 cctdlg.cpp:538
2017-11-01 11:33:42.678 [0272] LOG_TRACE 91740350,cap len=1280 cctdlg.cpp:538
2017-11-01 11:33:47.317 [0272] LOG_TRACE 91744983,cap len=1280 cctdlg.cpp:538
2017-11-01 11:33:51.958 [0272] LOG_TRACE 91749632,cap len=1280 cctdlg.cpp:538
2017-11-01 11:33:56.608 [0272] LOG_TRACE 91754281,cap len=1280 cctdlg.cpp:538
2017-11-01 11:34:01.247 [0272] LOG_TRACE 91758914,cap len=1280 cctdlg.cpp:538
2017-11-01 11:34:05.898 [0272] LOG_TRACE 91763563,cap len=1280 cctdlg.cpp:538
2017-11-01 11:34:10.538 [0272] LOG_TRACE 91768212,cap len=1280 cctdlg.cpp:538
2017-11-01 11:34:15.179 [0272] LOG_TRACE 91772845,cap len=1280 cctdlg.cpp:538
2017-11-01 11:34:19.827 [0272] LOG_TRACE 91777494,cap len=1280 cctdlg.cpp:538
2017-11-01 11:34:24.468 [0272] LOG_TRACE 91782143,cap len=1280 cctdlg.cpp:538
2017-11-01 11:34:29.118 [0272] LOG_TRACE 91786791,cap len=1280 cctdlg.cpp:538
2017-11-01 11:34:33.758 [0272] LOG_TRACE 91791425,cap len=1280 cctdlg.cpp:538
2017-11-01 11:34:38.398 [0272] LOG_TRACE 91796073,cap len=1280 cctdlg.cpp:538
2017-11-01 11:34:43.048 [0272] LOG_TRACE 91800722,cap len=1280 cctdlg.cpp:538
2017-11-01 11:34:47.687 [0272] LOG_TRACE 91805355,cap len=1280 cctdlg.cpp:538
2017-11-01 11:34:52.338 [0272] LOG_TRACE 91810004,cap len=1280 cctdlg.cpp:538
2017-11-01 11:34:56.978 [0272] LOG_TRACE 91814653,cap len=1280 cctdlg.cpp:538
2017-11-01 11:35:01.619 [0272] LOG_TRACE 91819286,cap len=1280 cctdlg.cpp:538
2017-11-01 11:35:06.267 [0272] LOG_TRACE 91823935,cap len=1280 cctdlg.cpp:538
2017-11-01 11:35:10.908 [0272] LOG_TRACE 91828584,cap len=1280 cctdlg.cpp:538
2017-11-01 11:35:15.558 [0272] LOG_TRACE 91833233,cap len=1280 cctdlg.cpp:538
2017-11-01 11:35:20.197 [0272] LOG_TRACE 91837866,cap len=1280 cctdlg.cpp:538
2017-11-01 11:35:24.838 [0272] LOG_TRACE 91842515,cap len=1280 cctdlg.cpp:538
2017-11-01 11:35:29.488 [0272] LOG_TRACE 91847164,cap len=1280 cctdlg.cpp:538
2017-11-01 11:35:34.127 [0272] LOG_TRACE 91851797,cap len=1280 cctdlg.cpp:538
2017-11-01 11:35:38.778 [0272] LOG_TRACE 91856446,cap len=1280 cctdlg.cpp:538
2017-11-01 11:35:43.418 [0272] LOG_TRACE 91861095,cap len=1280 cctdlg.cpp:538
2017-11-01 11:35:48.057 [0272] LOG_TRACE 91865728,cap len=1280 cctdlg.cpp:538
2017-11-01 11:35:52.708 [0272] LOG_TRACE 91870377,cap len=1280 cctdlg.cpp:538
2017-11-01 11:35:57.347 [0272] LOG_TRACE 91875010,cap len=1280 cctdlg.cpp:538
2017-11-01 11:36:01.998 [0272] LOG_TRACE 91879674,cap len=1280 cctdlg.cpp:538
2017-11-01 11:36:06.637 [0272] LOG_TRACE 91884308,cap len=1280 cctdlg.cpp:538
2017-11-01 11:36:11.277 [0272] LOG_TRACE 91888941,cap len=1280 cctdlg.cpp:538
2017-11-01 11:36:15.928 [0272] LOG_TRACE 91893605,cap len=1280 cctdlg.cpp:538
2017-11-01 11:36:20.567 [0272] LOG_TRACE 91898238,cap len=1280 cctdlg.cpp:538
2017-11-01 11:36:25.216 [0272] LOG_TRACE 91902887,cap len=1280 cctdlg.cpp:538
2017-11-01 11:36:29.858 [0272] LOG_TRACE 91907521,cap len=1280 cctdlg.cpp:538
2017-11-01 11:36:34.497 [0272] LOG_TRACE 91912169,cap len=1280 cctdlg.cpp:538
2017-11-01 11:36:39.147 [0272] LOG_TRACE 91916818,cap len=1280 cctdlg.cpp:538
2017-11-01 11:36:43.786 [0272] LOG_TRACE 91921451,cap len=1280 cctdlg.cpp:538
2017-11-01 11:36:48.437 [0272] LOG_TRACE 91926100,cap len=1280 cctdlg.cpp:538
2017-11-01 11:36:53.078 [0272] LOG_TRACE 91930749,cap len=1280 cctdlg.cpp:538
2017-11-01 11:36:57.717 [0272] LOG_TRACE 91935382,cap len=1280 cctdlg.cpp:538
2017-11-01 11:37:02.366 [0272] LOG_TRACE 91940031,cap len=1280 cctdlg.cpp:538
2017-11-01 11:37:07.007 [0272] LOG_TRACE 91944680,cap len=1280 cctdlg.cpp:538
2017-11-01 11:37:11.657 [0272] LOG_TRACE 91949329,cap len=1280 cctdlg.cpp:538
2017-11-01 11:37:16.297 [0272] LOG_TRACE 91953962,cap len=1280 cctdlg.cpp:538
2017-11-01 11:37:20.938 [0272] LOG_TRACE 91958611,cap len=1280 cctdlg.cpp:538
2017-11-01 11:37:25.587 [0272] LOG_TRACE 91963260,cap len=1280 cctdlg.cpp:538
2017-11-01 11:37:30.228 [0272] LOG_TRACE 91967893,cap len=1280 cctdlg.cpp:538
2017-11-01 11:37:34.876 [0272] LOG_TRACE 91972542,cap len=1280 cctdlg.cpp:538
2017-11-01 11:37:39.517 [0272] LOG_TRACE 91977191,cap len=1280 cctdlg.cpp:538
2017-11-01 11:37:44.157 [0272] LOG_TRACE 91981824,cap len=1280 cctdlg.cpp:538
2017-11-01 11:37:48.807 [0272] LOG_TRACE 91986473,cap len=1280 cctdlg.cpp:538
2017-11-01 11:37:53.446 [0272] LOG_TRACE 91991121,cap len=1280 cctdlg.cpp:538
2017-11-01 11:37:58.098 [0272] LOG_TRACE 91995770,cap len=1280 cctdlg.cpp:538
2017-11-01 11:38:02.737 [0272] LOG_TRACE 92000404,cap len=1280 cctdlg.cpp:538
2017-11-01 11:38:07.377 [0272] LOG_TRACE 92005052,cap len=1280 cctdlg.cpp:538
2017-11-01 11:38:12.026 [0272] LOG_TRACE 92009701,cap len=1280 cctdlg.cpp:538
2017-11-01 11:38:16.667 [0272] LOG_TRACE 92014334,cap len=1280 cctdlg.cpp:538
2017-11-01 11:38:21.316 [0272] LOG_TRACE 92018983,cap len=1280 cctdlg.cpp:538
2017-11-01 11:38:25.957 [0272] LOG_TRACE 92023632,cap len=1280 cctdlg.cpp:538
2017-11-01 11:38:30.597 [0272] LOG_TRACE 92028265,cap len=1280 cctdlg.cpp:538
2017-11-01 11:38:35.247 [0272] LOG_TRACE 92032914,cap len=1280 cctdlg.cpp:538
2017-11-01 11:38:39.887 [0272] LOG_TRACE 92037563,cap len=1280 cctdlg.cpp:538
2017-11-01 11:38:44.536 [0272] LOG_TRACE 92042212,cap len=1280 cctdlg.cpp:538
2017-11-01 11:38:49.177 [0272] LOG_TRACE 92046845,cap len=1280 cctdlg.cpp:538
2017-11-01 11:38:53.816 [0272] LOG_TRACE 92051478,cap len=1280 cctdlg.cpp:538
2017-11-01 11:38:58.467 [0272] LOG_TRACE 92056143,cap len=1280 cctdlg.cpp:538
2017-11-01 11:39:03.106 [0272] LOG_TRACE 92060776,cap len=1280 cctdlg.cpp:538
2017-11-01 11:39:07.756 [0272] LOG_TRACE 92065425,cap len=1280 cctdlg.cpp:538
2017-11-01 11:39:12.396 [0272] LOG_TRACE 92070074,cap len=1280 cctdlg.cpp:538
2017-11-01 11:39:17.036 [0272] LOG_TRACE 92074707,cap len=1280 cctdlg.cpp:538
2017-11-01 11:39:21.685 [0272] LOG_TRACE 92079356,cap len=1280 cctdlg.cpp:538
2017-11-01 11:39:26.327 [0272] LOG_TRACE 92084004,cap len=1280 cctdlg.cpp:538
2017-11-01 11:39:30.976 [0272] LOG_TRACE 92088653,cap len=1280 cctdlg.cpp:538
2017-11-01 11:39:35.615 [0272] LOG_TRACE 92093287,cap len=1280 cctdlg.cpp:538
2017-11-01 11:39:40.256 [0272] LOG_TRACE 92097920,cap len=1280 cctdlg.cpp:538
2017-11-01 11:39:44.907 [0272] LOG_TRACE 92102584,cap len=1280 cctdlg.cpp:538
2017-11-01 11:39:49.547 [0272] LOG_TRACE 92107217,cap len=1280 cctdlg.cpp:538
2017-11-01 11:39:54.195 [0272] LOG_TRACE 92111866,cap len=1280 cctdlg.cpp:538
2017-11-01 11:39:58.836 [0272] LOG_TRACE 92116499,cap len=1280 cctdlg.cpp:538
2017-11-01 11:40:03.477 [0272] LOG_TRACE 92121148,cap len=1280 cctdlg.cpp:538
2017-11-01 11:40:08.125 [0272] LOG_TRACE 92125797,cap len=1280 cctdlg.cpp:538
2017-11-01 11:40:12.765 [0272] LOG_TRACE 92130430,cap len=1280 cctdlg.cpp:538
2017-11-01 11:40:17.416 [0272] LOG_TRACE 92135079,cap len=1280 cctdlg.cpp:538
2017-11-01 11:40:22.056 [0272] LOG_TRACE 92139728,cap len=1280 cctdlg.cpp:538
2017-11-01 11:40:26.695 [0272] LOG_TRACE 92144361,cap len=1280 cctdlg.cpp:538
2017-11-01 11:40:31.346 [0272] LOG_TRACE 92149010,cap len=1280 cctdlg.cpp:538
2017-11-01 11:40:35.986 [0272] LOG_TRACE 92153659,cap len=1280 cctdlg.cpp:538
2017-11-01 11:40:40.635 [0272] LOG_TRACE 92158308,cap len=1280 cctdlg.cpp:538
2017-11-01 11:40:45.275 [0272] LOG_TRACE 92162941,cap len=1280 cctdlg.cpp:538
2017-11-01 11:40:49.916 [0272] LOG_TRACE 92167590,cap len=1280 cctdlg.cpp:538
2017-11-01 11:40:54.565 [0272] LOG_TRACE 92172239,cap len=1280 cctdlg.cpp:538
2017-11-01 11:40:59.206 [0272] LOG_TRACE 92176872,cap len=1280 cctdlg.cpp:538
2017-11-01 11:41:03.855 [0272] LOG_TRACE 92181521,cap len=1280 cctdlg.cpp:538
2017-11-01 11:41:08.496 [0272] LOG_TRACE 92186170,cap len=1280 cctdlg.cpp:538
2017-11-01 11:41:13.135 [0272] LOG_TRACE 92190803,cap len=1280 cctdlg.cpp:538
2017-11-01 11:41:17.786 [0272] LOG_TRACE 92195452,cap len=1280 cctdlg.cpp:538
2017-11-01 11:41:22.425 [0272] LOG_TRACE 92200100,cap len=1280 cctdlg.cpp:538
2017-11-01 11:41:27.076 [0272] LOG_TRACE 92204749,cap len=1280 cctdlg.cpp:538
2017-11-01 11:41:31.716 [0272] LOG_TRACE 92209382,cap len=1280 cctdlg.cpp:538
2017-11-01 11:41:36.354 [0272] LOG_TRACE 92214031,cap len=1280 cctdlg.cpp:538
2017-11-01 11:41:41.004 [0272] LOG_TRACE 92218680,cap len=1280 cctdlg.cpp:538
2017-11-01 11:41:45.645 [0272] LOG_TRACE 92223313,cap len=1280 cctdlg.cpp:538
2017-11-01 11:41:50.296 [0272] LOG_TRACE 92227962,cap len=1280 cctdlg.cpp:538
2017-11-01 11:41:54.934 [0272] LOG_TRACE 92232611,cap len=1280 cctdlg.cpp:538
2017-11-01 11:42:03.726 [2460] LOG_TRACE CCCTDlg::OnBnClickedButtonTest cctdlg.cpp:364
2017-11-01 11:42:03.726 [2460] LOG_TRACE CCCTDlg::stopRecord cctdlg.cpp:561
