2017-11-02 14:18:58.618 [14524] LOG_ALARM -----------------  log4z thread started!   ---------------------------- log4z.cpp:1924
2017-11-02 14:18:58.623 [14524] LOG_ALARM logger id=0 key=Main name=Main path=./log/ level=0 display=true log4z.cpp:1934
2017-11-02 14:18:58.623 [14572] LOG_TRACE stream input *** LOGT LOGT LOGT LOGT ***  cctdlg.cpp:80
2017-11-02 14:18:58.623 [14572] LOG_DEBUG stream input *** LOGD LOGD LOGD LOGD ***  cctdlg.cpp:81
2017-11-02 14:18:58.623 [14572] LOG_INFO stream input *** LOGI LOGI LOGI LOGI ***  cctdlg.cpp:82
2017-11-02 14:18:58.623 [14572] LOG_WARN stream input *** LOGW LOGW LOGW LOGW ***  cctdlg.cpp:83
2017-11-02 14:18:58.623 [14572] LOG_ERROR stream input *** LOGE LOGE LOGE LOGE ***  cctdlg.cpp:84
2017-11-02 14:18:58.623 [14572] LOG_ALARM stream input *** LOGA LOGA LOGA LOGA ***  cctdlg.cpp:85
2017-11-02 14:18:58.623 [14572] LOG_FATAL stream input *** LOGF LOGF LOGF LOGF ***  cctdlg.cpp:86
2017-11-02 14:18:58.623 [14572] LOG_TRACE format input *** LOGFMTT *** 123456 *** cctdlg.cpp:87
2017-11-02 14:18:58.623 [14572] LOG_DEBUG format input *** LOGFMTD *** 123456 *** cctdlg.cpp:88
2017-11-02 14:18:58.623 [14572] LOG_INFO format input *** LOGFMTI *** 123456 *** cctdlg.cpp:89
2017-11-02 14:18:58.623 [14572] LOG_WARN format input *** LOGFMTW *** 123456 *** cctdlg.cpp:90
2017-11-02 14:18:58.623 [14572] LOG_ERROR format input *** LOGFMTE *** 123456 *** cctdlg.cpp:91
2017-11-02 14:18:58.623 [14572] LOG_ALARM format input *** LOGFMTA *** 123456 *** cctdlg.cpp:92
2017-11-02 14:18:58.623 [14572] LOG_FATAL format input *** LOGFMTF *** 123456 *** cctdlg.cpp:93
2017-11-02 14:18:58.623 [14572] LOG_ALARM main quit ... cctdlg.cpp:95
2017-11-02 14:18:58.695 [14572] LOG_TRACE CCCTDlg::udp_client_init cctdlg.cpp:607
2017-11-02 14:18:58.695 [14396] LOG_TRACE call_dev_mon_thread 
 devmon.cpp:6
2017-11-02 14:18:58.695 [14396] LOG_TRACE CDevMon::dev_mon_thread start
 devmon.cpp:29
2017-11-02 14:18:58.796 [14572] LOG_TRACE m_s32_volume=50 cctdlg.cpp:1164
2017-11-02 14:19:03.549 [14572] LOG_TRACE CCCTDlg::OnBnClickedCheckAll 1 cctdlg.cpp:882
2017-11-02 14:19:03.549 [14572] LOG_TRACE CCCTDlg::set_speaker, spk=1, onoff=1 cctdlg.cpp:636
2017-11-02 14:19:03.549 [14572] LOG_TRACE CCCTDlg::set_speaker, spk=2, onoff=1 cctdlg.cpp:636
2017-11-02 14:19:03.549 [14572] LOG_TRACE CCCTDlg::set_speaker, spk=3, onoff=1 cctdlg.cpp:636
2017-11-02 14:19:03.549 [14572] LOG_TRACE CCCTDlg::set_speaker, spk=4, onoff=1 cctdlg.cpp:636
2017-11-02 14:19:03.549 [14572] LOG_TRACE CCCTDlg::set_speaker, spk=5, onoff=1 cctdlg.cpp:636
2017-11-02 14:19:03.549 [14572] LOG_TRACE CCCTDlg::set_speaker, spk=6, onoff=1 cctdlg.cpp:636
2017-11-02 14:19:03.549 [14572] LOG_TRACE CCCTDlg::set_speaker, spk=7, onoff=1 cctdlg.cpp:636
2017-11-02 14:19:03.549 [14572] LOG_TRACE CCCTDlg::set_speaker, spk=8, onoff=1 cctdlg.cpp:636
2017-11-02 14:19:03.549 [14572] LOG_TRACE CCCTDlg::set_speaker, spk=9, onoff=1 cctdlg.cpp:636
2017-11-02 14:19:03.549 [14572] LOG_TRACE CCCTDlg::set_speaker, spk=10, onoff=1 cctdlg.cpp:636
2017-11-02 14:19:03.549 [14572] LOG_TRACE CCCTDlg::set_speaker, spk=11, onoff=1 cctdlg.cpp:636
2017-11-02 14:19:03.549 [14572] LOG_TRACE CCCTDlg::set_speaker, spk=12, onoff=1 cctdlg.cpp:636
2017-11-02 14:19:03.549 [14572] LOG_TRACE CCCTDlg::set_speaker, spk=13, onoff=1 cctdlg.cpp:636
2017-11-02 14:19:03.549 [14572] LOG_TRACE CCCTDlg::set_speaker, spk=14, onoff=1 cctdlg.cpp:636
2017-11-02 14:19:03.549 [14572] LOG_TRACE CCCTDlg::set_speaker, spk=15, onoff=1 cctdlg.cpp:636
2017-11-02 14:19:03.549 [14572] LOG_TRACE CCCTDlg::set_speaker, spk=16, onoff=1 cctdlg.cpp:636
2017-11-02 14:19:03.549 [14572] LOG_TRACE CCCTDlg::set_speaker, spk=17, onoff=1 cctdlg.cpp:636
2017-11-02 14:19:03.549 [14572] LOG_TRACE CCCTDlg::set_speaker, spk=18, onoff=1 cctdlg.cpp:636
2017-11-02 14:19:03.549 [14572] LOG_TRACE CCCTDlg::set_speaker, spk=19, onoff=1 cctdlg.cpp:636
2017-11-02 14:19:03.549 [14572] LOG_TRACE CCCTDlg::set_speaker, spk=20, onoff=1 cctdlg.cpp:636
2017-11-02 14:19:03.549 [14572] LOG_TRACE CCCTDlg::set_speaker, spk=21, onoff=1 cctdlg.cpp:636
2017-11-02 14:19:03.549 [14572] LOG_TRACE CCCTDlg::set_speaker, spk=22, onoff=1 cctdlg.cpp:636
2017-11-02 14:19:03.549 [14572] LOG_TRACE CCCTDlg::set_speaker, spk=23, onoff=1 cctdlg.cpp:636
2017-11-02 14:19:03.549 [14572] LOG_TRACE CCCTDlg::set_speaker, spk=24, onoff=1 cctdlg.cpp:636
2017-11-02 14:19:03.549 [14572] LOG_TRACE CCCTDlg::set_speaker, spk=25, onoff=1 cctdlg.cpp:636
2017-11-02 14:19:03.549 [14572] LOG_TRACE CCCTDlg::set_speaker, spk=26, onoff=1 cctdlg.cpp:636
2017-11-02 14:19:03.549 [14572] LOG_TRACE CCCTDlg::set_speaker, spk=27, onoff=1 cctdlg.cpp:636
2017-11-02 14:19:03.549 [14572] LOG_TRACE CCCTDlg::set_speaker, spk=28, onoff=1 cctdlg.cpp:636
2017-11-02 14:19:03.549 [14572] LOG_TRACE CCCTDlg::set_speaker, spk=29, onoff=1 cctdlg.cpp:636
2017-11-02 14:19:03.549 [14572] LOG_TRACE CCCTDlg::set_speaker, spk=30, onoff=1 cctdlg.cpp:636
2017-11-02 14:19:03.549 [14572] LOG_TRACE CCCTDlg::set_speaker, spk=31, onoff=1 cctdlg.cpp:636
2017-11-02 14:19:03.549 [14572] LOG_TRACE CCCTDlg::set_speaker, spk=32, onoff=1 cctdlg.cpp:636
2017-11-02 14:19:03.550 [14572] LOG_TRACE CCCTDlg::set_speaker, spk=33, onoff=1 cctdlg.cpp:636
2017-11-02 14:19:03.550 [14572] LOG_TRACE CCCTDlg::set_speaker, spk=34, onoff=1 cctdlg.cpp:636
2017-11-02 14:19:03.550 [14572] LOG_TRACE CCCTDlg::set_speaker, spk=35, onoff=1 cctdlg.cpp:636
2017-11-02 14:19:03.550 [14572] LOG_TRACE CCCTDlg::set_speaker, spk=36, onoff=1 cctdlg.cpp:636
2017-11-02 14:19:03.550 [14572] LOG_TRACE CCCTDlg::set_speaker, spk=37, onoff=1 cctdlg.cpp:636
2017-11-02 14:19:03.550 [14572] LOG_TRACE CCCTDlg::set_speaker, spk=38, onoff=1 cctdlg.cpp:636
2017-11-02 14:19:03.550 [14572] LOG_TRACE CCCTDlg::set_speaker, spk=39, onoff=1 cctdlg.cpp:636
2017-11-02 14:19:03.550 [14572] LOG_TRACE CCCTDlg::set_speaker, spk=40, onoff=1 cctdlg.cpp:636
2017-11-02 14:19:03.550 [14572] LOG_TRACE CCCTDlg::set_speaker, spk=41, onoff=1 cctdlg.cpp:636
2017-11-02 14:19:03.550 [14572] LOG_TRACE CCCTDlg::set_speaker, spk=42, onoff=1 cctdlg.cpp:636
2017-11-02 14:19:03.550 [14572] LOG_TRACE CCCTDlg::set_speaker, spk=43, onoff=1 cctdlg.cpp:636
2017-11-02 14:19:03.550 [14572] LOG_TRACE CCCTDlg::set_speaker, spk=44, onoff=1 cctdlg.cpp:636
2017-11-02 14:19:03.550 [14572] LOG_TRACE CCCTDlg::set_speaker, spk=45, onoff=1 cctdlg.cpp:636
2017-11-02 14:19:03.550 [14572] LOG_TRACE CCCTDlg::set_speaker, spk=46, onoff=1 cctdlg.cpp:636
2017-11-02 14:19:03.550 [14572] LOG_TRACE CCCTDlg::set_speaker, spk=47, onoff=1 cctdlg.cpp:636
2017-11-02 14:19:03.550 [14572] LOG_TRACE CCCTDlg::set_speaker, spk=48, onoff=1 cctdlg.cpp:636
2017-11-02 14:19:03.550 [14572] LOG_TRACE CCCTDlg::set_speaker, spk=49, onoff=1 cctdlg.cpp:636
2017-11-02 14:19:03.550 [14572] LOG_TRACE CCCTDlg::set_speaker, spk=50, onoff=1 cctdlg.cpp:636
2017-11-02 14:19:03.550 [14572] LOG_TRACE CCCTDlg::set_speaker, spk=51, onoff=1 cctdlg.cpp:636
2017-11-02 14:19:03.550 [14572] LOG_TRACE CCCTDlg::set_speaker, spk=52, onoff=1 cctdlg.cpp:636
2017-11-02 14:19:03.550 [14572] LOG_TRACE CCCTDlg::set_speaker, spk=53, onoff=1 cctdlg.cpp:636
2017-11-02 14:19:03.550 [14572] LOG_TRACE CCCTDlg::set_speaker, spk=54, onoff=1 cctdlg.cpp:636
2017-11-02 14:19:03.550 [14572] LOG_TRACE CCCTDlg::set_speaker, spk=55, onoff=1 cctdlg.cpp:636
2017-11-02 14:19:03.550 [14572] LOG_TRACE CCCTDlg::set_speaker, spk=56, onoff=1 cctdlg.cpp:636
2017-11-02 14:19:03.550 [14572] LOG_TRACE CCCTDlg::set_speaker, spk=57, onoff=1 cctdlg.cpp:636
2017-11-02 14:19:03.550 [14572] LOG_TRACE CCCTDlg::set_speaker, spk=58, onoff=1 cctdlg.cpp:636
2017-11-02 14:19:03.550 [14572] LOG_TRACE CCCTDlg::set_speaker, spk=59, onoff=1 cctdlg.cpp:636
2017-11-02 14:19:03.550 [14572] LOG_TRACE CCCTDlg::set_speaker, spk=60, onoff=1 cctdlg.cpp:636
2017-11-02 14:19:03.550 [14572] LOG_TRACE CCCTDlg::set_speaker, spk=61, onoff=1 cctdlg.cpp:636
2017-11-02 14:19:03.550 [14572] LOG_TRACE CCCTDlg::set_speaker, spk=62, onoff=1 cctdlg.cpp:636
2017-11-02 14:19:03.550 [14572] LOG_TRACE CCCTDlg::set_speaker, spk=63, onoff=1 cctdlg.cpp:636
2017-11-02 14:19:03.550 [14572] LOG_TRACE CCCTDlg::set_speaker, spk=64, onoff=1 cctdlg.cpp:636
2017-11-02 14:19:03.550 [14572] LOG_TRACE CCCTDlg::set_speaker, spk=65, onoff=1 cctdlg.cpp:636
2017-11-02 14:19:03.550 [14572] LOG_TRACE CCCTDlg::set_speaker, spk=66, onoff=1 cctdlg.cpp:636
2017-11-02 14:19:03.550 [14572] LOG_TRACE CCCTDlg::set_speaker, spk=67, onoff=1 cctdlg.cpp:636
2017-11-02 14:19:03.550 [14572] LOG_TRACE CCCTDlg::set_speaker, spk=68, onoff=1 cctdlg.cpp:636
2017-11-02 14:19:03.550 [14572] LOG_TRACE CCCTDlg::set_speaker, spk=69, onoff=1 cctdlg.cpp:636
2017-11-02 14:19:03.550 [14572] LOG_TRACE CCCTDlg::set_speaker, spk=70, onoff=1 cctdlg.cpp:636
2017-11-02 14:19:03.550 [14572] LOG_TRACE CCCTDlg::set_speaker, spk=71, onoff=1 cctdlg.cpp:636
2017-11-02 14:19:03.550 [14572] LOG_TRACE CCCTDlg::set_speaker, spk=72, onoff=1 cctdlg.cpp:636
2017-11-02 14:19:03.550 [14572] LOG_TRACE CCCTDlg::set_speaker, spk=73, onoff=1 cctdlg.cpp:636
2017-11-02 14:19:03.550 [14572] LOG_TRACE CCCTDlg::set_speaker, spk=74, onoff=1 cctdlg.cpp:636
2017-11-02 14:19:03.550 [14572] LOG_TRACE CCCTDlg::set_speaker, spk=75, onoff=1 cctdlg.cpp:636
2017-11-02 14:19:03.550 [14572] LOG_TRACE CCCTDlg::set_speaker, spk=76, onoff=1 cctdlg.cpp:636
2017-11-02 14:19:03.550 [14572] LOG_TRACE CCCTDlg::set_speaker, spk=77, onoff=1 cctdlg.cpp:636
2017-11-02 14:19:03.550 [14572] LOG_TRACE CCCTDlg::set_speaker, spk=78, onoff=1 cctdlg.cpp:636
2017-11-02 14:19:03.550 [14572] LOG_TRACE CCCTDlg::set_speaker, spk=79, onoff=1 cctdlg.cpp:636
2017-11-02 14:19:03.550 [14572] LOG_TRACE CCCTDlg::set_speaker, spk=80, onoff=1 cctdlg.cpp:636
2017-11-02 14:19:03.550 [14572] LOG_TRACE CCCTDlg::set_speaker, spk=81, onoff=1 cctdlg.cpp:636
2017-11-02 14:19:03.550 [14572] LOG_TRACE CCCTDlg::set_speaker, spk=82, onoff=1 cctdlg.cpp:636
2017-11-02 14:19:03.550 [14572] LOG_TRACE CCCTDlg::set_speaker, spk=83, onoff=1 cctdlg.cpp:636
2017-11-02 14:19:03.550 [14572] LOG_TRACE CCCTDlg::set_speaker, spk=84, onoff=1 cctdlg.cpp:636
2017-11-02 14:19:03.550 [14572] LOG_TRACE CCCTDlg::set_speaker, spk=85, onoff=1 cctdlg.cpp:636
2017-11-02 14:19:03.550 [14572] LOG_TRACE CCCTDlg::set_speaker, spk=86, onoff=1 cctdlg.cpp:636
2017-11-02 14:19:03.550 [14572] LOG_TRACE CCCTDlg::set_speaker, spk=87, onoff=1 cctdlg.cpp:636
2017-11-02 14:19:03.550 [14572] LOG_TRACE CCCTDlg::set_speaker, spk=88, onoff=1 cctdlg.cpp:636
2017-11-02 14:19:03.550 [14572] LOG_TRACE CCCTDlg::set_speaker, spk=89, onoff=1 cctdlg.cpp:636
2017-11-02 14:19:03.550 [14572] LOG_TRACE CCCTDlg::set_speaker, spk=90, onoff=1 cctdlg.cpp:636
2017-11-02 14:19:03.550 [14572] LOG_TRACE CCCTDlg::set_speaker, spk=91, onoff=1 cctdlg.cpp:636
2017-11-02 14:19:03.550 [14572] LOG_TRACE CCCTDlg::set_speaker, spk=92, onoff=1 cctdlg.cpp:636
2017-11-02 14:19:03.550 [14572] LOG_TRACE CCCTDlg::set_speaker, spk=93, onoff=1 cctdlg.cpp:636
2017-11-02 14:19:03.550 [14572] LOG_TRACE CCCTDlg::set_speaker, spk=94, onoff=1 cctdlg.cpp:636
2017-11-02 14:19:03.550 [14572] LOG_TRACE CCCTDlg::set_speaker, spk=95, onoff=1 cctdlg.cpp:636
2017-11-02 14:19:03.550 [14572] LOG_TRACE CCCTDlg::set_speaker, spk=96, onoff=1 cctdlg.cpp:636
2017-11-02 14:19:03.550 [14572] LOG_TRACE CCCTDlg::set_speaker, spk=97, onoff=1 cctdlg.cpp:636
2017-11-02 14:19:03.550 [14572] LOG_TRACE CCCTDlg::set_speaker, spk=98, onoff=1 cctdlg.cpp:636
2017-11-02 14:19:03.550 [14572] LOG_TRACE CCCTDlg::set_speaker, spk=99, onoff=1 cctdlg.cpp:636
2017-11-02 14:19:03.550 [14572] LOG_TRACE CCCTDlg::set_speaker, spk=100, onoff=1 cctdlg.cpp:636
2017-11-02 14:19:03.550 [14572] LOG_TRACE CCCTDlg::set_speaker, spk=101, onoff=1 cctdlg.cpp:636
2017-11-02 14:19:03.550 [14572] LOG_TRACE CCCTDlg::set_speaker, spk=102, onoff=1 cctdlg.cpp:636
2017-11-02 14:19:03.550 [14572] LOG_TRACE CCCTDlg::set_speaker, spk=103, onoff=1 cctdlg.cpp:636
2017-11-02 14:19:03.550 [14572] LOG_TRACE CCCTDlg::set_speaker, spk=104, onoff=1 cctdlg.cpp:636
2017-11-02 14:19:03.550 [14572] LOG_TRACE CCCTDlg::set_speaker, spk=105, onoff=1 cctdlg.cpp:636
2017-11-02 14:19:03.550 [14572] LOG_TRACE CCCTDlg::set_speaker, spk=106, onoff=1 cctdlg.cpp:636
2017-11-02 14:19:03.550 [14572] LOG_TRACE CCCTDlg::set_speaker, spk=107, onoff=1 cctdlg.cpp:636
2017-11-02 14:19:03.550 [14572] LOG_TRACE CCCTDlg::set_speaker, spk=108, onoff=1 cctdlg.cpp:636
2017-11-02 14:19:03.550 [14572] LOG_TRACE CCCTDlg::set_speaker, spk=109, onoff=1 cctdlg.cpp:636
2017-11-02 14:19:03.550 [14572] LOG_TRACE CCCTDlg::set_speaker, spk=110, onoff=1 cctdlg.cpp:636
2017-11-02 14:19:03.550 [14572] LOG_TRACE CCCTDlg::set_speaker, spk=111, onoff=1 cctdlg.cpp:636
2017-11-02 14:19:03.550 [14572] LOG_TRACE CCCTDlg::set_speaker, spk=112, onoff=1 cctdlg.cpp:636
2017-11-02 14:19:03.550 [14572] LOG_TRACE CCCTDlg::set_speaker, spk=113, onoff=1 cctdlg.cpp:636
2017-11-02 14:19:03.550 [14572] LOG_TRACE CCCTDlg::set_speaker, spk=114, onoff=1 cctdlg.cpp:636
2017-11-02 14:19:03.550 [14572] LOG_TRACE CCCTDlg::set_speaker, spk=115, onoff=1 cctdlg.cpp:636
2017-11-02 14:19:03.550 [14572] LOG_TRACE CCCTDlg::set_speaker, spk=116, onoff=1 cctdlg.cpp:636
2017-11-02 14:19:03.550 [14572] LOG_TRACE CCCTDlg::set_speaker, spk=117, onoff=1 cctdlg.cpp:636
2017-11-02 14:19:03.550 [14572] LOG_TRACE CCCTDlg::set_speaker, spk=118, onoff=1 cctdlg.cpp:636
2017-11-02 14:19:03.550 [14572] LOG_TRACE CCCTDlg::set_speaker, spk=119, onoff=1 cctdlg.cpp:636
2017-11-02 14:19:03.550 [14572] LOG_TRACE CCCTDlg::set_speaker, spk=120, onoff=1 cctdlg.cpp:636
2017-11-02 14:19:03.550 [14572] LOG_TRACE CCCTDlg::set_speaker, spk=121, onoff=1 cctdlg.cpp:636
2017-11-02 14:19:03.550 [14572] LOG_TRACE CCCTDlg::set_speaker, spk=122, onoff=1 cctdlg.cpp:636
2017-11-02 14:19:03.550 [14572] LOG_TRACE CCCTDlg::set_speaker, spk=123, onoff=1 cctdlg.cpp:636
2017-11-02 14:19:03.550 [14572] LOG_TRACE CCCTDlg::set_speaker, spk=124, onoff=1 cctdlg.cpp:636
2017-11-02 14:19:03.550 [14572] LOG_TRACE CCCTDlg::set_speaker, spk=125, onoff=1 cctdlg.cpp:636
2017-11-02 14:19:03.550 [14572] LOG_TRACE CCCTDlg::set_speaker, spk=126, onoff=1 cctdlg.cpp:636
2017-11-02 14:19:03.550 [14572] LOG_TRACE CCCTDlg::set_speaker, spk=127, onoff=1 cctdlg.cpp:636
2017-11-02 14:19:03.550 [14572] LOG_TRACE CCCTDlg::set_speaker, spk=128, onoff=1 cctdlg.cpp:636
2017-11-02 14:19:03.550 [14572] LOG_TRACE CCCTDlg::set_speaker, spk=129, onoff=1 cctdlg.cpp:636
2017-11-02 14:19:03.550 [14572] LOG_TRACE CCCTDlg::set_speaker, spk=130, onoff=1 cctdlg.cpp:636
2017-11-02 14:19:03.550 [14572] LOG_TRACE CCCTDlg::set_speaker, spk=131, onoff=1 cctdlg.cpp:636
2017-11-02 14:19:03.550 [14572] LOG_TRACE CCCTDlg::set_speaker, spk=132, onoff=1 cctdlg.cpp:636
2017-11-02 14:19:03.550 [14572] LOG_TRACE CCCTDlg::set_speaker, spk=133, onoff=1 cctdlg.cpp:636
2017-11-02 14:19:03.550 [14572] LOG_TRACE CCCTDlg::set_speaker, spk=134, onoff=1 cctdlg.cpp:636
2017-11-02 14:19:03.550 [14572] LOG_TRACE CCCTDlg::set_speaker, spk=135, onoff=1 cctdlg.cpp:636
2017-11-02 14:19:03.550 [14572] LOG_TRACE CCCTDlg::set_speaker, spk=136, onoff=1 cctdlg.cpp:636
2017-11-02 14:19:03.550 [14572] LOG_TRACE CCCTDlg::set_speaker, spk=137, onoff=1 cctdlg.cpp:636
2017-11-02 14:19:03.550 [14572] LOG_TRACE CCCTDlg::set_speaker, spk=138, onoff=1 cctdlg.cpp:636
2017-11-02 14:19:03.550 [14572] LOG_TRACE CCCTDlg::set_speaker, spk=139, onoff=1 cctdlg.cpp:636
2017-11-02 14:19:03.550 [14572] LOG_TRACE CCCTDlg::set_speaker, spk=140, onoff=1 cctdlg.cpp:636
2017-11-02 14:19:03.550 [14572] LOG_TRACE CCCTDlg::set_speaker, spk=141, onoff=1 cctdlg.cpp:636
2017-11-02 14:19:03.550 [14572] LOG_TRACE CCCTDlg::set_speaker, spk=142, onoff=1 cctdlg.cpp:636
2017-11-02 14:19:03.550 [14572] LOG_TRACE CCCTDlg::set_speaker, spk=143, onoff=1 cctdlg.cpp:636
2017-11-02 14:19:03.550 [14572] LOG_TRACE CCCTDlg::set_speaker, spk=144, onoff=1 cctdlg.cpp:636
2017-11-02 14:19:03.550 [14572] LOG_TRACE CCCTDlg::set_speaker, spk=145, onoff=1 cctdlg.cpp:636
2017-11-02 14:19:03.550 [14572] LOG_TRACE CCCTDlg::set_speaker, spk=146, onoff=1 cctdlg.cpp:636
2017-11-02 14:19:03.550 [14572] LOG_TRACE CCCTDlg::set_speaker, spk=147, onoff=1 cctdlg.cpp:636
2017-11-02 14:19:03.550 [14572] LOG_TRACE CCCTDlg::set_speaker, spk=148, onoff=1 cctdlg.cpp:636
2017-11-02 14:19:03.550 [14572] LOG_TRACE CCCTDlg::set_speaker, spk=149, onoff=1 cctdlg.cpp:636
2017-11-02 14:19:03.550 [14572] LOG_TRACE CCCTDlg::set_speaker, spk=150, onoff=1 cctdlg.cpp:636
2017-11-02 14:19:03.550 [14572] LOG_TRACE CCCTDlg::set_speaker, spk=151, onoff=1 cctdlg.cpp:636
2017-11-02 14:19:03.550 [14572] LOG_TRACE CCCTDlg::set_speaker, spk=152, onoff=1 cctdlg.cpp:636
2017-11-02 14:19:03.550 [14572] LOG_TRACE CCCTDlg::set_speaker, spk=153, onoff=1 cctdlg.cpp:636
2017-11-02 14:19:03.550 [14572] LOG_TRACE CCCTDlg::set_speaker, spk=154, onoff=1 cctdlg.cpp:636
2017-11-02 14:19:03.550 [14572] LOG_TRACE CCCTDlg::set_speaker, spk=155, onoff=1 cctdlg.cpp:636
2017-11-02 14:19:03.550 [14572] LOG_TRACE CCCTDlg::set_speaker, spk=156, onoff=1 cctdlg.cpp:636
2017-11-02 14:19:03.550 [14572] LOG_TRACE CCCTDlg::set_speaker, spk=157, onoff=1 cctdlg.cpp:636
2017-11-02 14:19:03.550 [14572] LOG_TRACE CCCTDlg::set_speaker, spk=158, onoff=1 cctdlg.cpp:636
2017-11-02 14:19:03.550 [14572] LOG_TRACE CCCTDlg::set_speaker, spk=159, onoff=1 cctdlg.cpp:636
2017-11-02 14:19:03.550 [14572] LOG_TRACE CCCTDlg::set_speaker, spk=160, onoff=1 cctdlg.cpp:636
2017-11-02 14:19:03.550 [14572] LOG_TRACE CCCTDlg::set_speaker, spk=161, onoff=1 cctdlg.cpp:636
2017-11-02 14:19:03.550 [14572] LOG_TRACE CCCTDlg::set_speaker, spk=162, onoff=1 cctdlg.cpp:636
2017-11-02 14:19:03.550 [14572] LOG_TRACE CCCTDlg::set_speaker, spk=163, onoff=1 cctdlg.cpp:636
2017-11-02 14:19:03.550 [14572] LOG_TRACE CCCTDlg::set_speaker, spk=164, onoff=1 cctdlg.cpp:636
2017-11-02 14:19:03.550 [14572] LOG_TRACE CCCTDlg::set_speaker, spk=165, onoff=1 cctdlg.cpp:636
2017-11-02 14:19:03.551 [14572] LOG_TRACE CCCTDlg::set_speaker, spk=166, onoff=1 cctdlg.cpp:636
2017-11-02 14:19:03.551 [14572] LOG_TRACE CCCTDlg::set_speaker, spk=167, onoff=1 cctdlg.cpp:636
2017-11-02 14:19:03.551 [14572] LOG_TRACE CCCTDlg::set_speaker, spk=168, onoff=1 cctdlg.cpp:636
2017-11-02 14:19:03.551 [14572] LOG_TRACE CCCTDlg::set_speaker, spk=169, onoff=1 cctdlg.cpp:636
2017-11-02 14:19:03.551 [14572] LOG_TRACE CCCTDlg::set_speaker, spk=170, onoff=1 cctdlg.cpp:636
2017-11-02 14:19:03.551 [14572] LOG_TRACE CCCTDlg::set_speaker, spk=171, onoff=1 cctdlg.cpp:636
2017-11-02 14:19:03.551 [14572] LOG_TRACE CCCTDlg::set_speaker, spk=172, onoff=1 cctdlg.cpp:636
2017-11-02 14:19:03.551 [14572] LOG_TRACE CCCTDlg::set_speaker, spk=173, onoff=1 cctdlg.cpp:636
2017-11-02 14:19:03.551 [14572] LOG_TRACE CCCTDlg::set_speaker, spk=174, onoff=1 cctdlg.cpp:636
2017-11-02 14:19:03.551 [14572] LOG_TRACE CCCTDlg::set_speaker, spk=175, onoff=1 cctdlg.cpp:636
2017-11-02 14:19:03.551 [14572] LOG_TRACE CCCTDlg::set_speaker, spk=176, onoff=1 cctdlg.cpp:636
2017-11-02 14:19:03.551 [14572] LOG_TRACE CCCTDlg::set_speaker, spk=177, onoff=1 cctdlg.cpp:636
2017-11-02 14:19:03.551 [14572] LOG_TRACE CCCTDlg::set_speaker, spk=178, onoff=1 cctdlg.cpp:636
2017-11-02 14:19:03.551 [14572] LOG_TRACE CCCTDlg::set_speaker, spk=179, onoff=1 cctdlg.cpp:636
2017-11-02 14:19:03.551 [14572] LOG_TRACE CCCTDlg::set_speaker, spk=180, onoff=1 cctdlg.cpp:636
2017-11-02 14:19:03.551 [14572] LOG_TRACE CCCTDlg::set_speaker, spk=181, onoff=1 cctdlg.cpp:636
2017-11-02 14:19:03.551 [14572] LOG_TRACE CCCTDlg::set_speaker, spk=182, onoff=1 cctdlg.cpp:636
2017-11-02 14:19:03.551 [14572] LOG_TRACE CCCTDlg::set_speaker, spk=183, onoff=1 cctdlg.cpp:636
2017-11-02 14:19:03.551 [14572] LOG_TRACE CCCTDlg::set_speaker, spk=184, onoff=1 cctdlg.cpp:636
2017-11-02 14:19:03.551 [14572] LOG_TRACE CCCTDlg::set_speaker, spk=185, onoff=1 cctdlg.cpp:636
2017-11-02 14:19:03.551 [14572] LOG_TRACE CCCTDlg::set_speaker, spk=186, onoff=1 cctdlg.cpp:636
2017-11-02 14:19:03.551 [14572] LOG_TRACE CCCTDlg::set_speaker, spk=187, onoff=1 cctdlg.cpp:636
2017-11-02 14:19:03.551 [14572] LOG_TRACE CCCTDlg::set_speaker, spk=188, onoff=1 cctdlg.cpp:636
2017-11-02 14:19:03.551 [14572] LOG_TRACE CCCTDlg::set_speaker, spk=189, onoff=1 cctdlg.cpp:636
2017-11-02 14:19:03.551 [14572] LOG_TRACE CCCTDlg::set_speaker, spk=190, onoff=1 cctdlg.cpp:636
2017-11-02 14:19:03.551 [14572] LOG_TRACE CCCTDlg::set_speaker, spk=191, onoff=1 cctdlg.cpp:636
2017-11-02 14:19:03.551 [14572] LOG_TRACE CCCTDlg::set_speaker, spk=192, onoff=1 cctdlg.cpp:636
2017-11-02 14:19:03.551 [14572] LOG_TRACE CCCTDlg::set_speaker, spk=193, onoff=1 cctdlg.cpp:636
2017-11-02 14:19:03.551 [14572] LOG_TRACE CCCTDlg::set_speaker, spk=194, onoff=1 cctdlg.cpp:636
2017-11-02 14:19:03.551 [14572] LOG_TRACE CCCTDlg::set_speaker, spk=195, onoff=1 cctdlg.cpp:636
2017-11-02 14:19:03.551 [14572] LOG_TRACE CCCTDlg::set_speaker, spk=196, onoff=1 cctdlg.cpp:636
2017-11-02 14:19:03.551 [14572] LOG_TRACE CCCTDlg::set_speaker, spk=197, onoff=1 cctdlg.cpp:636
2017-11-02 14:19:03.551 [14572] LOG_TRACE CCCTDlg::set_speaker, spk=198, onoff=1 cctdlg.cpp:636
2017-11-02 14:19:03.551 [14572] LOG_TRACE CCCTDlg::set_speaker, spk=199, onoff=1 cctdlg.cpp:636
2017-11-02 14:19:03.551 [14572] LOG_TRACE CCCTDlg::set_speaker, spk=200, onoff=1 cctdlg.cpp:636
2017-11-02 14:19:03.551 [14572] LOG_TRACE CCCTDlg::set_speaker, spk=201, onoff=1 cctdlg.cpp:636
2017-11-02 14:19:03.551 [14572] LOG_TRACE CCCTDlg::set_speaker, spk=202, onoff=1 cctdlg.cpp:636
2017-11-02 14:19:03.551 [14572] LOG_TRACE CCCTDlg::set_speaker, spk=203, onoff=1 cctdlg.cpp:636
2017-11-02 14:19:03.551 [14572] LOG_TRACE CCCTDlg::set_speaker, spk=204, onoff=1 cctdlg.cpp:636
2017-11-02 14:19:03.551 [14572] LOG_TRACE CCCTDlg::set_speaker, spk=205, onoff=1 cctdlg.cpp:636
2017-11-02 14:19:03.551 [14572] LOG_TRACE CCCTDlg::set_speaker, spk=206, onoff=1 cctdlg.cpp:636
2017-11-02 14:19:03.551 [14572] LOG_TRACE CCCTDlg::set_speaker, spk=207, onoff=1 cctdlg.cpp:636
2017-11-02 14:19:03.551 [14572] LOG_TRACE CCCTDlg::set_speaker, spk=208, onoff=1 cctdlg.cpp:636
2017-11-02 14:19:03.551 [14572] LOG_TRACE CCCTDlg::set_speaker, spk=209, onoff=1 cctdlg.cpp:636
2017-11-02 14:19:03.551 [14572] LOG_TRACE CCCTDlg::set_speaker, spk=210, onoff=1 cctdlg.cpp:636
2017-11-02 14:19:03.551 [14572] LOG_TRACE CCCTDlg::set_speaker, spk=211, onoff=1 cctdlg.cpp:636
2017-11-02 14:19:03.551 [14572] LOG_TRACE CCCTDlg::set_speaker, spk=212, onoff=1 cctdlg.cpp:636
2017-11-02 14:19:03.551 [14572] LOG_TRACE CCCTDlg::set_speaker, spk=213, onoff=1 cctdlg.cpp:636
2017-11-02 14:19:03.551 [14572] LOG_TRACE CCCTDlg::set_speaker, spk=214, onoff=1 cctdlg.cpp:636
2017-11-02 14:19:03.551 [14572] LOG_TRACE CCCTDlg::set_speaker, spk=215, onoff=1 cctdlg.cpp:636
2017-11-02 14:19:03.551 [14572] LOG_TRACE CCCTDlg::set_speaker, spk=216, onoff=1 cctdlg.cpp:636
2017-11-02 14:19:03.551 [14572] LOG_TRACE CCCTDlg::set_speaker, spk=217, onoff=1 cctdlg.cpp:636
2017-11-02 14:19:03.551 [14572] LOG_TRACE CCCTDlg::set_speaker, spk=218, onoff=1 cctdlg.cpp:636
2017-11-02 14:19:03.551 [14572] LOG_TRACE CCCTDlg::set_speaker, spk=219, onoff=1 cctdlg.cpp:636
2017-11-02 14:19:03.551 [14572] LOG_TRACE CCCTDlg::set_speaker, spk=220, onoff=1 cctdlg.cpp:636
2017-11-02 14:19:03.551 [14572] LOG_TRACE CCCTDlg::set_speaker, spk=221, onoff=1 cctdlg.cpp:636
2017-11-02 14:19:03.551 [14572] LOG_TRACE CCCTDlg::set_speaker, spk=222, onoff=1 cctdlg.cpp:636
2017-11-02 14:19:03.551 [14572] LOG_TRACE CCCTDlg::set_speaker, spk=223, onoff=1 cctdlg.cpp:636
2017-11-02 14:19:03.551 [14572] LOG_TRACE CCCTDlg::set_speaker, spk=224, onoff=1 cctdlg.cpp:636
2017-11-02 14:19:03.551 [14572] LOG_TRACE CCCTDlg::set_speaker, spk=225, onoff=1 cctdlg.cpp:636
2017-11-02 14:19:03.551 [14572] LOG_TRACE CCCTDlg::set_speaker, spk=226, onoff=1 cctdlg.cpp:636
2017-11-02 14:19:03.551 [14572] LOG_TRACE CCCTDlg::set_speaker, spk=227, onoff=1 cctdlg.cpp:636
2017-11-02 14:19:03.551 [14572] LOG_TRACE CCCTDlg::set_speaker, spk=228, onoff=1 cctdlg.cpp:636
2017-11-02 14:19:03.551 [14572] LOG_TRACE CCCTDlg::set_speaker, spk=229, onoff=1 cctdlg.cpp:636
2017-11-02 14:19:03.551 [14572] LOG_TRACE CCCTDlg::set_speaker, spk=230, onoff=1 cctdlg.cpp:636
2017-11-02 14:19:03.551 [14572] LOG_TRACE CCCTDlg::set_speaker, spk=231, onoff=1 cctdlg.cpp:636
2017-11-02 14:19:03.551 [14572] LOG_TRACE CCCTDlg::set_speaker, spk=232, onoff=1 cctdlg.cpp:636
2017-11-02 14:19:03.551 [14572] LOG_TRACE CCCTDlg::set_speaker, spk=233, onoff=1 cctdlg.cpp:636
2017-11-02 14:19:03.551 [14572] LOG_TRACE CCCTDlg::set_speaker, spk=234, onoff=1 cctdlg.cpp:636
2017-11-02 14:19:03.551 [14572] LOG_TRACE CCCTDlg::set_speaker, spk=235, onoff=1 cctdlg.cpp:636
2017-11-02 14:19:03.551 [14572] LOG_TRACE CCCTDlg::set_speaker, spk=236, onoff=1 cctdlg.cpp:636
2017-11-02 14:19:03.551 [14572] LOG_TRACE CCCTDlg::set_speaker, spk=237, onoff=1 cctdlg.cpp:636
2017-11-02 14:19:03.551 [14572] LOG_TRACE CCCTDlg::set_speaker, spk=238, onoff=1 cctdlg.cpp:636
2017-11-02 14:19:03.551 [14572] LOG_TRACE CCCTDlg::set_speaker, spk=239, onoff=1 cctdlg.cpp:636
2017-11-02 14:19:03.551 [14572] LOG_TRACE CCCTDlg::set_speaker, spk=240, onoff=1 cctdlg.cpp:636
2017-11-02 14:19:03.551 [14572] LOG_TRACE CCCTDlg::set_speaker, spk=241, onoff=1 cctdlg.cpp:636
2017-11-02 14:19:03.551 [14572] LOG_TRACE CCCTDlg::set_speaker, spk=242, onoff=1 cctdlg.cpp:636
2017-11-02 14:19:03.551 [14572] LOG_TRACE CCCTDlg::set_speaker, spk=243, onoff=1 cctdlg.cpp:636
2017-11-02 14:19:03.551 [14572] LOG_TRACE CCCTDlg::set_speaker, spk=244, onoff=1 cctdlg.cpp:636
2017-11-02 14:19:03.551 [14572] LOG_TRACE CCCTDlg::set_speaker, spk=245, onoff=1 cctdlg.cpp:636
2017-11-02 14:19:03.551 [14572] LOG_TRACE CCCTDlg::set_speaker, spk=246, onoff=1 cctdlg.cpp:636
2017-11-02 14:19:03.551 [14572] LOG_TRACE CCCTDlg::set_speaker, spk=247, onoff=1 cctdlg.cpp:636
2017-11-02 14:19:03.551 [14572] LOG_TRACE CCCTDlg::set_speaker, spk=248, onoff=1 cctdlg.cpp:636
2017-11-02 14:19:03.551 [14572] LOG_TRACE CCCTDlg::set_speaker, spk=249, onoff=1 cctdlg.cpp:636
2017-11-02 14:19:03.551 [14572] LOG_TRACE CCCTDlg::set_speaker, spk=250, onoff=1 cctdlg.cpp:636
2017-11-02 14:19:03.551 [14572] LOG_TRACE CCCTDlg::set_speaker, spk=251, onoff=1 cctdlg.cpp:636
2017-11-02 14:19:03.551 [14572] LOG_TRACE CCCTDlg::set_speaker, spk=252, onoff=1 cctdlg.cpp:636
2017-11-02 14:19:03.551 [14572] LOG_TRACE CCCTDlg::set_speaker, spk=253, onoff=1 cctdlg.cpp:636
2017-11-02 14:19:03.551 [14572] LOG_TRACE CCCTDlg::set_speaker, spk=254, onoff=1 cctdlg.cpp:636
2017-11-02 14:19:06.302 [14572] LOG_TRACE CCCTDlg::stopRecord cctdlg.cpp:579
2017-11-02 14:19:06.310 [14572] LOG_INFO wav in close err:5 cctdlg.cpp:589
2017-11-02 14:19:16.036 [14572] LOG_TRACE m_s32_volume=50 cctdlg.cpp:1164
2017-11-02 14:19:21.364 [14572] LOG_TRACE m_s32_volume=50 cctdlg.cpp:1164
2017-11-02 14:19:21.495 [14572] LOG_TRACE m_s32_volume=51 cctdlg.cpp:1164
2017-11-02 14:19:21.511 [14572] LOG_TRACE m_s32_volume=52 cctdlg.cpp:1164
2017-11-02 14:19:21.520 [14572] LOG_TRACE m_s32_volume=53 cctdlg.cpp:1164
2017-11-02 14:19:21.535 [14572] LOG_TRACE m_s32_volume=55 cctdlg.cpp:1164
2017-11-02 14:19:21.651 [14572] LOG_TRACE m_s32_volume=56 cctdlg.cpp:1164
2017-11-02 14:19:21.659 [14572] LOG_TRACE m_s32_volume=57 cctdlg.cpp:1164
2017-11-02 14:19:21.683 [14572] LOG_TRACE m_s32_volume=58 cctdlg.cpp:1164
2017-11-02 14:19:21.691 [14572] LOG_TRACE m_s32_volume=59 cctdlg.cpp:1164
2017-11-02 14:19:21.699 [14572] LOG_TRACE m_s32_volume=60 cctdlg.cpp:1164
2017-11-02 14:19:21.707 [14572] LOG_TRACE m_s32_volume=61 cctdlg.cpp:1164
2017-11-02 14:19:21.715 [14572] LOG_TRACE m_s32_volume=63 cctdlg.cpp:1164
2017-11-02 14:19:21.723 [14572] LOG_TRACE m_s32_volume=64 cctdlg.cpp:1164
2017-11-02 14:19:21.747 [14572] LOG_TRACE m_s32_volume=65 cctdlg.cpp:1164
2017-11-02 14:19:21.755 [14572] LOG_TRACE m_s32_volume=66 cctdlg.cpp:1164
2017-11-02 14:19:21.773 [14572] LOG_TRACE m_s32_volume=67 cctdlg.cpp:1164
2017-11-02 14:19:21.781 [14572] LOG_TRACE m_s32_volume=68 cctdlg.cpp:1164
2017-11-02 14:19:21.793 [14572] LOG_TRACE m_s32_volume=69 cctdlg.cpp:1164
2017-11-02 14:19:21.809 [14572] LOG_TRACE m_s32_volume=70 cctdlg.cpp:1164
2017-11-02 14:19:21.819 [14572] LOG_TRACE m_s32_volume=72 cctdlg.cpp:1164
2017-11-02 14:19:21.855 [14572] LOG_TRACE m_s32_volume=73 cctdlg.cpp:1164
2017-11-02 14:19:21.936 [14572] LOG_TRACE m_s32_volume=74 cctdlg.cpp:1164
2017-11-02 14:19:22.029 [14572] LOG_TRACE m_s32_volume=75 cctdlg.cpp:1164
2017-11-02 14:19:22.037 [14572] LOG_TRACE m_s32_volume=76 cctdlg.cpp:1164
2017-11-02 14:19:22.045 [14572] LOG_TRACE m_s32_volume=78 cctdlg.cpp:1164
2017-11-02 14:19:22.097 [14572] LOG_TRACE m_s32_volume=79 cctdlg.cpp:1164
2017-11-02 14:19:22.117 [14572] LOG_TRACE m_s32_volume=80 cctdlg.cpp:1164
2017-11-02 14:19:22.299 [14572] LOG_TRACE m_s32_volume=81 cctdlg.cpp:1164
2017-11-02 14:19:22.309 [14572] LOG_TRACE m_s32_volume=82 cctdlg.cpp:1164
2017-11-02 14:19:22.333 [14572] LOG_TRACE m_s32_volume=83 cctdlg.cpp:1164
2017-11-02 14:19:22.345 [14572] LOG_TRACE m_s32_volume=84 cctdlg.cpp:1164
2017-11-02 14:19:22.365 [14572] LOG_TRACE m_s32_volume=85 cctdlg.cpp:1164
2017-11-02 14:19:22.487 [14572] LOG_TRACE m_s32_volume=86 cctdlg.cpp:1164
2017-11-02 14:19:22.513 [14572] LOG_TRACE m_s32_volume=87 cctdlg.cpp:1164
2017-11-02 14:19:22.543 [14572] LOG_TRACE m_s32_volume=88 cctdlg.cpp:1164
2017-11-02 14:19:22.573 [14572] LOG_TRACE m_s32_volume=89 cctdlg.cpp:1164
2017-11-02 14:19:22.625 [14572] LOG_TRACE m_s32_volume=90 cctdlg.cpp:1164
2017-11-02 14:19:22.633 [14572] LOG_TRACE m_s32_volume=91 cctdlg.cpp:1164
2017-11-02 14:19:22.683 [14572] LOG_TRACE m_s32_volume=93 cctdlg.cpp:1164
2017-11-02 14:19:22.739 [14572] LOG_TRACE m_s32_volume=94 cctdlg.cpp:1164
2017-11-02 14:19:22.755 [14572] LOG_TRACE m_s32_volume=95 cctdlg.cpp:1164
2017-11-02 14:19:22.787 [14572] LOG_TRACE m_s32_volume=96 cctdlg.cpp:1164
2017-11-02 14:19:22.799 [14572] LOG_TRACE m_s32_volume=97 cctdlg.cpp:1164
2017-11-02 14:19:22.818 [14572] LOG_TRACE m_s32_volume=98 cctdlg.cpp:1164
2017-11-02 14:19:22.825 [14572] LOG_TRACE m_s32_volume=99 cctdlg.cpp:1164
2017-11-02 14:19:22.841 [14572] LOG_TRACE m_s32_volume=100 cctdlg.cpp:1164
2017-11-02 14:19:23.299 [14572] LOG_TRACE m_s32_volume=100 cctdlg.cpp:1164
2017-11-02 14:19:23.299 [14572] LOG_TRACE m_s32_volume=100 cctdlg.cpp:1164
2017-11-02 14:19:23.300 [14572] LOG_TRACE m_s32_volume=100 cctdlg.cpp:1164
2017-11-02 14:19:24.248 [14572] LOG_TRACE m_s32_volume=100 cctdlg.cpp:1164
2017-11-02 14:19:26.703 [14572] LOG_TRACE m_s32_volume=100 cctdlg.cpp:1164
2017-11-02 14:19:28.392 [14572] LOG_TRACE m_s32_volume=100 cctdlg.cpp:1164
2017-11-02 14:19:28.416 [14572] LOG_TRACE m_s32_volume=100 cctdlg.cpp:1164
2017-11-02 14:19:28.914 [14572] LOG_TRACE m_s32_volume=80 cctdlg.cpp:1164
2017-11-02 14:19:29.440 [14572] LOG_TRACE m_s32_volume=80 cctdlg.cpp:1164
2017-11-02 14:19:29.442 [14572] LOG_TRACE m_s32_volume=80 cctdlg.cpp:1164
2017-11-02 14:19:29.443 [14572] LOG_TRACE m_s32_volume=80 cctdlg.cpp:1164
2017-11-02 14:19:29.934 [14572] LOG_TRACE m_s32_volume=78 cctdlg.cpp:1164
2017-11-02 14:19:29.958 [14572] LOG_TRACE m_s32_volume=76 cctdlg.cpp:1164
2017-11-02 14:19:30.072 [14572] LOG_TRACE m_s32_volume=75 cctdlg.cpp:1164
2017-11-02 14:19:30.090 [14572] LOG_TRACE m_s32_volume=74 cctdlg.cpp:1164
2017-11-02 14:19:30.097 [14572] LOG_TRACE m_s32_volume=72 cctdlg.cpp:1164
2017-11-02 14:19:30.121 [14572] LOG_TRACE m_s32_volume=71 cctdlg.cpp:1164
2017-11-02 14:19:30.129 [14572] LOG_TRACE m_s32_volume=70 cctdlg.cpp:1164
2017-11-02 14:19:30.226 [14572] LOG_TRACE m_s32_volume=68 cctdlg.cpp:1164
2017-11-02 14:19:30.226 [14572] LOG_TRACE m_s32_volume=68 cctdlg.cpp:1164
2017-11-02 14:19:30.227 [14572] LOG_TRACE m_s32_volume=68 cctdlg.cpp:1164
2017-11-02 14:19:30.256 [14572] LOG_TRACE m_s32_volume=68 cctdlg.cpp:1164
2017-11-02 14:19:30.434 [14572] LOG_TRACE m_s32_volume=48 cctdlg.cpp:1164
2017-11-02 14:19:30.564 [14572] LOG_TRACE m_s32_volume=48 cctdlg.cpp:1164
2017-11-02 14:19:30.564 [14572] LOG_TRACE m_s32_volume=48 cctdlg.cpp:1164
2017-11-02 14:19:30.565 [14572] LOG_TRACE m_s32_volume=48 cctdlg.cpp:1164
2017-11-02 14:19:30.653 [14572] LOG_TRACE m_s32_volume=48 cctdlg.cpp:1164
2017-11-02 14:19:30.808 [14572] LOG_TRACE m_s32_volume=28 cctdlg.cpp:1164
2017-11-02 14:19:30.954 [14572] LOG_TRACE m_s32_volume=28 cctdlg.cpp:1164
2017-11-02 14:19:30.954 [14572] LOG_TRACE m_s32_volume=28 cctdlg.cpp:1164
2017-11-02 14:19:31.862 [14572] LOG_TRACE m_s32_volume=8 cctdlg.cpp:1164
2017-11-02 14:19:32.010 [14572] LOG_TRACE m_s32_volume=8 cctdlg.cpp:1164
2017-11-02 14:19:32.010 [14572] LOG_TRACE m_s32_volume=8 cctdlg.cpp:1164
2017-11-02 14:19:32.010 [14572] LOG_TRACE m_s32_volume=8 cctdlg.cpp:1164
2017-11-02 14:19:32.252 [14572] LOG_TRACE m_s32_volume=8 cctdlg.cpp:1164
2017-11-02 14:19:32.279 [14572] LOG_TRACE m_s32_volume=8 cctdlg.cpp:1164
2017-11-02 14:19:34.383 [14572] LOG_TRACE m_s32_volume=8 cctdlg.cpp:1164
2017-11-02 14:19:36.312 [14572] LOG_TRACE m_s32_volume=28 cctdlg.cpp:1164
2017-11-02 14:19:36.491 [14572] LOG_TRACE m_s32_volume=28 cctdlg.cpp:1164
2017-11-02 14:19:36.492 [14572] LOG_TRACE m_s32_volume=28 cctdlg.cpp:1164
2017-11-02 14:19:39.301 [14572] LOG_TRACE m_s32_volume=28 cctdlg.cpp:1164
2017-11-02 14:19:39.439 [14572] LOG_TRACE m_s32_volume=28 cctdlg.cpp:1164
2017-11-02 14:19:39.945 [14572] LOG_TRACE m_s32_volume=28 cctdlg.cpp:1164
2017-11-02 14:19:40.581 [14572] LOG_TRACE m_s32_volume=28 cctdlg.cpp:1164
2017-11-02 14:19:51.950 [14572] LOG_TRACE m_s32_volume=28 cctdlg.cpp:1164
2017-11-02 14:19:52.029 [14572] LOG_TRACE m_s32_volume=28 cctdlg.cpp:1164
2017-11-02 14:20:03.806 [14572] LOG_TRACE m_s32_volume=8 cctdlg.cpp:1164
2017-11-02 14:20:04.256 [14572] LOG_TRACE m_s32_volume=8 cctdlg.cpp:1164
2017-11-02 14:20:04.257 [14572] LOG_TRACE m_s32_volume=8 cctdlg.cpp:1164
2017-11-02 14:20:04.340 [14572] LOG_TRACE m_s32_volume=8 cctdlg.cpp:1164
2017-11-02 14:20:06.509 [14572] LOG_TRACE m_s32_volume=7 cctdlg.cpp:1164
2017-11-02 14:20:06.537 [14572] LOG_TRACE m_s32_volume=6 cctdlg.cpp:1164
2017-11-02 14:20:06.707 [14572] LOG_TRACE m_s32_volume=5 cctdlg.cpp:1164
2017-11-02 14:20:06.768 [14572] LOG_TRACE m_s32_volume=4 cctdlg.cpp:1164
2017-11-02 14:20:06.783 [14572] LOG_TRACE m_s32_volume=3 cctdlg.cpp:1164
2017-11-02 14:20:06.828 [14572] LOG_TRACE m_s32_volume=2 cctdlg.cpp:1164
2017-11-02 14:20:06.836 [14572] LOG_TRACE m_s32_volume=1 cctdlg.cpp:1164
2017-11-02 14:20:06.853 [14572] LOG_TRACE m_s32_volume=0 cctdlg.cpp:1164
2017-11-02 14:20:07.021 [14572] LOG_TRACE m_s32_volume=0 cctdlg.cpp:1164
2017-11-02 14:20:07.022 [14572] LOG_TRACE m_s32_volume=0 cctdlg.cpp:1164
2017-11-02 14:20:07.731 [14572] LOG_TRACE m_s32_volume=1 cctdlg.cpp:1164
2017-11-02 14:20:07.770 [14572] LOG_TRACE m_s32_volume=2 cctdlg.cpp:1164
2017-11-02 14:20:07.781 [14572] LOG_TRACE m_s32_volume=3 cctdlg.cpp:1164
2017-11-02 14:20:07.824 [14572] LOG_TRACE m_s32_volume=4 cctdlg.cpp:1164
2017-11-02 14:20:07.922 [14572] LOG_TRACE m_s32_volume=5 cctdlg.cpp:1164
2017-11-02 14:20:08.001 [14572] LOG_TRACE m_s32_volume=6 cctdlg.cpp:1164
2017-11-02 14:20:08.009 [14572] LOG_TRACE m_s32_volume=7 cctdlg.cpp:1164
2017-11-02 14:20:08.021 [14572] LOG_TRACE m_s32_volume=8 cctdlg.cpp:1164
2017-11-02 14:20:08.031 [14572] LOG_TRACE m_s32_volume=9 cctdlg.cpp:1164
2017-11-02 14:20:08.047 [14572] LOG_TRACE m_s32_volume=10 cctdlg.cpp:1164
2017-11-02 14:20:08.055 [14572] LOG_TRACE m_s32_volume=11 cctdlg.cpp:1164
2017-11-02 14:20:08.071 [14572] LOG_TRACE m_s32_volume=13 cctdlg.cpp:1164
2017-11-02 14:20:08.079 [14572] LOG_TRACE m_s32_volume=14 cctdlg.cpp:1164
2017-11-02 14:20:08.103 [14572] LOG_TRACE m_s32_volume=16 cctdlg.cpp:1164
2017-11-02 14:20:08.253 [14572] LOG_TRACE m_s32_volume=17 cctdlg.cpp:1164
2017-11-02 14:20:08.263 [14572] LOG_TRACE m_s32_volume=18 cctdlg.cpp:1164
2017-11-02 14:20:08.271 [14572] LOG_TRACE m_s32_volume=20 cctdlg.cpp:1164
2017-11-02 14:20:08.279 [14572] LOG_TRACE m_s32_volume=21 cctdlg.cpp:1164
2017-11-02 14:20:08.287 [14572] LOG_TRACE m_s32_volume=23 cctdlg.cpp:1164
2017-11-02 14:20:08.295 [14572] LOG_TRACE m_s32_volume=25 cctdlg.cpp:1164
2017-11-02 14:20:08.303 [14572] LOG_TRACE m_s32_volume=26 cctdlg.cpp:1164
2017-11-02 14:20:08.311 [14572] LOG_TRACE m_s32_volume=27 cctdlg.cpp:1164
2017-11-02 14:20:08.321 [14572] LOG_TRACE m_s32_volume=28 cctdlg.cpp:1164
2017-11-02 14:20:08.451 [14572] LOG_TRACE m_s32_volume=29 cctdlg.cpp:1164
2017-11-02 14:20:08.467 [14572] LOG_TRACE m_s32_volume=30 cctdlg.cpp:1164
2017-11-02 14:20:08.483 [14572] LOG_TRACE m_s32_volume=32 cctdlg.cpp:1164
2017-11-02 14:20:08.505 [14572] LOG_TRACE m_s32_volume=33 cctdlg.cpp:1164
2017-11-02 14:20:08.515 [14572] LOG_TRACE m_s32_volume=34 cctdlg.cpp:1164
2017-11-02 14:20:08.539 [14572] LOG_TRACE m_s32_volume=35 cctdlg.cpp:1164
2017-11-02 14:20:08.657 [14572] LOG_TRACE m_s32_volume=36 cctdlg.cpp:1164
2017-11-02 14:20:08.689 [14572] LOG_TRACE m_s32_volume=38 cctdlg.cpp:1164
2017-11-02 14:20:08.698 [14572] LOG_TRACE m_s32_volume=39 cctdlg.cpp:1164
2017-11-02 14:20:08.719 [14572] LOG_TRACE m_s32_volume=40 cctdlg.cpp:1164
2017-11-02 14:20:08.813 [14572] LOG_TRACE m_s32_volume=41 cctdlg.cpp:1164
2017-11-02 14:20:08.863 [14572] LOG_TRACE m_s32_volume=43 cctdlg.cpp:1164
2017-11-02 14:20:08.899 [14572] LOG_TRACE m_s32_volume=44 cctdlg.cpp:1164
2017-11-02 14:20:08.907 [14572] LOG_TRACE m_s32_volume=45 cctdlg.cpp:1164
2017-11-02 14:20:08.919 [14572] LOG_TRACE m_s32_volume=46 cctdlg.cpp:1164
2017-11-02 14:20:08.935 [14572] LOG_TRACE m_s32_volume=47 cctdlg.cpp:1164
2017-11-02 14:20:08.963 [14572] LOG_TRACE m_s32_volume=48 cctdlg.cpp:1164
2017-11-02 14:20:08.969 [14572] LOG_TRACE m_s32_volume=49 cctdlg.cpp:1164
2017-11-02 14:20:08.993 [14572] LOG_TRACE m_s32_volume=50 cctdlg.cpp:1164
2017-11-02 14:20:09.003 [14572] LOG_TRACE m_s32_volume=51 cctdlg.cpp:1164
2017-11-02 14:20:09.284 [14572] LOG_TRACE m_s32_volume=53 cctdlg.cpp:1164
2017-11-02 14:20:09.315 [14572] LOG_TRACE m_s32_volume=54 cctdlg.cpp:1164
2017-11-02 14:20:09.323 [14572] LOG_TRACE m_s32_volume=55 cctdlg.cpp:1164
2017-11-02 14:20:09.352 [14572] LOG_TRACE m_s32_volume=56 cctdlg.cpp:1164
2017-11-02 14:20:09.359 [14572] LOG_TRACE m_s32_volume=57 cctdlg.cpp:1164
2017-11-02 14:20:10.247 [14572] LOG_TRACE m_s32_volume=58 cctdlg.cpp:1164
2017-11-02 14:20:10.255 [14572] LOG_TRACE m_s32_volume=59 cctdlg.cpp:1164
2017-11-02 14:20:10.267 [14572] LOG_TRACE m_s32_volume=60 cctdlg.cpp:1164
2017-11-02 14:20:10.347 [14572] LOG_TRACE m_s32_volume=61 cctdlg.cpp:1164
2017-11-02 14:20:10.355 [14572] LOG_TRACE m_s32_volume=62 cctdlg.cpp:1164
2017-11-02 14:20:10.375 [14572] LOG_TRACE m_s32_volume=64 cctdlg.cpp:1164
2017-11-02 14:20:10.383 [14572] LOG_TRACE m_s32_volume=65 cctdlg.cpp:1164
2017-11-02 14:20:10.391 [14572] LOG_TRACE m_s32_volume=66 cctdlg.cpp:1164
2017-11-02 14:20:10.404 [14572] LOG_TRACE m_s32_volume=67 cctdlg.cpp:1164
2017-11-02 14:20:10.409 [14572] LOG_TRACE m_s32_volume=68 cctdlg.cpp:1164
2017-11-02 14:20:10.425 [14572] LOG_TRACE m_s32_volume=69 cctdlg.cpp:1164
2017-11-02 14:20:11.117 [14572] LOG_TRACE m_s32_volume=68 cctdlg.cpp:1164
2017-11-02 14:20:11.141 [14572] LOG_TRACE m_s32_volume=67 cctdlg.cpp:1164
2017-11-02 14:20:11.267 [14572] LOG_TRACE m_s32_volume=66 cctdlg.cpp:1164
2017-11-02 14:20:11.461 [14572] LOG_TRACE m_s32_volume=65 cctdlg.cpp:1164
2017-11-02 14:20:11.479 [14572] LOG_TRACE m_s32_volume=64 cctdlg.cpp:1164
2017-11-02 14:20:11.515 [14572] LOG_TRACE m_s32_volume=63 cctdlg.cpp:1164
2017-11-02 14:20:12.337 [14572] LOG_TRACE m_s32_volume=63 cctdlg.cpp:1164
2017-11-02 14:20:12.338 [14572] LOG_TRACE m_s32_volume=63 cctdlg.cpp:1164
2017-11-02 14:20:20.097 [14572] LOG_TRACE m_s32_volume=64 cctdlg.cpp:1164
2017-11-02 14:20:20.174 [14572] LOG_TRACE m_s32_volume=65 cctdlg.cpp:1164
2017-11-02 14:20:20.181 [14572] LOG_TRACE m_s32_volume=66 cctdlg.cpp:1164
2017-11-02 14:20:20.189 [14572] LOG_TRACE m_s32_volume=68 cctdlg.cpp:1164
2017-11-02 14:20:20.205 [14572] LOG_TRACE m_s32_volume=69 cctdlg.cpp:1164
2017-11-02 14:20:20.214 [14572] LOG_TRACE m_s32_volume=70 cctdlg.cpp:1164
2017-11-02 14:20:20.221 [14572] LOG_TRACE m_s32_volume=72 cctdlg.cpp:1164
2017-11-02 14:20:20.229 [14572] LOG_TRACE m_s32_volume=73 cctdlg.cpp:1164
2017-11-02 14:20:20.239 [14572] LOG_TRACE m_s32_volume=74 cctdlg.cpp:1164
2017-11-02 14:20:20.247 [14572] LOG_TRACE m_s32_volume=75 cctdlg.cpp:1164
2017-11-02 14:20:20.260 [14572] LOG_TRACE m_s32_volume=76 cctdlg.cpp:1164
2017-11-02 14:20:20.279 [14572] LOG_TRACE m_s32_volume=77 cctdlg.cpp:1164
2017-11-02 14:20:20.287 [14572] LOG_TRACE m_s32_volume=78 cctdlg.cpp:1164
2017-11-02 14:20:20.323 [14572] LOG_TRACE m_s32_volume=80 cctdlg.cpp:1164
2017-11-02 14:20:20.333 [14572] LOG_TRACE m_s32_volume=82 cctdlg.cpp:1164
2017-11-02 14:20:20.349 [14572] LOG_TRACE m_s32_volume=84 cctdlg.cpp:1164
2017-11-02 14:20:20.365 [14572] LOG_TRACE m_s32_volume=86 cctdlg.cpp:1164
2017-11-02 14:20:20.373 [14572] LOG_TRACE m_s32_volume=87 cctdlg.cpp:1164
2017-11-02 14:20:20.391 [14572] LOG_TRACE m_s32_volume=88 cctdlg.cpp:1164
2017-11-02 14:20:20.473 [14572] LOG_TRACE m_s32_volume=89 cctdlg.cpp:1164
2017-11-02 14:20:20.490 [14572] LOG_TRACE m_s32_volume=90 cctdlg.cpp:1164
2017-11-02 14:20:20.497 [14572] LOG_TRACE m_s32_volume=92 cctdlg.cpp:1164
2017-11-02 14:20:20.508 [14572] LOG_TRACE m_s32_volume=93 cctdlg.cpp:1164
2017-11-02 14:20:20.515 [14572] LOG_TRACE m_s32_volume=95 cctdlg.cpp:1164
2017-11-02 14:20:20.523 [14572] LOG_TRACE m_s32_volume=96 cctdlg.cpp:1164
2017-11-02 14:20:20.531 [14572] LOG_TRACE m_s32_volume=98 cctdlg.cpp:1164
2017-11-02 14:20:20.543 [14572] LOG_TRACE m_s32_volume=99 cctdlg.cpp:1164
2017-11-02 14:20:20.547 [14572] LOG_TRACE m_s32_volume=100 cctdlg.cpp:1164
2017-11-02 14:20:24.355 [14572] LOG_TRACE m_s32_volume=99 cctdlg.cpp:1164
2017-11-02 14:20:24.379 [14572] LOG_TRACE m_s32_volume=97 cctdlg.cpp:1164
2017-11-02 14:20:24.505 [14572] LOG_TRACE m_s32_volume=96 cctdlg.cpp:1164
2017-11-02 14:20:24.527 [14572] LOG_TRACE m_s32_volume=95 cctdlg.cpp:1164
2017-11-02 14:20:24.717 [14572] LOG_TRACE m_s32_volume=94 cctdlg.cpp:1164
2017-11-02 14:20:25.044 [14572] LOG_TRACE m_s32_volume=93 cctdlg.cpp:1164
2017-11-02 14:20:25.066 [14572] LOG_TRACE m_s32_volume=91 cctdlg.cpp:1164
2017-11-02 14:20:25.435 [14572] LOG_TRACE m_s32_volume=90 cctdlg.cpp:1164
2017-11-02 14:20:25.562 [14572] LOG_TRACE m_s32_volume=89 cctdlg.cpp:1164
2017-11-02 14:20:25.713 [14572] LOG_TRACE m_s32_volume=88 cctdlg.cpp:1164
2017-11-02 14:20:25.730 [14572] LOG_TRACE m_s32_volume=87 cctdlg.cpp:1164
2017-11-02 14:20:25.737 [14572] LOG_TRACE m_s32_volume=86 cctdlg.cpp:1164
2017-11-02 14:20:26.135 [14572] LOG_TRACE m_s32_volume=85 cctdlg.cpp:1164
2017-11-02 14:20:26.289 [14572] LOG_TRACE m_s32_volume=84 cctdlg.cpp:1164
2017-11-02 14:20:26.325 [14572] LOG_TRACE m_s32_volume=83 cctdlg.cpp:1164
2017-11-02 14:20:26.337 [14572] LOG_TRACE m_s32_volume=82 cctdlg.cpp:1164
2017-11-02 14:20:26.393 [14572] LOG_TRACE m_s32_volume=81 cctdlg.cpp:1164
2017-11-02 14:20:26.657 [14572] LOG_TRACE m_s32_volume=80 cctdlg.cpp:1164
2017-11-02 14:20:26.675 [14572] LOG_TRACE m_s32_volume=79 cctdlg.cpp:1164
2017-11-02 14:20:26.689 [14572] LOG_TRACE m_s32_volume=78 cctdlg.cpp:1164
2017-11-02 14:20:26.707 [14572] LOG_TRACE m_s32_volume=77 cctdlg.cpp:1164
2017-11-02 14:20:26.727 [14572] LOG_TRACE m_s32_volume=76 cctdlg.cpp:1164
2017-11-02 14:20:26.959 [14572] LOG_TRACE m_s32_volume=75 cctdlg.cpp:1164
2017-11-02 14:20:26.967 [14572] LOG_TRACE m_s32_volume=74 cctdlg.cpp:1164
2017-11-02 14:20:27.011 [14572] LOG_TRACE m_s32_volume=72 cctdlg.cpp:1164
2017-11-02 14:20:27.367 [14572] LOG_TRACE m_s32_volume=71 cctdlg.cpp:1164
2017-11-02 14:20:27.731 [14572] LOG_TRACE m_s32_volume=70 cctdlg.cpp:1164
2017-11-02 14:20:27.749 [14572] LOG_TRACE m_s32_volume=69 cctdlg.cpp:1164
2017-11-02 14:20:27.854 [14572] LOG_TRACE m_s32_volume=68 cctdlg.cpp:1164
2017-11-02 14:20:27.877 [14572] LOG_TRACE m_s32_volume=67 cctdlg.cpp:1164
2017-11-02 14:20:28.023 [14572] LOG_TRACE m_s32_volume=66 cctdlg.cpp:1164
2017-11-02 14:20:28.031 [14572] LOG_TRACE m_s32_volume=65 cctdlg.cpp:1164
2017-11-02 14:20:28.039 [14572] LOG_TRACE m_s32_volume=64 cctdlg.cpp:1164
2017-11-02 14:20:28.079 [14572] LOG_TRACE m_s32_volume=63 cctdlg.cpp:1164
2017-11-02 14:20:28.211 [14572] LOG_TRACE m_s32_volume=62 cctdlg.cpp:1164
2017-11-02 14:20:28.219 [14572] LOG_TRACE m_s32_volume=61 cctdlg.cpp:1164
2017-11-02 14:20:28.253 [14572] LOG_TRACE m_s32_volume=60 cctdlg.cpp:1164
2017-11-02 14:20:28.267 [14572] LOG_TRACE m_s32_volume=59 cctdlg.cpp:1164
2017-11-02 14:20:33.932 [14572] LOG_TRACE m_s32_volume=58 cctdlg.cpp:1164
2017-11-02 14:20:33.940 [14572] LOG_TRACE m_s32_volume=57 cctdlg.cpp:1164
2017-11-02 14:20:33.948 [14572] LOG_TRACE m_s32_volume=56 cctdlg.cpp:1164
2017-11-02 14:20:33.955 [14572] LOG_TRACE m_s32_volume=55 cctdlg.cpp:1164
2017-11-02 14:20:34.180 [14572] LOG_TRACE m_s32_volume=54 cctdlg.cpp:1164
2017-11-02 14:20:34.189 [14572] LOG_TRACE m_s32_volume=53 cctdlg.cpp:1164
2017-11-02 14:20:34.211 [14572] LOG_TRACE m_s32_volume=52 cctdlg.cpp:1164
2017-11-02 14:20:35.101 [14572] LOG_TRACE m_s32_volume=51 cctdlg.cpp:1164
2017-11-02 14:20:35.260 [14572] LOG_TRACE m_s32_volume=50 cctdlg.cpp:1164
2017-11-02 14:20:35.267 [14572] LOG_TRACE m_s32_volume=49 cctdlg.cpp:1164
2017-11-02 14:20:35.285 [14572] LOG_TRACE m_s32_volume=47 cctdlg.cpp:1164
2017-11-02 14:20:35.305 [14572] LOG_TRACE m_s32_volume=46 cctdlg.cpp:1164
2017-11-02 14:20:35.321 [14572] LOG_TRACE m_s32_volume=45 cctdlg.cpp:1164
2017-11-02 14:20:35.508 [14572] LOG_TRACE m_s32_volume=43 cctdlg.cpp:1164
2017-11-02 14:20:35.516 [14572] LOG_TRACE m_s32_volume=41 cctdlg.cpp:1164
2017-11-02 14:20:35.539 [14572] LOG_TRACE m_s32_volume=39 cctdlg.cpp:1164
2017-11-02 14:20:35.716 [14572] LOG_TRACE m_s32_volume=38 cctdlg.cpp:1164
2017-11-02 14:20:35.723 [14572] LOG_TRACE m_s32_volume=36 cctdlg.cpp:1164
2017-11-02 14:20:35.731 [14572] LOG_TRACE m_s32_volume=35 cctdlg.cpp:1164
2017-11-02 14:20:35.739 [14572] LOG_TRACE m_s32_volume=34 cctdlg.cpp:1164
2017-11-02 14:20:35.747 [14572] LOG_TRACE m_s32_volume=33 cctdlg.cpp:1164
2017-11-02 14:20:35.756 [14572] LOG_TRACE m_s32_volume=32 cctdlg.cpp:1164
2017-11-02 14:20:35.766 [14572] LOG_TRACE m_s32_volume=31 cctdlg.cpp:1164
2017-11-02 14:20:35.771 [14572] LOG_TRACE m_s32_volume=30 cctdlg.cpp:1164
2017-11-02 14:20:36.304 [14572] LOG_TRACE m_s32_volume=28 cctdlg.cpp:1164
2017-11-02 14:20:36.320 [14572] LOG_TRACE m_s32_volume=26 cctdlg.cpp:1164
2017-11-02 14:20:36.327 [14572] LOG_TRACE m_s32_volume=24 cctdlg.cpp:1164
2017-11-02 14:20:36.337 [14572] LOG_TRACE m_s32_volume=23 cctdlg.cpp:1164
2017-11-02 14:20:36.345 [14572] LOG_TRACE m_s32_volume=21 cctdlg.cpp:1164
2017-11-02 14:20:36.353 [14572] LOG_TRACE m_s32_volume=18 cctdlg.cpp:1164
2017-11-02 14:20:36.365 [14572] LOG_TRACE m_s32_volume=17 cctdlg.cpp:1164
2017-11-02 14:20:36.369 [14572] LOG_TRACE m_s32_volume=16 cctdlg.cpp:1164
2017-11-02 14:20:36.602 [14572] LOG_TRACE m_s32_volume=15 cctdlg.cpp:1164
2017-11-02 14:20:36.611 [14572] LOG_TRACE m_s32_volume=14 cctdlg.cpp:1164
2017-11-02 14:20:36.619 [14572] LOG_TRACE m_s32_volume=11 cctdlg.cpp:1164
2017-11-02 14:20:36.627 [14572] LOG_TRACE m_s32_volume=7 cctdlg.cpp:1164
2017-11-02 14:20:36.635 [14572] LOG_TRACE m_s32_volume=6 cctdlg.cpp:1164
2017-11-02 14:20:36.643 [14572] LOG_TRACE m_s32_volume=4 cctdlg.cpp:1164
2017-11-02 14:20:36.654 [14572] LOG_TRACE m_s32_volume=1 cctdlg.cpp:1164
2017-11-02 14:20:36.661 [14572] LOG_TRACE m_s32_volume=0 cctdlg.cpp:1164
2017-11-02 14:20:36.978 [14572] LOG_TRACE m_s32_volume=1 cctdlg.cpp:1164
2017-11-02 14:20:37.002 [14572] LOG_TRACE m_s32_volume=2 cctdlg.cpp:1164
2017-11-02 14:20:37.009 [14572] LOG_TRACE m_s32_volume=3 cctdlg.cpp:1164
2017-11-02 14:20:37.017 [14572] LOG_TRACE m_s32_volume=4 cctdlg.cpp:1164
2017-11-02 14:20:37.033 [14572] LOG_TRACE m_s32_volume=5 cctdlg.cpp:1164
2017-11-02 14:20:37.049 [14572] LOG_TRACE m_s32_volume=6 cctdlg.cpp:1164
2017-11-02 14:20:37.065 [14572] LOG_TRACE m_s32_volume=7 cctdlg.cpp:1164
2017-11-02 14:20:37.089 [14572] LOG_TRACE m_s32_volume=8 cctdlg.cpp:1164
2017-11-02 14:20:37.097 [14572] LOG_TRACE m_s32_volume=9 cctdlg.cpp:1164
2017-11-02 14:20:37.127 [14572] LOG_TRACE m_s32_volume=10 cctdlg.cpp:1164
2017-11-02 14:20:37.135 [14572] LOG_TRACE m_s32_volume=11 cctdlg.cpp:1164
2017-11-02 14:20:37.149 [14572] LOG_TRACE m_s32_volume=12 cctdlg.cpp:1164
2017-11-02 14:20:37.155 [14572] LOG_TRACE m_s32_volume=13 cctdlg.cpp:1164
2017-11-02 14:20:37.171 [14572] LOG_TRACE m_s32_volume=14 cctdlg.cpp:1164
2017-11-02 14:20:37.193 [14572] LOG_TRACE m_s32_volume=15 cctdlg.cpp:1164
2017-11-02 14:20:37.201 [14572] LOG_TRACE m_s32_volume=16 cctdlg.cpp:1164
2017-11-02 14:20:37.293 [14572] LOG_TRACE m_s32_volume=17 cctdlg.cpp:1164
2017-11-02 14:20:37.301 [14572] LOG_TRACE m_s32_volume=18 cctdlg.cpp:1164
2017-11-02 14:20:37.335 [14572] LOG_TRACE m_s32_volume=19 cctdlg.cpp:1164
2017-11-02 14:20:37.347 [14572] LOG_TRACE m_s32_volume=20 cctdlg.cpp:1164
2017-11-02 14:20:37.381 [14572] LOG_TRACE m_s32_volume=21 cctdlg.cpp:1164
2017-11-02 14:20:37.391 [14572] LOG_TRACE m_s32_volume=22 cctdlg.cpp:1164
2017-11-02 14:20:37.471 [14572] LOG_TRACE m_s32_volume=23 cctdlg.cpp:1164
2017-11-02 14:20:37.483 [14572] LOG_TRACE m_s32_volume=24 cctdlg.cpp:1164
2017-11-02 14:20:37.524 [14572] LOG_TRACE m_s32_volume=25 cctdlg.cpp:1164
2017-11-02 14:20:37.531 [14572] LOG_TRACE m_s32_volume=26 cctdlg.cpp:1164
2017-11-02 14:20:37.553 [14572] LOG_TRACE m_s32_volume=27 cctdlg.cpp:1164
2017-11-02 14:20:37.593 [14572] LOG_TRACE m_s32_volume=28 cctdlg.cpp:1164
2017-11-02 14:20:37.633 [14572] LOG_TRACE m_s32_volume=29 cctdlg.cpp:1164
2017-11-02 14:20:37.668 [14572] LOG_TRACE m_s32_volume=30 cctdlg.cpp:1164
2017-11-02 14:20:37.695 [14572] LOG_TRACE m_s32_volume=31 cctdlg.cpp:1164
2017-11-02 14:20:37.711 [14572] LOG_TRACE m_s32_volume=32 cctdlg.cpp:1164
2017-11-02 14:20:37.748 [14572] LOG_TRACE m_s32_volume=33 cctdlg.cpp:1164
2017-11-02 14:20:37.757 [14572] LOG_TRACE m_s32_volume=34 cctdlg.cpp:1164
2017-11-02 14:20:37.785 [14572] LOG_TRACE m_s32_volume=35 cctdlg.cpp:1164
2017-11-02 14:20:37.795 [14572] LOG_TRACE m_s32_volume=36 cctdlg.cpp:1164
2017-11-02 14:20:37.826 [14572] LOG_TRACE m_s32_volume=37 cctdlg.cpp:1164
2017-11-02 14:20:37.847 [14572] LOG_TRACE m_s32_volume=38 cctdlg.cpp:1164
2017-11-02 14:20:37.887 [14572] LOG_TRACE m_s32_volume=39 cctdlg.cpp:1164
2017-11-02 14:20:37.911 [14572] LOG_TRACE m_s32_volume=41 cctdlg.cpp:1164
2017-11-02 14:20:37.935 [14572] LOG_TRACE m_s32_volume=42 cctdlg.cpp:1164
2017-11-02 14:20:37.943 [14572] LOG_TRACE m_s32_volume=43 cctdlg.cpp:1164
2017-11-02 14:20:38.133 [14572] LOG_TRACE m_s32_volume=45 cctdlg.cpp:1164
2017-11-02 14:20:38.171 [14572] LOG_TRACE m_s32_volume=46 cctdlg.cpp:1164
2017-11-02 14:20:38.282 [14572] LOG_TRACE m_s32_volume=47 cctdlg.cpp:1164
2017-11-02 14:20:38.289 [14572] LOG_TRACE m_s32_volume=48 cctdlg.cpp:1164
2017-11-02 14:20:38.309 [14572] LOG_TRACE m_s32_volume=49 cctdlg.cpp:1164
2017-11-02 14:20:38.421 [14572] LOG_TRACE m_s32_volume=50 cctdlg.cpp:1164
2017-11-02 14:20:38.433 [14572] LOG_TRACE m_s32_volume=51 cctdlg.cpp:1164
2017-11-02 14:20:38.621 [14572] LOG_TRACE m_s32_volume=53 cctdlg.cpp:1164
2017-11-02 14:20:38.641 [14572] LOG_TRACE m_s32_volume=54 cctdlg.cpp:1164
2017-11-02 14:20:38.649 [14572] LOG_TRACE m_s32_volume=55 cctdlg.cpp:1164
2017-11-02 14:20:38.657 [14572] LOG_TRACE m_s32_volume=56 cctdlg.cpp:1164
2017-11-02 14:20:38.665 [14572] LOG_TRACE m_s32_volume=57 cctdlg.cpp:1164
2017-11-02 14:20:38.673 [14572] LOG_TRACE m_s32_volume=58 cctdlg.cpp:1164
2017-11-02 14:20:38.689 [14572] LOG_TRACE m_s32_volume=59 cctdlg.cpp:1164
2017-11-02 14:20:41.831 [14572] LOG_TRACE m_s32_volume=60 cctdlg.cpp:1164
2017-11-02 14:20:42.367 [14572] LOG_TRACE m_s32_volume=61 cctdlg.cpp:1164
2017-11-02 14:20:42.375 [14572] LOG_TRACE m_s32_volume=62 cctdlg.cpp:1164
2017-11-02 14:20:42.399 [14572] LOG_TRACE m_s32_volume=64 cctdlg.cpp:1164
2017-11-02 14:20:42.417 [14572] LOG_TRACE m_s32_volume=65 cctdlg.cpp:1164
2017-11-02 14:20:42.425 [14572] LOG_TRACE m_s32_volume=66 cctdlg.cpp:1164
2017-11-02 14:20:42.555 [14572] LOG_TRACE m_s32_volume=67 cctdlg.cpp:1164
2017-11-02 14:20:42.563 [14572] LOG_TRACE m_s32_volume=68 cctdlg.cpp:1164
2017-11-02 14:20:42.571 [14572] LOG_TRACE m_s32_volume=70 cctdlg.cpp:1164
2017-11-02 14:20:42.591 [14572] LOG_TRACE m_s32_volume=71 cctdlg.cpp:1164
2017-11-02 14:20:42.619 [14572] LOG_TRACE m_s32_volume=72 cctdlg.cpp:1164
2017-11-02 14:20:43.245 [14572] LOG_TRACE m_s32_volume=73 cctdlg.cpp:1164
2017-11-02 14:20:43.287 [14572] LOG_TRACE m_s32_volume=74 cctdlg.cpp:1164
2017-11-02 14:20:43.311 [14572] LOG_TRACE m_s32_volume=75 cctdlg.cpp:1164
2017-11-02 14:20:43.323 [14572] LOG_TRACE m_s32_volume=76 cctdlg.cpp:1164
2017-11-02 14:20:43.893 [14572] LOG_TRACE m_s32_volume=77 cctdlg.cpp:1164
2017-11-02 14:20:43.919 [14572] LOG_TRACE m_s32_volume=78 cctdlg.cpp:1164
2017-11-02 14:20:43.935 [14572] LOG_TRACE m_s32_volume=80 cctdlg.cpp:1164
2017-11-02 14:20:43.971 [14572] LOG_TRACE m_s32_volume=81 cctdlg.cpp:1164
2017-11-02 14:20:44.381 [14572] LOG_TRACE m_s32_volume=82 cctdlg.cpp:1164
2017-11-02 14:20:45.877 [14572] LOG_TRACE m_s32_volume=83 cctdlg.cpp:1164
2017-11-02 14:20:46.023 [14572] LOG_TRACE m_s32_volume=84 cctdlg.cpp:1164
2017-11-02 14:20:46.067 [14572] LOG_TRACE m_s32_volume=85 cctdlg.cpp:1164
2017-11-02 14:20:46.175 [14572] LOG_TRACE m_s32_volume=86 cctdlg.cpp:1164
2017-11-02 14:20:46.187 [14572] LOG_TRACE m_s32_volume=87 cctdlg.cpp:1164
2017-11-02 14:20:46.195 [14572] LOG_TRACE m_s32_volume=88 cctdlg.cpp:1164
2017-11-02 14:20:46.203 [14572] LOG_TRACE m_s32_volume=89 cctdlg.cpp:1164
2017-11-02 14:20:46.227 [14572] LOG_TRACE m_s32_volume=90 cctdlg.cpp:1164
2017-11-02 14:20:46.235 [14572] LOG_TRACE m_s32_volume=91 cctdlg.cpp:1164
2017-11-02 14:20:46.277 [14572] LOG_TRACE m_s32_volume=92 cctdlg.cpp:1164
2017-11-02 14:20:46.391 [14572] LOG_TRACE m_s32_volume=93 cctdlg.cpp:1164
2017-11-02 14:20:46.407 [14572] LOG_TRACE m_s32_volume=94 cctdlg.cpp:1164
2017-11-02 14:20:46.417 [14572] LOG_TRACE m_s32_volume=95 cctdlg.cpp:1164
2017-11-02 14:20:46.438 [14572] LOG_TRACE m_s32_volume=96 cctdlg.cpp:1164
2017-11-02 14:20:46.445 [14572] LOG_TRACE m_s32_volume=97 cctdlg.cpp:1164
2017-11-02 14:20:46.587 [14572] LOG_TRACE m_s32_volume=98 cctdlg.cpp:1164
2017-11-02 14:20:46.599 [14572] LOG_TRACE m_s32_volume=99 cctdlg.cpp:1164
2017-11-02 14:20:46.607 [14572] LOG_TRACE m_s32_volume=100 cctdlg.cpp:1164
2017-11-02 14:20:48.353 [14572] LOG_TRACE m_s32_volume=99 cctdlg.cpp:1164
2017-11-02 14:20:48.360 [14572] LOG_TRACE m_s32_volume=97 cctdlg.cpp:1164
2017-11-02 14:20:48.376 [14572] LOG_TRACE m_s32_volume=96 cctdlg.cpp:1164
2017-11-02 14:20:48.385 [14572] LOG_TRACE m_s32_volume=95 cctdlg.cpp:1164
2017-11-02 14:20:48.403 [14572] LOG_TRACE m_s32_volume=94 cctdlg.cpp:1164
2017-11-02 14:20:48.410 [14572] LOG_TRACE m_s32_volume=93 cctdlg.cpp:1164
2017-11-02 14:20:48.419 [14572] LOG_TRACE m_s32_volume=90 cctdlg.cpp:1164
2017-11-02 14:20:48.426 [14572] LOG_TRACE m_s32_volume=87 cctdlg.cpp:1164
2017-11-02 14:20:48.434 [14572] LOG_TRACE m_s32_volume=86 cctdlg.cpp:1164
2017-11-02 14:20:48.442 [14572] LOG_TRACE m_s32_volume=84 cctdlg.cpp:1164
2017-11-02 14:20:48.453 [14572] LOG_TRACE m_s32_volume=81 cctdlg.cpp:1164
2017-11-02 14:20:48.460 [14572] LOG_TRACE m_s32_volume=80 cctdlg.cpp:1164
2017-11-02 14:20:48.513 [14572] LOG_TRACE m_s32_volume=79 cctdlg.cpp:1164
2017-11-02 14:20:48.576 [14572] LOG_TRACE m_s32_volume=78 cctdlg.cpp:1164
2017-11-02 14:20:48.593 [14572] LOG_TRACE m_s32_volume=76 cctdlg.cpp:1164
2017-11-02 14:20:48.617 [14572] LOG_TRACE m_s32_volume=75 cctdlg.cpp:1164
2017-11-02 14:20:48.625 [14572] LOG_TRACE m_s32_volume=74 cctdlg.cpp:1164
2017-11-02 14:20:48.635 [14572] LOG_TRACE m_s32_volume=73 cctdlg.cpp:1164
2017-11-02 14:20:48.640 [14572] LOG_TRACE m_s32_volume=72 cctdlg.cpp:1164
2017-11-02 14:20:48.651 [14572] LOG_TRACE m_s32_volume=71 cctdlg.cpp:1164
2017-11-02 14:20:48.657 [14572] LOG_TRACE m_s32_volume=70 cctdlg.cpp:1164
2017-11-02 14:20:48.675 [14572] LOG_TRACE m_s32_volume=69 cctdlg.cpp:1164
2017-11-02 14:20:48.711 [14572] LOG_TRACE m_s32_volume=68 cctdlg.cpp:1164
2017-11-02 14:20:48.739 [14572] LOG_TRACE m_s32_volume=66 cctdlg.cpp:1164
2017-11-02 14:20:48.767 [14572] LOG_TRACE m_s32_volume=65 cctdlg.cpp:1164
2017-11-02 14:20:49.113 [14572] LOG_TRACE m_s32_volume=64 cctdlg.cpp:1164
2017-11-02 14:20:49.170 [14572] LOG_TRACE m_s32_volume=63 cctdlg.cpp:1164
2017-11-02 14:20:51.305 [14572] LOG_TRACE m_s32_volume=62 cctdlg.cpp:1164
2017-11-02 14:20:51.321 [14572] LOG_TRACE m_s32_volume=61 cctdlg.cpp:1164
2017-11-02 14:20:51.401 [14572] LOG_TRACE m_s32_volume=60 cctdlg.cpp:1164
2017-11-02 14:20:51.411 [14572] LOG_TRACE m_s32_volume=59 cctdlg.cpp:1164
2017-11-02 14:20:51.427 [14572] LOG_TRACE m_s32_volume=58 cctdlg.cpp:1164
2017-11-02 14:20:51.435 [14572] LOG_TRACE m_s32_volume=57 cctdlg.cpp:1164
2017-11-02 14:20:51.451 [14572] LOG_TRACE m_s32_volume=55 cctdlg.cpp:1164
2017-11-02 14:20:51.467 [14572] LOG_TRACE m_s32_volume=54 cctdlg.cpp:1164
2017-11-02 14:20:51.477 [14572] LOG_TRACE m_s32_volume=52 cctdlg.cpp:1164
2017-11-02 14:20:51.485 [14572] LOG_TRACE m_s32_volume=51 cctdlg.cpp:1164
2017-11-02 14:20:51.501 [14572] LOG_TRACE m_s32_volume=50 cctdlg.cpp:1164
2017-11-02 14:20:51.509 [14572] LOG_TRACE m_s32_volume=49 cctdlg.cpp:1164
2017-11-02 14:20:51.542 [14572] LOG_TRACE m_s32_volume=48 cctdlg.cpp:1164
2017-11-02 14:20:51.581 [14572] LOG_TRACE m_s32_volume=47 cctdlg.cpp:1164
2017-11-02 14:20:53.937 [14572] LOG_TRACE m_s32_volume=47 cctdlg.cpp:1164
2017-11-02 14:20:53.938 [14572] LOG_TRACE m_s32_volume=47 cctdlg.cpp:1164
2017-11-02 14:21:01.725 [14572] LOG_TRACE m_s32_volume=47 cctdlg.cpp:1164
2017-11-02 14:21:05.176 [14572] LOG_TRACE m_s32_volume=47 cctdlg.cpp:1164
2017-11-02 14:21:05.363 [14572] LOG_TRACE m_s32_volume=47 cctdlg.cpp:1164
2017-11-02 14:21:07.177 [14572] LOG_TRACE m_s32_volume=47 cctdlg.cpp:1164
2017-11-02 14:21:42.294 [14572] LOG_TRACE m_s32_volume=47 cctdlg.cpp:1164
2017-11-02 14:21:42.987 [14572] LOG_TRACE m_s32_volume=47 cctdlg.cpp:1164
