2017-11-01 11:42:27.225 [9844] LOG_ALARM -----------------  log4z thread started!   ---------------------------- log4z.cpp:1924
2017-11-01 11:42:27.235 [9844] LOG_ALARM logger id=0 key=Main name=Main path=./log/ level=0 display=true log4z.cpp:1934
2017-11-01 11:42:27.236 [12136] LOG_TRACE stream input *** LOGT LOGT LOGT LOGT ***  cctdlg.cpp:79
2017-11-01 11:42:27.236 [12136] LOG_DEBUG stream input *** LOGD LOGD LOGD LOGD ***  cctdlg.cpp:80
2017-11-01 11:42:27.236 [12136] LOG_INFO stream input *** LOGI LOGI LOGI LOGI ***  cctdlg.cpp:81
2017-11-01 11:42:27.236 [12136] LOG_WARN stream input *** LOGW LOGW LOGW LOGW ***  cctdlg.cpp:82
2017-11-01 11:42:27.236 [12136] LOG_ERROR stream input *** LOGE LOGE LOGE LOGE ***  cctdlg.cpp:83
2017-11-01 11:42:27.236 [12136] LOG_ALARM stream input *** LOGA LOGA LOGA LOGA ***  cctdlg.cpp:84
2017-11-01 11:42:27.236 [12136] LOG_FATAL stream input *** LOGF LOGF LOGF LOGF ***  cctdlg.cpp:85
2017-11-01 11:42:27.236 [12136] LOG_TRACE format input *** LOGFMTT *** 123456 *** cctdlg.cpp:86
2017-11-01 11:42:27.236 [12136] LOG_DEBUG format input *** LOGFMTD *** 123456 *** cctdlg.cpp:87
2017-11-01 11:42:27.236 [12136] LOG_INFO format input *** LOGFMTI *** 123456 *** cctdlg.cpp:88
2017-11-01 11:42:27.236 [12136] LOG_WARN format input *** LOGFMTW *** 123456 *** cctdlg.cpp:89
2017-11-01 11:42:27.236 [12136] LOG_ERROR format input *** LOGFMTE *** 123456 *** cctdlg.cpp:90
2017-11-01 11:42:27.236 [12136] LOG_ALARM format input *** LOGFMTA *** 123456 *** cctdlg.cpp:91
2017-11-01 11:42:27.236 [12136] LOG_FATAL format input *** LOGFMTF *** 123456 *** cctdlg.cpp:92
2017-11-01 11:42:27.236 [12136] LOG_ALARM main quit ... cctdlg.cpp:94
2017-11-01 11:42:27.321 [12136] LOG_TRACE CCCTDlg::udp_client_init cctdlg.cpp:589
2017-11-01 11:42:27.321 [8576] LOG_TRACE call_dev_mon_thread 
 devmon.cpp:6
2017-11-01 11:42:27.321 [8576] LOG_TRACE CDevMon::dev_mon_thread start
 devmon.cpp:29
2017-11-01 11:42:40.020 [12136] LOG_TRACE CCCTDlg::OnBnClickedButtonTest cctdlg.cpp:364
2017-11-01 11:42:40.020 [12136] LOG_TRACE CCCTDlg::initRecord cctdlg.cpp:393
2017-11-01 11:42:40.059 [12136] LOG_TRACE cap_dev_num=2 cctdlg.cpp:397
2017-11-01 11:42:40.059 [12136] LOG_INFO CCCTDlg::initRecord, sample=22050, bits=16, ch=2, block=4, bytes_per_sec=88200 cctdlg.cpp:430
2017-11-01 11:42:40.106 [12136] LOG_TRACE WIM_OPEN cctdlg.cpp:490
2017-11-01 11:42:41.410 [12136] LOG_TRACE CCCTDlg::OnBnClickedCheckAll 1 cctdlg.cpp:864
2017-11-01 11:42:41.410 [12136] LOG_TRACE CCCTDlg::set_speaker, spk=1, onoff=1 cctdlg.cpp:618
2017-11-01 11:42:41.410 [12136] LOG_TRACE CCCTDlg::set_speaker, spk=2, onoff=1 cctdlg.cpp:618
2017-11-01 11:42:41.410 [12136] LOG_TRACE CCCTDlg::set_speaker, spk=3, onoff=1 cctdlg.cpp:618
2017-11-01 11:42:41.410 [12136] LOG_TRACE CCCTDlg::set_speaker, spk=4, onoff=1 cctdlg.cpp:618
2017-11-01 11:42:41.410 [12136] LOG_TRACE CCCTDlg::set_speaker, spk=5, onoff=1 cctdlg.cpp:618
2017-11-01 11:42:41.410 [12136] LOG_TRACE CCCTDlg::set_speaker, spk=6, onoff=1 cctdlg.cpp:618
2017-11-01 11:42:41.410 [12136] LOG_TRACE CCCTDlg::set_speaker, spk=7, onoff=1 cctdlg.cpp:618
2017-11-01 11:42:41.410 [12136] LOG_TRACE CCCTDlg::set_speaker, spk=8, onoff=1 cctdlg.cpp:618
2017-11-01 11:42:41.410 [12136] LOG_TRACE CCCTDlg::set_speaker, spk=9, onoff=1 cctdlg.cpp:618
2017-11-01 11:42:41.410 [12136] LOG_TRACE CCCTDlg::set_speaker, spk=10, onoff=1 cctdlg.cpp:618
2017-11-01 11:42:41.410 [12136] LOG_TRACE CCCTDlg::set_speaker, spk=11, onoff=1 cctdlg.cpp:618
2017-11-01 11:42:41.410 [12136] LOG_TRACE CCCTDlg::set_speaker, spk=12, onoff=1 cctdlg.cpp:618
2017-11-01 11:42:41.410 [12136] LOG_TRACE CCCTDlg::set_speaker, spk=13, onoff=1 cctdlg.cpp:618
2017-11-01 11:42:41.410 [12136] LOG_TRACE CCCTDlg::set_speaker, spk=14, onoff=1 cctdlg.cpp:618
2017-11-01 11:42:41.410 [12136] LOG_TRACE CCCTDlg::set_speaker, spk=15, onoff=1 cctdlg.cpp:618
2017-11-01 11:42:41.410 [12136] LOG_TRACE CCCTDlg::set_speaker, spk=16, onoff=1 cctdlg.cpp:618
2017-11-01 11:42:41.410 [12136] LOG_TRACE CCCTDlg::set_speaker, spk=17, onoff=1 cctdlg.cpp:618
2017-11-01 11:42:41.410 [12136] LOG_TRACE CCCTDlg::set_speaker, spk=18, onoff=1 cctdlg.cpp:618
2017-11-01 11:42:41.410 [12136] LOG_TRACE CCCTDlg::set_speaker, spk=19, onoff=1 cctdlg.cpp:618
2017-11-01 11:42:41.410 [12136] LOG_TRACE CCCTDlg::set_speaker, spk=20, onoff=1 cctdlg.cpp:618
2017-11-01 11:42:41.410 [12136] LOG_TRACE CCCTDlg::set_speaker, spk=21, onoff=1 cctdlg.cpp:618
2017-11-01 11:42:41.410 [12136] LOG_TRACE CCCTDlg::set_speaker, spk=22, onoff=1 cctdlg.cpp:618
2017-11-01 11:42:41.410 [12136] LOG_TRACE CCCTDlg::set_speaker, spk=23, onoff=1 cctdlg.cpp:618
2017-11-01 11:42:41.410 [12136] LOG_TRACE CCCTDlg::set_speaker, spk=24, onoff=1 cctdlg.cpp:618
2017-11-01 11:42:41.410 [12136] LOG_TRACE CCCTDlg::set_speaker, spk=25, onoff=1 cctdlg.cpp:618
2017-11-01 11:42:41.410 [12136] LOG_TRACE CCCTDlg::set_speaker, spk=26, onoff=1 cctdlg.cpp:618
2017-11-01 11:42:41.410 [12136] LOG_TRACE CCCTDlg::set_speaker, spk=27, onoff=1 cctdlg.cpp:618
2017-11-01 11:42:41.410 [12136] LOG_TRACE CCCTDlg::set_speaker, spk=28, onoff=1 cctdlg.cpp:618
2017-11-01 11:42:41.410 [12136] LOG_TRACE CCCTDlg::set_speaker, spk=29, onoff=1 cctdlg.cpp:618
2017-11-01 11:42:41.410 [12136] LOG_TRACE CCCTDlg::set_speaker, spk=30, onoff=1 cctdlg.cpp:618
2017-11-01 11:42:41.410 [12136] LOG_TRACE CCCTDlg::set_speaker, spk=31, onoff=1 cctdlg.cpp:618
2017-11-01 11:42:41.410 [12136] LOG_TRACE CCCTDlg::set_speaker, spk=32, onoff=1 cctdlg.cpp:618
2017-11-01 11:42:41.410 [12136] LOG_TRACE CCCTDlg::set_speaker, spk=33, onoff=1 cctdlg.cpp:618
2017-11-01 11:42:41.410 [12136] LOG_TRACE CCCTDlg::set_speaker, spk=34, onoff=1 cctdlg.cpp:618
2017-11-01 11:42:41.410 [12136] LOG_TRACE CCCTDlg::set_speaker, spk=35, onoff=1 cctdlg.cpp:618
2017-11-01 11:42:41.410 [12136] LOG_TRACE CCCTDlg::set_speaker, spk=36, onoff=1 cctdlg.cpp:618
2017-11-01 11:42:41.410 [12136] LOG_TRACE CCCTDlg::set_speaker, spk=37, onoff=1 cctdlg.cpp:618
2017-11-01 11:42:41.410 [12136] LOG_TRACE CCCTDlg::set_speaker, spk=38, onoff=1 cctdlg.cpp:618
2017-11-01 11:42:41.410 [12136] LOG_TRACE CCCTDlg::set_speaker, spk=39, onoff=1 cctdlg.cpp:618
2017-11-01 11:42:41.410 [12136] LOG_TRACE CCCTDlg::set_speaker, spk=40, onoff=1 cctdlg.cpp:618
2017-11-01 11:42:41.410 [12136] LOG_TRACE CCCTDlg::set_speaker, spk=41, onoff=1 cctdlg.cpp:618
2017-11-01 11:42:41.410 [12136] LOG_TRACE CCCTDlg::set_speaker, spk=42, onoff=1 cctdlg.cpp:618
2017-11-01 11:42:41.410 [12136] LOG_TRACE CCCTDlg::set_speaker, spk=43, onoff=1 cctdlg.cpp:618
2017-11-01 11:42:41.410 [12136] LOG_TRACE CCCTDlg::set_speaker, spk=44, onoff=1 cctdlg.cpp:618
2017-11-01 11:42:41.410 [12136] LOG_TRACE CCCTDlg::set_speaker, spk=45, onoff=1 cctdlg.cpp:618
2017-11-01 11:42:41.410 [12136] LOG_TRACE CCCTDlg::set_speaker, spk=46, onoff=1 cctdlg.cpp:618
2017-11-01 11:42:41.410 [12136] LOG_TRACE CCCTDlg::set_speaker, spk=47, onoff=1 cctdlg.cpp:618
2017-11-01 11:42:41.410 [12136] LOG_TRACE CCCTDlg::set_speaker, spk=48, onoff=1 cctdlg.cpp:618
2017-11-01 11:42:41.410 [12136] LOG_TRACE CCCTDlg::set_speaker, spk=49, onoff=1 cctdlg.cpp:618
2017-11-01 11:42:41.410 [12136] LOG_TRACE CCCTDlg::set_speaker, spk=50, onoff=1 cctdlg.cpp:618
2017-11-01 11:42:41.410 [12136] LOG_TRACE CCCTDlg::set_speaker, spk=51, onoff=1 cctdlg.cpp:618
2017-11-01 11:42:41.410 [12136] LOG_TRACE CCCTDlg::set_speaker, spk=52, onoff=1 cctdlg.cpp:618
2017-11-01 11:42:41.410 [12136] LOG_TRACE CCCTDlg::set_speaker, spk=53, onoff=1 cctdlg.cpp:618
2017-11-01 11:42:41.410 [12136] LOG_TRACE CCCTDlg::set_speaker, spk=54, onoff=1 cctdlg.cpp:618
2017-11-01 11:42:41.411 [12136] LOG_TRACE CCCTDlg::set_speaker, spk=55, onoff=1 cctdlg.cpp:618
2017-11-01 11:42:41.411 [12136] LOG_TRACE CCCTDlg::set_speaker, spk=56, onoff=1 cctdlg.cpp:618
2017-11-01 11:42:41.411 [12136] LOG_TRACE CCCTDlg::set_speaker, spk=57, onoff=1 cctdlg.cpp:618
2017-11-01 11:42:41.411 [12136] LOG_TRACE CCCTDlg::set_speaker, spk=58, onoff=1 cctdlg.cpp:618
2017-11-01 11:42:41.411 [12136] LOG_TRACE CCCTDlg::set_speaker, spk=59, onoff=1 cctdlg.cpp:618
2017-11-01 11:42:41.411 [12136] LOG_TRACE CCCTDlg::set_speaker, spk=60, onoff=1 cctdlg.cpp:618
2017-11-01 11:42:41.411 [12136] LOG_TRACE CCCTDlg::set_speaker, spk=61, onoff=1 cctdlg.cpp:618
2017-11-01 11:42:41.411 [12136] LOG_TRACE CCCTDlg::set_speaker, spk=62, onoff=1 cctdlg.cpp:618
2017-11-01 11:42:41.411 [12136] LOG_TRACE CCCTDlg::set_speaker, spk=63, onoff=1 cctdlg.cpp:618
2017-11-01 11:42:41.411 [12136] LOG_TRACE CCCTDlg::set_speaker, spk=64, onoff=1 cctdlg.cpp:618
2017-11-01 11:42:41.411 [12136] LOG_TRACE CCCTDlg::set_speaker, spk=65, onoff=1 cctdlg.cpp:618
2017-11-01 11:42:41.411 [12136] LOG_TRACE CCCTDlg::set_speaker, spk=66, onoff=1 cctdlg.cpp:618
2017-11-01 11:42:41.411 [12136] LOG_TRACE CCCTDlg::set_speaker, spk=67, onoff=1 cctdlg.cpp:618
2017-11-01 11:42:41.411 [12136] LOG_TRACE CCCTDlg::set_speaker, spk=68, onoff=1 cctdlg.cpp:618
2017-11-01 11:42:41.411 [12136] LOG_TRACE CCCTDlg::set_speaker, spk=69, onoff=1 cctdlg.cpp:618
2017-11-01 11:42:41.411 [12136] LOG_TRACE CCCTDlg::set_speaker, spk=70, onoff=1 cctdlg.cpp:618
2017-11-01 11:42:41.411 [12136] LOG_TRACE CCCTDlg::set_speaker, spk=71, onoff=1 cctdlg.cpp:618
2017-11-01 11:42:41.411 [12136] LOG_TRACE CCCTDlg::set_speaker, spk=72, onoff=1 cctdlg.cpp:618
2017-11-01 11:42:41.411 [12136] LOG_TRACE CCCTDlg::set_speaker, spk=73, onoff=1 cctdlg.cpp:618
2017-11-01 11:42:41.411 [12136] LOG_TRACE CCCTDlg::set_speaker, spk=74, onoff=1 cctdlg.cpp:618
2017-11-01 11:42:41.411 [12136] LOG_TRACE CCCTDlg::set_speaker, spk=75, onoff=1 cctdlg.cpp:618
2017-11-01 11:42:41.411 [12136] LOG_TRACE CCCTDlg::set_speaker, spk=76, onoff=1 cctdlg.cpp:618
2017-11-01 11:42:41.411 [12136] LOG_TRACE CCCTDlg::set_speaker, spk=77, onoff=1 cctdlg.cpp:618
2017-11-01 11:42:41.411 [12136] LOG_TRACE CCCTDlg::set_speaker, spk=78, onoff=1 cctdlg.cpp:618
2017-11-01 11:42:41.411 [12136] LOG_TRACE CCCTDlg::set_speaker, spk=79, onoff=1 cctdlg.cpp:618
2017-11-01 11:42:41.411 [12136] LOG_TRACE CCCTDlg::set_speaker, spk=80, onoff=1 cctdlg.cpp:618
2017-11-01 11:42:41.411 [12136] LOG_TRACE CCCTDlg::set_speaker, spk=81, onoff=1 cctdlg.cpp:618
2017-11-01 11:42:41.411 [12136] LOG_TRACE CCCTDlg::set_speaker, spk=82, onoff=1 cctdlg.cpp:618
2017-11-01 11:42:41.411 [12136] LOG_TRACE CCCTDlg::set_speaker, spk=83, onoff=1 cctdlg.cpp:618
2017-11-01 11:42:41.411 [12136] LOG_TRACE CCCTDlg::set_speaker, spk=84, onoff=1 cctdlg.cpp:618
2017-11-01 11:42:41.411 [12136] LOG_TRACE CCCTDlg::set_speaker, spk=85, onoff=1 cctdlg.cpp:618
2017-11-01 11:42:41.411 [12136] LOG_TRACE CCCTDlg::set_speaker, spk=86, onoff=1 cctdlg.cpp:618
2017-11-01 11:42:41.411 [12136] LOG_TRACE CCCTDlg::set_speaker, spk=87, onoff=1 cctdlg.cpp:618
2017-11-01 11:42:41.411 [12136] LOG_TRACE CCCTDlg::set_speaker, spk=88, onoff=1 cctdlg.cpp:618
2017-11-01 11:42:41.411 [12136] LOG_TRACE CCCTDlg::set_speaker, spk=89, onoff=1 cctdlg.cpp:618
2017-11-01 11:42:41.411 [12136] LOG_TRACE CCCTDlg::set_speaker, spk=90, onoff=1 cctdlg.cpp:618
2017-11-01 11:42:41.411 [12136] LOG_TRACE CCCTDlg::set_speaker, spk=91, onoff=1 cctdlg.cpp:618
2017-11-01 11:42:41.411 [12136] LOG_TRACE CCCTDlg::set_speaker, spk=92, onoff=1 cctdlg.cpp:618
2017-11-01 11:42:41.411 [12136] LOG_TRACE CCCTDlg::set_speaker, spk=93, onoff=1 cctdlg.cpp:618
2017-11-01 11:42:41.411 [12136] LOG_TRACE CCCTDlg::set_speaker, spk=94, onoff=1 cctdlg.cpp:618
2017-11-01 11:42:41.411 [12136] LOG_TRACE CCCTDlg::set_speaker, spk=95, onoff=1 cctdlg.cpp:618
2017-11-01 11:42:41.411 [12136] LOG_TRACE CCCTDlg::set_speaker, spk=96, onoff=1 cctdlg.cpp:618
2017-11-01 11:42:41.411 [12136] LOG_TRACE CCCTDlg::set_speaker, spk=97, onoff=1 cctdlg.cpp:618
2017-11-01 11:42:41.411 [12136] LOG_TRACE CCCTDlg::set_speaker, spk=98, onoff=1 cctdlg.cpp:618
2017-11-01 11:42:41.411 [12136] LOG_TRACE CCCTDlg::set_speaker, spk=99, onoff=1 cctdlg.cpp:618
2017-11-01 11:42:41.411 [12136] LOG_TRACE CCCTDlg::set_speaker, spk=100, onoff=1 cctdlg.cpp:618
2017-11-01 11:42:41.411 [12136] LOG_TRACE CCCTDlg::set_speaker, spk=101, onoff=1 cctdlg.cpp:618
2017-11-01 11:42:41.411 [12136] LOG_TRACE CCCTDlg::set_speaker, spk=102, onoff=1 cctdlg.cpp:618
2017-11-01 11:42:41.411 [12136] LOG_TRACE CCCTDlg::set_speaker, spk=103, onoff=1 cctdlg.cpp:618
2017-11-01 11:42:41.411 [12136] LOG_TRACE CCCTDlg::set_speaker, spk=104, onoff=1 cctdlg.cpp:618
2017-11-01 11:42:41.411 [12136] LOG_TRACE CCCTDlg::set_speaker, spk=105, onoff=1 cctdlg.cpp:618
2017-11-01 11:42:41.411 [12136] LOG_TRACE CCCTDlg::set_speaker, spk=106, onoff=1 cctdlg.cpp:618
2017-11-01 11:42:41.411 [12136] LOG_TRACE CCCTDlg::set_speaker, spk=107, onoff=1 cctdlg.cpp:618
2017-11-01 11:42:41.411 [12136] LOG_TRACE CCCTDlg::set_speaker, spk=108, onoff=1 cctdlg.cpp:618
2017-11-01 11:42:41.411 [12136] LOG_TRACE CCCTDlg::set_speaker, spk=109, onoff=1 cctdlg.cpp:618
2017-11-01 11:42:41.411 [12136] LOG_TRACE CCCTDlg::set_speaker, spk=110, onoff=1 cctdlg.cpp:618
2017-11-01 11:42:41.411 [12136] LOG_TRACE CCCTDlg::set_speaker, spk=111, onoff=1 cctdlg.cpp:618
2017-11-01 11:42:41.411 [12136] LOG_TRACE CCCTDlg::set_speaker, spk=112, onoff=1 cctdlg.cpp:618
2017-11-01 11:42:41.411 [12136] LOG_TRACE CCCTDlg::set_speaker, spk=113, onoff=1 cctdlg.cpp:618
2017-11-01 11:42:41.411 [12136] LOG_TRACE CCCTDlg::set_speaker, spk=114, onoff=1 cctdlg.cpp:618
2017-11-01 11:42:41.411 [12136] LOG_TRACE CCCTDlg::set_speaker, spk=115, onoff=1 cctdlg.cpp:618
2017-11-01 11:42:41.411 [12136] LOG_TRACE CCCTDlg::set_speaker, spk=116, onoff=1 cctdlg.cpp:618
2017-11-01 11:42:41.411 [12136] LOG_TRACE CCCTDlg::set_speaker, spk=117, onoff=1 cctdlg.cpp:618
2017-11-01 11:42:41.411 [12136] LOG_TRACE CCCTDlg::set_speaker, spk=118, onoff=1 cctdlg.cpp:618
2017-11-01 11:42:41.411 [12136] LOG_TRACE CCCTDlg::set_speaker, spk=119, onoff=1 cctdlg.cpp:618
2017-11-01 11:42:41.411 [12136] LOG_TRACE CCCTDlg::set_speaker, spk=120, onoff=1 cctdlg.cpp:618
2017-11-01 11:42:41.411 [12136] LOG_TRACE CCCTDlg::set_speaker, spk=121, onoff=1 cctdlg.cpp:618
2017-11-01 11:42:41.411 [12136] LOG_TRACE CCCTDlg::set_speaker, spk=122, onoff=1 cctdlg.cpp:618
2017-11-01 11:42:41.411 [12136] LOG_TRACE CCCTDlg::set_speaker, spk=123, onoff=1 cctdlg.cpp:618
2017-11-01 11:42:41.411 [12136] LOG_TRACE CCCTDlg::set_speaker, spk=124, onoff=1 cctdlg.cpp:618
2017-11-01 11:42:41.411 [12136] LOG_TRACE CCCTDlg::set_speaker, spk=125, onoff=1 cctdlg.cpp:618
2017-11-01 11:42:41.411 [12136] LOG_TRACE CCCTDlg::set_speaker, spk=126, onoff=1 cctdlg.cpp:618
2017-11-01 11:42:41.411 [12136] LOG_TRACE CCCTDlg::set_speaker, spk=127, onoff=1 cctdlg.cpp:618
2017-11-01 11:42:41.411 [12136] LOG_TRACE CCCTDlg::set_speaker, spk=128, onoff=1 cctdlg.cpp:618
2017-11-01 11:42:41.411 [12136] LOG_TRACE CCCTDlg::set_speaker, spk=129, onoff=1 cctdlg.cpp:618
2017-11-01 11:42:41.411 [12136] LOG_TRACE CCCTDlg::set_speaker, spk=130, onoff=1 cctdlg.cpp:618
2017-11-01 11:42:41.411 [12136] LOG_TRACE CCCTDlg::set_speaker, spk=131, onoff=1 cctdlg.cpp:618
2017-11-01 11:42:41.412 [12136] LOG_TRACE CCCTDlg::set_speaker, spk=132, onoff=1 cctdlg.cpp:618
2017-11-01 11:42:41.412 [12136] LOG_TRACE CCCTDlg::set_speaker, spk=133, onoff=1 cctdlg.cpp:618
2017-11-01 11:42:41.412 [12136] LOG_TRACE CCCTDlg::set_speaker, spk=134, onoff=1 cctdlg.cpp:618
2017-11-01 11:42:41.412 [12136] LOG_TRACE CCCTDlg::set_speaker, spk=135, onoff=1 cctdlg.cpp:618
2017-11-01 11:42:41.412 [12136] LOG_TRACE CCCTDlg::set_speaker, spk=136, onoff=1 cctdlg.cpp:618
2017-11-01 11:42:41.412 [12136] LOG_TRACE CCCTDlg::set_speaker, spk=137, onoff=1 cctdlg.cpp:618
2017-11-01 11:42:41.412 [12136] LOG_TRACE CCCTDlg::set_speaker, spk=138, onoff=1 cctdlg.cpp:618
2017-11-01 11:42:41.412 [12136] LOG_TRACE CCCTDlg::set_speaker, spk=139, onoff=1 cctdlg.cpp:618
2017-11-01 11:42:41.412 [12136] LOG_TRACE CCCTDlg::set_speaker, spk=140, onoff=1 cctdlg.cpp:618
2017-11-01 11:42:41.412 [12136] LOG_TRACE CCCTDlg::set_speaker, spk=141, onoff=1 cctdlg.cpp:618
2017-11-01 11:42:41.412 [12136] LOG_TRACE CCCTDlg::set_speaker, spk=142, onoff=1 cctdlg.cpp:618
2017-11-01 11:42:41.412 [12136] LOG_TRACE CCCTDlg::set_speaker, spk=143, onoff=1 cctdlg.cpp:618
2017-11-01 11:42:41.412 [12136] LOG_TRACE CCCTDlg::set_speaker, spk=144, onoff=1 cctdlg.cpp:618
2017-11-01 11:42:41.412 [12136] LOG_TRACE CCCTDlg::set_speaker, spk=145, onoff=1 cctdlg.cpp:618
2017-11-01 11:42:41.412 [12136] LOG_TRACE CCCTDlg::set_speaker, spk=146, onoff=1 cctdlg.cpp:618
2017-11-01 11:42:41.412 [12136] LOG_TRACE CCCTDlg::set_speaker, spk=147, onoff=1 cctdlg.cpp:618
2017-11-01 11:42:41.412 [12136] LOG_TRACE CCCTDlg::set_speaker, spk=148, onoff=1 cctdlg.cpp:618
2017-11-01 11:42:41.412 [12136] LOG_TRACE CCCTDlg::set_speaker, spk=149, onoff=1 cctdlg.cpp:618
2017-11-01 11:42:41.412 [12136] LOG_TRACE CCCTDlg::set_speaker, spk=150, onoff=1 cctdlg.cpp:618
2017-11-01 11:42:41.412 [12136] LOG_TRACE CCCTDlg::set_speaker, spk=151, onoff=1 cctdlg.cpp:618
2017-11-01 11:42:41.412 [12136] LOG_TRACE CCCTDlg::set_speaker, spk=152, onoff=1 cctdlg.cpp:618
2017-11-01 11:42:41.412 [12136] LOG_TRACE CCCTDlg::set_speaker, spk=153, onoff=1 cctdlg.cpp:618
2017-11-01 11:42:41.412 [12136] LOG_TRACE CCCTDlg::set_speaker, spk=154, onoff=1 cctdlg.cpp:618
2017-11-01 11:42:41.412 [12136] LOG_TRACE CCCTDlg::set_speaker, spk=155, onoff=1 cctdlg.cpp:618
2017-11-01 11:42:41.412 [12136] LOG_TRACE CCCTDlg::set_speaker, spk=156, onoff=1 cctdlg.cpp:618
2017-11-01 11:42:41.412 [12136] LOG_TRACE CCCTDlg::set_speaker, spk=157, onoff=1 cctdlg.cpp:618
2017-11-01 11:42:41.412 [12136] LOG_TRACE CCCTDlg::set_speaker, spk=158, onoff=1 cctdlg.cpp:618
2017-11-01 11:42:41.412 [12136] LOG_TRACE CCCTDlg::set_speaker, spk=159, onoff=1 cctdlg.cpp:618
2017-11-01 11:42:41.412 [12136] LOG_TRACE CCCTDlg::set_speaker, spk=160, onoff=1 cctdlg.cpp:618
2017-11-01 11:42:41.412 [12136] LOG_TRACE CCCTDlg::set_speaker, spk=161, onoff=1 cctdlg.cpp:618
2017-11-01 11:42:41.412 [12136] LOG_TRACE CCCTDlg::set_speaker, spk=162, onoff=1 cctdlg.cpp:618
2017-11-01 11:42:41.412 [12136] LOG_TRACE CCCTDlg::set_speaker, spk=163, onoff=1 cctdlg.cpp:618
2017-11-01 11:42:41.412 [12136] LOG_TRACE CCCTDlg::set_speaker, spk=164, onoff=1 cctdlg.cpp:618
2017-11-01 11:42:41.412 [12136] LOG_TRACE CCCTDlg::set_speaker, spk=165, onoff=1 cctdlg.cpp:618
2017-11-01 11:42:41.412 [12136] LOG_TRACE CCCTDlg::set_speaker, spk=166, onoff=1 cctdlg.cpp:618
2017-11-01 11:42:41.412 [12136] LOG_TRACE CCCTDlg::set_speaker, spk=167, onoff=1 cctdlg.cpp:618
2017-11-01 11:42:41.412 [12136] LOG_TRACE CCCTDlg::set_speaker, spk=168, onoff=1 cctdlg.cpp:618
2017-11-01 11:42:41.412 [12136] LOG_TRACE CCCTDlg::set_speaker, spk=169, onoff=1 cctdlg.cpp:618
2017-11-01 11:42:41.412 [12136] LOG_TRACE CCCTDlg::set_speaker, spk=170, onoff=1 cctdlg.cpp:618
2017-11-01 11:42:41.412 [12136] LOG_TRACE CCCTDlg::set_speaker, spk=171, onoff=1 cctdlg.cpp:618
2017-11-01 11:42:41.412 [12136] LOG_TRACE CCCTDlg::set_speaker, spk=172, onoff=1 cctdlg.cpp:618
2017-11-01 11:42:41.412 [12136] LOG_TRACE CCCTDlg::set_speaker, spk=173, onoff=1 cctdlg.cpp:618
2017-11-01 11:42:41.412 [12136] LOG_TRACE CCCTDlg::set_speaker, spk=174, onoff=1 cctdlg.cpp:618
2017-11-01 11:42:41.412 [12136] LOG_TRACE CCCTDlg::set_speaker, spk=175, onoff=1 cctdlg.cpp:618
2017-11-01 11:42:41.412 [12136] LOG_TRACE CCCTDlg::set_speaker, spk=176, onoff=1 cctdlg.cpp:618
2017-11-01 11:42:41.412 [12136] LOG_TRACE CCCTDlg::set_speaker, spk=177, onoff=1 cctdlg.cpp:618
2017-11-01 11:42:41.412 [12136] LOG_TRACE CCCTDlg::set_speaker, spk=178, onoff=1 cctdlg.cpp:618
2017-11-01 11:42:41.412 [12136] LOG_TRACE CCCTDlg::set_speaker, spk=179, onoff=1 cctdlg.cpp:618
2017-11-01 11:42:41.412 [12136] LOG_TRACE CCCTDlg::set_speaker, spk=180, onoff=1 cctdlg.cpp:618
2017-11-01 11:42:41.412 [12136] LOG_TRACE CCCTDlg::set_speaker, spk=181, onoff=1 cctdlg.cpp:618
2017-11-01 11:42:41.412 [12136] LOG_TRACE CCCTDlg::set_speaker, spk=182, onoff=1 cctdlg.cpp:618
2017-11-01 11:42:41.412 [12136] LOG_TRACE CCCTDlg::set_speaker, spk=183, onoff=1 cctdlg.cpp:618
2017-11-01 11:42:41.412 [12136] LOG_TRACE CCCTDlg::set_speaker, spk=184, onoff=1 cctdlg.cpp:618
2017-11-01 11:42:41.412 [12136] LOG_TRACE CCCTDlg::set_speaker, spk=185, onoff=1 cctdlg.cpp:618
2017-11-01 11:42:41.412 [12136] LOG_TRACE CCCTDlg::set_speaker, spk=186, onoff=1 cctdlg.cpp:618
2017-11-01 11:42:41.412 [12136] LOG_TRACE CCCTDlg::set_speaker, spk=187, onoff=1 cctdlg.cpp:618
2017-11-01 11:42:41.412 [12136] LOG_TRACE CCCTDlg::set_speaker, spk=188, onoff=1 cctdlg.cpp:618
2017-11-01 11:42:41.412 [12136] LOG_TRACE CCCTDlg::set_speaker, spk=189, onoff=1 cctdlg.cpp:618
2017-11-01 11:42:41.412 [12136] LOG_TRACE CCCTDlg::set_speaker, spk=190, onoff=1 cctdlg.cpp:618
2017-11-01 11:42:41.412 [12136] LOG_TRACE CCCTDlg::set_speaker, spk=191, onoff=1 cctdlg.cpp:618
2017-11-01 11:42:41.412 [12136] LOG_TRACE CCCTDlg::set_speaker, spk=192, onoff=1 cctdlg.cpp:618
2017-11-01 11:42:41.412 [12136] LOG_TRACE CCCTDlg::set_speaker, spk=193, onoff=1 cctdlg.cpp:618
2017-11-01 11:42:41.412 [12136] LOG_TRACE CCCTDlg::set_speaker, spk=194, onoff=1 cctdlg.cpp:618
2017-11-01 11:42:41.412 [12136] LOG_TRACE CCCTDlg::set_speaker, spk=195, onoff=1 cctdlg.cpp:618
2017-11-01 11:42:41.412 [12136] LOG_TRACE CCCTDlg::set_speaker, spk=196, onoff=1 cctdlg.cpp:618
2017-11-01 11:42:41.412 [12136] LOG_TRACE CCCTDlg::set_speaker, spk=197, onoff=1 cctdlg.cpp:618
2017-11-01 11:42:41.412 [12136] LOG_TRACE CCCTDlg::set_speaker, spk=198, onoff=1 cctdlg.cpp:618
2017-11-01 11:42:41.412 [12136] LOG_TRACE CCCTDlg::set_speaker, spk=199, onoff=1 cctdlg.cpp:618
2017-11-01 11:42:41.412 [12136] LOG_TRACE CCCTDlg::set_speaker, spk=200, onoff=1 cctdlg.cpp:618
2017-11-01 11:42:41.412 [12136] LOG_TRACE CCCTDlg::set_speaker, spk=201, onoff=1 cctdlg.cpp:618
2017-11-01 11:42:41.412 [12136] LOG_TRACE CCCTDlg::set_speaker, spk=202, onoff=1 cctdlg.cpp:618
2017-11-01 11:42:41.412 [12136] LOG_TRACE CCCTDlg::set_speaker, spk=203, onoff=1 cctdlg.cpp:618
2017-11-01 11:42:41.412 [12136] LOG_TRACE CCCTDlg::set_speaker, spk=204, onoff=1 cctdlg.cpp:618
2017-11-01 11:42:41.412 [12136] LOG_TRACE CCCTDlg::set_speaker, spk=205, onoff=1 cctdlg.cpp:618
2017-11-01 11:42:41.412 [12136] LOG_TRACE CCCTDlg::set_speaker, spk=206, onoff=1 cctdlg.cpp:618
2017-11-01 11:42:41.412 [12136] LOG_TRACE CCCTDlg::set_speaker, spk=207, onoff=1 cctdlg.cpp:618
2017-11-01 11:42:41.412 [12136] LOG_TRACE CCCTDlg::set_speaker, spk=208, onoff=1 cctdlg.cpp:618
2017-11-01 11:42:41.412 [12136] LOG_TRACE CCCTDlg::set_speaker, spk=209, onoff=1 cctdlg.cpp:618
2017-11-01 11:42:41.412 [12136] LOG_TRACE CCCTDlg::set_speaker, spk=210, onoff=1 cctdlg.cpp:618
2017-11-01 11:42:41.412 [12136] LOG_TRACE CCCTDlg::set_speaker, spk=211, onoff=1 cctdlg.cpp:618
2017-11-01 11:42:41.412 [12136] LOG_TRACE CCCTDlg::set_speaker, spk=212, onoff=1 cctdlg.cpp:618
2017-11-01 11:42:41.412 [12136] LOG_TRACE CCCTDlg::set_speaker, spk=213, onoff=1 cctdlg.cpp:618
2017-11-01 11:42:41.412 [12136] LOG_TRACE CCCTDlg::set_speaker, spk=214, onoff=1 cctdlg.cpp:618
2017-11-01 11:42:41.413 [12136] LOG_TRACE CCCTDlg::set_speaker, spk=215, onoff=1 cctdlg.cpp:618
2017-11-01 11:42:41.413 [12136] LOG_TRACE CCCTDlg::set_speaker, spk=216, onoff=1 cctdlg.cpp:618
2017-11-01 11:42:41.413 [12136] LOG_TRACE CCCTDlg::set_speaker, spk=217, onoff=1 cctdlg.cpp:618
2017-11-01 11:42:41.413 [12136] LOG_TRACE CCCTDlg::set_speaker, spk=218, onoff=1 cctdlg.cpp:618
2017-11-01 11:42:41.413 [12136] LOG_TRACE CCCTDlg::set_speaker, spk=219, onoff=1 cctdlg.cpp:618
2017-11-01 11:42:41.413 [12136] LOG_TRACE CCCTDlg::set_speaker, spk=220, onoff=1 cctdlg.cpp:618
2017-11-01 11:42:41.413 [12136] LOG_TRACE CCCTDlg::set_speaker, spk=221, onoff=1 cctdlg.cpp:618
2017-11-01 11:42:41.413 [12136] LOG_TRACE CCCTDlg::set_speaker, spk=222, onoff=1 cctdlg.cpp:618
2017-11-01 11:42:41.413 [12136] LOG_TRACE CCCTDlg::set_speaker, spk=223, onoff=1 cctdlg.cpp:618
2017-11-01 11:42:41.413 [12136] LOG_TRACE CCCTDlg::set_speaker, spk=224, onoff=1 cctdlg.cpp:618
2017-11-01 11:42:41.413 [12136] LOG_TRACE CCCTDlg::set_speaker, spk=225, onoff=1 cctdlg.cpp:618
2017-11-01 11:42:41.413 [12136] LOG_TRACE CCCTDlg::set_speaker, spk=226, onoff=1 cctdlg.cpp:618
2017-11-01 11:42:41.413 [12136] LOG_TRACE CCCTDlg::set_speaker, spk=227, onoff=1 cctdlg.cpp:618
2017-11-01 11:42:41.413 [12136] LOG_TRACE CCCTDlg::set_speaker, spk=228, onoff=1 cctdlg.cpp:618
2017-11-01 11:42:41.413 [12136] LOG_TRACE CCCTDlg::set_speaker, spk=229, onoff=1 cctdlg.cpp:618
2017-11-01 11:42:41.413 [12136] LOG_TRACE CCCTDlg::set_speaker, spk=230, onoff=1 cctdlg.cpp:618
2017-11-01 11:42:41.413 [12136] LOG_TRACE CCCTDlg::set_speaker, spk=231, onoff=1 cctdlg.cpp:618
2017-11-01 11:42:41.413 [12136] LOG_TRACE CCCTDlg::set_speaker, spk=232, onoff=1 cctdlg.cpp:618
2017-11-01 11:42:41.413 [12136] LOG_TRACE CCCTDlg::set_speaker, spk=233, onoff=1 cctdlg.cpp:618
2017-11-01 11:42:41.413 [12136] LOG_TRACE CCCTDlg::set_speaker, spk=234, onoff=1 cctdlg.cpp:618
2017-11-01 11:42:41.413 [12136] LOG_TRACE CCCTDlg::set_speaker, spk=235, onoff=1 cctdlg.cpp:618
2017-11-01 11:42:41.413 [12136] LOG_TRACE CCCTDlg::set_speaker, spk=236, onoff=1 cctdlg.cpp:618
2017-11-01 11:42:41.413 [12136] LOG_TRACE CCCTDlg::set_speaker, spk=237, onoff=1 cctdlg.cpp:618
2017-11-01 11:42:41.413 [12136] LOG_TRACE CCCTDlg::set_speaker, spk=238, onoff=1 cctdlg.cpp:618
2017-11-01 11:42:41.413 [12136] LOG_TRACE CCCTDlg::set_speaker, spk=239, onoff=1 cctdlg.cpp:618
2017-11-01 11:42:41.413 [12136] LOG_TRACE CCCTDlg::set_speaker, spk=240, onoff=1 cctdlg.cpp:618
2017-11-01 11:42:41.413 [12136] LOG_TRACE CCCTDlg::set_speaker, spk=241, onoff=1 cctdlg.cpp:618
2017-11-01 11:42:41.413 [12136] LOG_TRACE CCCTDlg::set_speaker, spk=242, onoff=1 cctdlg.cpp:618
2017-11-01 11:42:41.413 [12136] LOG_TRACE CCCTDlg::set_speaker, spk=243, onoff=1 cctdlg.cpp:618
2017-11-01 11:42:41.413 [12136] LOG_TRACE CCCTDlg::set_speaker, spk=244, onoff=1 cctdlg.cpp:618
2017-11-01 11:42:41.413 [12136] LOG_TRACE CCCTDlg::set_speaker, spk=245, onoff=1 cctdlg.cpp:618
2017-11-01 11:42:41.413 [12136] LOG_TRACE CCCTDlg::set_speaker, spk=246, onoff=1 cctdlg.cpp:618
2017-11-01 11:42:41.413 [12136] LOG_TRACE CCCTDlg::set_speaker, spk=247, onoff=1 cctdlg.cpp:618
2017-11-01 11:42:41.413 [12136] LOG_TRACE CCCTDlg::set_speaker, spk=248, onoff=1 cctdlg.cpp:618
2017-11-01 11:42:41.413 [12136] LOG_TRACE CCCTDlg::set_speaker, spk=249, onoff=1 cctdlg.cpp:618
2017-11-01 11:42:41.413 [12136] LOG_TRACE CCCTDlg::set_speaker, spk=250, onoff=1 cctdlg.cpp:618
2017-11-01 11:42:41.413 [12136] LOG_TRACE CCCTDlg::set_speaker, spk=251, onoff=1 cctdlg.cpp:618
2017-11-01 11:42:41.413 [12136] LOG_TRACE CCCTDlg::set_speaker, spk=252, onoff=1 cctdlg.cpp:618
2017-11-01 11:42:41.413 [12136] LOG_TRACE CCCTDlg::set_speaker, spk=253, onoff=1 cctdlg.cpp:618
2017-11-01 11:42:41.413 [12136] LOG_TRACE CCCTDlg::set_speaker, spk=254, onoff=1 cctdlg.cpp:618
2017-11-01 11:42:44.766 [8344] LOG_TRACE 92282438,cap len=1280 cctdlg.cpp:538
2017-11-01 11:42:49.406 [8344] LOG_TRACE 92287071,cap len=1280 cctdlg.cpp:538
2017-11-01 11:42:54.056 [8344] LOG_TRACE 92291720,cap len=1280 cctdlg.cpp:538
2017-11-01 11:42:58.696 [8344] LOG_TRACE 92296369,cap len=1280 cctdlg.cpp:538
2017-11-01 11:43:03.336 [8344] LOG_TRACE 92301002,cap len=1280 cctdlg.cpp:538
2017-11-01 11:43:07.985 [8344] LOG_TRACE 92305651,cap len=1280 cctdlg.cpp:538
2017-11-01 11:43:12.626 [8344] LOG_TRACE 92310300,cap len=1280 cctdlg.cpp:538
2017-11-01 11:43:17.276 [8344] LOG_TRACE 92314948,cap len=1280 cctdlg.cpp:538
2017-11-01 11:43:21.915 [8344] LOG_TRACE 92319582,cap len=1280 cctdlg.cpp:538
2017-11-01 11:43:26.555 [8344] LOG_TRACE 92324230,cap len=1280 cctdlg.cpp:538
2017-11-01 11:43:31.206 [8344] LOG_TRACE 92328879,cap len=1280 cctdlg.cpp:538
2017-11-01 11:43:35.846 [8344] LOG_TRACE 92333512,cap len=1280 cctdlg.cpp:538
2017-11-01 11:43:40.495 [8344] LOG_TRACE 92338161,cap len=1280 cctdlg.cpp:538
2017-11-01 11:43:45.136 [8344] LOG_TRACE 92342810,cap len=1280 cctdlg.cpp:538
2017-11-01 11:43:49.775 [8344] LOG_TRACE 92347443,cap len=1280 cctdlg.cpp:538
2017-11-01 11:43:54.425 [8344] LOG_TRACE 92352092,cap len=1280 cctdlg.cpp:538
2017-11-01 11:43:59.066 [8344] LOG_TRACE 92356741,cap len=1280 cctdlg.cpp:538
2017-11-01 11:44:03.717 [8344] LOG_TRACE 92361390,cap len=1280 cctdlg.cpp:538
2017-11-01 11:44:08.355 [8344] LOG_TRACE 92366023,cap len=1280 cctdlg.cpp:538
2017-11-01 11:44:12.995 [8344] LOG_TRACE 92370672,cap len=1280 cctdlg.cpp:538
2017-11-01 11:44:17.646 [8344] LOG_TRACE 92375321,cap len=1280 cctdlg.cpp:538
2017-11-01 11:44:22.285 [8344] LOG_TRACE 92379954,cap len=1280 cctdlg.cpp:538
2017-11-01 11:44:26.935 [8344] LOG_TRACE 92384603,cap len=1280 cctdlg.cpp:538
2017-11-01 11:44:31.575 [8344] LOG_TRACE 92389252,cap len=1280 cctdlg.cpp:538
2017-11-01 11:44:36.215 [8344] LOG_TRACE 92393885,cap len=1280 cctdlg.cpp:538
2017-11-01 11:44:40.865 [8344] LOG_TRACE 92398534,cap len=1280 cctdlg.cpp:538
2017-11-01 11:44:45.505 [8344] LOG_TRACE 92403183,cap len=1280 cctdlg.cpp:538
2017-11-01 11:44:50.155 [8344] LOG_TRACE 92407831,cap len=1280 cctdlg.cpp:538
2017-11-01 11:44:54.795 [8344] LOG_TRACE 92412465,cap len=1280 cctdlg.cpp:538
2017-11-01 11:44:59.436 [8344] LOG_TRACE 92417113,cap len=1280 cctdlg.cpp:538
2017-11-01 11:45:04.085 [8344] LOG_TRACE 92421762,cap len=1280 cctdlg.cpp:538
2017-11-01 11:45:08.724 [8344] LOG_TRACE 92426395,cap len=1280 cctdlg.cpp:538
2017-11-01 11:45:13.375 [8344] LOG_TRACE 92431044,cap len=1280 cctdlg.cpp:538
2017-11-01 11:45:18.015 [8344] LOG_TRACE 92435678,cap len=1280 cctdlg.cpp:538
2017-11-01 11:45:22.655 [8344] LOG_TRACE 92440326,cap len=1280 cctdlg.cpp:538
2017-11-01 11:45:27.305 [8344] LOG_TRACE 92444975,cap len=1280 cctdlg.cpp:538
2017-11-01 11:45:31.945 [8344] LOG_TRACE 92449608,cap len=1280 cctdlg.cpp:538
2017-11-01 11:45:36.595 [8344] LOG_TRACE 92454257,cap len=1280 cctdlg.cpp:538
2017-11-01 11:45:41.234 [8344] LOG_TRACE 92458906,cap len=1280 cctdlg.cpp:538
2017-11-01 11:45:45.875 [8344] LOG_TRACE 92463539,cap len=1280 cctdlg.cpp:538
2017-11-01 11:45:50.526 [8344] LOG_TRACE 92468188,cap len=1280 cctdlg.cpp:538
2017-11-01 11:45:55.164 [8344] LOG_TRACE 92472837,cap len=1280 cctdlg.cpp:538
2017-11-01 11:45:59.814 [8344] LOG_TRACE 92477486,cap len=1280 cctdlg.cpp:538
2017-11-01 11:46:04.455 [8344] LOG_TRACE 92482119,cap len=1280 cctdlg.cpp:538
2017-11-01 11:46:09.095 [8344] LOG_TRACE 92486768,cap len=1280 cctdlg.cpp:538
2017-11-01 11:46:13.744 [8344] LOG_TRACE 92491417,cap len=1280 cctdlg.cpp:538
2017-11-01 11:46:18.385 [8344] LOG_TRACE 92496050,cap len=1280 cctdlg.cpp:538
2017-11-01 11:46:23.035 [8344] LOG_TRACE 92500699,cap len=1280 cctdlg.cpp:538
2017-11-01 11:46:27.675 [8344] LOG_TRACE 92505348,cap len=1280 cctdlg.cpp:538
2017-11-01 11:46:32.315 [8344] LOG_TRACE 92509981,cap len=1280 cctdlg.cpp:538
2017-11-01 11:46:36.964 [8344] LOG_TRACE 92514630,cap len=1280 cctdlg.cpp:538
2017-11-01 11:46:41.605 [8344] LOG_TRACE 92519278,cap len=1280 cctdlg.cpp:538
2017-11-01 11:46:46.255 [8344] LOG_TRACE 92523927,cap len=1280 cctdlg.cpp:538
2017-11-01 11:46:50.893 [8344] LOG_TRACE 92528561,cap len=1280 cctdlg.cpp:538
2017-11-01 11:46:55.533 [8344] LOG_TRACE 92533209,cap len=1280 cctdlg.cpp:538
2017-11-01 11:47:00.184 [8344] LOG_TRACE 92537858,cap len=1280 cctdlg.cpp:538
2017-11-01 11:47:04.824 [8344] LOG_TRACE 92542491,cap len=1280 cctdlg.cpp:538
2017-11-01 11:47:09.474 [8344] LOG_TRACE 92547140,cap len=1280 cctdlg.cpp:538
2017-11-01 11:47:14.114 [8344] LOG_TRACE 92551789,cap len=1280 cctdlg.cpp:538
2017-11-01 11:47:18.755 [8344] LOG_TRACE 92556422,cap len=1280 cctdlg.cpp:538
2017-11-01 11:47:23.404 [8344] LOG_TRACE 92561071,cap len=1280 cctdlg.cpp:538
2017-11-01 11:47:28.043 [8344] LOG_TRACE 92565720,cap len=1280 cctdlg.cpp:538
2017-11-01 11:47:30.885 [12136] LOG_TRACE CCCTDlg::OnBnClickedButtonTest cctdlg.cpp:364
2017-11-01 11:47:30.885 [12136] LOG_TRACE CCCTDlg::stopRecord cctdlg.cpp:561
2017-11-01 11:47:30.888 [12136] LOG_TRACE WIM_CLOSE cctdlg.cpp:550
2017-11-01 11:47:30.891 [12136] LOG_TRACE wav in close ok cctdlg.cpp:569
2017-11-01 11:47:31.679 [12136] LOG_TRACE CCCTDlg::OnBnClickedButtonTest cctdlg.cpp:364
2017-11-01 11:47:31.679 [12136] LOG_TRACE CCCTDlg::initRecord cctdlg.cpp:393
2017-11-01 11:47:31.679 [12136] LOG_TRACE cap_dev_num=2 cctdlg.cpp:397
2017-11-01 11:47:31.679 [12136] LOG_INFO CCCTDlg::initRecord, sample=22050, bits=16, ch=2, block=4, bytes_per_sec=88200 cctdlg.cpp:430
2017-11-01 11:47:31.685 [12136] LOG_TRACE WIM_OPEN cctdlg.cpp:490
2017-11-01 11:47:36.344 [6952] LOG_TRACE 92574019,cap len=1280 cctdlg.cpp:538
2017-11-01 11:47:40.983 [6952] LOG_TRACE 92578652,cap len=1280 cctdlg.cpp:538
2017-11-01 11:47:45.634 [6952] LOG_TRACE 92583301,cap len=1280 cctdlg.cpp:538
2017-11-01 11:47:50.274 [6952] LOG_TRACE 92587950,cap len=1280 cctdlg.cpp:538
2017-11-01 11:47:54.914 [6952] LOG_TRACE 92592583,cap len=1280 cctdlg.cpp:538
2017-11-01 11:47:59.564 [6952] LOG_TRACE 92597232,cap len=1280 cctdlg.cpp:538
2017-11-01 11:48:04.203 [6952] LOG_TRACE 92601881,cap len=1280 cctdlg.cpp:538
2017-11-01 11:48:08.854 [6952] LOG_TRACE 92606530,cap len=1280 cctdlg.cpp:538
2017-11-01 11:48:13.494 [6952] LOG_TRACE 92611163,cap len=1280 cctdlg.cpp:538
2017-11-01 11:48:18.133 [6952] LOG_TRACE 92615796,cap len=1280 cctdlg.cpp:538
2017-11-01 11:48:22.783 [6952] LOG_TRACE 92620461,cap len=1280 cctdlg.cpp:538
2017-11-01 11:48:27.424 [6952] LOG_TRACE 92625094,cap len=1280 cctdlg.cpp:538
2017-11-01 11:48:32.073 [6952] LOG_TRACE 92629743,cap len=1280 cctdlg.cpp:538
2017-11-01 11:48:36.713 [6952] LOG_TRACE 92634376,cap len=1280 cctdlg.cpp:538
2017-11-01 11:48:41.353 [6952] LOG_TRACE 92639025,cap len=1280 cctdlg.cpp:538
2017-11-01 11:48:42.709 [8576] LOG_TRACE rcv[12]:{DEV_ID:1}
 devmon.cpp:53
2017-11-01 11:48:42.709 [8576] LOG_TRACE DEV[1] online devmon.cpp:64
2017-11-01 11:48:46.004 [6952] LOG_TRACE 92643674,cap len=1280 cctdlg.cpp:538
2017-11-01 11:48:47.709 [8576] LOG_TRACE rcv[12]:{DEV_ID:1}
 devmon.cpp:53
2017-11-01 11:48:50.644 [6952] LOG_TRACE 92648307,cap len=1280 cctdlg.cpp:538
2017-11-01 11:48:52.709 [8576] LOG_TRACE rcv[12]:{DEV_ID:1}
 devmon.cpp:53
2017-11-01 11:48:55.293 [6952] LOG_TRACE 92652956,cap len=1280 cctdlg.cpp:538
2017-11-01 11:48:57.709 [8576] LOG_TRACE rcv[12]:{DEV_ID:1}
 devmon.cpp:53
2017-11-01 11:48:59.934 [6952] LOG_TRACE 92657605,cap len=1280 cctdlg.cpp:538
2017-11-01 11:49:02.710 [8576] LOG_TRACE rcv[12]:{DEV_ID:1}
 devmon.cpp:53
2017-11-01 11:49:04.573 [6952] LOG_TRACE 92662238,cap len=1280 cctdlg.cpp:538
2017-11-01 11:49:07.710 [8576] LOG_TRACE rcv[12]:{DEV_ID:1}
 devmon.cpp:53
2017-11-01 11:49:09.223 [6952] LOG_TRACE 92666887,cap len=1280 cctdlg.cpp:538
2017-11-01 11:49:12.711 [8576] LOG_TRACE rcv[12]:{DEV_ID:1}
 devmon.cpp:53
2017-11-01 11:49:13.863 [6952] LOG_TRACE 92671535,cap len=1280 cctdlg.cpp:538
2017-11-01 11:49:17.712 [8576] LOG_TRACE rcv[12]:{DEV_ID:1}
 devmon.cpp:53
2017-11-01 11:49:18.514 [6952] LOG_TRACE 92676184,cap len=1280 cctdlg.cpp:538
2017-11-01 11:49:22.712 [8576] LOG_TRACE rcv[12]:{DEV_ID:1}
 devmon.cpp:53
2017-11-01 11:49:23.154 [6952] LOG_TRACE 92680817,cap len=1280 cctdlg.cpp:538
2017-11-01 11:49:27.712 [8576] LOG_TRACE rcv[12]:{DEV_ID:1}
 devmon.cpp:53
2017-11-01 11:49:32.712 [8576] LOG_TRACE rcv[12]:{DEV_ID:1}
 devmon.cpp:53
2017-11-01 11:49:37.714 [8576] LOG_TRACE rcv[12]:{DEV_ID:1}
 devmon.cpp:53
2017-11-01 11:49:42.714 [8576] LOG_TRACE rcv[12]:{DEV_ID:1}
 devmon.cpp:53
2017-11-01 11:49:47.714 [8576] LOG_TRACE rcv[12]:{DEV_ID:1}
 devmon.cpp:53
2017-11-01 11:49:52.715 [8576] LOG_TRACE rcv[12]:{DEV_ID:1}
 devmon.cpp:53
2017-11-01 11:49:57.715 [8576] LOG_TRACE rcv[12]:{DEV_ID:1}
 devmon.cpp:53
2017-11-01 11:50:02.715 [8576] LOG_TRACE rcv[12]:{DEV_ID:1}
 devmon.cpp:53
2017-11-01 11:50:07.715 [8576] LOG_TRACE rcv[12]:{DEV_ID:1}
 devmon.cpp:53
2017-11-01 11:50:09.074 [12136] LOG_TRACE CCCTDlg::OnBnClickedButtonTest cctdlg.cpp:364
2017-11-01 11:50:09.074 [12136] LOG_TRACE CCCTDlg::stopRecord cctdlg.cpp:561
2017-11-01 11:50:12.716 [8576] LOG_TRACE rcv[12]:{DEV_ID:1}
 devmon.cpp:53
