2017-11-01 17:33:43.842 [6304] LOG_ALARM -----------------  log4z thread started!   ---------------------------- log4z.cpp:1924
2017-11-01 17:33:43.855 [6304] LOG_ALARM logger id=0 key=Main name=Main path=./log/ level=0 display=true log4z.cpp:1934
2017-11-01 17:33:43.855 [13488] LOG_TRACE stream input *** LOGT LOGT LOGT LOGT ***  cctdlg.cpp:79
2017-11-01 17:33:43.855 [13488] LOG_DEBUG stream input *** LOGD LOGD LOGD LOGD ***  cctdlg.cpp:80
2017-11-01 17:33:43.855 [13488] LOG_INFO stream input *** LOGI LOGI LOGI LOGI ***  cctdlg.cpp:81
2017-11-01 17:33:43.855 [13488] LOG_WARN stream input *** LOGW LOGW LOGW LOGW ***  cctdlg.cpp:82
2017-11-01 17:33:43.855 [13488] LOG_ERROR stream input *** LOGE LOGE LOGE LOGE ***  cctdlg.cpp:83
2017-11-01 17:33:43.855 [13488] LOG_ALARM stream input *** LOGA LOGA LOGA LOGA ***  cctdlg.cpp:84
2017-11-01 17:33:43.855 [13488] LOG_FATAL stream input *** LOGF LOGF LOGF LOGF ***  cctdlg.cpp:85
2017-11-01 17:33:43.855 [13488] LOG_TRACE format input *** LOGFMTT *** 123456 *** cctdlg.cpp:86
2017-11-01 17:33:43.855 [13488] LOG_DEBUG format input *** LOGFMTD *** 123456 *** cctdlg.cpp:87
2017-11-01 17:33:43.855 [13488] LOG_INFO format input *** LOGFMTI *** 123456 *** cctdlg.cpp:88
2017-11-01 17:33:43.855 [13488] LOG_WARN format input *** LOGFMTW *** 123456 *** cctdlg.cpp:89
2017-11-01 17:33:43.855 [13488] LOG_ERROR format input *** LOGFMTE *** 123456 *** cctdlg.cpp:90
2017-11-01 17:33:43.855 [13488] LOG_ALARM format input *** LOGFMTA *** 123456 *** cctdlg.cpp:91
2017-11-01 17:33:43.855 [13488] LOG_FATAL format input *** LOGFMTF *** 123456 *** cctdlg.cpp:92
2017-11-01 17:33:43.855 [13488] LOG_ALARM main quit ... cctdlg.cpp:94
2017-11-01 17:33:43.951 [13488] LOG_TRACE CCCTDlg::udp_client_init cctdlg.cpp:594
2017-11-01 17:33:43.952 [13884] LOG_TRACE call_dev_mon_thread 
 devmon.cpp:6
2017-11-01 17:33:43.952 [13884] LOG_TRACE CDevMon::dev_mon_thread start
 devmon.cpp:29
2017-11-01 17:33:57.475 [13488] LOG_TRACE CCCTDlg::stopRecord cctdlg.cpp:566
2017-11-01 17:33:57.487 [13488] LOG_INFO wav in close err:5 cctdlg.cpp:576
2017-11-01 17:34:05.491 [0756] LOG_TRACE file[0] play stop cctdlg.cpp:1005
2017-11-01 17:34:05.491 [0756] LOG_TRACE play file change to  1 cctdlg.cpp:1014
2017-11-01 17:34:10.493 [0756] LOG_TRACE file[1] play stop cctdlg.cpp:1005
2017-11-01 17:34:10.493 [0756] LOG_TRACE play file change to  2 cctdlg.cpp:1014
2017-11-01 17:34:15.496 [14124] LOG_TRACE file[2] play stop cctdlg.cpp:1005
2017-11-01 17:34:15.496 [14124] LOG_TRACE play file change to  3 cctdlg.cpp:1014
