2017-12-06 15:36:45.382 [5588] LOG_ALARM -----------------  log4z thread started!   ---------------------------- log4z.cpp:1924
2017-12-06 15:36:45.388 [5588] LOG_ALARM logger id=0 key=Main name=Main path=./log/ level=0 display=true log4z.cpp:1934
2017-12-06 15:36:45.388 [10348] LOG_TRACE stream input *** LOGT LOGT LOGT LOGT ***  cctdlg.cpp:80
2017-12-06 15:36:45.388 [10348] LOG_DEBUG stream input *** LOGD LOGD LOGD LOGD ***  cctdlg.cpp:81
2017-12-06 15:36:45.388 [10348] LOG_INFO stream input *** LOGI LOGI LOGI LOGI ***  cctdlg.cpp:82
2017-12-06 15:36:45.388 [10348] LOG_WARN stream input *** LOGW LOGW LOGW LOGW ***  cctdlg.cpp:83
2017-12-06 15:36:45.388 [10348] LOG_ERROR stream input *** LOGE LOGE LOGE LOGE ***  cctdlg.cpp:84
2017-12-06 15:36:45.388 [10348] LOG_ALARM stream input *** LOGA LOGA LOGA LOGA ***  cctdlg.cpp:85
2017-12-06 15:36:45.388 [10348] LOG_FATAL stream input *** LOGF LOGF LOGF LOGF ***  cctdlg.cpp:86
2017-12-06 15:36:45.388 [10348] LOG_TRACE format input *** LOGFMTT *** 123456 *** cctdlg.cpp:87
2017-12-06 15:36:45.388 [10348] LOG_DEBUG format input *** LOGFMTD *** 123456 *** cctdlg.cpp:88
2017-12-06 15:36:45.388 [10348] LOG_INFO format input *** LOGFMTI *** 123456 *** cctdlg.cpp:89
2017-12-06 15:36:45.388 [10348] LOG_WARN format input *** LOGFMTW *** 123456 *** cctdlg.cpp:90
2017-12-06 15:36:45.388 [10348] LOG_ERROR format input *** LOGFMTE *** 123456 *** cctdlg.cpp:91
2017-12-06 15:36:45.388 [10348] LOG_ALARM format input *** LOGFMTA *** 123456 *** cctdlg.cpp:92
2017-12-06 15:36:45.388 [10348] LOG_FATAL format input *** LOGFMTF *** 123456 *** cctdlg.cpp:93
2017-12-06 15:36:45.388 [10348] LOG_ALARM main quit ... cctdlg.cpp:95
2017-12-06 15:36:45.441 [10348] LOG_TRACE CCCTDlg::udp_client_init cctdlg.cpp:611
2017-12-06 15:36:45.442 [6052] LOG_TRACE call_dev_mon_thread 
 devmon.cpp:6
2017-12-06 15:36:45.442 [6052] LOG_TRACE CDevMon::dev_mon_thread start
 devmon.cpp:29
2017-12-06 15:36:45.518 [10348] LOG_TRACE m_s32_volume=50 cctdlg.cpp:1177
2017-12-06 15:36:51.155 [10348] LOG_TRACE CCCTDlg::stopRecord cctdlg.cpp:583
2017-12-06 15:36:51.157 [10348] LOG_INFO wav in close err:5 cctdlg.cpp:593
2017-12-06 15:40:36.792 [5372] LOG_TRACE file[0] play stop cctdlg.cpp:1029
2017-12-06 15:40:36.792 [5372] LOG_TRACE play file change to  0 cctdlg.cpp:1038
2017-12-06 15:44:16.736 [4544] LOG_TRACE file[0] play stop cctdlg.cpp:1029
2017-12-06 15:44:16.736 [4544] LOG_TRACE play file change to  0 cctdlg.cpp:1038
2017-12-06 15:47:56.702 [5372] LOG_TRACE file[0] play stop cctdlg.cpp:1029
2017-12-06 15:47:56.702 [5372] LOG_TRACE play file change to  0 cctdlg.cpp:1038
2017-12-06 15:51:36.706 [4544] LOG_TRACE file[0] play stop cctdlg.cpp:1029
2017-12-06 15:51:36.706 [4544] LOG_TRACE play file change to  0 cctdlg.cpp:1038
2017-12-06 15:55:16.657 [4544] LOG_TRACE file[0] play stop cctdlg.cpp:1029
2017-12-06 15:55:16.657 [4544] LOG_TRACE play file change to  0 cctdlg.cpp:1038
2017-12-06 15:58:56.581 [4544] LOG_TRACE file[0] play stop cctdlg.cpp:1029
2017-12-06 15:58:56.581 [4544] LOG_TRACE play file change to  0 cctdlg.cpp:1038
2017-12-06 16:02:36.617 [5396] LOG_TRACE file[0] play stop cctdlg.cpp:1029
2017-12-06 16:02:36.617 [5396] LOG_TRACE play file change to  0 cctdlg.cpp:1038
2017-12-06 16:06:16.535 [5396] LOG_TRACE file[0] play stop cctdlg.cpp:1029
2017-12-06 16:06:16.535 [5396] LOG_TRACE play file change to  0 cctdlg.cpp:1038
2017-12-06 16:09:56.444 [5396] LOG_TRACE file[0] play stop cctdlg.cpp:1029
2017-12-06 16:09:56.444 [5396] LOG_TRACE play file change to  0 cctdlg.cpp:1038
2017-12-06 16:13:36.373 [9976] LOG_TRACE file[0] play stop cctdlg.cpp:1029
2017-12-06 16:13:36.373 [9976] LOG_TRACE play file change to  0 cctdlg.cpp:1038
2017-12-06 16:17:16.304 [5396] LOG_TRACE file[0] play stop cctdlg.cpp:1029
2017-12-06 16:17:16.304 [5396] LOG_TRACE play file change to  0 cctdlg.cpp:1038
2017-12-06 16:20:56.259 [11168] LOG_TRACE file[0] play stop cctdlg.cpp:1029
2017-12-06 16:20:56.259 [11168] LOG_TRACE play file change to  0 cctdlg.cpp:1038
2017-12-06 16:24:36.160 [9976] LOG_TRACE file[0] play stop cctdlg.cpp:1029
2017-12-06 16:24:36.160 [9976] LOG_TRACE play file change to  0 cctdlg.cpp:1038
2017-12-06 16:28:16.068 [9976] LOG_TRACE file[0] play stop cctdlg.cpp:1029
2017-12-06 16:28:16.068 [9976] LOG_TRACE play file change to  0 cctdlg.cpp:1038
2017-12-06 16:31:55.978 [9976] LOG_TRACE file[0] play stop cctdlg.cpp:1029
2017-12-06 16:31:55.978 [9976] LOG_TRACE play file change to  0 cctdlg.cpp:1038
2017-12-06 16:35:35.904 [9976] LOG_TRACE file[0] play stop cctdlg.cpp:1029
2017-12-06 16:35:35.904 [9976] LOG_TRACE play file change to  0 cctdlg.cpp:1038
2017-12-06 16:39:15.827 [9976] LOG_TRACE file[0] play stop cctdlg.cpp:1029
2017-12-06 16:39:15.827 [9976] LOG_TRACE play file change to  0 cctdlg.cpp:1038
2017-12-06 16:42:55.725 [11168] LOG_TRACE file[0] play stop cctdlg.cpp:1029
2017-12-06 16:42:55.725 [11168] LOG_TRACE play file change to  0 cctdlg.cpp:1038
2017-12-06 16:46:35.621 [9976] LOG_TRACE file[0] play stop cctdlg.cpp:1029
2017-12-06 16:46:35.621 [9976] LOG_TRACE play file change to  0 cctdlg.cpp:1038
2017-12-06 16:50:15.520 [9976] LOG_TRACE file[0] play stop cctdlg.cpp:1029
2017-12-06 16:50:15.520 [9976] LOG_TRACE play file change to  0 cctdlg.cpp:1038
2017-12-06 16:53:55.427 [9976] LOG_TRACE file[0] play stop cctdlg.cpp:1029
2017-12-06 16:53:55.427 [9976] LOG_TRACE play file change to  0 cctdlg.cpp:1038
2017-12-06 16:57:35.329 [9976] LOG_TRACE file[0] play stop cctdlg.cpp:1029
2017-12-06 16:57:35.329 [9976] LOG_TRACE play file change to  0 cctdlg.cpp:1038
2017-12-06 17:01:15.233 [9976] LOG_TRACE file[0] play stop cctdlg.cpp:1029
2017-12-06 17:01:15.233 [9976] LOG_TRACE play file change to  0 cctdlg.cpp:1038
2017-12-06 17:04:55.143 [11168] LOG_TRACE file[0] play stop cctdlg.cpp:1029
2017-12-06 17:04:55.143 [11168] LOG_TRACE play file change to  0 cctdlg.cpp:1038
2017-12-06 17:08:35.051 [9976] LOG_TRACE file[0] play stop cctdlg.cpp:1029
2017-12-06 17:08:35.051 [9976] LOG_TRACE play file change to  0 cctdlg.cpp:1038
2017-12-06 17:12:14.951 [9976] LOG_TRACE file[0] play stop cctdlg.cpp:1029
2017-12-06 17:12:14.951 [9976] LOG_TRACE play file change to  0 cctdlg.cpp:1038
2017-12-06 17:15:54.845 [5576] LOG_TRACE file[0] play stop cctdlg.cpp:1029
2017-12-06 17:15:54.845 [5576] LOG_TRACE play file change to  0 cctdlg.cpp:1038
2017-12-06 17:19:34.748 [5576] LOG_TRACE file[0] play stop cctdlg.cpp:1029
2017-12-06 17:19:34.748 [5576] LOG_TRACE play file change to  0 cctdlg.cpp:1038
2017-12-06 17:23:14.707 [5576] LOG_TRACE file[0] play stop cctdlg.cpp:1029
2017-12-06 17:23:14.707 [5576] LOG_TRACE play file change to  0 cctdlg.cpp:1038
2017-12-06 17:26:54.629 [9976] LOG_TRACE file[0] play stop cctdlg.cpp:1029
2017-12-06 17:26:54.629 [9976] LOG_TRACE play file change to  0 cctdlg.cpp:1038
2017-12-06 17:30:34.543 [5576] LOG_TRACE file[0] play stop cctdlg.cpp:1029
2017-12-06 17:30:34.543 [5576] LOG_TRACE play file change to  0 cctdlg.cpp:1038
2017-12-06 17:34:14.470 [9976] LOG_TRACE file[0] play stop cctdlg.cpp:1029
2017-12-06 17:34:14.470 [9976] LOG_TRACE play file change to  0 cctdlg.cpp:1038
2017-12-06 17:37:54.377 [9976] LOG_TRACE file[0] play stop cctdlg.cpp:1029
2017-12-06 17:37:54.377 [9976] LOG_TRACE play file change to  0 cctdlg.cpp:1038
2017-12-06 17:41:34.297 [5576] LOG_TRACE file[0] play stop cctdlg.cpp:1029
2017-12-06 17:41:34.297 [5576] LOG_TRACE play file change to  0 cctdlg.cpp:1038
2017-12-06 17:45:14.201 [9976] LOG_TRACE file[0] play stop cctdlg.cpp:1029
2017-12-06 17:45:14.201 [9976] LOG_TRACE play file change to  0 cctdlg.cpp:1038
2017-12-06 17:48:54.123 [5576] LOG_TRACE file[0] play stop cctdlg.cpp:1029
2017-12-06 17:48:54.123 [5576] LOG_TRACE play file change to  0 cctdlg.cpp:1038
2017-12-06 17:52:34.022 [5576] LOG_TRACE file[0] play stop cctdlg.cpp:1029
2017-12-06 17:52:34.022 [5576] LOG_TRACE play file change to  0 cctdlg.cpp:1038
2017-12-06 17:56:13.929 [5576] LOG_TRACE file[0] play stop cctdlg.cpp:1029
2017-12-06 17:56:13.929 [5576] LOG_TRACE play file change to  0 cctdlg.cpp:1038
2017-12-06 17:57:08.013 [10348] LOG_TRACE DeleteTimerQueue cctdlg.cpp:994
