2017-11-02 12:07:36.996 [12744] LOG_ALARM -----------------  log4z thread started!   ---------------------------- log4z.cpp:1924
2017-11-02 12:07:37.001 [12744] LOG_ALARM logger id=0 key=Main name=Main path=./log/ level=0 display=true log4z.cpp:1934
2017-11-02 12:07:37.004 [4640] LOG_TRACE stream input *** LOGT LOGT LOGT LOGT ***  cctdlg.cpp:79
2017-11-02 12:07:37.004 [4640] LOG_DEBUG stream input *** LOGD LOGD LOGD LOGD ***  cctdlg.cpp:80
2017-11-02 12:07:37.004 [4640] LOG_INFO stream input *** LOGI LOGI LOGI LOGI ***  cctdlg.cpp:81
2017-11-02 12:07:37.004 [4640] LOG_WARN stream input *** LOGW LOGW LOGW LOGW ***  cctdlg.cpp:82
2017-11-02 12:07:37.004 [4640] LOG_ERROR stream input *** LOGE LOGE LOGE LOGE ***  cctdlg.cpp:83
2017-11-02 12:07:37.004 [4640] LOG_ALARM stream input *** LOGA LOGA LOGA LOGA ***  cctdlg.cpp:84
2017-11-02 12:07:37.004 [4640] LOG_FATAL stream input *** LOGF LOGF LOGF LOGF ***  cctdlg.cpp:85
2017-11-02 12:07:37.004 [4640] LOG_TRACE format input *** LOGFMTT *** 123456 *** cctdlg.cpp:86
2017-11-02 12:07:37.004 [4640] LOG_DEBUG format input *** LOGFMTD *** 123456 *** cctdlg.cpp:87
2017-11-02 12:07:37.004 [4640] LOG_INFO format input *** LOGFMTI *** 123456 *** cctdlg.cpp:88
2017-11-02 12:07:37.004 [4640] LOG_WARN format input *** LOGFMTW *** 123456 *** cctdlg.cpp:89
2017-11-02 12:07:37.004 [4640] LOG_ERROR format input *** LOGFMTE *** 123456 *** cctdlg.cpp:90
2017-11-02 12:07:37.004 [4640] LOG_ALARM format input *** LOGFMTA *** 123456 *** cctdlg.cpp:91
2017-11-02 12:07:37.004 [4640] LOG_FATAL format input *** LOGFMTF *** 123456 *** cctdlg.cpp:92
2017-11-02 12:07:37.004 [4640] LOG_ALARM main quit ... cctdlg.cpp:94
2017-11-02 12:07:37.092 [4640] LOG_TRACE CCCTDlg::udp_client_init cctdlg.cpp:598
2017-11-02 12:07:37.092 [14288] LOG_TRACE call_dev_mon_thread 
 devmon.cpp:6
2017-11-02 12:07:37.092 [14288] LOG_TRACE CDevMon::dev_mon_thread start
 devmon.cpp:29
2017-11-02 12:07:38.625 [4640] LOG_TRACE CCCTDlg::OnBnClickedButtonTest cctdlg.cpp:374
2017-11-02 12:07:38.625 [4640] LOG_TRACE CCCTDlg::initRecord cctdlg.cpp:403
2017-11-02 12:07:38.636 [4640] LOG_TRACE cap_dev_num=2 cctdlg.cpp:407
2017-11-02 12:07:38.636 [4640] LOG_INFO CCCTDlg::initRecord, sample=22050, bits=16, ch=2, block=4, bytes_per_sec=88200 cctdlg.cpp:439
2017-11-02 12:07:38.661 [4640] LOG_TRACE WIM_OPEN cctdlg.cpp:499
2017-11-02 12:07:39.457 [4640] LOG_TRACE CCCTDlg::OnBnClickedCheckAll 1 cctdlg.cpp:873
2017-11-02 12:07:39.457 [4640] LOG_TRACE CCCTDlg::set_speaker, spk=1, onoff=1 cctdlg.cpp:627
2017-11-02 12:07:39.457 [4640] LOG_TRACE CCCTDlg::set_speaker, spk=2, onoff=1 cctdlg.cpp:627
2017-11-02 12:07:39.457 [4640] LOG_TRACE CCCTDlg::set_speaker, spk=3, onoff=1 cctdlg.cpp:627
2017-11-02 12:07:39.457 [4640] LOG_TRACE CCCTDlg::set_speaker, spk=4, onoff=1 cctdlg.cpp:627
2017-11-02 12:07:39.457 [4640] LOG_TRACE CCCTDlg::set_speaker, spk=5, onoff=1 cctdlg.cpp:627
2017-11-02 12:07:39.457 [4640] LOG_TRACE CCCTDlg::set_speaker, spk=6, onoff=1 cctdlg.cpp:627
2017-11-02 12:07:39.457 [4640] LOG_TRACE CCCTDlg::set_speaker, spk=7, onoff=1 cctdlg.cpp:627
2017-11-02 12:07:39.457 [4640] LOG_TRACE CCCTDlg::set_speaker, spk=8, onoff=1 cctdlg.cpp:627
2017-11-02 12:07:39.457 [4640] LOG_TRACE CCCTDlg::set_speaker, spk=9, onoff=1 cctdlg.cpp:627
2017-11-02 12:07:39.457 [4640] LOG_TRACE CCCTDlg::set_speaker, spk=10, onoff=1 cctdlg.cpp:627
2017-11-02 12:07:39.457 [4640] LOG_TRACE CCCTDlg::set_speaker, spk=11, onoff=1 cctdlg.cpp:627
2017-11-02 12:07:39.457 [4640] LOG_TRACE CCCTDlg::set_speaker, spk=12, onoff=1 cctdlg.cpp:627
2017-11-02 12:07:39.457 [4640] LOG_TRACE CCCTDlg::set_speaker, spk=13, onoff=1 cctdlg.cpp:627
2017-11-02 12:07:39.457 [4640] LOG_TRACE CCCTDlg::set_speaker, spk=14, onoff=1 cctdlg.cpp:627
2017-11-02 12:07:39.457 [4640] LOG_TRACE CCCTDlg::set_speaker, spk=15, onoff=1 cctdlg.cpp:627
2017-11-02 12:07:39.457 [4640] LOG_TRACE CCCTDlg::set_speaker, spk=16, onoff=1 cctdlg.cpp:627
2017-11-02 12:07:39.457 [4640] LOG_TRACE CCCTDlg::set_speaker, spk=17, onoff=1 cctdlg.cpp:627
2017-11-02 12:07:39.457 [4640] LOG_TRACE CCCTDlg::set_speaker, spk=18, onoff=1 cctdlg.cpp:627
2017-11-02 12:07:39.457 [4640] LOG_TRACE CCCTDlg::set_speaker, spk=19, onoff=1 cctdlg.cpp:627
2017-11-02 12:07:39.457 [4640] LOG_TRACE CCCTDlg::set_speaker, spk=20, onoff=1 cctdlg.cpp:627
2017-11-02 12:07:39.457 [4640] LOG_TRACE CCCTDlg::set_speaker, spk=21, onoff=1 cctdlg.cpp:627
2017-11-02 12:07:39.457 [4640] LOG_TRACE CCCTDlg::set_speaker, spk=22, onoff=1 cctdlg.cpp:627
2017-11-02 12:07:39.457 [4640] LOG_TRACE CCCTDlg::set_speaker, spk=23, onoff=1 cctdlg.cpp:627
2017-11-02 12:07:39.457 [4640] LOG_TRACE CCCTDlg::set_speaker, spk=24, onoff=1 cctdlg.cpp:627
2017-11-02 12:07:39.457 [4640] LOG_TRACE CCCTDlg::set_speaker, spk=25, onoff=1 cctdlg.cpp:627
2017-11-02 12:07:39.457 [4640] LOG_TRACE CCCTDlg::set_speaker, spk=26, onoff=1 cctdlg.cpp:627
2017-11-02 12:07:39.457 [4640] LOG_TRACE CCCTDlg::set_speaker, spk=27, onoff=1 cctdlg.cpp:627
2017-11-02 12:07:39.457 [4640] LOG_TRACE CCCTDlg::set_speaker, spk=28, onoff=1 cctdlg.cpp:627
2017-11-02 12:07:39.457 [4640] LOG_TRACE CCCTDlg::set_speaker, spk=29, onoff=1 cctdlg.cpp:627
2017-11-02 12:07:39.457 [4640] LOG_TRACE CCCTDlg::set_speaker, spk=30, onoff=1 cctdlg.cpp:627
2017-11-02 12:07:39.457 [4640] LOG_TRACE CCCTDlg::set_speaker, spk=31, onoff=1 cctdlg.cpp:627
2017-11-02 12:07:39.457 [4640] LOG_TRACE CCCTDlg::set_speaker, spk=32, onoff=1 cctdlg.cpp:627
2017-11-02 12:07:39.457 [4640] LOG_TRACE CCCTDlg::set_speaker, spk=33, onoff=1 cctdlg.cpp:627
2017-11-02 12:07:39.457 [4640] LOG_TRACE CCCTDlg::set_speaker, spk=34, onoff=1 cctdlg.cpp:627
2017-11-02 12:07:39.457 [4640] LOG_TRACE CCCTDlg::set_speaker, spk=35, onoff=1 cctdlg.cpp:627
2017-11-02 12:07:39.457 [4640] LOG_TRACE CCCTDlg::set_speaker, spk=36, onoff=1 cctdlg.cpp:627
2017-11-02 12:07:39.457 [4640] LOG_TRACE CCCTDlg::set_speaker, spk=37, onoff=1 cctdlg.cpp:627
2017-11-02 12:07:39.457 [4640] LOG_TRACE CCCTDlg::set_speaker, spk=38, onoff=1 cctdlg.cpp:627
2017-11-02 12:07:39.457 [4640] LOG_TRACE CCCTDlg::set_speaker, spk=39, onoff=1 cctdlg.cpp:627
2017-11-02 12:07:39.457 [4640] LOG_TRACE CCCTDlg::set_speaker, spk=40, onoff=1 cctdlg.cpp:627
2017-11-02 12:07:39.457 [4640] LOG_TRACE CCCTDlg::set_speaker, spk=41, onoff=1 cctdlg.cpp:627
2017-11-02 12:07:39.457 [4640] LOG_TRACE CCCTDlg::set_speaker, spk=42, onoff=1 cctdlg.cpp:627
2017-11-02 12:07:39.457 [4640] LOG_TRACE CCCTDlg::set_speaker, spk=43, onoff=1 cctdlg.cpp:627
2017-11-02 12:07:39.457 [4640] LOG_TRACE CCCTDlg::set_speaker, spk=44, onoff=1 cctdlg.cpp:627
2017-11-02 12:07:39.457 [4640] LOG_TRACE CCCTDlg::set_speaker, spk=45, onoff=1 cctdlg.cpp:627
2017-11-02 12:07:39.457 [4640] LOG_TRACE CCCTDlg::set_speaker, spk=46, onoff=1 cctdlg.cpp:627
2017-11-02 12:07:39.457 [4640] LOG_TRACE CCCTDlg::set_speaker, spk=47, onoff=1 cctdlg.cpp:627
2017-11-02 12:07:39.457 [4640] LOG_TRACE CCCTDlg::set_speaker, spk=48, onoff=1 cctdlg.cpp:627
2017-11-02 12:07:39.457 [4640] LOG_TRACE CCCTDlg::set_speaker, spk=49, onoff=1 cctdlg.cpp:627
2017-11-02 12:07:39.457 [4640] LOG_TRACE CCCTDlg::set_speaker, spk=50, onoff=1 cctdlg.cpp:627
2017-11-02 12:07:39.457 [4640] LOG_TRACE CCCTDlg::set_speaker, spk=51, onoff=1 cctdlg.cpp:627
2017-11-02 12:07:39.457 [4640] LOG_TRACE CCCTDlg::set_speaker, spk=52, onoff=1 cctdlg.cpp:627
2017-11-02 12:07:39.457 [4640] LOG_TRACE CCCTDlg::set_speaker, spk=53, onoff=1 cctdlg.cpp:627
2017-11-02 12:07:39.457 [4640] LOG_TRACE CCCTDlg::set_speaker, spk=54, onoff=1 cctdlg.cpp:627
2017-11-02 12:07:39.457 [4640] LOG_TRACE CCCTDlg::set_speaker, spk=55, onoff=1 cctdlg.cpp:627
2017-11-02 12:07:39.457 [4640] LOG_TRACE CCCTDlg::set_speaker, spk=56, onoff=1 cctdlg.cpp:627
2017-11-02 12:07:39.457 [4640] LOG_TRACE CCCTDlg::set_speaker, spk=57, onoff=1 cctdlg.cpp:627
2017-11-02 12:07:39.457 [4640] LOG_TRACE CCCTDlg::set_speaker, spk=58, onoff=1 cctdlg.cpp:627
2017-11-02 12:07:39.457 [4640] LOG_TRACE CCCTDlg::set_speaker, spk=59, onoff=1 cctdlg.cpp:627
2017-11-02 12:07:39.457 [4640] LOG_TRACE CCCTDlg::set_speaker, spk=60, onoff=1 cctdlg.cpp:627
2017-11-02 12:07:39.457 [4640] LOG_TRACE CCCTDlg::set_speaker, spk=61, onoff=1 cctdlg.cpp:627
2017-11-02 12:07:39.457 [4640] LOG_TRACE CCCTDlg::set_speaker, spk=62, onoff=1 cctdlg.cpp:627
2017-11-02 12:07:39.457 [4640] LOG_TRACE CCCTDlg::set_speaker, spk=63, onoff=1 cctdlg.cpp:627
2017-11-02 12:07:39.457 [4640] LOG_TRACE CCCTDlg::set_speaker, spk=64, onoff=1 cctdlg.cpp:627
2017-11-02 12:07:39.457 [4640] LOG_TRACE CCCTDlg::set_speaker, spk=65, onoff=1 cctdlg.cpp:627
2017-11-02 12:07:39.457 [4640] LOG_TRACE CCCTDlg::set_speaker, spk=66, onoff=1 cctdlg.cpp:627
2017-11-02 12:07:39.457 [4640] LOG_TRACE CCCTDlg::set_speaker, spk=67, onoff=1 cctdlg.cpp:627
2017-11-02 12:07:39.457 [4640] LOG_TRACE CCCTDlg::set_speaker, spk=68, onoff=1 cctdlg.cpp:627
2017-11-02 12:07:39.457 [4640] LOG_TRACE CCCTDlg::set_speaker, spk=69, onoff=1 cctdlg.cpp:627
2017-11-02 12:07:39.457 [4640] LOG_TRACE CCCTDlg::set_speaker, spk=70, onoff=1 cctdlg.cpp:627
2017-11-02 12:07:39.457 [4640] LOG_TRACE CCCTDlg::set_speaker, spk=71, onoff=1 cctdlg.cpp:627
2017-11-02 12:07:39.457 [4640] LOG_TRACE CCCTDlg::set_speaker, spk=72, onoff=1 cctdlg.cpp:627
2017-11-02 12:07:39.457 [4640] LOG_TRACE CCCTDlg::set_speaker, spk=73, onoff=1 cctdlg.cpp:627
2017-11-02 12:07:39.457 [4640] LOG_TRACE CCCTDlg::set_speaker, spk=74, onoff=1 cctdlg.cpp:627
2017-11-02 12:07:39.457 [4640] LOG_TRACE CCCTDlg::set_speaker, spk=75, onoff=1 cctdlg.cpp:627
2017-11-02 12:07:39.457 [4640] LOG_TRACE CCCTDlg::set_speaker, spk=76, onoff=1 cctdlg.cpp:627
2017-11-02 12:07:39.457 [4640] LOG_TRACE CCCTDlg::set_speaker, spk=77, onoff=1 cctdlg.cpp:627
2017-11-02 12:07:39.457 [4640] LOG_TRACE CCCTDlg::set_speaker, spk=78, onoff=1 cctdlg.cpp:627
2017-11-02 12:07:39.457 [4640] LOG_TRACE CCCTDlg::set_speaker, spk=79, onoff=1 cctdlg.cpp:627
2017-11-02 12:07:39.457 [4640] LOG_TRACE CCCTDlg::set_speaker, spk=80, onoff=1 cctdlg.cpp:627
2017-11-02 12:07:39.457 [4640] LOG_TRACE CCCTDlg::set_speaker, spk=81, onoff=1 cctdlg.cpp:627
2017-11-02 12:07:39.457 [4640] LOG_TRACE CCCTDlg::set_speaker, spk=82, onoff=1 cctdlg.cpp:627
2017-11-02 12:07:39.457 [4640] LOG_TRACE CCCTDlg::set_speaker, spk=83, onoff=1 cctdlg.cpp:627
2017-11-02 12:07:39.457 [4640] LOG_TRACE CCCTDlg::set_speaker, spk=84, onoff=1 cctdlg.cpp:627
2017-11-02 12:07:39.457 [4640] LOG_TRACE CCCTDlg::set_speaker, spk=85, onoff=1 cctdlg.cpp:627
2017-11-02 12:07:39.458 [4640] LOG_TRACE CCCTDlg::set_speaker, spk=86, onoff=1 cctdlg.cpp:627
2017-11-02 12:07:39.458 [4640] LOG_TRACE CCCTDlg::set_speaker, spk=87, onoff=1 cctdlg.cpp:627
2017-11-02 12:07:39.458 [4640] LOG_TRACE CCCTDlg::set_speaker, spk=88, onoff=1 cctdlg.cpp:627
2017-11-02 12:07:39.458 [4640] LOG_TRACE CCCTDlg::set_speaker, spk=89, onoff=1 cctdlg.cpp:627
2017-11-02 12:07:39.458 [4640] LOG_TRACE CCCTDlg::set_speaker, spk=90, onoff=1 cctdlg.cpp:627
2017-11-02 12:07:39.458 [4640] LOG_TRACE CCCTDlg::set_speaker, spk=91, onoff=1 cctdlg.cpp:627
2017-11-02 12:07:39.458 [4640] LOG_TRACE CCCTDlg::set_speaker, spk=92, onoff=1 cctdlg.cpp:627
2017-11-02 12:07:39.458 [4640] LOG_TRACE CCCTDlg::set_speaker, spk=93, onoff=1 cctdlg.cpp:627
2017-11-02 12:07:39.458 [4640] LOG_TRACE CCCTDlg::set_speaker, spk=94, onoff=1 cctdlg.cpp:627
2017-11-02 12:07:39.458 [4640] LOG_TRACE CCCTDlg::set_speaker, spk=95, onoff=1 cctdlg.cpp:627
2017-11-02 12:07:39.458 [4640] LOG_TRACE CCCTDlg::set_speaker, spk=96, onoff=1 cctdlg.cpp:627
2017-11-02 12:07:39.458 [4640] LOG_TRACE CCCTDlg::set_speaker, spk=97, onoff=1 cctdlg.cpp:627
2017-11-02 12:07:39.458 [4640] LOG_TRACE CCCTDlg::set_speaker, spk=98, onoff=1 cctdlg.cpp:627
2017-11-02 12:07:39.458 [4640] LOG_TRACE CCCTDlg::set_speaker, spk=99, onoff=1 cctdlg.cpp:627
2017-11-02 12:07:39.458 [4640] LOG_TRACE CCCTDlg::set_speaker, spk=100, onoff=1 cctdlg.cpp:627
2017-11-02 12:07:39.458 [4640] LOG_TRACE CCCTDlg::set_speaker, spk=101, onoff=1 cctdlg.cpp:627
2017-11-02 12:07:39.458 [4640] LOG_TRACE CCCTDlg::set_speaker, spk=102, onoff=1 cctdlg.cpp:627
2017-11-02 12:07:39.458 [4640] LOG_TRACE CCCTDlg::set_speaker, spk=103, onoff=1 cctdlg.cpp:627
2017-11-02 12:07:39.458 [4640] LOG_TRACE CCCTDlg::set_speaker, spk=104, onoff=1 cctdlg.cpp:627
2017-11-02 12:07:39.458 [4640] LOG_TRACE CCCTDlg::set_speaker, spk=105, onoff=1 cctdlg.cpp:627
2017-11-02 12:07:39.458 [4640] LOG_TRACE CCCTDlg::set_speaker, spk=106, onoff=1 cctdlg.cpp:627
2017-11-02 12:07:39.458 [4640] LOG_TRACE CCCTDlg::set_speaker, spk=107, onoff=1 cctdlg.cpp:627
2017-11-02 12:07:39.458 [4640] LOG_TRACE CCCTDlg::set_speaker, spk=108, onoff=1 cctdlg.cpp:627
2017-11-02 12:07:39.458 [4640] LOG_TRACE CCCTDlg::set_speaker, spk=109, onoff=1 cctdlg.cpp:627
2017-11-02 12:07:39.458 [4640] LOG_TRACE CCCTDlg::set_speaker, spk=110, onoff=1 cctdlg.cpp:627
2017-11-02 12:07:39.458 [4640] LOG_TRACE CCCTDlg::set_speaker, spk=111, onoff=1 cctdlg.cpp:627
2017-11-02 12:07:39.458 [4640] LOG_TRACE CCCTDlg::set_speaker, spk=112, onoff=1 cctdlg.cpp:627
2017-11-02 12:07:39.458 [4640] LOG_TRACE CCCTDlg::set_speaker, spk=113, onoff=1 cctdlg.cpp:627
2017-11-02 12:07:39.458 [4640] LOG_TRACE CCCTDlg::set_speaker, spk=114, onoff=1 cctdlg.cpp:627
2017-11-02 12:07:39.458 [4640] LOG_TRACE CCCTDlg::set_speaker, spk=115, onoff=1 cctdlg.cpp:627
2017-11-02 12:07:39.458 [4640] LOG_TRACE CCCTDlg::set_speaker, spk=116, onoff=1 cctdlg.cpp:627
2017-11-02 12:07:39.458 [4640] LOG_TRACE CCCTDlg::set_speaker, spk=117, onoff=1 cctdlg.cpp:627
2017-11-02 12:07:39.458 [4640] LOG_TRACE CCCTDlg::set_speaker, spk=118, onoff=1 cctdlg.cpp:627
2017-11-02 12:07:39.458 [4640] LOG_TRACE CCCTDlg::set_speaker, spk=119, onoff=1 cctdlg.cpp:627
2017-11-02 12:07:39.458 [4640] LOG_TRACE CCCTDlg::set_speaker, spk=120, onoff=1 cctdlg.cpp:627
2017-11-02 12:07:39.458 [4640] LOG_TRACE CCCTDlg::set_speaker, spk=121, onoff=1 cctdlg.cpp:627
2017-11-02 12:07:39.458 [4640] LOG_TRACE CCCTDlg::set_speaker, spk=122, onoff=1 cctdlg.cpp:627
2017-11-02 12:07:39.458 [4640] LOG_TRACE CCCTDlg::set_speaker, spk=123, onoff=1 cctdlg.cpp:627
2017-11-02 12:07:39.458 [4640] LOG_TRACE CCCTDlg::set_speaker, spk=124, onoff=1 cctdlg.cpp:627
2017-11-02 12:07:39.458 [4640] LOG_TRACE CCCTDlg::set_speaker, spk=125, onoff=1 cctdlg.cpp:627
2017-11-02 12:07:39.458 [4640] LOG_TRACE CCCTDlg::set_speaker, spk=126, onoff=1 cctdlg.cpp:627
2017-11-02 12:07:39.458 [4640] LOG_TRACE CCCTDlg::set_speaker, spk=127, onoff=1 cctdlg.cpp:627
2017-11-02 12:07:39.458 [4640] LOG_TRACE CCCTDlg::set_speaker, spk=128, onoff=1 cctdlg.cpp:627
2017-11-02 12:07:39.458 [4640] LOG_TRACE CCCTDlg::set_speaker, spk=129, onoff=1 cctdlg.cpp:627
2017-11-02 12:07:39.458 [4640] LOG_TRACE CCCTDlg::set_speaker, spk=130, onoff=1 cctdlg.cpp:627
2017-11-02 12:07:39.458 [4640] LOG_TRACE CCCTDlg::set_speaker, spk=131, onoff=1 cctdlg.cpp:627
2017-11-02 12:07:39.458 [4640] LOG_TRACE CCCTDlg::set_speaker, spk=132, onoff=1 cctdlg.cpp:627
2017-11-02 12:07:39.458 [4640] LOG_TRACE CCCTDlg::set_speaker, spk=133, onoff=1 cctdlg.cpp:627
2017-11-02 12:07:39.458 [4640] LOG_TRACE CCCTDlg::set_speaker, spk=134, onoff=1 cctdlg.cpp:627
2017-11-02 12:07:39.458 [4640] LOG_TRACE CCCTDlg::set_speaker, spk=135, onoff=1 cctdlg.cpp:627
2017-11-02 12:07:39.458 [4640] LOG_TRACE CCCTDlg::set_speaker, spk=136, onoff=1 cctdlg.cpp:627
2017-11-02 12:07:39.458 [4640] LOG_TRACE CCCTDlg::set_speaker, spk=137, onoff=1 cctdlg.cpp:627
2017-11-02 12:07:39.458 [4640] LOG_TRACE CCCTDlg::set_speaker, spk=138, onoff=1 cctdlg.cpp:627
2017-11-02 12:07:39.458 [4640] LOG_TRACE CCCTDlg::set_speaker, spk=139, onoff=1 cctdlg.cpp:627
2017-11-02 12:07:39.458 [4640] LOG_TRACE CCCTDlg::set_speaker, spk=140, onoff=1 cctdlg.cpp:627
2017-11-02 12:07:39.458 [4640] LOG_TRACE CCCTDlg::set_speaker, spk=141, onoff=1 cctdlg.cpp:627
2017-11-02 12:07:39.458 [4640] LOG_TRACE CCCTDlg::set_speaker, spk=142, onoff=1 cctdlg.cpp:627
2017-11-02 12:07:39.458 [4640] LOG_TRACE CCCTDlg::set_speaker, spk=143, onoff=1 cctdlg.cpp:627
2017-11-02 12:07:39.458 [4640] LOG_TRACE CCCTDlg::set_speaker, spk=144, onoff=1 cctdlg.cpp:627
2017-11-02 12:07:39.458 [4640] LOG_TRACE CCCTDlg::set_speaker, spk=145, onoff=1 cctdlg.cpp:627
2017-11-02 12:07:39.458 [4640] LOG_TRACE CCCTDlg::set_speaker, spk=146, onoff=1 cctdlg.cpp:627
2017-11-02 12:07:39.458 [4640] LOG_TRACE CCCTDlg::set_speaker, spk=147, onoff=1 cctdlg.cpp:627
2017-11-02 12:07:39.458 [4640] LOG_TRACE CCCTDlg::set_speaker, spk=148, onoff=1 cctdlg.cpp:627
2017-11-02 12:07:39.458 [4640] LOG_TRACE CCCTDlg::set_speaker, spk=149, onoff=1 cctdlg.cpp:627
2017-11-02 12:07:39.458 [4640] LOG_TRACE CCCTDlg::set_speaker, spk=150, onoff=1 cctdlg.cpp:627
2017-11-02 12:07:39.458 [4640] LOG_TRACE CCCTDlg::set_speaker, spk=151, onoff=1 cctdlg.cpp:627
2017-11-02 12:07:39.458 [4640] LOG_TRACE CCCTDlg::set_speaker, spk=152, onoff=1 cctdlg.cpp:627
2017-11-02 12:07:39.458 [4640] LOG_TRACE CCCTDlg::set_speaker, spk=153, onoff=1 cctdlg.cpp:627
2017-11-02 12:07:39.458 [4640] LOG_TRACE CCCTDlg::set_speaker, spk=154, onoff=1 cctdlg.cpp:627
2017-11-02 12:07:39.458 [4640] LOG_TRACE CCCTDlg::set_speaker, spk=155, onoff=1 cctdlg.cpp:627
2017-11-02 12:07:39.458 [4640] LOG_TRACE CCCTDlg::set_speaker, spk=156, onoff=1 cctdlg.cpp:627
2017-11-02 12:07:39.458 [4640] LOG_TRACE CCCTDlg::set_speaker, spk=157, onoff=1 cctdlg.cpp:627
2017-11-02 12:07:39.458 [4640] LOG_TRACE CCCTDlg::set_speaker, spk=158, onoff=1 cctdlg.cpp:627
2017-11-02 12:07:39.458 [4640] LOG_TRACE CCCTDlg::set_speaker, spk=159, onoff=1 cctdlg.cpp:627
2017-11-02 12:07:39.458 [4640] LOG_TRACE CCCTDlg::set_speaker, spk=160, onoff=1 cctdlg.cpp:627
2017-11-02 12:07:39.458 [4640] LOG_TRACE CCCTDlg::set_speaker, spk=161, onoff=1 cctdlg.cpp:627
2017-11-02 12:07:39.458 [4640] LOG_TRACE CCCTDlg::set_speaker, spk=162, onoff=1 cctdlg.cpp:627
2017-11-02 12:07:39.458 [4640] LOG_TRACE CCCTDlg::set_speaker, spk=163, onoff=1 cctdlg.cpp:627
2017-11-02 12:07:39.458 [4640] LOG_TRACE CCCTDlg::set_speaker, spk=164, onoff=1 cctdlg.cpp:627
2017-11-02 12:07:39.458 [4640] LOG_TRACE CCCTDlg::set_speaker, spk=165, onoff=1 cctdlg.cpp:627
2017-11-02 12:07:39.458 [4640] LOG_TRACE CCCTDlg::set_speaker, spk=166, onoff=1 cctdlg.cpp:627
2017-11-02 12:07:39.458 [4640] LOG_TRACE CCCTDlg::set_speaker, spk=167, onoff=1 cctdlg.cpp:627
2017-11-02 12:07:39.458 [4640] LOG_TRACE CCCTDlg::set_speaker, spk=168, onoff=1 cctdlg.cpp:627
2017-11-02 12:07:39.458 [4640] LOG_TRACE CCCTDlg::set_speaker, spk=169, onoff=1 cctdlg.cpp:627
2017-11-02 12:07:39.458 [4640] LOG_TRACE CCCTDlg::set_speaker, spk=170, onoff=1 cctdlg.cpp:627
2017-11-02 12:07:39.458 [4640] LOG_TRACE CCCTDlg::set_speaker, spk=171, onoff=1 cctdlg.cpp:627
2017-11-02 12:07:39.458 [4640] LOG_TRACE CCCTDlg::set_speaker, spk=172, onoff=1 cctdlg.cpp:627
2017-11-02 12:07:39.458 [4640] LOG_TRACE CCCTDlg::set_speaker, spk=173, onoff=1 cctdlg.cpp:627
2017-11-02 12:07:39.458 [4640] LOG_TRACE CCCTDlg::set_speaker, spk=174, onoff=1 cctdlg.cpp:627
2017-11-02 12:07:39.458 [4640] LOG_TRACE CCCTDlg::set_speaker, spk=175, onoff=1 cctdlg.cpp:627
2017-11-02 12:07:39.458 [4640] LOG_TRACE CCCTDlg::set_speaker, spk=176, onoff=1 cctdlg.cpp:627
2017-11-02 12:07:39.458 [4640] LOG_TRACE CCCTDlg::set_speaker, spk=177, onoff=1 cctdlg.cpp:627
2017-11-02 12:07:39.458 [4640] LOG_TRACE CCCTDlg::set_speaker, spk=178, onoff=1 cctdlg.cpp:627
2017-11-02 12:07:39.458 [4640] LOG_TRACE CCCTDlg::set_speaker, spk=179, onoff=1 cctdlg.cpp:627
2017-11-02 12:07:39.458 [4640] LOG_TRACE CCCTDlg::set_speaker, spk=180, onoff=1 cctdlg.cpp:627
2017-11-02 12:07:39.458 [4640] LOG_TRACE CCCTDlg::set_speaker, spk=181, onoff=1 cctdlg.cpp:627
2017-11-02 12:07:39.458 [4640] LOG_TRACE CCCTDlg::set_speaker, spk=182, onoff=1 cctdlg.cpp:627
2017-11-02 12:07:39.458 [4640] LOG_TRACE CCCTDlg::set_speaker, spk=183, onoff=1 cctdlg.cpp:627
2017-11-02 12:07:39.458 [4640] LOG_TRACE CCCTDlg::set_speaker, spk=184, onoff=1 cctdlg.cpp:627
2017-11-02 12:07:39.458 [4640] LOG_TRACE CCCTDlg::set_speaker, spk=185, onoff=1 cctdlg.cpp:627
2017-11-02 12:07:39.458 [4640] LOG_TRACE CCCTDlg::set_speaker, spk=186, onoff=1 cctdlg.cpp:627
2017-11-02 12:07:39.458 [4640] LOG_TRACE CCCTDlg::set_speaker, spk=187, onoff=1 cctdlg.cpp:627
2017-11-02 12:07:39.458 [4640] LOG_TRACE CCCTDlg::set_speaker, spk=188, onoff=1 cctdlg.cpp:627
2017-11-02 12:07:39.458 [4640] LOG_TRACE CCCTDlg::set_speaker, spk=189, onoff=1 cctdlg.cpp:627
2017-11-02 12:07:39.458 [4640] LOG_TRACE CCCTDlg::set_speaker, spk=190, onoff=1 cctdlg.cpp:627
2017-11-02 12:07:39.458 [4640] LOG_TRACE CCCTDlg::set_speaker, spk=191, onoff=1 cctdlg.cpp:627
2017-11-02 12:07:39.458 [4640] LOG_TRACE CCCTDlg::set_speaker, spk=192, onoff=1 cctdlg.cpp:627
2017-11-02 12:07:39.458 [4640] LOG_TRACE CCCTDlg::set_speaker, spk=193, onoff=1 cctdlg.cpp:627
2017-11-02 12:07:39.458 [4640] LOG_TRACE CCCTDlg::set_speaker, spk=194, onoff=1 cctdlg.cpp:627
2017-11-02 12:07:39.458 [4640] LOG_TRACE CCCTDlg::set_speaker, spk=195, onoff=1 cctdlg.cpp:627
2017-11-02 12:07:39.458 [4640] LOG_TRACE CCCTDlg::set_speaker, spk=196, onoff=1 cctdlg.cpp:627
2017-11-02 12:07:39.458 [4640] LOG_TRACE CCCTDlg::set_speaker, spk=197, onoff=1 cctdlg.cpp:627
2017-11-02 12:07:39.458 [4640] LOG_TRACE CCCTDlg::set_speaker, spk=198, onoff=1 cctdlg.cpp:627
2017-11-02 12:07:39.458 [4640] LOG_TRACE CCCTDlg::set_speaker, spk=199, onoff=1 cctdlg.cpp:627
2017-11-02 12:07:39.458 [4640] LOG_TRACE CCCTDlg::set_speaker, spk=200, onoff=1 cctdlg.cpp:627
2017-11-02 12:07:39.458 [4640] LOG_TRACE CCCTDlg::set_speaker, spk=201, onoff=1 cctdlg.cpp:627
2017-11-02 12:07:39.458 [4640] LOG_TRACE CCCTDlg::set_speaker, spk=202, onoff=1 cctdlg.cpp:627
2017-11-02 12:07:39.458 [4640] LOG_TRACE CCCTDlg::set_speaker, spk=203, onoff=1 cctdlg.cpp:627
2017-11-02 12:07:39.458 [4640] LOG_TRACE CCCTDlg::set_speaker, spk=204, onoff=1 cctdlg.cpp:627
2017-11-02 12:07:39.458 [4640] LOG_TRACE CCCTDlg::set_speaker, spk=205, onoff=1 cctdlg.cpp:627
2017-11-02 12:07:39.458 [4640] LOG_TRACE CCCTDlg::set_speaker, spk=206, onoff=1 cctdlg.cpp:627
2017-11-02 12:07:39.458 [4640] LOG_TRACE CCCTDlg::set_speaker, spk=207, onoff=1 cctdlg.cpp:627
2017-11-02 12:07:39.458 [4640] LOG_TRACE CCCTDlg::set_speaker, spk=208, onoff=1 cctdlg.cpp:627
2017-11-02 12:07:39.458 [4640] LOG_TRACE CCCTDlg::set_speaker, spk=209, onoff=1 cctdlg.cpp:627
2017-11-02 12:07:39.458 [4640] LOG_TRACE CCCTDlg::set_speaker, spk=210, onoff=1 cctdlg.cpp:627
2017-11-02 12:07:39.458 [4640] LOG_TRACE CCCTDlg::set_speaker, spk=211, onoff=1 cctdlg.cpp:627
2017-11-02 12:07:39.458 [4640] LOG_TRACE CCCTDlg::set_speaker, spk=212, onoff=1 cctdlg.cpp:627
2017-11-02 12:07:39.458 [4640] LOG_TRACE CCCTDlg::set_speaker, spk=213, onoff=1 cctdlg.cpp:627
2017-11-02 12:07:39.458 [4640] LOG_TRACE CCCTDlg::set_speaker, spk=214, onoff=1 cctdlg.cpp:627
2017-11-02 12:07:39.458 [4640] LOG_TRACE CCCTDlg::set_speaker, spk=215, onoff=1 cctdlg.cpp:627
2017-11-02 12:07:39.458 [4640] LOG_TRACE CCCTDlg::set_speaker, spk=216, onoff=1 cctdlg.cpp:627
2017-11-02 12:07:39.458 [4640] LOG_TRACE CCCTDlg::set_speaker, spk=217, onoff=1 cctdlg.cpp:627
2017-11-02 12:07:39.458 [4640] LOG_TRACE CCCTDlg::set_speaker, spk=218, onoff=1 cctdlg.cpp:627
2017-11-02 12:07:39.458 [4640] LOG_TRACE CCCTDlg::set_speaker, spk=219, onoff=1 cctdlg.cpp:627
2017-11-02 12:07:39.458 [4640] LOG_TRACE CCCTDlg::set_speaker, spk=220, onoff=1 cctdlg.cpp:627
2017-11-02 12:07:39.458 [4640] LOG_TRACE CCCTDlg::set_speaker, spk=221, onoff=1 cctdlg.cpp:627
2017-11-02 12:07:39.458 [4640] LOG_TRACE CCCTDlg::set_speaker, spk=222, onoff=1 cctdlg.cpp:627
2017-11-02 12:07:39.459 [4640] LOG_TRACE CCCTDlg::set_speaker, spk=223, onoff=1 cctdlg.cpp:627
2017-11-02 12:07:39.459 [4640] LOG_TRACE CCCTDlg::set_speaker, spk=224, onoff=1 cctdlg.cpp:627
2017-11-02 12:07:39.459 [4640] LOG_TRACE CCCTDlg::set_speaker, spk=225, onoff=1 cctdlg.cpp:627
2017-11-02 12:07:39.459 [4640] LOG_TRACE CCCTDlg::set_speaker, spk=226, onoff=1 cctdlg.cpp:627
2017-11-02 12:07:39.459 [4640] LOG_TRACE CCCTDlg::set_speaker, spk=227, onoff=1 cctdlg.cpp:627
2017-11-02 12:07:39.459 [4640] LOG_TRACE CCCTDlg::set_speaker, spk=228, onoff=1 cctdlg.cpp:627
2017-11-02 12:07:39.459 [4640] LOG_TRACE CCCTDlg::set_speaker, spk=229, onoff=1 cctdlg.cpp:627
2017-11-02 12:07:39.459 [4640] LOG_TRACE CCCTDlg::set_speaker, spk=230, onoff=1 cctdlg.cpp:627
2017-11-02 12:07:39.459 [4640] LOG_TRACE CCCTDlg::set_speaker, spk=231, onoff=1 cctdlg.cpp:627
2017-11-02 12:07:39.459 [4640] LOG_TRACE CCCTDlg::set_speaker, spk=232, onoff=1 cctdlg.cpp:627
2017-11-02 12:07:39.459 [4640] LOG_TRACE CCCTDlg::set_speaker, spk=233, onoff=1 cctdlg.cpp:627
2017-11-02 12:07:39.459 [4640] LOG_TRACE CCCTDlg::set_speaker, spk=234, onoff=1 cctdlg.cpp:627
2017-11-02 12:07:39.459 [4640] LOG_TRACE CCCTDlg::set_speaker, spk=235, onoff=1 cctdlg.cpp:627
2017-11-02 12:07:39.459 [4640] LOG_TRACE CCCTDlg::set_speaker, spk=236, onoff=1 cctdlg.cpp:627
2017-11-02 12:07:39.459 [4640] LOG_TRACE CCCTDlg::set_speaker, spk=237, onoff=1 cctdlg.cpp:627
2017-11-02 12:07:39.459 [4640] LOG_TRACE CCCTDlg::set_speaker, spk=238, onoff=1 cctdlg.cpp:627
2017-11-02 12:07:39.459 [4640] LOG_TRACE CCCTDlg::set_speaker, spk=239, onoff=1 cctdlg.cpp:627
2017-11-02 12:07:39.459 [4640] LOG_TRACE CCCTDlg::set_speaker, spk=240, onoff=1 cctdlg.cpp:627
2017-11-02 12:07:39.459 [4640] LOG_TRACE CCCTDlg::set_speaker, spk=241, onoff=1 cctdlg.cpp:627
2017-11-02 12:07:39.459 [4640] LOG_TRACE CCCTDlg::set_speaker, spk=242, onoff=1 cctdlg.cpp:627
2017-11-02 12:07:39.459 [4640] LOG_TRACE CCCTDlg::set_speaker, spk=243, onoff=1 cctdlg.cpp:627
2017-11-02 12:07:39.459 [4640] LOG_TRACE CCCTDlg::set_speaker, spk=244, onoff=1 cctdlg.cpp:627
2017-11-02 12:07:39.459 [4640] LOG_TRACE CCCTDlg::set_speaker, spk=245, onoff=1 cctdlg.cpp:627
2017-11-02 12:07:39.459 [4640] LOG_TRACE CCCTDlg::set_speaker, spk=246, onoff=1 cctdlg.cpp:627
2017-11-02 12:07:39.459 [4640] LOG_TRACE CCCTDlg::set_speaker, spk=247, onoff=1 cctdlg.cpp:627
2017-11-02 12:07:39.459 [4640] LOG_TRACE CCCTDlg::set_speaker, spk=248, onoff=1 cctdlg.cpp:627
2017-11-02 12:07:39.459 [4640] LOG_TRACE CCCTDlg::set_speaker, spk=249, onoff=1 cctdlg.cpp:627
2017-11-02 12:07:39.459 [4640] LOG_TRACE CCCTDlg::set_speaker, spk=250, onoff=1 cctdlg.cpp:627
2017-11-02 12:07:39.459 [4640] LOG_TRACE CCCTDlg::set_speaker, spk=251, onoff=1 cctdlg.cpp:627
2017-11-02 12:07:39.459 [4640] LOG_TRACE CCCTDlg::set_speaker, spk=252, onoff=1 cctdlg.cpp:627
2017-11-02 12:07:39.459 [4640] LOG_TRACE CCCTDlg::set_speaker, spk=253, onoff=1 cctdlg.cpp:627
2017-11-02 12:07:39.459 [4640] LOG_TRACE CCCTDlg::set_speaker, spk=254, onoff=1 cctdlg.cpp:627
2017-11-02 12:07:43.317 [13508] LOG_TRACE 180184181,cap len=1280 cctdlg.cpp:547
2017-11-02 12:07:47.957 [13508] LOG_TRACE 180188814,cap len=1280 cctdlg.cpp:547
2017-11-02 12:07:52.607 [13508] LOG_TRACE 180193463,cap len=1280 cctdlg.cpp:547
2017-11-02 12:07:57.247 [13508] LOG_TRACE 180198112,cap len=1280 cctdlg.cpp:547
2017-11-02 12:08:01.898 [13508] LOG_TRACE 180202760,cap len=1280 cctdlg.cpp:547
2017-11-02 12:08:06.537 [13508] LOG_TRACE 180207394,cap len=1280 cctdlg.cpp:547
2017-11-02 12:08:11.177 [13508] LOG_TRACE 180212042,cap len=1280 cctdlg.cpp:547
2017-11-02 12:08:15.828 [13508] LOG_TRACE 180216691,cap len=1280 cctdlg.cpp:547
2017-11-02 12:08:20.467 [13508] LOG_TRACE 180221325,cap len=1280 cctdlg.cpp:547
2017-11-02 12:08:25.117 [13508] LOG_TRACE 180225973,cap len=1280 cctdlg.cpp:547
2017-11-02 12:08:29.757 [13508] LOG_TRACE 180230622,cap len=1280 cctdlg.cpp:547
2017-11-02 12:08:34.397 [13508] LOG_TRACE 180235255,cap len=1280 cctdlg.cpp:547
2017-11-02 12:08:39.047 [13508] LOG_TRACE 180239904,cap len=1280 cctdlg.cpp:547
2017-11-02 12:08:43.687 [13508] LOG_TRACE 180244537,cap len=1280 cctdlg.cpp:547
2017-11-02 12:08:48.337 [13508] LOG_TRACE 180249202,cap len=1280 cctdlg.cpp:547
2017-11-02 12:08:52.977 [13508] LOG_TRACE 180253835,cap len=1280 cctdlg.cpp:547
2017-11-02 12:08:57.617 [13508] LOG_TRACE 180258468,cap len=1280 cctdlg.cpp:547
2017-11-02 12:09:02.266 [13508] LOG_TRACE 180263117,cap len=1280 cctdlg.cpp:547
2017-11-02 12:09:06.906 [13508] LOG_TRACE 180267766,cap len=1280 cctdlg.cpp:547
2017-11-02 12:09:11.557 [13508] LOG_TRACE 180272415,cap len=1280 cctdlg.cpp:547
2017-11-02 12:09:16.198 [13508] LOG_TRACE 180277048,cap len=1280 cctdlg.cpp:547
2017-11-02 12:09:20.836 [13508] LOG_TRACE 180281697,cap len=1280 cctdlg.cpp:547
2017-11-02 12:09:25.486 [13508] LOG_TRACE 180286346,cap len=1280 cctdlg.cpp:547
2017-11-02 12:09:30.127 [13508] LOG_TRACE 180290979,cap len=1280 cctdlg.cpp:547
2017-11-02 12:09:34.767 [13508] LOG_TRACE 180295628,cap len=1280 cctdlg.cpp:547
2017-11-02 12:09:39.417 [13508] LOG_TRACE 180300277,cap len=1280 cctdlg.cpp:547
2017-11-02 12:09:44.057 [13508] LOG_TRACE 180304910,cap len=1280 cctdlg.cpp:547
2017-11-02 12:09:48.707 [13508] LOG_TRACE 180309559,cap len=1280 cctdlg.cpp:547
2017-11-02 12:09:53.346 [13508] LOG_TRACE 180314208,cap len=1280 cctdlg.cpp:547
2017-11-02 12:09:57.986 [13508] LOG_TRACE 180318841,cap len=1280 cctdlg.cpp:547
2017-11-02 12:10:02.637 [13508] LOG_TRACE 180323490,cap len=1280 cctdlg.cpp:547
2017-11-02 12:10:07.276 [13508] LOG_TRACE 180328138,cap len=1280 cctdlg.cpp:547
2017-11-02 12:10:11.926 [13508] LOG_TRACE 180332787,cap len=1280 cctdlg.cpp:547
2017-11-02 12:10:16.566 [13508] LOG_TRACE 180337420,cap len=1280 cctdlg.cpp:547
2017-11-02 12:10:21.206 [13508] LOG_TRACE 180342069,cap len=1280 cctdlg.cpp:547
2017-11-02 12:10:25.856 [13508] LOG_TRACE 180346718,cap len=1280 cctdlg.cpp:547
2017-11-02 12:10:30.496 [13508] LOG_TRACE 180351351,cap len=1280 cctdlg.cpp:547
2017-11-02 12:10:35.146 [13508] LOG_TRACE 180356000,cap len=1280 cctdlg.cpp:547
2017-11-02 12:10:39.786 [13508] LOG_TRACE 180360649,cap len=1280 cctdlg.cpp:547
2017-11-02 12:10:44.426 [13508] LOG_TRACE 180365282,cap len=1280 cctdlg.cpp:547
2017-11-02 12:10:49.076 [13508] LOG_TRACE 180369931,cap len=1280 cctdlg.cpp:547
2017-11-02 12:10:53.716 [13508] LOG_TRACE 180374580,cap len=1280 cctdlg.cpp:547
2017-11-02 12:10:58.366 [13508] LOG_TRACE 180379229,cap len=1280 cctdlg.cpp:547
2017-11-02 12:11:03.006 [13508] LOG_TRACE 180383862,cap len=1280 cctdlg.cpp:547
2017-11-02 12:11:07.646 [13508] LOG_TRACE 180388511,cap len=1280 cctdlg.cpp:547
2017-11-02 12:11:12.296 [13508] LOG_TRACE 180393160,cap len=1280 cctdlg.cpp:547
2017-11-02 12:11:16.936 [13508] LOG_TRACE 180397793,cap len=1280 cctdlg.cpp:547
2017-11-02 12:11:21.586 [13508] LOG_TRACE 180402442,cap len=1280 cctdlg.cpp:547
2017-11-02 12:11:26.225 [13508] LOG_TRACE 180407091,cap len=1280 cctdlg.cpp:547
2017-11-02 12:11:30.866 [13508] LOG_TRACE 180411724,cap len=1280 cctdlg.cpp:547
2017-11-02 12:11:35.516 [13508] LOG_TRACE 180416373,cap len=1280 cctdlg.cpp:547
2017-11-02 12:11:40.155 [13508] LOG_TRACE 180421006,cap len=1280 cctdlg.cpp:547
2017-11-02 12:11:44.805 [13508] LOG_TRACE 180425670,cap len=1280 cctdlg.cpp:547
2017-11-02 12:11:49.445 [13508] LOG_TRACE 180430303,cap len=1280 cctdlg.cpp:547
2017-11-02 12:11:54.086 [13508] LOG_TRACE 180434937,cap len=1280 cctdlg.cpp:547
2017-11-02 12:11:58.736 [13508] LOG_TRACE 180439601,cap len=1280 cctdlg.cpp:547
2017-11-02 12:12:03.376 [13508] LOG_TRACE 180444234,cap len=1280 cctdlg.cpp:547
2017-11-02 12:12:08.026 [13508] LOG_TRACE 180448883,cap len=1280 cctdlg.cpp:547
2017-11-02 12:12:12.665 [13508] LOG_TRACE 180453516,cap len=1280 cctdlg.cpp:547
2017-11-02 12:12:17.305 [13508] LOG_TRACE 180458165,cap len=1280 cctdlg.cpp:547
2017-11-02 12:12:21.956 [13508] LOG_TRACE 180462814,cap len=1280 cctdlg.cpp:547
2017-11-02 12:12:26.595 [13508] LOG_TRACE 180467447,cap len=1280 cctdlg.cpp:547
2017-11-02 12:12:31.245 [13508] LOG_TRACE 180472096,cap len=1280 cctdlg.cpp:547
2017-11-02 12:12:35.885 [13508] LOG_TRACE 180476745,cap len=1280 cctdlg.cpp:547
2017-11-02 12:12:40.526 [13508] LOG_TRACE 180481378,cap len=1280 cctdlg.cpp:547
2017-11-02 12:12:45.175 [13508] LOG_TRACE 180486027,cap len=1280 cctdlg.cpp:547
2017-11-02 12:12:49.815 [13508] LOG_TRACE 180490676,cap len=1280 cctdlg.cpp:547
2017-11-02 12:12:54.464 [13508] LOG_TRACE 180495325,cap len=1280 cctdlg.cpp:547
2017-11-02 12:12:59.105 [13508] LOG_TRACE 180499958,cap len=1280 cctdlg.cpp:547
2017-11-02 12:13:03.745 [13508] LOG_TRACE 180504607,cap len=1280 cctdlg.cpp:547
2017-11-02 12:13:08.395 [13508] LOG_TRACE 180509256,cap len=1280 cctdlg.cpp:547
2017-11-02 12:13:13.035 [13508] LOG_TRACE 180513889,cap len=1280 cctdlg.cpp:547
2017-11-02 12:13:17.685 [13508] LOG_TRACE 180518538,cap len=1280 cctdlg.cpp:547
2017-11-02 12:13:22.325 [13508] LOG_TRACE 180523186,cap len=1280 cctdlg.cpp:547
2017-11-02 12:13:26.965 [13508] LOG_TRACE 180527820,cap len=1280 cctdlg.cpp:547
2017-11-02 12:13:31.615 [13508] LOG_TRACE 180532469,cap len=1280 cctdlg.cpp:547
2017-11-02 12:13:36.255 [13508] LOG_TRACE 180537117,cap len=1280 cctdlg.cpp:547
2017-11-02 12:13:40.905 [13508] LOG_TRACE 180541766,cap len=1280 cctdlg.cpp:547
2017-11-02 12:13:45.545 [13508] LOG_TRACE 180546399,cap len=1280 cctdlg.cpp:547
2017-11-02 12:13:50.185 [13508] LOG_TRACE 180551048,cap len=1280 cctdlg.cpp:547
2017-11-02 12:13:54.835 [13508] LOG_TRACE 180555697,cap len=1280 cctdlg.cpp:547
2017-11-02 12:13:59.475 [13508] LOG_TRACE 180560330,cap len=1280 cctdlg.cpp:547
2017-11-02 12:14:04.124 [13508] LOG_TRACE 180564979,cap len=1280 cctdlg.cpp:547
2017-11-02 12:14:08.765 [13508] LOG_TRACE 180569628,cap len=1280 cctdlg.cpp:547
2017-11-02 12:14:13.405 [13508] LOG_TRACE 180574261,cap len=1280 cctdlg.cpp:547
2017-11-02 12:14:18.054 [13508] LOG_TRACE 180578910,cap len=1280 cctdlg.cpp:547
2017-11-02 12:14:22.694 [13508] LOG_TRACE 180583559,cap len=1280 cctdlg.cpp:547
2017-11-02 12:14:27.345 [13508] LOG_TRACE 180588208,cap len=1280 cctdlg.cpp:547
2017-11-02 12:14:31.984 [13508] LOG_TRACE 180592841,cap len=1280 cctdlg.cpp:547
2017-11-02 12:14:36.625 [13508] LOG_TRACE 180597490,cap len=1280 cctdlg.cpp:547
2017-11-02 12:14:41.275 [13508] LOG_TRACE 180602139,cap len=1280 cctdlg.cpp:547
2017-11-02 12:14:45.914 [13508] LOG_TRACE 180606772,cap len=1280 cctdlg.cpp:547
2017-11-02 12:14:50.564 [13508] LOG_TRACE 180611421,cap len=1280 cctdlg.cpp:547
2017-11-02 12:14:55.204 [13508] LOG_TRACE 180616069,cap len=1280 cctdlg.cpp:547
2017-11-02 12:14:59.845 [13508] LOG_TRACE 180620703,cap len=1280 cctdlg.cpp:547
2017-11-02 12:15:04.494 [13508] LOG_TRACE 180625352,cap len=1280 cctdlg.cpp:547
2017-11-02 12:15:09.135 [13508] LOG_TRACE 180630000,cap len=1280 cctdlg.cpp:547
2017-11-02 12:15:13.784 [13508] LOG_TRACE 180634649,cap len=1280 cctdlg.cpp:547
2017-11-02 12:15:18.424 [13508] LOG_TRACE 180639282,cap len=1280 cctdlg.cpp:547
2017-11-02 12:15:23.065 [13508] LOG_TRACE 180643916,cap len=1280 cctdlg.cpp:547
2017-11-02 12:15:27.714 [13508] LOG_TRACE 180648564,cap len=1280 cctdlg.cpp:547
2017-11-02 12:15:32.353 [13508] LOG_TRACE 180653213,cap len=1280 cctdlg.cpp:547
2017-11-02 12:15:37.004 [13508] LOG_TRACE 180657862,cap len=1280 cctdlg.cpp:547
2017-11-02 12:15:41.645 [13508] LOG_TRACE 180662495,cap len=1280 cctdlg.cpp:547
2017-11-02 12:15:46.285 [13508] LOG_TRACE 180667144,cap len=1280 cctdlg.cpp:547
2017-11-02 12:15:50.934 [13508] LOG_TRACE 180671793,cap len=1280 cctdlg.cpp:547
2017-11-02 12:15:55.574 [13508] LOG_TRACE 180676426,cap len=1280 cctdlg.cpp:547
2017-11-02 12:16:00.224 [13508] LOG_TRACE 180681075,cap len=1280 cctdlg.cpp:547
2017-11-02 12:16:04.864 [13508] LOG_TRACE 180685724,cap len=1280 cctdlg.cpp:547
2017-11-02 12:16:09.504 [13508] LOG_TRACE 180690357,cap len=1280 cctdlg.cpp:547
2017-11-02 12:16:14.154 [13508] LOG_TRACE 180695006,cap len=1280 cctdlg.cpp:547
2017-11-02 12:16:18.793 [13508] LOG_TRACE 180699655,cap len=1280 cctdlg.cpp:547
2017-11-02 12:16:23.443 [13508] LOG_TRACE 180704304,cap len=1280 cctdlg.cpp:547
2017-11-02 12:16:28.084 [13508] LOG_TRACE 180708937,cap len=1280 cctdlg.cpp:547
2017-11-02 12:16:32.724 [13508] LOG_TRACE 180713586,cap len=1280 cctdlg.cpp:547
2017-11-02 12:16:37.373 [13508] LOG_TRACE 180718235,cap len=1280 cctdlg.cpp:547
2017-11-02 12:16:42.013 [13508] LOG_TRACE 180722868,cap len=1280 cctdlg.cpp:547
2017-11-02 12:16:46.664 [13508] LOG_TRACE 180727517,cap len=1280 cctdlg.cpp:547
2017-11-02 12:16:51.303 [13508] LOG_TRACE 180732165,cap len=1280 cctdlg.cpp:547
2017-11-02 12:16:55.943 [13508] LOG_TRACE 180736799,cap len=1280 cctdlg.cpp:547
2017-11-02 12:17:00.594 [13508] LOG_TRACE 180741447,cap len=1280 cctdlg.cpp:547
2017-11-02 12:17:05.234 [13508] LOG_TRACE 180746096,cap len=1280 cctdlg.cpp:547
2017-11-02 12:17:09.883 [13508] LOG_TRACE 180750745,cap len=1280 cctdlg.cpp:547
2017-11-02 12:17:14.524 [13508] LOG_TRACE 180755378,cap len=1280 cctdlg.cpp:547
2017-11-02 12:17:19.165 [13508] LOG_TRACE 180760027,cap len=1280 cctdlg.cpp:547
2017-11-02 12:17:23.814 [13508] LOG_TRACE 180764676,cap len=1280 cctdlg.cpp:547
2017-11-02 12:17:28.454 [13508] LOG_TRACE 180769309,cap len=1280 cctdlg.cpp:547
2017-11-02 12:17:33.103 [13508] LOG_TRACE 180773958,cap len=1280 cctdlg.cpp:547
2017-11-02 12:17:37.744 [13508] LOG_TRACE 180778607,cap len=1280 cctdlg.cpp:547
2017-11-02 12:17:42.383 [13508] LOG_TRACE 180783240,cap len=1280 cctdlg.cpp:547
2017-11-02 12:17:47.033 [13508] LOG_TRACE 180787889,cap len=1280 cctdlg.cpp:547
2017-11-02 12:17:51.673 [13508] LOG_TRACE 180792538,cap len=1280 cctdlg.cpp:547
2017-11-02 12:17:56.323 [13508] LOG_TRACE 180797187,cap len=1280 cctdlg.cpp:547
2017-11-02 12:18:00.963 [13508] LOG_TRACE 180801820,cap len=1280 cctdlg.cpp:547
2017-11-02 12:18:05.604 [13508] LOG_TRACE 180806469,cap len=1280 cctdlg.cpp:547
2017-11-02 12:18:10.253 [13508] LOG_TRACE 180811118,cap len=1280 cctdlg.cpp:547
2017-11-02 12:18:14.893 [13508] LOG_TRACE 180815751,cap len=1280 cctdlg.cpp:547
2017-11-02 12:18:19.543 [13508] LOG_TRACE 180820400,cap len=1280 cctdlg.cpp:547
2017-11-02 12:18:24.183 [13508] LOG_TRACE 180825048,cap len=1280 cctdlg.cpp:547
2017-11-02 12:18:28.824 [13508] LOG_TRACE 180829682,cap len=1280 cctdlg.cpp:547
2017-11-02 12:18:33.473 [13508] LOG_TRACE 180834330,cap len=1280 cctdlg.cpp:547
2017-11-02 12:18:38.112 [13508] LOG_TRACE 180838964,cap len=1280 cctdlg.cpp:547
2017-11-02 12:18:42.763 [13508] LOG_TRACE 180843628,cap len=1280 cctdlg.cpp:547
2017-11-02 12:18:47.403 [13508] LOG_TRACE 180848261,cap len=1280 cctdlg.cpp:547
2017-11-02 12:18:52.044 [13508] LOG_TRACE 180852895,cap len=1280 cctdlg.cpp:547
2017-11-02 12:18:56.692 [13508] LOG_TRACE 180857543,cap len=1280 cctdlg.cpp:547
2017-11-02 12:19:01.332 [13508] LOG_TRACE 180862192,cap len=1280 cctdlg.cpp:547
2017-11-02 12:19:05.984 [13508] LOG_TRACE 180866841,cap len=1280 cctdlg.cpp:547
2017-11-02 12:19:10.622 [13508] LOG_TRACE 180871474,cap len=1280 cctdlg.cpp:547
2017-11-02 12:19:15.262 [13508] LOG_TRACE 180876123,cap len=1280 cctdlg.cpp:547
2017-11-02 12:19:19.912 [13508] LOG_TRACE 180880772,cap len=1280 cctdlg.cpp:547
2017-11-02 12:19:24.553 [13508] LOG_TRACE 180885405,cap len=1280 cctdlg.cpp:547
2017-11-02 12:19:29.202 [13508] LOG_TRACE 180890054,cap len=1280 cctdlg.cpp:547
2017-11-02 12:19:33.843 [13508] LOG_TRACE 180894703,cap len=1280 cctdlg.cpp:547
2017-11-02 12:19:38.483 [13508] LOG_TRACE 180899336,cap len=1280 cctdlg.cpp:547
2017-11-02 12:19:43.132 [13508] LOG_TRACE 180903985,cap len=1280 cctdlg.cpp:547
2017-11-02 12:19:47.772 [13508] LOG_TRACE 180908634,cap len=1280 cctdlg.cpp:547
2017-11-02 12:19:52.423 [13508] LOG_TRACE 180913283,cap len=1280 cctdlg.cpp:547
2017-11-02 12:19:57.062 [13508] LOG_TRACE 180917916,cap len=1280 cctdlg.cpp:547
2017-11-02 12:20:01.702 [13508] LOG_TRACE 180922565,cap len=1280 cctdlg.cpp:547
2017-11-02 12:20:06.352 [13508] LOG_TRACE 180927213,cap len=1280 cctdlg.cpp:547
2017-11-02 12:20:10.992 [13508] LOG_TRACE 180931847,cap len=1280 cctdlg.cpp:547
2017-11-02 12:20:15.642 [13508] LOG_TRACE 180936496,cap len=1280 cctdlg.cpp:547
2017-11-02 12:20:20.282 [13508] LOG_TRACE 180941144,cap len=1280 cctdlg.cpp:547
2017-11-02 12:20:24.922 [13508] LOG_TRACE 180945778,cap len=1280 cctdlg.cpp:547
2017-11-02 12:20:29.572 [13508] LOG_TRACE 180950426,cap len=1280 cctdlg.cpp:547
2017-11-02 12:20:34.212 [13508] LOG_TRACE 180955075,cap len=1280 cctdlg.cpp:547
2017-11-02 12:20:38.862 [13508] LOG_TRACE 180959724,cap len=1280 cctdlg.cpp:547
2017-11-02 12:20:43.501 [13508] LOG_TRACE 180964357,cap len=1280 cctdlg.cpp:547
2017-11-02 12:20:48.142 [13508] LOG_TRACE 180969006,cap len=1280 cctdlg.cpp:547
2017-11-02 12:20:52.792 [13508] LOG_TRACE 180973655,cap len=1280 cctdlg.cpp:547
2017-11-02 12:20:57.432 [13508] LOG_TRACE 180978288,cap len=1280 cctdlg.cpp:547
2017-11-02 12:21:02.081 [13508] LOG_TRACE 180982937,cap len=1280 cctdlg.cpp:547
2017-11-02 12:21:06.722 [13508] LOG_TRACE 180987586,cap len=1280 cctdlg.cpp:547
2017-11-02 12:21:11.362 [13508] LOG_TRACE 180992219,cap len=1280 cctdlg.cpp:547
2017-11-02 12:21:16.011 [13508] LOG_TRACE 180996868,cap len=1280 cctdlg.cpp:547
2017-11-02 12:21:20.651 [13508] LOG_TRACE 181001517,cap len=1280 cctdlg.cpp:547
2017-11-02 12:21:25.301 [13508] LOG_TRACE 181006166,cap len=1280 cctdlg.cpp:547
2017-11-02 12:21:29.942 [13508] LOG_TRACE 181010799,cap len=1280 cctdlg.cpp:547
2017-11-02 12:21:34.581 [13508] LOG_TRACE 181015432,cap len=1280 cctdlg.cpp:547
2017-11-02 12:21:39.232 [13508] LOG_TRACE 181020096,cap len=1280 cctdlg.cpp:547
2017-11-02 12:21:43.872 [13508] LOG_TRACE 181024730,cap len=1280 cctdlg.cpp:547
2017-11-02 12:21:48.521 [13508] LOG_TRACE 181029379,cap len=1280 cctdlg.cpp:547
2017-11-02 12:21:53.161 [13508] LOG_TRACE 181034012,cap len=1280 cctdlg.cpp:547
2017-11-02 12:21:57.802 [13508] LOG_TRACE 181038661,cap len=1280 cctdlg.cpp:547
2017-11-02 12:22:02.451 [13508] LOG_TRACE 181043309,cap len=1280 cctdlg.cpp:547
2017-11-02 12:22:07.092 [13508] LOG_TRACE 181047943,cap len=1280 cctdlg.cpp:547
2017-11-02 12:22:11.742 [13508] LOG_TRACE 181052607,cap len=1280 cctdlg.cpp:547
2017-11-02 12:22:16.381 [13508] LOG_TRACE 181057240,cap len=1280 cctdlg.cpp:547
2017-11-02 12:22:21.021 [13508] LOG_TRACE 181061874,cap len=1280 cctdlg.cpp:547
2017-11-02 12:22:25.671 [13508] LOG_TRACE 181066522,cap len=1280 cctdlg.cpp:547
2017-11-02 12:22:30.311 [13508] LOG_TRACE 181071171,cap len=1280 cctdlg.cpp:547
2017-11-02 12:22:34.961 [13508] LOG_TRACE 181075820,cap len=1280 cctdlg.cpp:547
2017-11-02 12:22:39.601 [13508] LOG_TRACE 181080453,cap len=1280 cctdlg.cpp:547
2017-11-02 12:22:44.242 [13508] LOG_TRACE 181085102,cap len=1280 cctdlg.cpp:547
2017-11-02 12:22:48.891 [13508] LOG_TRACE 181089751,cap len=1280 cctdlg.cpp:547
2017-11-02 12:22:53.531 [13508] LOG_TRACE 181094384,cap len=1280 cctdlg.cpp:547
2017-11-02 12:22:58.182 [13508] LOG_TRACE 181099033,cap len=1280 cctdlg.cpp:547
2017-11-02 12:23:02.821 [13508] LOG_TRACE 181103682,cap len=1280 cctdlg.cpp:547
2017-11-02 12:23:07.461 [13508] LOG_TRACE 181108315,cap len=1280 cctdlg.cpp:547
2017-11-02 12:23:12.112 [13508] LOG_TRACE 181112964,cap len=1280 cctdlg.cpp:547
2017-11-02 12:23:16.751 [13508] LOG_TRACE 181117613,cap len=1280 cctdlg.cpp:547
2017-11-02 12:23:21.400 [13508] LOG_TRACE 181122262,cap len=1280 cctdlg.cpp:547
2017-11-02 12:23:26.041 [13508] LOG_TRACE 181126895,cap len=1280 cctdlg.cpp:547
2017-11-02 12:23:30.681 [13508] LOG_TRACE 181131544,cap len=1280 cctdlg.cpp:547
2017-11-02 12:23:35.330 [13508] LOG_TRACE 181136192,cap len=1280 cctdlg.cpp:547
2017-11-02 12:23:39.971 [13508] LOG_TRACE 181140826,cap len=1280 cctdlg.cpp:547
2017-11-02 12:23:44.621 [13508] LOG_TRACE 181145474,cap len=1280 cctdlg.cpp:547
2017-11-02 12:23:49.260 [13508] LOG_TRACE 181150123,cap len=1280 cctdlg.cpp:547
2017-11-02 12:23:53.901 [13508] LOG_TRACE 181154757,cap len=1280 cctdlg.cpp:547
2017-11-02 12:23:58.550 [13508] LOG_TRACE 181159405,cap len=1280 cctdlg.cpp:547
2017-11-02 12:24:03.191 [13508] LOG_TRACE 181164054,cap len=1280 cctdlg.cpp:547
2017-11-02 12:24:07.840 [13508] LOG_TRACE 181168703,cap len=1280 cctdlg.cpp:547
2017-11-02 12:24:12.480 [13508] LOG_TRACE 181173336,cap len=1280 cctdlg.cpp:547
2017-11-02 12:24:17.120 [13508] LOG_TRACE 181177985,cap len=1280 cctdlg.cpp:547
2017-11-02 12:24:21.771 [13508] LOG_TRACE 181182634,cap len=1280 cctdlg.cpp:547
2017-11-02 12:24:26.411 [13508] LOG_TRACE 181187267,cap len=1280 cctdlg.cpp:547
2017-11-02 12:24:31.059 [13508] LOG_TRACE 181191916,cap len=1280 cctdlg.cpp:547
2017-11-02 12:24:35.701 [13508] LOG_TRACE 181196565,cap len=1280 cctdlg.cpp:547
2017-11-02 12:24:40.340 [13508] LOG_TRACE 181201198,cap len=1280 cctdlg.cpp:547
2017-11-02 12:24:44.990 [13508] LOG_TRACE 181205847,cap len=1280 cctdlg.cpp:547
2017-11-02 12:24:49.629 [13508] LOG_TRACE 181210480,cap len=1280 cctdlg.cpp:547
2017-11-02 12:24:54.281 [13508] LOG_TRACE 181215145,cap len=1280 cctdlg.cpp:547
2017-11-02 12:24:58.920 [13508] LOG_TRACE 181219778,cap len=1280 cctdlg.cpp:547
2017-11-02 12:25:03.560 [13508] LOG_TRACE 181224411,cap len=1280 cctdlg.cpp:547
2017-11-02 12:25:08.209 [13508] LOG_TRACE 181229060,cap len=1280 cctdlg.cpp:547
2017-11-02 12:25:12.850 [13508] LOG_TRACE 181233709,cap len=1280 cctdlg.cpp:547
2017-11-02 12:25:17.500 [13508] LOG_TRACE 181238357,cap len=1280 cctdlg.cpp:547
2017-11-02 12:25:22.140 [13508] LOG_TRACE 181242991,cap len=1280 cctdlg.cpp:547
2017-11-02 12:25:26.780 [13508] LOG_TRACE 181247640,cap len=1280 cctdlg.cpp:547
2017-11-02 12:25:31.430 [13508] LOG_TRACE 181252288,cap len=1280 cctdlg.cpp:547
2017-11-02 12:25:36.070 [13508] LOG_TRACE 181256922,cap len=1280 cctdlg.cpp:547
2017-11-02 12:25:40.719 [13508] LOG_TRACE 181261570,cap len=1280 cctdlg.cpp:547
2017-11-02 12:25:45.360 [13508] LOG_TRACE 181266219,cap len=1280 cctdlg.cpp:547
2017-11-02 12:25:50.000 [13508] LOG_TRACE 181270852,cap len=1280 cctdlg.cpp:547
2017-11-02 12:25:54.649 [13508] LOG_TRACE 181275501,cap len=1280 cctdlg.cpp:547
2017-11-02 12:25:59.289 [13508] LOG_TRACE 181280150,cap len=1280 cctdlg.cpp:547
2017-11-02 12:26:03.940 [13508] LOG_TRACE 181284799,cap len=1280 cctdlg.cpp:547
2017-11-02 12:26:08.581 [13508] LOG_TRACE 181289432,cap len=1280 cctdlg.cpp:547
2017-11-02 12:26:13.219 [13508] LOG_TRACE 181294081,cap len=1280 cctdlg.cpp:547
2017-11-02 12:26:17.869 [13508] LOG_TRACE 181298730,cap len=1280 cctdlg.cpp:547
