2017-12-07 17:39:04.013 [6436] LOG_ALARM -----------------  log4z thread started!   ---------------------------- log4z.cpp:1924
2017-12-07 17:39:04.030 [6436] LOG_ALARM logger id=0 key=Main name=Main path=./log/ level=0 display=true log4z.cpp:1934
2017-12-07 17:39:04.031 [3044] LOG_TRACE stream input *** LOGT LOGT LOGT LOGT ***  cctdlg.cpp:80
2017-12-07 17:39:04.031 [3044] LOG_DEBUG stream input *** LOGD LOGD LOGD LOGD ***  cctdlg.cpp:81
2017-12-07 17:39:04.031 [3044] LOG_INFO stream input *** LOGI LOGI LOGI LOGI ***  cctdlg.cpp:82
2017-12-07 17:39:04.031 [3044] LOG_WARN stream input *** LOGW LOGW LOGW LOGW ***  cctdlg.cpp:83
2017-12-07 17:39:04.031 [3044] LOG_ERROR stream input *** LOGE LOGE LOGE LOGE ***  cctdlg.cpp:84
2017-12-07 17:39:04.031 [3044] LOG_ALARM stream input *** LOGA LOGA LOGA LOGA ***  cctdlg.cpp:85
2017-12-07 17:39:04.031 [3044] LOG_FATAL stream input *** LOGF LOGF LOGF LOGF ***  cctdlg.cpp:86
2017-12-07 17:39:04.031 [3044] LOG_TRACE format input *** LOGFMTT *** 123456 *** cctdlg.cpp:87
2017-12-07 17:39:04.031 [3044] LOG_DEBUG format input *** LOGFMTD *** 123456 *** cctdlg.cpp:88
2017-12-07 17:39:04.031 [3044] LOG_INFO format input *** LOGFMTI *** 123456 *** cctdlg.cpp:89
2017-12-07 17:39:04.031 [3044] LOG_WARN format input *** LOGFMTW *** 123456 *** cctdlg.cpp:90
2017-12-07 17:39:04.031 [3044] LOG_ERROR format input *** LOGFMTE *** 123456 *** cctdlg.cpp:91
2017-12-07 17:39:04.031 [3044] LOG_ALARM format input *** LOGFMTA *** 123456 *** cctdlg.cpp:92
2017-12-07 17:39:04.031 [3044] LOG_FATAL format input *** LOGFMTF *** 123456 *** cctdlg.cpp:93
2017-12-07 17:39:04.031 [3044] LOG_ALARM main quit ... cctdlg.cpp:95
2017-12-07 17:39:04.392 [3044] LOG_TRACE CCCTDlg::udp_client_init cctdlg.cpp:611
2017-12-07 17:39:04.392 [7648] LOG_TRACE call_dev_mon_thread 
 devmon.cpp:6
2017-12-07 17:39:04.392 [7648] LOG_TRACE CDevMon::dev_mon_thread start
 devmon.cpp:29
2017-12-07 17:39:04.504 [3044] LOG_TRACE m_s32_volume=50 cctdlg.cpp:1180
2017-12-07 17:39:12.522 [3044] LOG_TRACE spk1 1 cctdlg.cpp:654
2017-12-07 17:39:12.522 [3044] LOG_TRACE CCCTDlg::set_speaker, spk=1, onoff=1 cctdlg.cpp:640
2017-12-07 17:39:13.576 [3044] LOG_TRACE CCCTDlg::stopRecord cctdlg.cpp:583
2017-12-07 17:39:13.664 [3044] LOG_INFO wav in close err:5 cctdlg.cpp:593
2017-12-07 17:39:22.181 [3044] LOG_TRACE m_s32_volume=50 cctdlg.cpp:1180
2017-12-07 17:39:22.447 [3044] LOG_TRACE m_s32_volume=50 cctdlg.cpp:1180
2017-12-07 17:39:22.464 [3044] LOG_TRACE m_s32_volume=49 cctdlg.cpp:1180
2017-12-07 17:39:22.500 [3044] LOG_TRACE m_s32_volume=51 cctdlg.cpp:1180
2017-12-07 17:39:22.516 [3044] LOG_TRACE m_s32_volume=52 cctdlg.cpp:1180
2017-12-07 17:39:22.526 [3044] LOG_TRACE m_s32_volume=53 cctdlg.cpp:1180
2017-12-07 17:39:22.542 [3044] LOG_TRACE m_s32_volume=56 cctdlg.cpp:1180
2017-12-07 17:39:22.558 [3044] LOG_TRACE m_s32_volume=57 cctdlg.cpp:1180
2017-12-07 17:39:22.566 [3044] LOG_TRACE m_s32_volume=59 cctdlg.cpp:1180
2017-12-07 17:39:22.584 [3044] LOG_TRACE m_s32_volume=60 cctdlg.cpp:1180
2017-12-07 17:39:22.592 [3044] LOG_TRACE m_s32_volume=61 cctdlg.cpp:1180
2017-12-07 17:39:22.600 [3044] LOG_TRACE m_s32_volume=62 cctdlg.cpp:1180
2017-12-07 17:39:22.608 [3044] LOG_TRACE m_s32_volume=63 cctdlg.cpp:1180
2017-12-07 17:39:22.616 [3044] LOG_TRACE m_s32_volume=64 cctdlg.cpp:1180
2017-12-07 17:39:22.624 [3044] LOG_TRACE m_s32_volume=65 cctdlg.cpp:1180
2017-12-07 17:39:22.632 [3044] LOG_TRACE m_s32_volume=66 cctdlg.cpp:1180
2017-12-07 17:39:22.653 [3044] LOG_TRACE m_s32_volume=67 cctdlg.cpp:1180
2017-12-07 17:39:22.666 [3044] LOG_TRACE m_s32_volume=68 cctdlg.cpp:1180
2017-12-07 17:39:22.682 [3044] LOG_TRACE m_s32_volume=70 cctdlg.cpp:1180
2017-12-07 17:39:22.690 [3044] LOG_TRACE m_s32_volume=72 cctdlg.cpp:1180
2017-12-07 17:39:22.708 [3044] LOG_TRACE m_s32_volume=73 cctdlg.cpp:1180
2017-12-07 17:39:22.716 [3044] LOG_TRACE m_s32_volume=74 cctdlg.cpp:1180
2017-12-07 17:39:22.724 [3044] LOG_TRACE m_s32_volume=75 cctdlg.cpp:1180
2017-12-07 17:39:22.732 [3044] LOG_TRACE m_s32_volume=76 cctdlg.cpp:1180
2017-12-07 17:39:22.752 [3044] LOG_TRACE m_s32_volume=77 cctdlg.cpp:1180
2017-12-07 17:39:22.760 [3044] LOG_TRACE m_s32_volume=78 cctdlg.cpp:1180
2017-12-07 17:39:22.805 [3044] LOG_TRACE m_s32_volume=79 cctdlg.cpp:1180
2017-12-07 17:39:22.813 [3044] LOG_TRACE m_s32_volume=80 cctdlg.cpp:1180
2017-12-07 17:39:22.839 [3044] LOG_TRACE m_s32_volume=82 cctdlg.cpp:1180
2017-12-07 17:39:22.846 [3044] LOG_TRACE m_s32_volume=84 cctdlg.cpp:1180
2017-12-07 17:39:22.855 [3044] LOG_TRACE m_s32_volume=86 cctdlg.cpp:1180
2017-12-07 17:39:22.870 [3044] LOG_TRACE m_s32_volume=88 cctdlg.cpp:1180
2017-12-07 17:39:22.878 [3044] LOG_TRACE m_s32_volume=89 cctdlg.cpp:1180
2017-12-07 17:39:22.888 [3044] LOG_TRACE m_s32_volume=90 cctdlg.cpp:1180
2017-12-07 17:39:22.896 [3044] LOG_TRACE m_s32_volume=92 cctdlg.cpp:1180
2017-12-07 17:39:22.904 [3044] LOG_TRACE m_s32_volume=93 cctdlg.cpp:1180
2017-12-07 17:39:22.912 [3044] LOG_TRACE m_s32_volume=95 cctdlg.cpp:1180
2017-12-07 17:39:22.928 [3044] LOG_TRACE m_s32_volume=96 cctdlg.cpp:1180
2017-12-07 17:39:22.945 [3044] LOG_TRACE m_s32_volume=97 cctdlg.cpp:1180
2017-12-07 17:39:22.952 [3044] LOG_TRACE m_s32_volume=98 cctdlg.cpp:1180
2017-12-07 17:39:22.961 [3044] LOG_TRACE m_s32_volume=99 cctdlg.cpp:1180
2017-12-07 17:39:22.991 [3044] LOG_TRACE m_s32_volume=100 cctdlg.cpp:1180
2017-12-07 17:39:23.493 [3044] LOG_TRACE m_s32_volume=99 cctdlg.cpp:1180
2017-12-07 17:39:24.696 [3044] LOG_TRACE m_s32_volume=100 cctdlg.cpp:1180
2017-12-07 17:39:25.273 [3044] LOG_TRACE m_s32_volume=100 cctdlg.cpp:1180
2017-12-07 17:39:25.275 [3044] LOG_TRACE m_s32_volume=100 cctdlg.cpp:1180
2017-12-07 17:39:29.446 [3044] LOG_TRACE m_s32_volume=100 cctdlg.cpp:1180
2017-12-07 17:39:34.037 [3044] LOG_TRACE m_s32_volume=100 cctdlg.cpp:1180
2017-12-07 17:41:46.840 [7648] LOG_TRACE rcv[23]:{DEV_ID:1},{LOST:7.21%} devmon.cpp:53
2017-12-07 17:41:46.840 [7648] LOG_TRACE DEV[1] online devmon.cpp:64
2017-12-07 17:41:46.868 [3044] LOG_TRACE m_s32_volume=100 cctdlg.cpp:1180
2017-12-07 17:41:47.801 [3044] LOG_TRACE m_s32_volume=100 cctdlg.cpp:1180
2017-12-07 17:41:52.673 [7648] LOG_TRACE rcv[23]:{DEV_ID:1},{LOST:0.24%} devmon.cpp:53
2017-12-07 17:41:57.270 [3044] LOG_TRACE m_s32_volume=100 cctdlg.cpp:1180
2017-12-07 17:42:00.284 [3044] LOG_TRACE m_s32_volume=100 cctdlg.cpp:1180
2017-12-07 17:42:01.995 [3044] LOG_TRACE m_s32_volume=100 cctdlg.cpp:1180
2017-12-07 17:42:09.013 [7648] LOG_TRACE rcv[23]:{DEV_ID:1},{LOST:0.10%} devmon.cpp:53
2017-12-07 17:42:14.854 [7648] LOG_TRACE rcv[23]:{DEV_ID:1},{LOST:0.27%} devmon.cpp:53
2017-12-07 17:42:20.694 [7648] LOG_TRACE rcv[23]:{DEV_ID:1},{LOST:0.27%} devmon.cpp:53
2017-12-07 17:42:26.524 [7648] LOG_TRACE rcv[23]:{DEV_ID:1},{LOST:0.27%} devmon.cpp:53
2017-12-07 17:42:32.365 [7648] LOG_TRACE rcv[23]:{DEV_ID:1},{LOST:0.27%} devmon.cpp:53
2017-12-07 17:42:38.204 [7648] LOG_TRACE rcv[23]:{DEV_ID:1},{LOST:0.27%} devmon.cpp:53
2017-12-07 17:42:44.044 [7648] LOG_TRACE rcv[23]:{DEV_ID:1},{LOST:0.27%} devmon.cpp:53
2017-12-07 17:42:49.884 [7648] LOG_TRACE rcv[23]:{DEV_ID:1},{LOST:0.27%} devmon.cpp:53
2017-12-07 17:42:56.808 [9156] LOG_TRACE file[0] play stop cctdlg.cpp:1029
2017-12-07 17:42:56.808 [9156] LOG_TRACE play file change to  0 cctdlg.cpp:1038
2017-12-07 17:43:06.224 [7648] LOG_TRACE rcv[23]:{DEV_ID:1},{LOST:0.10%} devmon.cpp:53
2017-12-07 17:43:12.065 [7648] LOG_TRACE rcv[23]:{DEV_ID:1},{LOST:0.27%} devmon.cpp:53
2017-12-07 17:43:17.905 [7648] LOG_TRACE rcv[23]:{DEV_ID:1},{LOST:0.27%} devmon.cpp:53
2017-12-07 17:43:23.735 [7648] LOG_TRACE rcv[23]:{DEV_ID:1},{LOST:0.27%} devmon.cpp:53
2017-12-07 17:43:29.576 [7648] LOG_TRACE rcv[23]:{DEV_ID:1},{LOST:0.27%} devmon.cpp:53
2017-12-07 17:43:45.926 [7648] LOG_TRACE rcv[23]:{DEV_ID:1},{LOST:0.10%} devmon.cpp:53
2017-12-07 17:44:02.266 [7648] LOG_TRACE rcv[23]:{DEV_ID:1},{LOST:0.10%} devmon.cpp:53
2017-12-07 17:44:08.106 [7648] LOG_TRACE rcv[23]:{DEV_ID:1},{LOST:0.27%} devmon.cpp:53
2017-12-07 17:44:13.936 [7648] LOG_TRACE rcv[23]:{DEV_ID:1},{LOST:0.27%} devmon.cpp:53
2017-12-07 17:44:19.777 [7648] LOG_TRACE rcv[23]:{DEV_ID:1},{LOST:0.27%} devmon.cpp:53
2017-12-07 17:44:20.635 [3044] LOG_TRACE m_s32_volume=100 cctdlg.cpp:1180
2017-12-07 17:44:25.456 [3044] LOG_TRACE m_s32_volume=100 cctdlg.cpp:1180
2017-12-07 17:44:25.610 [3044] LOG_TRACE spk1 0 cctdlg.cpp:654
2017-12-07 17:44:25.610 [3044] LOG_TRACE CCCTDlg::set_speaker, spk=1, onoff=0 cctdlg.cpp:640
2017-12-07 17:44:25.616 [7648] LOG_TRACE rcv[23]:{DEV_ID:1},{LOST:0.27%} devmon.cpp:53
2017-12-07 17:44:30.617 [7648] LOG_TRACE rcv[23]:{DEV_ID:1},{LOST:0.25%} devmon.cpp:53
2017-12-07 17:44:35.618 [7648] LOG_TRACE rcv[23]:{DEV_ID:1},{LOST:0.00%} devmon.cpp:53
2017-12-07 17:44:37.608 [3044] LOG_TRACE spk1 1 cctdlg.cpp:654
2017-12-07 17:44:37.608 [3044] LOG_TRACE CCCTDlg::set_speaker, spk=1, onoff=1 cctdlg.cpp:640
2017-12-07 17:44:40.827 [7648] LOG_TRACE rcv[23]:{DEV_ID:1},{LOST:0.00%} devmon.cpp:53
2017-12-07 17:44:46.447 [7648] LOG_TRACE rcv[23]:{DEV_ID:1},{LOST:0.00%} devmon.cpp:53
2017-12-07 17:44:52.288 [7648] LOG_TRACE rcv[23]:{DEV_ID:1},{LOST:0.27%} devmon.cpp:53
2017-12-07 17:44:58.127 [7648] LOG_TRACE rcv[23]:{DEV_ID:1},{LOST:0.27%} devmon.cpp:53
2017-12-07 17:45:03.967 [7648] LOG_TRACE rcv[23]:{DEV_ID:1},{LOST:0.27%} devmon.cpp:53
2017-12-07 17:45:09.808 [7648] LOG_TRACE rcv[23]:{DEV_ID:1},{LOST:0.27%} devmon.cpp:53
2017-12-07 17:45:15.638 [7648] LOG_TRACE rcv[23]:{DEV_ID:1},{LOST:0.27%} devmon.cpp:53
2017-12-07 17:45:21.478 [7648] LOG_TRACE rcv[23]:{DEV_ID:1},{LOST:0.27%} devmon.cpp:53
2017-12-07 17:45:27.318 [7648] LOG_TRACE rcv[23]:{DEV_ID:1},{LOST:0.27%} devmon.cpp:53
2017-12-07 17:45:33.158 [7648] LOG_TRACE rcv[23]:{DEV_ID:1},{LOST:0.27%} devmon.cpp:53
2017-12-07 17:45:38.998 [7648] LOG_TRACE rcv[23]:{DEV_ID:1},{LOST:0.27%} devmon.cpp:53
2017-12-07 17:45:44.829 [7648] LOG_TRACE rcv[23]:{DEV_ID:1},{LOST:0.27%} devmon.cpp:53
2017-12-07 17:45:50.668 [7648] LOG_TRACE rcv[23]:{DEV_ID:1},{LOST:0.27%} devmon.cpp:53
2017-12-07 17:45:56.508 [7648] LOG_TRACE rcv[23]:{DEV_ID:1},{LOST:0.27%} devmon.cpp:53
2017-12-07 17:46:02.349 [7648] LOG_TRACE rcv[23]:{DEV_ID:1},{LOST:0.27%} devmon.cpp:53
2017-12-07 17:46:08.189 [7648] LOG_TRACE rcv[23]:{DEV_ID:1},{LOST:0.27%} devmon.cpp:53
2017-12-07 17:46:14.019 [7648] LOG_TRACE rcv[23]:{DEV_ID:1},{LOST:0.27%} devmon.cpp:53
2017-12-07 17:46:36.719 [10788] LOG_TRACE file[0] play stop cctdlg.cpp:1029
2017-12-07 17:46:36.719 [10788] LOG_TRACE play file change to  0 cctdlg.cpp:1038
2017-12-07 17:47:21.981 [7648] LOG_TRACE DEV[1] Offline devmon.cpp:76
2017-12-07 17:49:02.002 [7648] LOG_TRACE rcv[23]:{DEV_ID:1},{LOST:1.49%} devmon.cpp:53
2017-12-07 17:49:02.002 [7648] LOG_TRACE DEV[1] online devmon.cpp:64
2017-12-07 17:49:18.343 [7648] LOG_TRACE rcv[23]:{DEV_ID:1},{LOST:0.10%} devmon.cpp:53
2017-12-07 17:49:34.684 [7648] LOG_TRACE rcv[23]:{DEV_ID:1},{LOST:0.10%} devmon.cpp:53
2017-12-07 17:49:40.523 [7648] LOG_TRACE rcv[23]:{DEV_ID:1},{LOST:0.27%} devmon.cpp:53
2017-12-07 17:50:16.628 [2784] LOG_TRACE file[0] play stop cctdlg.cpp:1029
2017-12-07 17:50:16.628 [2784] LOG_TRACE play file change to  0 cctdlg.cpp:1038
2017-12-07 17:50:37.985 [3044] LOG_TRACE DeleteTimerQueue cctdlg.cpp:994
2017-12-07 17:50:43.527 [7648] LOG_TRACE DEV[1] Offline devmon.cpp:76
