2017-11-01 11:50:35.737 [11976] LOG_ALARM -----------------  log4z thread started!   ---------------------------- log4z.cpp:1924
2017-11-01 11:50:35.747 [11976] LOG_ALARM logger id=0 key=Main name=Main path=./log/ level=0 display=true log4z.cpp:1934
2017-11-01 11:50:35.747 [8976] LOG_TRACE stream input *** LOGT LOGT LOGT LOGT ***  cctdlg.cpp:79
2017-11-01 11:50:35.747 [8976] LOG_DEBUG stream input *** LOGD LOGD LOGD LOGD ***  cctdlg.cpp:80
2017-11-01 11:50:35.747 [8976] LOG_INFO stream input *** LOGI LOGI LOGI LOGI ***  cctdlg.cpp:81
2017-11-01 11:50:35.747 [8976] LOG_WARN stream input *** LOGW LOGW LOGW LOGW ***  cctdlg.cpp:82
2017-11-01 11:50:35.747 [8976] LOG_ERROR stream input *** LOGE LOGE LOGE LOGE ***  cctdlg.cpp:83
2017-11-01 11:50:35.747 [8976] LOG_ALARM stream input *** LOGA LOGA LOGA LOGA ***  cctdlg.cpp:84
2017-11-01 11:50:35.747 [8976] LOG_FATAL stream input *** LOGF LOGF LOGF LOGF ***  cctdlg.cpp:85
2017-11-01 11:50:35.747 [8976] LOG_TRACE format input *** LOGFMTT *** 123456 *** cctdlg.cpp:86
2017-11-01 11:50:35.747 [8976] LOG_DEBUG format input *** LOGFMTD *** 123456 *** cctdlg.cpp:87
2017-11-01 11:50:35.747 [8976] LOG_INFO format input *** LOGFMTI *** 123456 *** cctdlg.cpp:88
2017-11-01 11:50:35.747 [8976] LOG_WARN format input *** LOGFMTW *** 123456 *** cctdlg.cpp:89
2017-11-01 11:50:35.747 [8976] LOG_ERROR format input *** LOGFMTE *** 123456 *** cctdlg.cpp:90
2017-11-01 11:50:35.747 [8976] LOG_ALARM format input *** LOGFMTA *** 123456 *** cctdlg.cpp:91
2017-11-01 11:50:35.747 [8976] LOG_FATAL format input *** LOGFMTF *** 123456 *** cctdlg.cpp:92
2017-11-01 11:50:35.747 [8976] LOG_ALARM main quit ... cctdlg.cpp:94
2017-11-01 11:50:36.097 [8976] LOG_TRACE CCCTDlg::udp_client_init cctdlg.cpp:589
2017-11-01 11:50:36.098 [10596] LOG_TRACE call_dev_mon_thread 
 devmon.cpp:6
2017-11-01 11:50:36.098 [10596] LOG_TRACE CDevMon::dev_mon_thread start
 devmon.cpp:29
2017-11-01 11:50:36.098 [10596] LOG_TRACE rcv[12]:{DEV_ID:1}
 devmon.cpp:53
2017-11-01 11:50:36.098 [10596] LOG_TRACE DEV[1] online devmon.cpp:64
2017-11-01 11:50:41.099 [10596] LOG_TRACE rcv[12]:{DEV_ID:1}
 devmon.cpp:53
2017-11-01 11:50:43.120 [8976] LOG_TRACE CCCTDlg::OnBnClickedButtonTest cctdlg.cpp:364
2017-11-01 11:50:43.120 [8976] LOG_TRACE CCCTDlg::initRecord cctdlg.cpp:393
2017-11-01 11:50:43.178 [8976] LOG_TRACE cap_dev_num=2 cctdlg.cpp:397
2017-11-01 11:50:43.178 [8976] LOG_INFO CCCTDlg::initRecord, sample=22050, bits=16, ch=2, block=4, bytes_per_sec=88200 cctdlg.cpp:430
2017-11-01 11:50:43.185 [8976] LOG_TRACE WIM_OPEN cctdlg.cpp:490
2017-11-01 11:50:44.547 [8976] LOG_TRACE CCCTDlg::OnBnClickedCheckAll 1 cctdlg.cpp:864
2017-11-01 11:50:44.547 [8976] LOG_TRACE CCCTDlg::set_speaker, spk=1, onoff=1 cctdlg.cpp:618
2017-11-01 11:50:44.547 [8976] LOG_TRACE CCCTDlg::set_speaker, spk=2, onoff=1 cctdlg.cpp:618
2017-11-01 11:50:44.547 [8976] LOG_TRACE CCCTDlg::set_speaker, spk=3, onoff=1 cctdlg.cpp:618
2017-11-01 11:50:44.547 [8976] LOG_TRACE CCCTDlg::set_speaker, spk=4, onoff=1 cctdlg.cpp:618
2017-11-01 11:50:44.547 [8976] LOG_TRACE CCCTDlg::set_speaker, spk=5, onoff=1 cctdlg.cpp:618
2017-11-01 11:50:44.547 [8976] LOG_TRACE CCCTDlg::set_speaker, spk=6, onoff=1 cctdlg.cpp:618
2017-11-01 11:50:44.547 [8976] LOG_TRACE CCCTDlg::set_speaker, spk=7, onoff=1 cctdlg.cpp:618
2017-11-01 11:50:44.547 [8976] LOG_TRACE CCCTDlg::set_speaker, spk=8, onoff=1 cctdlg.cpp:618
2017-11-01 11:50:44.547 [8976] LOG_TRACE CCCTDlg::set_speaker, spk=9, onoff=1 cctdlg.cpp:618
2017-11-01 11:50:44.547 [8976] LOG_TRACE CCCTDlg::set_speaker, spk=10, onoff=1 cctdlg.cpp:618
2017-11-01 11:50:44.547 [8976] LOG_TRACE CCCTDlg::set_speaker, spk=11, onoff=1 cctdlg.cpp:618
2017-11-01 11:50:44.547 [8976] LOG_TRACE CCCTDlg::set_speaker, spk=12, onoff=1 cctdlg.cpp:618
2017-11-01 11:50:44.547 [8976] LOG_TRACE CCCTDlg::set_speaker, spk=13, onoff=1 cctdlg.cpp:618
2017-11-01 11:50:44.547 [8976] LOG_TRACE CCCTDlg::set_speaker, spk=14, onoff=1 cctdlg.cpp:618
2017-11-01 11:50:44.547 [8976] LOG_TRACE CCCTDlg::set_speaker, spk=15, onoff=1 cctdlg.cpp:618
2017-11-01 11:50:44.547 [8976] LOG_TRACE CCCTDlg::set_speaker, spk=16, onoff=1 cctdlg.cpp:618
2017-11-01 11:50:44.547 [8976] LOG_TRACE CCCTDlg::set_speaker, spk=17, onoff=1 cctdlg.cpp:618
2017-11-01 11:50:44.547 [8976] LOG_TRACE CCCTDlg::set_speaker, spk=18, onoff=1 cctdlg.cpp:618
2017-11-01 11:50:44.547 [8976] LOG_TRACE CCCTDlg::set_speaker, spk=19, onoff=1 cctdlg.cpp:618
2017-11-01 11:50:44.547 [8976] LOG_TRACE CCCTDlg::set_speaker, spk=20, onoff=1 cctdlg.cpp:618
2017-11-01 11:50:44.547 [8976] LOG_TRACE CCCTDlg::set_speaker, spk=21, onoff=1 cctdlg.cpp:618
2017-11-01 11:50:44.547 [8976] LOG_TRACE CCCTDlg::set_speaker, spk=22, onoff=1 cctdlg.cpp:618
2017-11-01 11:50:44.547 [8976] LOG_TRACE CCCTDlg::set_speaker, spk=23, onoff=1 cctdlg.cpp:618
2017-11-01 11:50:44.547 [8976] LOG_TRACE CCCTDlg::set_speaker, spk=24, onoff=1 cctdlg.cpp:618
2017-11-01 11:50:44.547 [8976] LOG_TRACE CCCTDlg::set_speaker, spk=25, onoff=1 cctdlg.cpp:618
2017-11-01 11:50:44.547 [8976] LOG_TRACE CCCTDlg::set_speaker, spk=26, onoff=1 cctdlg.cpp:618
2017-11-01 11:50:44.547 [8976] LOG_TRACE CCCTDlg::set_speaker, spk=27, onoff=1 cctdlg.cpp:618
2017-11-01 11:50:44.547 [8976] LOG_TRACE CCCTDlg::set_speaker, spk=28, onoff=1 cctdlg.cpp:618
2017-11-01 11:50:44.547 [8976] LOG_TRACE CCCTDlg::set_speaker, spk=29, onoff=1 cctdlg.cpp:618
2017-11-01 11:50:44.547 [8976] LOG_TRACE CCCTDlg::set_speaker, spk=30, onoff=1 cctdlg.cpp:618
2017-11-01 11:50:44.547 [8976] LOG_TRACE CCCTDlg::set_speaker, spk=31, onoff=1 cctdlg.cpp:618
2017-11-01 11:50:44.547 [8976] LOG_TRACE CCCTDlg::set_speaker, spk=32, onoff=1 cctdlg.cpp:618
2017-11-01 11:50:44.547 [8976] LOG_TRACE CCCTDlg::set_speaker, spk=33, onoff=1 cctdlg.cpp:618
2017-11-01 11:50:44.547 [8976] LOG_TRACE CCCTDlg::set_speaker, spk=34, onoff=1 cctdlg.cpp:618
2017-11-01 11:50:44.547 [8976] LOG_TRACE CCCTDlg::set_speaker, spk=35, onoff=1 cctdlg.cpp:618
2017-11-01 11:50:44.547 [8976] LOG_TRACE CCCTDlg::set_speaker, spk=36, onoff=1 cctdlg.cpp:618
2017-11-01 11:50:44.547 [8976] LOG_TRACE CCCTDlg::set_speaker, spk=37, onoff=1 cctdlg.cpp:618
2017-11-01 11:50:44.547 [8976] LOG_TRACE CCCTDlg::set_speaker, spk=38, onoff=1 cctdlg.cpp:618
2017-11-01 11:50:44.547 [8976] LOG_TRACE CCCTDlg::set_speaker, spk=39, onoff=1 cctdlg.cpp:618
2017-11-01 11:50:44.547 [8976] LOG_TRACE CCCTDlg::set_speaker, spk=40, onoff=1 cctdlg.cpp:618
2017-11-01 11:50:44.547 [8976] LOG_TRACE CCCTDlg::set_speaker, spk=41, onoff=1 cctdlg.cpp:618
2017-11-01 11:50:44.547 [8976] LOG_TRACE CCCTDlg::set_speaker, spk=42, onoff=1 cctdlg.cpp:618
2017-11-01 11:50:44.547 [8976] LOG_TRACE CCCTDlg::set_speaker, spk=43, onoff=1 cctdlg.cpp:618
2017-11-01 11:50:44.547 [8976] LOG_TRACE CCCTDlg::set_speaker, spk=44, onoff=1 cctdlg.cpp:618
2017-11-01 11:50:44.547 [8976] LOG_TRACE CCCTDlg::set_speaker, spk=45, onoff=1 cctdlg.cpp:618
2017-11-01 11:50:44.547 [8976] LOG_TRACE CCCTDlg::set_speaker, spk=46, onoff=1 cctdlg.cpp:618
2017-11-01 11:50:44.548 [8976] LOG_TRACE CCCTDlg::set_speaker, spk=47, onoff=1 cctdlg.cpp:618
2017-11-01 11:50:44.548 [8976] LOG_TRACE CCCTDlg::set_speaker, spk=48, onoff=1 cctdlg.cpp:618
2017-11-01 11:50:44.548 [8976] LOG_TRACE CCCTDlg::set_speaker, spk=49, onoff=1 cctdlg.cpp:618
2017-11-01 11:50:44.548 [8976] LOG_TRACE CCCTDlg::set_speaker, spk=50, onoff=1 cctdlg.cpp:618
2017-11-01 11:50:44.548 [8976] LOG_TRACE CCCTDlg::set_speaker, spk=51, onoff=1 cctdlg.cpp:618
2017-11-01 11:50:44.548 [8976] LOG_TRACE CCCTDlg::set_speaker, spk=52, onoff=1 cctdlg.cpp:618
2017-11-01 11:50:44.548 [8976] LOG_TRACE CCCTDlg::set_speaker, spk=53, onoff=1 cctdlg.cpp:618
2017-11-01 11:50:44.548 [8976] LOG_TRACE CCCTDlg::set_speaker, spk=54, onoff=1 cctdlg.cpp:618
2017-11-01 11:50:44.548 [8976] LOG_TRACE CCCTDlg::set_speaker, spk=55, onoff=1 cctdlg.cpp:618
2017-11-01 11:50:44.548 [8976] LOG_TRACE CCCTDlg::set_speaker, spk=56, onoff=1 cctdlg.cpp:618
2017-11-01 11:50:44.548 [8976] LOG_TRACE CCCTDlg::set_speaker, spk=57, onoff=1 cctdlg.cpp:618
2017-11-01 11:50:44.548 [8976] LOG_TRACE CCCTDlg::set_speaker, spk=58, onoff=1 cctdlg.cpp:618
2017-11-01 11:50:44.548 [8976] LOG_TRACE CCCTDlg::set_speaker, spk=59, onoff=1 cctdlg.cpp:618
2017-11-01 11:50:44.548 [8976] LOG_TRACE CCCTDlg::set_speaker, spk=60, onoff=1 cctdlg.cpp:618
2017-11-01 11:50:44.548 [8976] LOG_TRACE CCCTDlg::set_speaker, spk=61, onoff=1 cctdlg.cpp:618
2017-11-01 11:50:44.548 [8976] LOG_TRACE CCCTDlg::set_speaker, spk=62, onoff=1 cctdlg.cpp:618
2017-11-01 11:50:44.548 [8976] LOG_TRACE CCCTDlg::set_speaker, spk=63, onoff=1 cctdlg.cpp:618
2017-11-01 11:50:44.548 [8976] LOG_TRACE CCCTDlg::set_speaker, spk=64, onoff=1 cctdlg.cpp:618
2017-11-01 11:50:44.548 [8976] LOG_TRACE CCCTDlg::set_speaker, spk=65, onoff=1 cctdlg.cpp:618
2017-11-01 11:50:44.548 [8976] LOG_TRACE CCCTDlg::set_speaker, spk=66, onoff=1 cctdlg.cpp:618
2017-11-01 11:50:44.548 [8976] LOG_TRACE CCCTDlg::set_speaker, spk=67, onoff=1 cctdlg.cpp:618
2017-11-01 11:50:44.548 [8976] LOG_TRACE CCCTDlg::set_speaker, spk=68, onoff=1 cctdlg.cpp:618
2017-11-01 11:50:44.548 [8976] LOG_TRACE CCCTDlg::set_speaker, spk=69, onoff=1 cctdlg.cpp:618
2017-11-01 11:50:44.548 [8976] LOG_TRACE CCCTDlg::set_speaker, spk=70, onoff=1 cctdlg.cpp:618
2017-11-01 11:50:44.548 [8976] LOG_TRACE CCCTDlg::set_speaker, spk=71, onoff=1 cctdlg.cpp:618
2017-11-01 11:50:44.548 [8976] LOG_TRACE CCCTDlg::set_speaker, spk=72, onoff=1 cctdlg.cpp:618
2017-11-01 11:50:44.548 [8976] LOG_TRACE CCCTDlg::set_speaker, spk=73, onoff=1 cctdlg.cpp:618
2017-11-01 11:50:44.548 [8976] LOG_TRACE CCCTDlg::set_speaker, spk=74, onoff=1 cctdlg.cpp:618
2017-11-01 11:50:44.548 [8976] LOG_TRACE CCCTDlg::set_speaker, spk=75, onoff=1 cctdlg.cpp:618
2017-11-01 11:50:44.548 [8976] LOG_TRACE CCCTDlg::set_speaker, spk=76, onoff=1 cctdlg.cpp:618
2017-11-01 11:50:44.548 [8976] LOG_TRACE CCCTDlg::set_speaker, spk=77, onoff=1 cctdlg.cpp:618
2017-11-01 11:50:44.548 [8976] LOG_TRACE CCCTDlg::set_speaker, spk=78, onoff=1 cctdlg.cpp:618
2017-11-01 11:50:44.548 [8976] LOG_TRACE CCCTDlg::set_speaker, spk=79, onoff=1 cctdlg.cpp:618
2017-11-01 11:50:44.548 [8976] LOG_TRACE CCCTDlg::set_speaker, spk=80, onoff=1 cctdlg.cpp:618
2017-11-01 11:50:44.548 [8976] LOG_TRACE CCCTDlg::set_speaker, spk=81, onoff=1 cctdlg.cpp:618
2017-11-01 11:50:44.548 [8976] LOG_TRACE CCCTDlg::set_speaker, spk=82, onoff=1 cctdlg.cpp:618
2017-11-01 11:50:44.548 [8976] LOG_TRACE CCCTDlg::set_speaker, spk=83, onoff=1 cctdlg.cpp:618
2017-11-01 11:50:44.548 [8976] LOG_TRACE CCCTDlg::set_speaker, spk=84, onoff=1 cctdlg.cpp:618
2017-11-01 11:50:44.548 [8976] LOG_TRACE CCCTDlg::set_speaker, spk=85, onoff=1 cctdlg.cpp:618
2017-11-01 11:50:44.548 [8976] LOG_TRACE CCCTDlg::set_speaker, spk=86, onoff=1 cctdlg.cpp:618
2017-11-01 11:50:44.548 [8976] LOG_TRACE CCCTDlg::set_speaker, spk=87, onoff=1 cctdlg.cpp:618
2017-11-01 11:50:44.548 [8976] LOG_TRACE CCCTDlg::set_speaker, spk=88, onoff=1 cctdlg.cpp:618
2017-11-01 11:50:44.548 [8976] LOG_TRACE CCCTDlg::set_speaker, spk=89, onoff=1 cctdlg.cpp:618
2017-11-01 11:50:44.548 [8976] LOG_TRACE CCCTDlg::set_speaker, spk=90, onoff=1 cctdlg.cpp:618
2017-11-01 11:50:44.548 [8976] LOG_TRACE CCCTDlg::set_speaker, spk=91, onoff=1 cctdlg.cpp:618
2017-11-01 11:50:44.548 [8976] LOG_TRACE CCCTDlg::set_speaker, spk=92, onoff=1 cctdlg.cpp:618
2017-11-01 11:50:44.548 [8976] LOG_TRACE CCCTDlg::set_speaker, spk=93, onoff=1 cctdlg.cpp:618
2017-11-01 11:50:44.548 [8976] LOG_TRACE CCCTDlg::set_speaker, spk=94, onoff=1 cctdlg.cpp:618
2017-11-01 11:50:44.548 [8976] LOG_TRACE CCCTDlg::set_speaker, spk=95, onoff=1 cctdlg.cpp:618
2017-11-01 11:50:44.548 [8976] LOG_TRACE CCCTDlg::set_speaker, spk=96, onoff=1 cctdlg.cpp:618
2017-11-01 11:50:44.548 [8976] LOG_TRACE CCCTDlg::set_speaker, spk=97, onoff=1 cctdlg.cpp:618
2017-11-01 11:50:44.548 [8976] LOG_TRACE CCCTDlg::set_speaker, spk=98, onoff=1 cctdlg.cpp:618
2017-11-01 11:50:44.548 [8976] LOG_TRACE CCCTDlg::set_speaker, spk=99, onoff=1 cctdlg.cpp:618
2017-11-01 11:50:44.548 [8976] LOG_TRACE CCCTDlg::set_speaker, spk=100, onoff=1 cctdlg.cpp:618
2017-11-01 11:50:44.548 [8976] LOG_TRACE CCCTDlg::set_speaker, spk=101, onoff=1 cctdlg.cpp:618
2017-11-01 11:50:44.548 [8976] LOG_TRACE CCCTDlg::set_speaker, spk=102, onoff=1 cctdlg.cpp:618
2017-11-01 11:50:44.548 [8976] LOG_TRACE CCCTDlg::set_speaker, spk=103, onoff=1 cctdlg.cpp:618
2017-11-01 11:50:44.548 [8976] LOG_TRACE CCCTDlg::set_speaker, spk=104, onoff=1 cctdlg.cpp:618
2017-11-01 11:50:44.548 [8976] LOG_TRACE CCCTDlg::set_speaker, spk=105, onoff=1 cctdlg.cpp:618
2017-11-01 11:50:44.548 [8976] LOG_TRACE CCCTDlg::set_speaker, spk=106, onoff=1 cctdlg.cpp:618
2017-11-01 11:50:44.548 [8976] LOG_TRACE CCCTDlg::set_speaker, spk=107, onoff=1 cctdlg.cpp:618
2017-11-01 11:50:44.548 [8976] LOG_TRACE CCCTDlg::set_speaker, spk=108, onoff=1 cctdlg.cpp:618
2017-11-01 11:50:44.548 [8976] LOG_TRACE CCCTDlg::set_speaker, spk=109, onoff=1 cctdlg.cpp:618
2017-11-01 11:50:44.548 [8976] LOG_TRACE CCCTDlg::set_speaker, spk=110, onoff=1 cctdlg.cpp:618
2017-11-01 11:50:44.549 [8976] LOG_TRACE CCCTDlg::set_speaker, spk=111, onoff=1 cctdlg.cpp:618
2017-11-01 11:50:44.549 [8976] LOG_TRACE CCCTDlg::set_speaker, spk=112, onoff=1 cctdlg.cpp:618
2017-11-01 11:50:44.549 [8976] LOG_TRACE CCCTDlg::set_speaker, spk=113, onoff=1 cctdlg.cpp:618
2017-11-01 11:50:44.549 [8976] LOG_TRACE CCCTDlg::set_speaker, spk=114, onoff=1 cctdlg.cpp:618
2017-11-01 11:50:44.549 [8976] LOG_TRACE CCCTDlg::set_speaker, spk=115, onoff=1 cctdlg.cpp:618
2017-11-01 11:50:44.549 [8976] LOG_TRACE CCCTDlg::set_speaker, spk=116, onoff=1 cctdlg.cpp:618
2017-11-01 11:50:44.549 [8976] LOG_TRACE CCCTDlg::set_speaker, spk=117, onoff=1 cctdlg.cpp:618
2017-11-01 11:50:44.549 [8976] LOG_TRACE CCCTDlg::set_speaker, spk=118, onoff=1 cctdlg.cpp:618
2017-11-01 11:50:44.549 [8976] LOG_TRACE CCCTDlg::set_speaker, spk=119, onoff=1 cctdlg.cpp:618
2017-11-01 11:50:44.549 [8976] LOG_TRACE CCCTDlg::set_speaker, spk=120, onoff=1 cctdlg.cpp:618
2017-11-01 11:50:44.549 [8976] LOG_TRACE CCCTDlg::set_speaker, spk=121, onoff=1 cctdlg.cpp:618
2017-11-01 11:50:44.549 [8976] LOG_TRACE CCCTDlg::set_speaker, spk=122, onoff=1 cctdlg.cpp:618
2017-11-01 11:50:44.549 [8976] LOG_TRACE CCCTDlg::set_speaker, spk=123, onoff=1 cctdlg.cpp:618
2017-11-01 11:50:44.549 [8976] LOG_TRACE CCCTDlg::set_speaker, spk=124, onoff=1 cctdlg.cpp:618
2017-11-01 11:50:44.549 [8976] LOG_TRACE CCCTDlg::set_speaker, spk=125, onoff=1 cctdlg.cpp:618
2017-11-01 11:50:44.549 [8976] LOG_TRACE CCCTDlg::set_speaker, spk=126, onoff=1 cctdlg.cpp:618
2017-11-01 11:50:44.549 [8976] LOG_TRACE CCCTDlg::set_speaker, spk=127, onoff=1 cctdlg.cpp:618
2017-11-01 11:50:44.549 [8976] LOG_TRACE CCCTDlg::set_speaker, spk=128, onoff=1 cctdlg.cpp:618
2017-11-01 11:50:44.549 [8976] LOG_TRACE CCCTDlg::set_speaker, spk=129, onoff=1 cctdlg.cpp:618
2017-11-01 11:50:44.549 [8976] LOG_TRACE CCCTDlg::set_speaker, spk=130, onoff=1 cctdlg.cpp:618
2017-11-01 11:50:44.549 [8976] LOG_TRACE CCCTDlg::set_speaker, spk=131, onoff=1 cctdlg.cpp:618
2017-11-01 11:50:44.549 [8976] LOG_TRACE CCCTDlg::set_speaker, spk=132, onoff=1 cctdlg.cpp:618
2017-11-01 11:50:44.549 [8976] LOG_TRACE CCCTDlg::set_speaker, spk=133, onoff=1 cctdlg.cpp:618
2017-11-01 11:50:44.549 [8976] LOG_TRACE CCCTDlg::set_speaker, spk=134, onoff=1 cctdlg.cpp:618
2017-11-01 11:50:44.549 [8976] LOG_TRACE CCCTDlg::set_speaker, spk=135, onoff=1 cctdlg.cpp:618
2017-11-01 11:50:44.549 [8976] LOG_TRACE CCCTDlg::set_speaker, spk=136, onoff=1 cctdlg.cpp:618
2017-11-01 11:50:44.549 [8976] LOG_TRACE CCCTDlg::set_speaker, spk=137, onoff=1 cctdlg.cpp:618
2017-11-01 11:50:44.549 [8976] LOG_TRACE CCCTDlg::set_speaker, spk=138, onoff=1 cctdlg.cpp:618
2017-11-01 11:50:44.549 [8976] LOG_TRACE CCCTDlg::set_speaker, spk=139, onoff=1 cctdlg.cpp:618
2017-11-01 11:50:44.549 [8976] LOG_TRACE CCCTDlg::set_speaker, spk=140, onoff=1 cctdlg.cpp:618
2017-11-01 11:50:44.549 [8976] LOG_TRACE CCCTDlg::set_speaker, spk=141, onoff=1 cctdlg.cpp:618
2017-11-01 11:50:44.549 [8976] LOG_TRACE CCCTDlg::set_speaker, spk=142, onoff=1 cctdlg.cpp:618
2017-11-01 11:50:44.549 [8976] LOG_TRACE CCCTDlg::set_speaker, spk=143, onoff=1 cctdlg.cpp:618
2017-11-01 11:50:44.549 [8976] LOG_TRACE CCCTDlg::set_speaker, spk=144, onoff=1 cctdlg.cpp:618
2017-11-01 11:50:44.549 [8976] LOG_TRACE CCCTDlg::set_speaker, spk=145, onoff=1 cctdlg.cpp:618
2017-11-01 11:50:44.549 [8976] LOG_TRACE CCCTDlg::set_speaker, spk=146, onoff=1 cctdlg.cpp:618
2017-11-01 11:50:44.549 [8976] LOG_TRACE CCCTDlg::set_speaker, spk=147, onoff=1 cctdlg.cpp:618
2017-11-01 11:50:44.549 [8976] LOG_TRACE CCCTDlg::set_speaker, spk=148, onoff=1 cctdlg.cpp:618
2017-11-01 11:50:44.549 [8976] LOG_TRACE CCCTDlg::set_speaker, spk=149, onoff=1 cctdlg.cpp:618
2017-11-01 11:50:44.549 [8976] LOG_TRACE CCCTDlg::set_speaker, spk=150, onoff=1 cctdlg.cpp:618
2017-11-01 11:50:44.549 [8976] LOG_TRACE CCCTDlg::set_speaker, spk=151, onoff=1 cctdlg.cpp:618
2017-11-01 11:50:44.549 [8976] LOG_TRACE CCCTDlg::set_speaker, spk=152, onoff=1 cctdlg.cpp:618
2017-11-01 11:50:44.549 [8976] LOG_TRACE CCCTDlg::set_speaker, spk=153, onoff=1 cctdlg.cpp:618
2017-11-01 11:50:44.549 [8976] LOG_TRACE CCCTDlg::set_speaker, spk=154, onoff=1 cctdlg.cpp:618
2017-11-01 11:50:44.549 [8976] LOG_TRACE CCCTDlg::set_speaker, spk=155, onoff=1 cctdlg.cpp:618
2017-11-01 11:50:44.549 [8976] LOG_TRACE CCCTDlg::set_speaker, spk=156, onoff=1 cctdlg.cpp:618
2017-11-01 11:50:44.549 [8976] LOG_TRACE CCCTDlg::set_speaker, spk=157, onoff=1 cctdlg.cpp:618
2017-11-01 11:50:44.549 [8976] LOG_TRACE CCCTDlg::set_speaker, spk=158, onoff=1 cctdlg.cpp:618
2017-11-01 11:50:44.549 [8976] LOG_TRACE CCCTDlg::set_speaker, spk=159, onoff=1 cctdlg.cpp:618
2017-11-01 11:50:44.549 [8976] LOG_TRACE CCCTDlg::set_speaker, spk=160, onoff=1 cctdlg.cpp:618
2017-11-01 11:50:44.549 [8976] LOG_TRACE CCCTDlg::set_speaker, spk=161, onoff=1 cctdlg.cpp:618
2017-11-01 11:50:44.549 [8976] LOG_TRACE CCCTDlg::set_speaker, spk=162, onoff=1 cctdlg.cpp:618
2017-11-01 11:50:44.549 [8976] LOG_TRACE CCCTDlg::set_speaker, spk=163, onoff=1 cctdlg.cpp:618
2017-11-01 11:50:44.549 [8976] LOG_TRACE CCCTDlg::set_speaker, spk=164, onoff=1 cctdlg.cpp:618
2017-11-01 11:50:44.549 [8976] LOG_TRACE CCCTDlg::set_speaker, spk=165, onoff=1 cctdlg.cpp:618
2017-11-01 11:50:44.549 [8976] LOG_TRACE CCCTDlg::set_speaker, spk=166, onoff=1 cctdlg.cpp:618
2017-11-01 11:50:44.549 [8976] LOG_TRACE CCCTDlg::set_speaker, spk=167, onoff=1 cctdlg.cpp:618
2017-11-01 11:50:44.549 [8976] LOG_TRACE CCCTDlg::set_speaker, spk=168, onoff=1 cctdlg.cpp:618
2017-11-01 11:50:44.549 [8976] LOG_TRACE CCCTDlg::set_speaker, spk=169, onoff=1 cctdlg.cpp:618
2017-11-01 11:50:44.549 [8976] LOG_TRACE CCCTDlg::set_speaker, spk=170, onoff=1 cctdlg.cpp:618
2017-11-01 11:50:44.549 [8976] LOG_TRACE CCCTDlg::set_speaker, spk=171, onoff=1 cctdlg.cpp:618
2017-11-01 11:50:44.549 [8976] LOG_TRACE CCCTDlg::set_speaker, spk=172, onoff=1 cctdlg.cpp:618
2017-11-01 11:50:44.549 [8976] LOG_TRACE CCCTDlg::set_speaker, spk=173, onoff=1 cctdlg.cpp:618
2017-11-01 11:50:44.550 [8976] LOG_TRACE CCCTDlg::set_speaker, spk=174, onoff=1 cctdlg.cpp:618
2017-11-01 11:50:44.550 [8976] LOG_TRACE CCCTDlg::set_speaker, spk=175, onoff=1 cctdlg.cpp:618
2017-11-01 11:50:44.550 [8976] LOG_TRACE CCCTDlg::set_speaker, spk=176, onoff=1 cctdlg.cpp:618
2017-11-01 11:50:44.550 [8976] LOG_TRACE CCCTDlg::set_speaker, spk=177, onoff=1 cctdlg.cpp:618
2017-11-01 11:50:44.550 [8976] LOG_TRACE CCCTDlg::set_speaker, spk=178, onoff=1 cctdlg.cpp:618
2017-11-01 11:50:44.550 [8976] LOG_TRACE CCCTDlg::set_speaker, spk=179, onoff=1 cctdlg.cpp:618
2017-11-01 11:50:44.550 [8976] LOG_TRACE CCCTDlg::set_speaker, spk=180, onoff=1 cctdlg.cpp:618
2017-11-01 11:50:44.550 [8976] LOG_TRACE CCCTDlg::set_speaker, spk=181, onoff=1 cctdlg.cpp:618
2017-11-01 11:50:44.550 [8976] LOG_TRACE CCCTDlg::set_speaker, spk=182, onoff=1 cctdlg.cpp:618
2017-11-01 11:50:44.550 [8976] LOG_TRACE CCCTDlg::set_speaker, spk=183, onoff=1 cctdlg.cpp:618
2017-11-01 11:50:44.550 [8976] LOG_TRACE CCCTDlg::set_speaker, spk=184, onoff=1 cctdlg.cpp:618
2017-11-01 11:50:44.550 [8976] LOG_TRACE CCCTDlg::set_speaker, spk=185, onoff=1 cctdlg.cpp:618
2017-11-01 11:50:44.550 [8976] LOG_TRACE CCCTDlg::set_speaker, spk=186, onoff=1 cctdlg.cpp:618
2017-11-01 11:50:44.550 [8976] LOG_TRACE CCCTDlg::set_speaker, spk=187, onoff=1 cctdlg.cpp:618
2017-11-01 11:50:44.550 [8976] LOG_TRACE CCCTDlg::set_speaker, spk=188, onoff=1 cctdlg.cpp:618
2017-11-01 11:50:44.550 [8976] LOG_TRACE CCCTDlg::set_speaker, spk=189, onoff=1 cctdlg.cpp:618
2017-11-01 11:50:44.550 [8976] LOG_TRACE CCCTDlg::set_speaker, spk=190, onoff=1 cctdlg.cpp:618
2017-11-01 11:50:44.550 [8976] LOG_TRACE CCCTDlg::set_speaker, spk=191, onoff=1 cctdlg.cpp:618
2017-11-01 11:50:44.550 [8976] LOG_TRACE CCCTDlg::set_speaker, spk=192, onoff=1 cctdlg.cpp:618
2017-11-01 11:50:44.550 [8976] LOG_TRACE CCCTDlg::set_speaker, spk=193, onoff=1 cctdlg.cpp:618
2017-11-01 11:50:44.550 [8976] LOG_TRACE CCCTDlg::set_speaker, spk=194, onoff=1 cctdlg.cpp:618
2017-11-01 11:50:44.550 [8976] LOG_TRACE CCCTDlg::set_speaker, spk=195, onoff=1 cctdlg.cpp:618
2017-11-01 11:50:44.550 [8976] LOG_TRACE CCCTDlg::set_speaker, spk=196, onoff=1 cctdlg.cpp:618
2017-11-01 11:50:44.550 [8976] LOG_TRACE CCCTDlg::set_speaker, spk=197, onoff=1 cctdlg.cpp:618
2017-11-01 11:50:44.550 [8976] LOG_TRACE CCCTDlg::set_speaker, spk=198, onoff=1 cctdlg.cpp:618
2017-11-01 11:50:44.550 [8976] LOG_TRACE CCCTDlg::set_speaker, spk=199, onoff=1 cctdlg.cpp:618
2017-11-01 11:50:44.550 [8976] LOG_TRACE CCCTDlg::set_speaker, spk=200, onoff=1 cctdlg.cpp:618
2017-11-01 11:50:44.550 [8976] LOG_TRACE CCCTDlg::set_speaker, spk=201, onoff=1 cctdlg.cpp:618
2017-11-01 11:50:44.550 [8976] LOG_TRACE CCCTDlg::set_speaker, spk=202, onoff=1 cctdlg.cpp:618
2017-11-01 11:50:44.550 [8976] LOG_TRACE CCCTDlg::set_speaker, spk=203, onoff=1 cctdlg.cpp:618
2017-11-01 11:50:44.550 [8976] LOG_TRACE CCCTDlg::set_speaker, spk=204, onoff=1 cctdlg.cpp:618
2017-11-01 11:50:44.550 [8976] LOG_TRACE CCCTDlg::set_speaker, spk=205, onoff=1 cctdlg.cpp:618
2017-11-01 11:50:44.550 [8976] LOG_TRACE CCCTDlg::set_speaker, spk=206, onoff=1 cctdlg.cpp:618
2017-11-01 11:50:44.550 [8976] LOG_TRACE CCCTDlg::set_speaker, spk=207, onoff=1 cctdlg.cpp:618
2017-11-01 11:50:44.550 [8976] LOG_TRACE CCCTDlg::set_speaker, spk=208, onoff=1 cctdlg.cpp:618
2017-11-01 11:50:44.550 [8976] LOG_TRACE CCCTDlg::set_speaker, spk=209, onoff=1 cctdlg.cpp:618
2017-11-01 11:50:44.550 [8976] LOG_TRACE CCCTDlg::set_speaker, spk=210, onoff=1 cctdlg.cpp:618
2017-11-01 11:50:44.550 [8976] LOG_TRACE CCCTDlg::set_speaker, spk=211, onoff=1 cctdlg.cpp:618
2017-11-01 11:50:44.550 [8976] LOG_TRACE CCCTDlg::set_speaker, spk=212, onoff=1 cctdlg.cpp:618
2017-11-01 11:50:44.550 [8976] LOG_TRACE CCCTDlg::set_speaker, spk=213, onoff=1 cctdlg.cpp:618
2017-11-01 11:50:44.550 [8976] LOG_TRACE CCCTDlg::set_speaker, spk=214, onoff=1 cctdlg.cpp:618
2017-11-01 11:50:44.550 [8976] LOG_TRACE CCCTDlg::set_speaker, spk=215, onoff=1 cctdlg.cpp:618
2017-11-01 11:50:44.550 [8976] LOG_TRACE CCCTDlg::set_speaker, spk=216, onoff=1 cctdlg.cpp:618
2017-11-01 11:50:44.550 [8976] LOG_TRACE CCCTDlg::set_speaker, spk=217, onoff=1 cctdlg.cpp:618
2017-11-01 11:50:44.550 [8976] LOG_TRACE CCCTDlg::set_speaker, spk=218, onoff=1 cctdlg.cpp:618
2017-11-01 11:50:44.550 [8976] LOG_TRACE CCCTDlg::set_speaker, spk=219, onoff=1 cctdlg.cpp:618
2017-11-01 11:50:44.550 [8976] LOG_TRACE CCCTDlg::set_speaker, spk=220, onoff=1 cctdlg.cpp:618
2017-11-01 11:50:44.550 [8976] LOG_TRACE CCCTDlg::set_speaker, spk=221, onoff=1 cctdlg.cpp:618
2017-11-01 11:50:44.550 [8976] LOG_TRACE CCCTDlg::set_speaker, spk=222, onoff=1 cctdlg.cpp:618
2017-11-01 11:50:44.550 [8976] LOG_TRACE CCCTDlg::set_speaker, spk=223, onoff=1 cctdlg.cpp:618
2017-11-01 11:50:44.550 [8976] LOG_TRACE CCCTDlg::set_speaker, spk=224, onoff=1 cctdlg.cpp:618
2017-11-01 11:50:44.550 [8976] LOG_TRACE CCCTDlg::set_speaker, spk=225, onoff=1 cctdlg.cpp:618
2017-11-01 11:50:44.550 [8976] LOG_TRACE CCCTDlg::set_speaker, spk=226, onoff=1 cctdlg.cpp:618
2017-11-01 11:50:44.550 [8976] LOG_TRACE CCCTDlg::set_speaker, spk=227, onoff=1 cctdlg.cpp:618
2017-11-01 11:50:44.550 [8976] LOG_TRACE CCCTDlg::set_speaker, spk=228, onoff=1 cctdlg.cpp:618
2017-11-01 11:50:44.550 [8976] LOG_TRACE CCCTDlg::set_speaker, spk=229, onoff=1 cctdlg.cpp:618
2017-11-01 11:50:44.550 [8976] LOG_TRACE CCCTDlg::set_speaker, spk=230, onoff=1 cctdlg.cpp:618
2017-11-01 11:50:44.550 [8976] LOG_TRACE CCCTDlg::set_speaker, spk=231, onoff=1 cctdlg.cpp:618
2017-11-01 11:50:44.550 [8976] LOG_TRACE CCCTDlg::set_speaker, spk=232, onoff=1 cctdlg.cpp:618
2017-11-01 11:50:44.550 [8976] LOG_TRACE CCCTDlg::set_speaker, spk=233, onoff=1 cctdlg.cpp:618
2017-11-01 11:50:44.550 [8976] LOG_TRACE CCCTDlg::set_speaker, spk=234, onoff=1 cctdlg.cpp:618
2017-11-01 11:50:44.550 [8976] LOG_TRACE CCCTDlg::set_speaker, spk=235, onoff=1 cctdlg.cpp:618
2017-11-01 11:50:44.550 [8976] LOG_TRACE CCCTDlg::set_speaker, spk=236, onoff=1 cctdlg.cpp:618
2017-11-01 11:50:44.550 [8976] LOG_TRACE CCCTDlg::set_speaker, spk=237, onoff=1 cctdlg.cpp:618
2017-11-01 11:50:44.551 [8976] LOG_TRACE CCCTDlg::set_speaker, spk=238, onoff=1 cctdlg.cpp:618
2017-11-01 11:50:44.551 [8976] LOG_TRACE CCCTDlg::set_speaker, spk=239, onoff=1 cctdlg.cpp:618
2017-11-01 11:50:44.551 [8976] LOG_TRACE CCCTDlg::set_speaker, spk=240, onoff=1 cctdlg.cpp:618
2017-11-01 11:50:44.551 [8976] LOG_TRACE CCCTDlg::set_speaker, spk=241, onoff=1 cctdlg.cpp:618
2017-11-01 11:50:44.551 [8976] LOG_TRACE CCCTDlg::set_speaker, spk=242, onoff=1 cctdlg.cpp:618
2017-11-01 11:50:44.551 [8976] LOG_TRACE CCCTDlg::set_speaker, spk=243, onoff=1 cctdlg.cpp:618
2017-11-01 11:50:44.551 [8976] LOG_TRACE CCCTDlg::set_speaker, spk=244, onoff=1 cctdlg.cpp:618
2017-11-01 11:50:44.551 [8976] LOG_TRACE CCCTDlg::set_speaker, spk=245, onoff=1 cctdlg.cpp:618
2017-11-01 11:50:44.551 [8976] LOG_TRACE CCCTDlg::set_speaker, spk=246, onoff=1 cctdlg.cpp:618
2017-11-01 11:50:44.551 [8976] LOG_TRACE CCCTDlg::set_speaker, spk=247, onoff=1 cctdlg.cpp:618
2017-11-01 11:50:44.551 [8976] LOG_TRACE CCCTDlg::set_speaker, spk=248, onoff=1 cctdlg.cpp:618
2017-11-01 11:50:44.551 [8976] LOG_TRACE CCCTDlg::set_speaker, spk=249, onoff=1 cctdlg.cpp:618
2017-11-01 11:50:44.551 [8976] LOG_TRACE CCCTDlg::set_speaker, spk=250, onoff=1 cctdlg.cpp:618
2017-11-01 11:50:44.551 [8976] LOG_TRACE CCCTDlg::set_speaker, spk=251, onoff=1 cctdlg.cpp:618
2017-11-01 11:50:44.551 [8976] LOG_TRACE CCCTDlg::set_speaker, spk=252, onoff=1 cctdlg.cpp:618
2017-11-01 11:50:44.551 [8976] LOG_TRACE CCCTDlg::set_speaker, spk=253, onoff=1 cctdlg.cpp:618
2017-11-01 11:50:44.551 [8976] LOG_TRACE CCCTDlg::set_speaker, spk=254, onoff=1 cctdlg.cpp:618
2017-11-01 11:50:46.100 [10596] LOG_TRACE rcv[12]:{DEV_ID:1}
 devmon.cpp:53
2017-11-01 11:50:47.844 [8872] LOG_TRACE 92765510,cap len=1280 cctdlg.cpp:538
2017-11-01 11:50:48.129 [8976] LOG_TRACE CCCTDlg::OnBnClickedCheckAll 0 cctdlg.cpp:864
2017-11-01 11:50:48.129 [8976] LOG_TRACE CCCTDlg::set_speaker, spk=1, onoff=0 cctdlg.cpp:618
2017-11-01 11:50:48.129 [8976] LOG_TRACE CCCTDlg::set_speaker, spk=2, onoff=0 cctdlg.cpp:618
2017-11-01 11:50:48.129 [8976] LOG_TRACE CCCTDlg::set_speaker, spk=3, onoff=0 cctdlg.cpp:618
2017-11-01 11:50:48.129 [8976] LOG_TRACE CCCTDlg::set_speaker, spk=4, onoff=0 cctdlg.cpp:618
2017-11-01 11:50:48.129 [8976] LOG_TRACE CCCTDlg::set_speaker, spk=5, onoff=0 cctdlg.cpp:618
2017-11-01 11:50:48.129 [8976] LOG_TRACE CCCTDlg::set_speaker, spk=6, onoff=0 cctdlg.cpp:618
2017-11-01 11:50:48.129 [8976] LOG_TRACE CCCTDlg::set_speaker, spk=7, onoff=0 cctdlg.cpp:618
2017-11-01 11:50:48.129 [8976] LOG_TRACE CCCTDlg::set_speaker, spk=8, onoff=0 cctdlg.cpp:618
2017-11-01 11:50:48.129 [8976] LOG_TRACE CCCTDlg::set_speaker, spk=9, onoff=0 cctdlg.cpp:618
2017-11-01 11:50:48.129 [8976] LOG_TRACE CCCTDlg::set_speaker, spk=10, onoff=0 cctdlg.cpp:618
2017-11-01 11:50:48.129 [8976] LOG_TRACE CCCTDlg::set_speaker, spk=11, onoff=0 cctdlg.cpp:618
2017-11-01 11:50:48.129 [8976] LOG_TRACE CCCTDlg::set_speaker, spk=12, onoff=0 cctdlg.cpp:618
2017-11-01 11:50:48.129 [8976] LOG_TRACE CCCTDlg::set_speaker, spk=13, onoff=0 cctdlg.cpp:618
2017-11-01 11:50:48.129 [8976] LOG_TRACE CCCTDlg::set_speaker, spk=14, onoff=0 cctdlg.cpp:618
2017-11-01 11:50:48.129 [8976] LOG_TRACE CCCTDlg::set_speaker, spk=15, onoff=0 cctdlg.cpp:618
2017-11-01 11:50:48.129 [8976] LOG_TRACE CCCTDlg::set_speaker, spk=16, onoff=0 cctdlg.cpp:618
2017-11-01 11:50:48.129 [8976] LOG_TRACE CCCTDlg::set_speaker, spk=17, onoff=0 cctdlg.cpp:618
2017-11-01 11:50:48.129 [8976] LOG_TRACE CCCTDlg::set_speaker, spk=18, onoff=0 cctdlg.cpp:618
2017-11-01 11:50:48.129 [8976] LOG_TRACE CCCTDlg::set_speaker, spk=19, onoff=0 cctdlg.cpp:618
2017-11-01 11:50:48.129 [8976] LOG_TRACE CCCTDlg::set_speaker, spk=20, onoff=0 cctdlg.cpp:618
2017-11-01 11:50:48.129 [8976] LOG_TRACE CCCTDlg::set_speaker, spk=21, onoff=0 cctdlg.cpp:618
2017-11-01 11:50:48.129 [8976] LOG_TRACE CCCTDlg::set_speaker, spk=22, onoff=0 cctdlg.cpp:618
2017-11-01 11:50:48.129 [8976] LOG_TRACE CCCTDlg::set_speaker, spk=23, onoff=0 cctdlg.cpp:618
2017-11-01 11:50:48.129 [8976] LOG_TRACE CCCTDlg::set_speaker, spk=24, onoff=0 cctdlg.cpp:618
2017-11-01 11:50:48.129 [8976] LOG_TRACE CCCTDlg::set_speaker, spk=25, onoff=0 cctdlg.cpp:618
2017-11-01 11:50:48.129 [8976] LOG_TRACE CCCTDlg::set_speaker, spk=26, onoff=0 cctdlg.cpp:618
2017-11-01 11:50:48.129 [8976] LOG_TRACE CCCTDlg::set_speaker, spk=27, onoff=0 cctdlg.cpp:618
2017-11-01 11:50:48.129 [8976] LOG_TRACE CCCTDlg::set_speaker, spk=28, onoff=0 cctdlg.cpp:618
2017-11-01 11:50:48.129 [8976] LOG_TRACE CCCTDlg::set_speaker, spk=29, onoff=0 cctdlg.cpp:618
2017-11-01 11:50:48.129 [8976] LOG_TRACE CCCTDlg::set_speaker, spk=30, onoff=0 cctdlg.cpp:618
2017-11-01 11:50:48.129 [8976] LOG_TRACE CCCTDlg::set_speaker, spk=31, onoff=0 cctdlg.cpp:618
2017-11-01 11:50:48.129 [8976] LOG_TRACE CCCTDlg::set_speaker, spk=32, onoff=0 cctdlg.cpp:618
2017-11-01 11:50:48.129 [8976] LOG_TRACE CCCTDlg::set_speaker, spk=33, onoff=0 cctdlg.cpp:618
2017-11-01 11:50:48.129 [8976] LOG_TRACE CCCTDlg::set_speaker, spk=34, onoff=0 cctdlg.cpp:618
2017-11-01 11:50:48.129 [8976] LOG_TRACE CCCTDlg::set_speaker, spk=35, onoff=0 cctdlg.cpp:618
2017-11-01 11:50:48.129 [8976] LOG_TRACE CCCTDlg::set_speaker, spk=36, onoff=0 cctdlg.cpp:618
2017-11-01 11:50:48.129 [8976] LOG_TRACE CCCTDlg::set_speaker, spk=37, onoff=0 cctdlg.cpp:618
2017-11-01 11:50:48.129 [8976] LOG_TRACE CCCTDlg::set_speaker, spk=38, onoff=0 cctdlg.cpp:618
2017-11-01 11:50:48.129 [8976] LOG_TRACE CCCTDlg::set_speaker, spk=39, onoff=0 cctdlg.cpp:618
2017-11-01 11:50:48.129 [8976] LOG_TRACE CCCTDlg::set_speaker, spk=40, onoff=0 cctdlg.cpp:618
2017-11-01 11:50:48.129 [8976] LOG_TRACE CCCTDlg::set_speaker, spk=41, onoff=0 cctdlg.cpp:618
2017-11-01 11:50:48.129 [8976] LOG_TRACE CCCTDlg::set_speaker, spk=42, onoff=0 cctdlg.cpp:618
2017-11-01 11:50:48.129 [8976] LOG_TRACE CCCTDlg::set_speaker, spk=43, onoff=0 cctdlg.cpp:618
2017-11-01 11:50:48.129 [8976] LOG_TRACE CCCTDlg::set_speaker, spk=44, onoff=0 cctdlg.cpp:618
2017-11-01 11:50:48.129 [8976] LOG_TRACE CCCTDlg::set_speaker, spk=45, onoff=0 cctdlg.cpp:618
2017-11-01 11:50:48.129 [8976] LOG_TRACE CCCTDlg::set_speaker, spk=46, onoff=0 cctdlg.cpp:618
2017-11-01 11:50:48.129 [8976] LOG_TRACE CCCTDlg::set_speaker, spk=47, onoff=0 cctdlg.cpp:618
2017-11-01 11:50:48.129 [8976] LOG_TRACE CCCTDlg::set_speaker, spk=48, onoff=0 cctdlg.cpp:618
2017-11-01 11:50:48.129 [8976] LOG_TRACE CCCTDlg::set_speaker, spk=49, onoff=0 cctdlg.cpp:618
2017-11-01 11:50:48.129 [8976] LOG_TRACE CCCTDlg::set_speaker, spk=50, onoff=0 cctdlg.cpp:618
2017-11-01 11:50:48.129 [8976] LOG_TRACE CCCTDlg::set_speaker, spk=51, onoff=0 cctdlg.cpp:618
2017-11-01 11:50:48.129 [8976] LOG_TRACE CCCTDlg::set_speaker, spk=52, onoff=0 cctdlg.cpp:618
2017-11-01 11:50:48.129 [8976] LOG_TRACE CCCTDlg::set_speaker, spk=53, onoff=0 cctdlg.cpp:618
2017-11-01 11:50:48.130 [8976] LOG_TRACE CCCTDlg::set_speaker, spk=54, onoff=0 cctdlg.cpp:618
2017-11-01 11:50:48.130 [8976] LOG_TRACE CCCTDlg::set_speaker, spk=55, onoff=0 cctdlg.cpp:618
2017-11-01 11:50:48.130 [8976] LOG_TRACE CCCTDlg::set_speaker, spk=56, onoff=0 cctdlg.cpp:618
2017-11-01 11:50:48.130 [8976] LOG_TRACE CCCTDlg::set_speaker, spk=57, onoff=0 cctdlg.cpp:618
2017-11-01 11:50:48.130 [8976] LOG_TRACE CCCTDlg::set_speaker, spk=58, onoff=0 cctdlg.cpp:618
2017-11-01 11:50:48.130 [8976] LOG_TRACE CCCTDlg::set_speaker, spk=59, onoff=0 cctdlg.cpp:618
2017-11-01 11:50:48.130 [8976] LOG_TRACE CCCTDlg::set_speaker, spk=60, onoff=0 cctdlg.cpp:618
2017-11-01 11:50:48.130 [8976] LOG_TRACE CCCTDlg::set_speaker, spk=61, onoff=0 cctdlg.cpp:618
2017-11-01 11:50:48.130 [8976] LOG_TRACE CCCTDlg::set_speaker, spk=62, onoff=0 cctdlg.cpp:618
2017-11-01 11:50:48.130 [8976] LOG_TRACE CCCTDlg::set_speaker, spk=63, onoff=0 cctdlg.cpp:618
2017-11-01 11:50:48.130 [8976] LOG_TRACE CCCTDlg::set_speaker, spk=64, onoff=0 cctdlg.cpp:618
2017-11-01 11:50:48.130 [8976] LOG_TRACE CCCTDlg::set_speaker, spk=65, onoff=0 cctdlg.cpp:618
2017-11-01 11:50:48.130 [8976] LOG_TRACE CCCTDlg::set_speaker, spk=66, onoff=0 cctdlg.cpp:618
2017-11-01 11:50:48.130 [8976] LOG_TRACE CCCTDlg::set_speaker, spk=67, onoff=0 cctdlg.cpp:618
2017-11-01 11:50:48.130 [8976] LOG_TRACE CCCTDlg::set_speaker, spk=68, onoff=0 cctdlg.cpp:618
2017-11-01 11:50:48.130 [8976] LOG_TRACE CCCTDlg::set_speaker, spk=69, onoff=0 cctdlg.cpp:618
2017-11-01 11:50:48.130 [8976] LOG_TRACE CCCTDlg::set_speaker, spk=70, onoff=0 cctdlg.cpp:618
2017-11-01 11:50:48.130 [8976] LOG_TRACE CCCTDlg::set_speaker, spk=71, onoff=0 cctdlg.cpp:618
2017-11-01 11:50:48.130 [8976] LOG_TRACE CCCTDlg::set_speaker, spk=72, onoff=0 cctdlg.cpp:618
2017-11-01 11:50:48.130 [8976] LOG_TRACE CCCTDlg::set_speaker, spk=73, onoff=0 cctdlg.cpp:618
2017-11-01 11:50:48.130 [8976] LOG_TRACE CCCTDlg::set_speaker, spk=74, onoff=0 cctdlg.cpp:618
2017-11-01 11:50:48.130 [8976] LOG_TRACE CCCTDlg::set_speaker, spk=75, onoff=0 cctdlg.cpp:618
2017-11-01 11:50:48.130 [8976] LOG_TRACE CCCTDlg::set_speaker, spk=76, onoff=0 cctdlg.cpp:618
2017-11-01 11:50:48.130 [8976] LOG_TRACE CCCTDlg::set_speaker, spk=77, onoff=0 cctdlg.cpp:618
2017-11-01 11:50:48.130 [8976] LOG_TRACE CCCTDlg::set_speaker, spk=78, onoff=0 cctdlg.cpp:618
2017-11-01 11:50:48.130 [8976] LOG_TRACE CCCTDlg::set_speaker, spk=79, onoff=0 cctdlg.cpp:618
2017-11-01 11:50:48.130 [8976] LOG_TRACE CCCTDlg::set_speaker, spk=80, onoff=0 cctdlg.cpp:618
2017-11-01 11:50:48.130 [8976] LOG_TRACE CCCTDlg::set_speaker, spk=81, onoff=0 cctdlg.cpp:618
2017-11-01 11:50:48.130 [8976] LOG_TRACE CCCTDlg::set_speaker, spk=82, onoff=0 cctdlg.cpp:618
2017-11-01 11:50:48.130 [8976] LOG_TRACE CCCTDlg::set_speaker, spk=83, onoff=0 cctdlg.cpp:618
2017-11-01 11:50:48.130 [8976] LOG_TRACE CCCTDlg::set_speaker, spk=84, onoff=0 cctdlg.cpp:618
2017-11-01 11:50:48.130 [8976] LOG_TRACE CCCTDlg::set_speaker, spk=85, onoff=0 cctdlg.cpp:618
2017-11-01 11:50:48.130 [8976] LOG_TRACE CCCTDlg::set_speaker, spk=86, onoff=0 cctdlg.cpp:618
2017-11-01 11:50:48.130 [8976] LOG_TRACE CCCTDlg::set_speaker, spk=87, onoff=0 cctdlg.cpp:618
2017-11-01 11:50:48.130 [8976] LOG_TRACE CCCTDlg::set_speaker, spk=88, onoff=0 cctdlg.cpp:618
2017-11-01 11:50:48.130 [8976] LOG_TRACE CCCTDlg::set_speaker, spk=89, onoff=0 cctdlg.cpp:618
2017-11-01 11:50:48.130 [8976] LOG_TRACE CCCTDlg::set_speaker, spk=90, onoff=0 cctdlg.cpp:618
2017-11-01 11:50:48.130 [8976] LOG_TRACE CCCTDlg::set_speaker, spk=91, onoff=0 cctdlg.cpp:618
2017-11-01 11:50:48.130 [8976] LOG_TRACE CCCTDlg::set_speaker, spk=92, onoff=0 cctdlg.cpp:618
2017-11-01 11:50:48.130 [8976] LOG_TRACE CCCTDlg::set_speaker, spk=93, onoff=0 cctdlg.cpp:618
2017-11-01 11:50:48.130 [8976] LOG_TRACE CCCTDlg::set_speaker, spk=94, onoff=0 cctdlg.cpp:618
2017-11-01 11:50:48.130 [8976] LOG_TRACE CCCTDlg::set_speaker, spk=95, onoff=0 cctdlg.cpp:618
2017-11-01 11:50:48.130 [8976] LOG_TRACE CCCTDlg::set_speaker, spk=96, onoff=0 cctdlg.cpp:618
2017-11-01 11:50:48.130 [8976] LOG_TRACE CCCTDlg::set_speaker, spk=97, onoff=0 cctdlg.cpp:618
2017-11-01 11:50:48.130 [8976] LOG_TRACE CCCTDlg::set_speaker, spk=98, onoff=0 cctdlg.cpp:618
2017-11-01 11:50:48.130 [8976] LOG_TRACE CCCTDlg::set_speaker, spk=99, onoff=0 cctdlg.cpp:618
2017-11-01 11:50:48.130 [8976] LOG_TRACE CCCTDlg::set_speaker, spk=100, onoff=0 cctdlg.cpp:618
2017-11-01 11:50:48.130 [8976] LOG_TRACE CCCTDlg::set_speaker, spk=101, onoff=0 cctdlg.cpp:618
2017-11-01 11:50:48.130 [8976] LOG_TRACE CCCTDlg::set_speaker, spk=102, onoff=0 cctdlg.cpp:618
2017-11-01 11:50:48.130 [8976] LOG_TRACE CCCTDlg::set_speaker, spk=103, onoff=0 cctdlg.cpp:618
2017-11-01 11:50:48.130 [8976] LOG_TRACE CCCTDlg::set_speaker, spk=104, onoff=0 cctdlg.cpp:618
2017-11-01 11:50:48.130 [8976] LOG_TRACE CCCTDlg::set_speaker, spk=105, onoff=0 cctdlg.cpp:618
2017-11-01 11:50:48.130 [8976] LOG_TRACE CCCTDlg::set_speaker, spk=106, onoff=0 cctdlg.cpp:618
2017-11-01 11:50:48.130 [8976] LOG_TRACE CCCTDlg::set_speaker, spk=107, onoff=0 cctdlg.cpp:618
2017-11-01 11:50:48.130 [8976] LOG_TRACE CCCTDlg::set_speaker, spk=108, onoff=0 cctdlg.cpp:618
2017-11-01 11:50:48.130 [8976] LOG_TRACE CCCTDlg::set_speaker, spk=109, onoff=0 cctdlg.cpp:618
2017-11-01 11:50:48.130 [8976] LOG_TRACE CCCTDlg::set_speaker, spk=110, onoff=0 cctdlg.cpp:618
2017-11-01 11:50:48.130 [8976] LOG_TRACE CCCTDlg::set_speaker, spk=111, onoff=0 cctdlg.cpp:618
2017-11-01 11:50:48.130 [8976] LOG_TRACE CCCTDlg::set_speaker, spk=112, onoff=0 cctdlg.cpp:618
2017-11-01 11:50:48.130 [8976] LOG_TRACE CCCTDlg::set_speaker, spk=113, onoff=0 cctdlg.cpp:618
2017-11-01 11:50:48.130 [8976] LOG_TRACE CCCTDlg::set_speaker, spk=114, onoff=0 cctdlg.cpp:618
2017-11-01 11:50:48.130 [8976] LOG_TRACE CCCTDlg::set_speaker, spk=115, onoff=0 cctdlg.cpp:618
2017-11-01 11:50:48.130 [8976] LOG_TRACE CCCTDlg::set_speaker, spk=116, onoff=0 cctdlg.cpp:618
2017-11-01 11:50:48.130 [8976] LOG_TRACE CCCTDlg::set_speaker, spk=117, onoff=0 cctdlg.cpp:618
2017-11-01 11:50:48.130 [8976] LOG_TRACE CCCTDlg::set_speaker, spk=118, onoff=0 cctdlg.cpp:618
2017-11-01 11:50:48.130 [8976] LOG_TRACE CCCTDlg::set_speaker, spk=119, onoff=0 cctdlg.cpp:618
2017-11-01 11:50:48.130 [8976] LOG_TRACE CCCTDlg::set_speaker, spk=120, onoff=0 cctdlg.cpp:618
2017-11-01 11:50:48.130 [8976] LOG_TRACE CCCTDlg::set_speaker, spk=121, onoff=0 cctdlg.cpp:618
2017-11-01 11:50:48.130 [8976] LOG_TRACE CCCTDlg::set_speaker, spk=122, onoff=0 cctdlg.cpp:618
2017-11-01 11:50:48.130 [8976] LOG_TRACE CCCTDlg::set_speaker, spk=123, onoff=0 cctdlg.cpp:618
2017-11-01 11:50:48.130 [8976] LOG_TRACE CCCTDlg::set_speaker, spk=124, onoff=0 cctdlg.cpp:618
2017-11-01 11:50:48.130 [8976] LOG_TRACE CCCTDlg::set_speaker, spk=125, onoff=0 cctdlg.cpp:618
2017-11-01 11:50:48.131 [8976] LOG_TRACE CCCTDlg::set_speaker, spk=126, onoff=0 cctdlg.cpp:618
2017-11-01 11:50:48.131 [8976] LOG_TRACE CCCTDlg::set_speaker, spk=127, onoff=0 cctdlg.cpp:618
2017-11-01 11:50:48.131 [8976] LOG_TRACE CCCTDlg::set_speaker, spk=128, onoff=0 cctdlg.cpp:618
2017-11-01 11:50:48.131 [8976] LOG_TRACE CCCTDlg::set_speaker, spk=129, onoff=0 cctdlg.cpp:618
2017-11-01 11:50:48.131 [8976] LOG_TRACE CCCTDlg::set_speaker, spk=130, onoff=0 cctdlg.cpp:618
2017-11-01 11:50:48.131 [8976] LOG_TRACE CCCTDlg::set_speaker, spk=131, onoff=0 cctdlg.cpp:618
2017-11-01 11:50:48.131 [8976] LOG_TRACE CCCTDlg::set_speaker, spk=132, onoff=0 cctdlg.cpp:618
2017-11-01 11:50:48.131 [8976] LOG_TRACE CCCTDlg::set_speaker, spk=133, onoff=0 cctdlg.cpp:618
2017-11-01 11:50:48.131 [8976] LOG_TRACE CCCTDlg::set_speaker, spk=134, onoff=0 cctdlg.cpp:618
2017-11-01 11:50:48.131 [8976] LOG_TRACE CCCTDlg::set_speaker, spk=135, onoff=0 cctdlg.cpp:618
2017-11-01 11:50:48.131 [8976] LOG_TRACE CCCTDlg::set_speaker, spk=136, onoff=0 cctdlg.cpp:618
2017-11-01 11:50:48.131 [8976] LOG_TRACE CCCTDlg::set_speaker, spk=137, onoff=0 cctdlg.cpp:618
2017-11-01 11:50:48.131 [8976] LOG_TRACE CCCTDlg::set_speaker, spk=138, onoff=0 cctdlg.cpp:618
2017-11-01 11:50:48.131 [8976] LOG_TRACE CCCTDlg::set_speaker, spk=139, onoff=0 cctdlg.cpp:618
2017-11-01 11:50:48.131 [8976] LOG_TRACE CCCTDlg::set_speaker, spk=140, onoff=0 cctdlg.cpp:618
2017-11-01 11:50:48.131 [8976] LOG_TRACE CCCTDlg::set_speaker, spk=141, onoff=0 cctdlg.cpp:618
2017-11-01 11:50:48.131 [8976] LOG_TRACE CCCTDlg::set_speaker, spk=142, onoff=0 cctdlg.cpp:618
2017-11-01 11:50:48.131 [8976] LOG_TRACE CCCTDlg::set_speaker, spk=143, onoff=0 cctdlg.cpp:618
2017-11-01 11:50:48.131 [8976] LOG_TRACE CCCTDlg::set_speaker, spk=144, onoff=0 cctdlg.cpp:618
2017-11-01 11:50:48.131 [8976] LOG_TRACE CCCTDlg::set_speaker, spk=145, onoff=0 cctdlg.cpp:618
2017-11-01 11:50:48.131 [8976] LOG_TRACE CCCTDlg::set_speaker, spk=146, onoff=0 cctdlg.cpp:618
2017-11-01 11:50:48.131 [8976] LOG_TRACE CCCTDlg::set_speaker, spk=147, onoff=0 cctdlg.cpp:618
2017-11-01 11:50:48.131 [8976] LOG_TRACE CCCTDlg::set_speaker, spk=148, onoff=0 cctdlg.cpp:618
2017-11-01 11:50:48.131 [8976] LOG_TRACE CCCTDlg::set_speaker, spk=149, onoff=0 cctdlg.cpp:618
2017-11-01 11:50:48.131 [8976] LOG_TRACE CCCTDlg::set_speaker, spk=150, onoff=0 cctdlg.cpp:618
2017-11-01 11:50:48.131 [8976] LOG_TRACE CCCTDlg::set_speaker, spk=151, onoff=0 cctdlg.cpp:618
2017-11-01 11:50:48.131 [8976] LOG_TRACE CCCTDlg::set_speaker, spk=152, onoff=0 cctdlg.cpp:618
2017-11-01 11:50:48.131 [8976] LOG_TRACE CCCTDlg::set_speaker, spk=153, onoff=0 cctdlg.cpp:618
2017-11-01 11:50:48.131 [8976] LOG_TRACE CCCTDlg::set_speaker, spk=154, onoff=0 cctdlg.cpp:618
2017-11-01 11:50:48.131 [8976] LOG_TRACE CCCTDlg::set_speaker, spk=155, onoff=0 cctdlg.cpp:618
2017-11-01 11:50:48.131 [8976] LOG_TRACE CCCTDlg::set_speaker, spk=156, onoff=0 cctdlg.cpp:618
2017-11-01 11:50:48.131 [8976] LOG_TRACE CCCTDlg::set_speaker, spk=157, onoff=0 cctdlg.cpp:618
2017-11-01 11:50:48.131 [8976] LOG_TRACE CCCTDlg::set_speaker, spk=158, onoff=0 cctdlg.cpp:618
2017-11-01 11:50:48.131 [8976] LOG_TRACE CCCTDlg::set_speaker, spk=159, onoff=0 cctdlg.cpp:618
2017-11-01 11:50:48.131 [8976] LOG_TRACE CCCTDlg::set_speaker, spk=160, onoff=0 cctdlg.cpp:618
2017-11-01 11:50:48.131 [8976] LOG_TRACE CCCTDlg::set_speaker, spk=161, onoff=0 cctdlg.cpp:618
2017-11-01 11:50:48.131 [8976] LOG_TRACE CCCTDlg::set_speaker, spk=162, onoff=0 cctdlg.cpp:618
2017-11-01 11:50:48.131 [8976] LOG_TRACE CCCTDlg::set_speaker, spk=163, onoff=0 cctdlg.cpp:618
2017-11-01 11:50:48.131 [8976] LOG_TRACE CCCTDlg::set_speaker, spk=164, onoff=0 cctdlg.cpp:618
2017-11-01 11:50:48.131 [8976] LOG_TRACE CCCTDlg::set_speaker, spk=165, onoff=0 cctdlg.cpp:618
2017-11-01 11:50:48.131 [8976] LOG_TRACE CCCTDlg::set_speaker, spk=166, onoff=0 cctdlg.cpp:618
2017-11-01 11:50:48.131 [8976] LOG_TRACE CCCTDlg::set_speaker, spk=167, onoff=0 cctdlg.cpp:618
2017-11-01 11:50:48.131 [8976] LOG_TRACE CCCTDlg::set_speaker, spk=168, onoff=0 cctdlg.cpp:618
2017-11-01 11:50:48.131 [8976] LOG_TRACE CCCTDlg::set_speaker, spk=169, onoff=0 cctdlg.cpp:618
2017-11-01 11:50:48.131 [8976] LOG_TRACE CCCTDlg::set_speaker, spk=170, onoff=0 cctdlg.cpp:618
2017-11-01 11:50:48.131 [8976] LOG_TRACE CCCTDlg::set_speaker, spk=171, onoff=0 cctdlg.cpp:618
2017-11-01 11:50:48.131 [8976] LOG_TRACE CCCTDlg::set_speaker, spk=172, onoff=0 cctdlg.cpp:618
2017-11-01 11:50:48.131 [8976] LOG_TRACE CCCTDlg::set_speaker, spk=173, onoff=0 cctdlg.cpp:618
2017-11-01 11:50:48.131 [8976] LOG_TRACE CCCTDlg::set_speaker, spk=174, onoff=0 cctdlg.cpp:618
2017-11-01 11:50:48.131 [8976] LOG_TRACE CCCTDlg::set_speaker, spk=175, onoff=0 cctdlg.cpp:618
2017-11-01 11:50:48.131 [8976] LOG_TRACE CCCTDlg::set_speaker, spk=176, onoff=0 cctdlg.cpp:618
2017-11-01 11:50:48.131 [8976] LOG_TRACE CCCTDlg::set_speaker, spk=177, onoff=0 cctdlg.cpp:618
2017-11-01 11:50:48.131 [8976] LOG_TRACE CCCTDlg::set_speaker, spk=178, onoff=0 cctdlg.cpp:618
2017-11-01 11:50:48.131 [8976] LOG_TRACE CCCTDlg::set_speaker, spk=179, onoff=0 cctdlg.cpp:618
2017-11-01 11:50:48.131 [8976] LOG_TRACE CCCTDlg::set_speaker, spk=180, onoff=0 cctdlg.cpp:618
2017-11-01 11:50:48.131 [8976] LOG_TRACE CCCTDlg::set_speaker, spk=181, onoff=0 cctdlg.cpp:618
2017-11-01 11:50:48.131 [8976] LOG_TRACE CCCTDlg::set_speaker, spk=182, onoff=0 cctdlg.cpp:618
2017-11-01 11:50:48.131 [8976] LOG_TRACE CCCTDlg::set_speaker, spk=183, onoff=0 cctdlg.cpp:618
2017-11-01 11:50:48.131 [8976] LOG_TRACE CCCTDlg::set_speaker, spk=184, onoff=0 cctdlg.cpp:618
2017-11-01 11:50:48.131 [8976] LOG_TRACE CCCTDlg::set_speaker, spk=185, onoff=0 cctdlg.cpp:618
2017-11-01 11:50:48.131 [8976] LOG_TRACE CCCTDlg::set_speaker, spk=186, onoff=0 cctdlg.cpp:618
2017-11-01 11:50:48.131 [8976] LOG_TRACE CCCTDlg::set_speaker, spk=187, onoff=0 cctdlg.cpp:618
2017-11-01 11:50:48.131 [8976] LOG_TRACE CCCTDlg::set_speaker, spk=188, onoff=0 cctdlg.cpp:618
2017-11-01 11:50:48.131 [8976] LOG_TRACE CCCTDlg::set_speaker, spk=189, onoff=0 cctdlg.cpp:618
2017-11-01 11:50:48.131 [8976] LOG_TRACE CCCTDlg::set_speaker, spk=190, onoff=0 cctdlg.cpp:618
2017-11-01 11:50:48.131 [8976] LOG_TRACE CCCTDlg::set_speaker, spk=191, onoff=0 cctdlg.cpp:618
2017-11-01 11:50:48.131 [8976] LOG_TRACE CCCTDlg::set_speaker, spk=192, onoff=0 cctdlg.cpp:618
2017-11-01 11:50:48.131 [8976] LOG_TRACE CCCTDlg::set_speaker, spk=193, onoff=0 cctdlg.cpp:618
2017-11-01 11:50:48.131 [8976] LOG_TRACE CCCTDlg::set_speaker, spk=194, onoff=0 cctdlg.cpp:618
2017-11-01 11:50:48.131 [8976] LOG_TRACE CCCTDlg::set_speaker, spk=195, onoff=0 cctdlg.cpp:618
2017-11-01 11:50:48.131 [8976] LOG_TRACE CCCTDlg::set_speaker, spk=196, onoff=0 cctdlg.cpp:618
2017-11-01 11:50:48.131 [8976] LOG_TRACE CCCTDlg::set_speaker, spk=197, onoff=0 cctdlg.cpp:618
2017-11-01 11:50:48.131 [8976] LOG_TRACE CCCTDlg::set_speaker, spk=198, onoff=0 cctdlg.cpp:618
2017-11-01 11:50:48.131 [8976] LOG_TRACE CCCTDlg::set_speaker, spk=199, onoff=0 cctdlg.cpp:618
2017-11-01 11:50:48.131 [8976] LOG_TRACE CCCTDlg::set_speaker, spk=200, onoff=0 cctdlg.cpp:618
2017-11-01 11:50:48.132 [8976] LOG_TRACE CCCTDlg::set_speaker, spk=201, onoff=0 cctdlg.cpp:618
2017-11-01 11:50:48.132 [8976] LOG_TRACE CCCTDlg::set_speaker, spk=202, onoff=0 cctdlg.cpp:618
2017-11-01 11:50:48.132 [8976] LOG_TRACE CCCTDlg::set_speaker, spk=203, onoff=0 cctdlg.cpp:618
2017-11-01 11:50:48.132 [8976] LOG_TRACE CCCTDlg::set_speaker, spk=204, onoff=0 cctdlg.cpp:618
2017-11-01 11:50:48.132 [8976] LOG_TRACE CCCTDlg::set_speaker, spk=205, onoff=0 cctdlg.cpp:618
2017-11-01 11:50:48.132 [8976] LOG_TRACE CCCTDlg::set_speaker, spk=206, onoff=0 cctdlg.cpp:618
2017-11-01 11:50:48.132 [8976] LOG_TRACE CCCTDlg::set_speaker, spk=207, onoff=0 cctdlg.cpp:618
2017-11-01 11:50:48.132 [8976] LOG_TRACE CCCTDlg::set_speaker, spk=208, onoff=0 cctdlg.cpp:618
2017-11-01 11:50:48.132 [8976] LOG_TRACE CCCTDlg::set_speaker, spk=209, onoff=0 cctdlg.cpp:618
2017-11-01 11:50:48.132 [8976] LOG_TRACE CCCTDlg::set_speaker, spk=210, onoff=0 cctdlg.cpp:618
2017-11-01 11:50:48.132 [8976] LOG_TRACE CCCTDlg::set_speaker, spk=211, onoff=0 cctdlg.cpp:618
2017-11-01 11:50:48.132 [8976] LOG_TRACE CCCTDlg::set_speaker, spk=212, onoff=0 cctdlg.cpp:618
2017-11-01 11:50:48.132 [8976] LOG_TRACE CCCTDlg::set_speaker, spk=213, onoff=0 cctdlg.cpp:618
2017-11-01 11:50:48.132 [8976] LOG_TRACE CCCTDlg::set_speaker, spk=214, onoff=0 cctdlg.cpp:618
2017-11-01 11:50:48.132 [8976] LOG_TRACE CCCTDlg::set_speaker, spk=215, onoff=0 cctdlg.cpp:618
2017-11-01 11:50:48.132 [8976] LOG_TRACE CCCTDlg::set_speaker, spk=216, onoff=0 cctdlg.cpp:618
2017-11-01 11:50:48.132 [8976] LOG_TRACE CCCTDlg::set_speaker, spk=217, onoff=0 cctdlg.cpp:618
2017-11-01 11:50:48.132 [8976] LOG_TRACE CCCTDlg::set_speaker, spk=218, onoff=0 cctdlg.cpp:618
2017-11-01 11:50:48.132 [8976] LOG_TRACE CCCTDlg::set_speaker, spk=219, onoff=0 cctdlg.cpp:618
2017-11-01 11:50:48.132 [8976] LOG_TRACE CCCTDlg::set_speaker, spk=220, onoff=0 cctdlg.cpp:618
2017-11-01 11:50:48.132 [8976] LOG_TRACE CCCTDlg::set_speaker, spk=221, onoff=0 cctdlg.cpp:618
2017-11-01 11:50:48.132 [8976] LOG_TRACE CCCTDlg::set_speaker, spk=222, onoff=0 cctdlg.cpp:618
2017-11-01 11:50:48.132 [8976] LOG_TRACE CCCTDlg::set_speaker, spk=223, onoff=0 cctdlg.cpp:618
2017-11-01 11:50:48.132 [8976] LOG_TRACE CCCTDlg::set_speaker, spk=224, onoff=0 cctdlg.cpp:618
2017-11-01 11:50:48.132 [8976] LOG_TRACE CCCTDlg::set_speaker, spk=225, onoff=0 cctdlg.cpp:618
2017-11-01 11:50:48.132 [8976] LOG_TRACE CCCTDlg::set_speaker, spk=226, onoff=0 cctdlg.cpp:618
2017-11-01 11:50:48.132 [8976] LOG_TRACE CCCTDlg::set_speaker, spk=227, onoff=0 cctdlg.cpp:618
2017-11-01 11:50:48.132 [8976] LOG_TRACE CCCTDlg::set_speaker, spk=228, onoff=0 cctdlg.cpp:618
2017-11-01 11:50:48.132 [8976] LOG_TRACE CCCTDlg::set_speaker, spk=229, onoff=0 cctdlg.cpp:618
2017-11-01 11:50:48.132 [8976] LOG_TRACE CCCTDlg::set_speaker, spk=230, onoff=0 cctdlg.cpp:618
2017-11-01 11:50:48.132 [8976] LOG_TRACE CCCTDlg::set_speaker, spk=231, onoff=0 cctdlg.cpp:618
2017-11-01 11:50:48.132 [8976] LOG_TRACE CCCTDlg::set_speaker, spk=232, onoff=0 cctdlg.cpp:618
2017-11-01 11:50:48.132 [8976] LOG_TRACE CCCTDlg::set_speaker, spk=233, onoff=0 cctdlg.cpp:618
2017-11-01 11:50:48.132 [8976] LOG_TRACE CCCTDlg::set_speaker, spk=234, onoff=0 cctdlg.cpp:618
2017-11-01 11:50:48.132 [8976] LOG_TRACE CCCTDlg::set_speaker, spk=235, onoff=0 cctdlg.cpp:618
2017-11-01 11:50:48.132 [8976] LOG_TRACE CCCTDlg::set_speaker, spk=236, onoff=0 cctdlg.cpp:618
2017-11-01 11:50:48.132 [8976] LOG_TRACE CCCTDlg::set_speaker, spk=237, onoff=0 cctdlg.cpp:618
2017-11-01 11:50:48.132 [8976] LOG_TRACE CCCTDlg::set_speaker, spk=238, onoff=0 cctdlg.cpp:618
2017-11-01 11:50:48.132 [8976] LOG_TRACE CCCTDlg::set_speaker, spk=239, onoff=0 cctdlg.cpp:618
2017-11-01 11:50:48.132 [8976] LOG_TRACE CCCTDlg::set_speaker, spk=240, onoff=0 cctdlg.cpp:618
2017-11-01 11:50:48.132 [8976] LOG_TRACE CCCTDlg::set_speaker, spk=241, onoff=0 cctdlg.cpp:618
2017-11-01 11:50:48.133 [8976] LOG_TRACE CCCTDlg::set_speaker, spk=242, onoff=0 cctdlg.cpp:618
2017-11-01 11:50:48.133 [8976] LOG_TRACE CCCTDlg::set_speaker, spk=243, onoff=0 cctdlg.cpp:618
2017-11-01 11:50:48.133 [8976] LOG_TRACE CCCTDlg::set_speaker, spk=244, onoff=0 cctdlg.cpp:618
2017-11-01 11:50:48.133 [8976] LOG_TRACE CCCTDlg::set_speaker, spk=245, onoff=0 cctdlg.cpp:618
2017-11-01 11:50:48.133 [8976] LOG_TRACE CCCTDlg::set_speaker, spk=246, onoff=0 cctdlg.cpp:618
2017-11-01 11:50:48.133 [8976] LOG_TRACE CCCTDlg::set_speaker, spk=247, onoff=0 cctdlg.cpp:618
2017-11-01 11:50:48.133 [8976] LOG_TRACE CCCTDlg::set_speaker, spk=248, onoff=0 cctdlg.cpp:618
2017-11-01 11:50:48.133 [8976] LOG_TRACE CCCTDlg::set_speaker, spk=249, onoff=0 cctdlg.cpp:618
2017-11-01 11:50:48.133 [8976] LOG_TRACE CCCTDlg::set_speaker, spk=250, onoff=0 cctdlg.cpp:618
2017-11-01 11:50:48.133 [8976] LOG_TRACE CCCTDlg::set_speaker, spk=251, onoff=0 cctdlg.cpp:618
2017-11-01 11:50:48.133 [8976] LOG_TRACE CCCTDlg::set_speaker, spk=252, onoff=0 cctdlg.cpp:618
2017-11-01 11:50:48.133 [8976] LOG_TRACE CCCTDlg::set_speaker, spk=253, onoff=0 cctdlg.cpp:618
2017-11-01 11:50:48.133 [8976] LOG_TRACE CCCTDlg::set_speaker, spk=254, onoff=0 cctdlg.cpp:618
2017-11-01 11:50:51.100 [10596] LOG_TRACE rcv[12]:{DEV_ID:1}
 devmon.cpp:53
2017-11-01 11:50:52.482 [8872] LOG_TRACE 92770159,cap len=1280 cctdlg.cpp:538
2017-11-01 11:50:54.300 [8976] LOG_TRACE CCCTDlg::OnBnClickedCheckAll 1 cctdlg.cpp:864
2017-11-01 11:50:54.300 [8976] LOG_TRACE CCCTDlg::set_speaker, spk=1, onoff=1 cctdlg.cpp:618
2017-11-01 11:50:54.300 [8976] LOG_TRACE CCCTDlg::set_speaker, spk=2, onoff=1 cctdlg.cpp:618
2017-11-01 11:50:54.300 [8976] LOG_TRACE CCCTDlg::set_speaker, spk=3, onoff=1 cctdlg.cpp:618
2017-11-01 11:50:54.300 [8976] LOG_TRACE CCCTDlg::set_speaker, spk=4, onoff=1 cctdlg.cpp:618
2017-11-01 11:50:54.300 [8976] LOG_TRACE CCCTDlg::set_speaker, spk=5, onoff=1 cctdlg.cpp:618
2017-11-01 11:50:54.300 [8976] LOG_TRACE CCCTDlg::set_speaker, spk=6, onoff=1 cctdlg.cpp:618
2017-11-01 11:50:54.300 [8976] LOG_TRACE CCCTDlg::set_speaker, spk=7, onoff=1 cctdlg.cpp:618
2017-11-01 11:50:54.300 [8976] LOG_TRACE CCCTDlg::set_speaker, spk=8, onoff=1 cctdlg.cpp:618
2017-11-01 11:50:54.300 [8976] LOG_TRACE CCCTDlg::set_speaker, spk=9, onoff=1 cctdlg.cpp:618
2017-11-01 11:50:54.300 [8976] LOG_TRACE CCCTDlg::set_speaker, spk=10, onoff=1 cctdlg.cpp:618
2017-11-01 11:50:54.301 [8976] LOG_TRACE CCCTDlg::set_speaker, spk=11, onoff=1 cctdlg.cpp:618
2017-11-01 11:50:54.301 [8976] LOG_TRACE CCCTDlg::set_speaker, spk=12, onoff=1 cctdlg.cpp:618
2017-11-01 11:50:54.301 [8976] LOG_TRACE CCCTDlg::set_speaker, spk=13, onoff=1 cctdlg.cpp:618
2017-11-01 11:50:54.301 [8976] LOG_TRACE CCCTDlg::set_speaker, spk=14, onoff=1 cctdlg.cpp:618
2017-11-01 11:50:54.301 [8976] LOG_TRACE CCCTDlg::set_speaker, spk=15, onoff=1 cctdlg.cpp:618
2017-11-01 11:50:54.301 [8976] LOG_TRACE CCCTDlg::set_speaker, spk=16, onoff=1 cctdlg.cpp:618
2017-11-01 11:50:54.301 [8976] LOG_TRACE CCCTDlg::set_speaker, spk=17, onoff=1 cctdlg.cpp:618
2017-11-01 11:50:54.301 [8976] LOG_TRACE CCCTDlg::set_speaker, spk=18, onoff=1 cctdlg.cpp:618
2017-11-01 11:50:54.301 [8976] LOG_TRACE CCCTDlg::set_speaker, spk=19, onoff=1 cctdlg.cpp:618
2017-11-01 11:50:54.301 [8976] LOG_TRACE CCCTDlg::set_speaker, spk=20, onoff=1 cctdlg.cpp:618
2017-11-01 11:50:54.301 [8976] LOG_TRACE CCCTDlg::set_speaker, spk=21, onoff=1 cctdlg.cpp:618
2017-11-01 11:50:54.301 [8976] LOG_TRACE CCCTDlg::set_speaker, spk=22, onoff=1 cctdlg.cpp:618
2017-11-01 11:50:54.301 [8976] LOG_TRACE CCCTDlg::set_speaker, spk=23, onoff=1 cctdlg.cpp:618
2017-11-01 11:50:54.301 [8976] LOG_TRACE CCCTDlg::set_speaker, spk=24, onoff=1 cctdlg.cpp:618
2017-11-01 11:50:54.301 [8976] LOG_TRACE CCCTDlg::set_speaker, spk=25, onoff=1 cctdlg.cpp:618
2017-11-01 11:50:54.301 [8976] LOG_TRACE CCCTDlg::set_speaker, spk=26, onoff=1 cctdlg.cpp:618
2017-11-01 11:50:54.301 [8976] LOG_TRACE CCCTDlg::set_speaker, spk=27, onoff=1 cctdlg.cpp:618
2017-11-01 11:50:54.301 [8976] LOG_TRACE CCCTDlg::set_speaker, spk=28, onoff=1 cctdlg.cpp:618
2017-11-01 11:50:54.301 [8976] LOG_TRACE CCCTDlg::set_speaker, spk=29, onoff=1 cctdlg.cpp:618
2017-11-01 11:50:54.301 [8976] LOG_TRACE CCCTDlg::set_speaker, spk=30, onoff=1 cctdlg.cpp:618
2017-11-01 11:50:54.301 [8976] LOG_TRACE CCCTDlg::set_speaker, spk=31, onoff=1 cctdlg.cpp:618
2017-11-01 11:50:54.301 [8976] LOG_TRACE CCCTDlg::set_speaker, spk=32, onoff=1 cctdlg.cpp:618
2017-11-01 11:50:54.301 [8976] LOG_TRACE CCCTDlg::set_speaker, spk=33, onoff=1 cctdlg.cpp:618
2017-11-01 11:50:54.301 [8976] LOG_TRACE CCCTDlg::set_speaker, spk=34, onoff=1 cctdlg.cpp:618
2017-11-01 11:50:54.301 [8976] LOG_TRACE CCCTDlg::set_speaker, spk=35, onoff=1 cctdlg.cpp:618
2017-11-01 11:50:54.301 [8976] LOG_TRACE CCCTDlg::set_speaker, spk=36, onoff=1 cctdlg.cpp:618
2017-11-01 11:50:54.301 [8976] LOG_TRACE CCCTDlg::set_speaker, spk=37, onoff=1 cctdlg.cpp:618
2017-11-01 11:50:54.301 [8976] LOG_TRACE CCCTDlg::set_speaker, spk=38, onoff=1 cctdlg.cpp:618
2017-11-01 11:50:54.301 [8976] LOG_TRACE CCCTDlg::set_speaker, spk=39, onoff=1 cctdlg.cpp:618
2017-11-01 11:50:54.301 [8976] LOG_TRACE CCCTDlg::set_speaker, spk=40, onoff=1 cctdlg.cpp:618
2017-11-01 11:50:54.301 [8976] LOG_TRACE CCCTDlg::set_speaker, spk=41, onoff=1 cctdlg.cpp:618
2017-11-01 11:50:54.301 [8976] LOG_TRACE CCCTDlg::set_speaker, spk=42, onoff=1 cctdlg.cpp:618
2017-11-01 11:50:54.301 [8976] LOG_TRACE CCCTDlg::set_speaker, spk=43, onoff=1 cctdlg.cpp:618
2017-11-01 11:50:54.301 [8976] LOG_TRACE CCCTDlg::set_speaker, spk=44, onoff=1 cctdlg.cpp:618
2017-11-01 11:50:54.301 [8976] LOG_TRACE CCCTDlg::set_speaker, spk=45, onoff=1 cctdlg.cpp:618
2017-11-01 11:50:54.301 [8976] LOG_TRACE CCCTDlg::set_speaker, spk=46, onoff=1 cctdlg.cpp:618
2017-11-01 11:50:54.301 [8976] LOG_TRACE CCCTDlg::set_speaker, spk=47, onoff=1 cctdlg.cpp:618
2017-11-01 11:50:54.301 [8976] LOG_TRACE CCCTDlg::set_speaker, spk=48, onoff=1 cctdlg.cpp:618
2017-11-01 11:50:54.301 [8976] LOG_TRACE CCCTDlg::set_speaker, spk=49, onoff=1 cctdlg.cpp:618
2017-11-01 11:50:54.301 [8976] LOG_TRACE CCCTDlg::set_speaker, spk=50, onoff=1 cctdlg.cpp:618
2017-11-01 11:50:54.301 [8976] LOG_TRACE CCCTDlg::set_speaker, spk=51, onoff=1 cctdlg.cpp:618
2017-11-01 11:50:54.301 [8976] LOG_TRACE CCCTDlg::set_speaker, spk=52, onoff=1 cctdlg.cpp:618
2017-11-01 11:50:54.301 [8976] LOG_TRACE CCCTDlg::set_speaker, spk=53, onoff=1 cctdlg.cpp:618
2017-11-01 11:50:54.301 [8976] LOG_TRACE CCCTDlg::set_speaker, spk=54, onoff=1 cctdlg.cpp:618
2017-11-01 11:50:54.301 [8976] LOG_TRACE CCCTDlg::set_speaker, spk=55, onoff=1 cctdlg.cpp:618
2017-11-01 11:50:54.301 [8976] LOG_TRACE CCCTDlg::set_speaker, spk=56, onoff=1 cctdlg.cpp:618
2017-11-01 11:50:54.301 [8976] LOG_TRACE CCCTDlg::set_speaker, spk=57, onoff=1 cctdlg.cpp:618
2017-11-01 11:50:54.301 [8976] LOG_TRACE CCCTDlg::set_speaker, spk=58, onoff=1 cctdlg.cpp:618
2017-11-01 11:50:54.301 [8976] LOG_TRACE CCCTDlg::set_speaker, spk=59, onoff=1 cctdlg.cpp:618
2017-11-01 11:50:54.301 [8976] LOG_TRACE CCCTDlg::set_speaker, spk=60, onoff=1 cctdlg.cpp:618
2017-11-01 11:50:54.301 [8976] LOG_TRACE CCCTDlg::set_speaker, spk=61, onoff=1 cctdlg.cpp:618
2017-11-01 11:50:54.301 [8976] LOG_TRACE CCCTDlg::set_speaker, spk=62, onoff=1 cctdlg.cpp:618
2017-11-01 11:50:54.301 [8976] LOG_TRACE CCCTDlg::set_speaker, spk=63, onoff=1 cctdlg.cpp:618
2017-11-01 11:50:54.301 [8976] LOG_TRACE CCCTDlg::set_speaker, spk=64, onoff=1 cctdlg.cpp:618
2017-11-01 11:50:54.301 [8976] LOG_TRACE CCCTDlg::set_speaker, spk=65, onoff=1 cctdlg.cpp:618
2017-11-01 11:50:54.301 [8976] LOG_TRACE CCCTDlg::set_speaker, spk=66, onoff=1 cctdlg.cpp:618
2017-11-01 11:50:54.301 [8976] LOG_TRACE CCCTDlg::set_speaker, spk=67, onoff=1 cctdlg.cpp:618
2017-11-01 11:50:54.301 [8976] LOG_TRACE CCCTDlg::set_speaker, spk=68, onoff=1 cctdlg.cpp:618
2017-11-01 11:50:54.301 [8976] LOG_TRACE CCCTDlg::set_speaker, spk=69, onoff=1 cctdlg.cpp:618
2017-11-01 11:50:54.301 [8976] LOG_TRACE CCCTDlg::set_speaker, spk=70, onoff=1 cctdlg.cpp:618
2017-11-01 11:50:54.301 [8976] LOG_TRACE CCCTDlg::set_speaker, spk=71, onoff=1 cctdlg.cpp:618
2017-11-01 11:50:54.301 [8976] LOG_TRACE CCCTDlg::set_speaker, spk=72, onoff=1 cctdlg.cpp:618
2017-11-01 11:50:54.301 [8976] LOG_TRACE CCCTDlg::set_speaker, spk=73, onoff=1 cctdlg.cpp:618
2017-11-01 11:50:54.301 [8976] LOG_TRACE CCCTDlg::set_speaker, spk=74, onoff=1 cctdlg.cpp:618
2017-11-01 11:50:54.301 [8976] LOG_TRACE CCCTDlg::set_speaker, spk=75, onoff=1 cctdlg.cpp:618
2017-11-01 11:50:54.301 [8976] LOG_TRACE CCCTDlg::set_speaker, spk=76, onoff=1 cctdlg.cpp:618
2017-11-01 11:50:54.301 [8976] LOG_TRACE CCCTDlg::set_speaker, spk=77, onoff=1 cctdlg.cpp:618
2017-11-01 11:50:54.301 [8976] LOG_TRACE CCCTDlg::set_speaker, spk=78, onoff=1 cctdlg.cpp:618
2017-11-01 11:50:54.301 [8976] LOG_TRACE CCCTDlg::set_speaker, spk=79, onoff=1 cctdlg.cpp:618
2017-11-01 11:50:54.301 [8976] LOG_TRACE CCCTDlg::set_speaker, spk=80, onoff=1 cctdlg.cpp:618
2017-11-01 11:50:54.301 [8976] LOG_TRACE CCCTDlg::set_speaker, spk=81, onoff=1 cctdlg.cpp:618
2017-11-01 11:50:54.301 [8976] LOG_TRACE CCCTDlg::set_speaker, spk=82, onoff=1 cctdlg.cpp:618
2017-11-01 11:50:54.301 [8976] LOG_TRACE CCCTDlg::set_speaker, spk=83, onoff=1 cctdlg.cpp:618
2017-11-01 11:50:54.301 [8976] LOG_TRACE CCCTDlg::set_speaker, spk=84, onoff=1 cctdlg.cpp:618
2017-11-01 11:50:54.301 [8976] LOG_TRACE CCCTDlg::set_speaker, spk=85, onoff=1 cctdlg.cpp:618
2017-11-01 11:50:54.301 [8976] LOG_TRACE CCCTDlg::set_speaker, spk=86, onoff=1 cctdlg.cpp:618
2017-11-01 11:50:54.301 [8976] LOG_TRACE CCCTDlg::set_speaker, spk=87, onoff=1 cctdlg.cpp:618
2017-11-01 11:50:54.301 [8976] LOG_TRACE CCCTDlg::set_speaker, spk=88, onoff=1 cctdlg.cpp:618
2017-11-01 11:50:54.301 [8976] LOG_TRACE CCCTDlg::set_speaker, spk=89, onoff=1 cctdlg.cpp:618
2017-11-01 11:50:54.302 [8976] LOG_TRACE CCCTDlg::set_speaker, spk=90, onoff=1 cctdlg.cpp:618
2017-11-01 11:50:54.302 [8976] LOG_TRACE CCCTDlg::set_speaker, spk=91, onoff=1 cctdlg.cpp:618
2017-11-01 11:50:54.302 [8976] LOG_TRACE CCCTDlg::set_speaker, spk=92, onoff=1 cctdlg.cpp:618
2017-11-01 11:50:54.302 [8976] LOG_TRACE CCCTDlg::set_speaker, spk=93, onoff=1 cctdlg.cpp:618
2017-11-01 11:50:54.302 [8976] LOG_TRACE CCCTDlg::set_speaker, spk=94, onoff=1 cctdlg.cpp:618
2017-11-01 11:50:54.302 [8976] LOG_TRACE CCCTDlg::set_speaker, spk=95, onoff=1 cctdlg.cpp:618
2017-11-01 11:50:54.302 [8976] LOG_TRACE CCCTDlg::set_speaker, spk=96, onoff=1 cctdlg.cpp:618
2017-11-01 11:50:54.302 [8976] LOG_TRACE CCCTDlg::set_speaker, spk=97, onoff=1 cctdlg.cpp:618
2017-11-01 11:50:54.302 [8976] LOG_TRACE CCCTDlg::set_speaker, spk=98, onoff=1 cctdlg.cpp:618
2017-11-01 11:50:54.302 [8976] LOG_TRACE CCCTDlg::set_speaker, spk=99, onoff=1 cctdlg.cpp:618
2017-11-01 11:50:54.302 [8976] LOG_TRACE CCCTDlg::set_speaker, spk=100, onoff=1 cctdlg.cpp:618
2017-11-01 11:50:54.302 [8976] LOG_TRACE CCCTDlg::set_speaker, spk=101, onoff=1 cctdlg.cpp:618
2017-11-01 11:50:54.302 [8976] LOG_TRACE CCCTDlg::set_speaker, spk=102, onoff=1 cctdlg.cpp:618
2017-11-01 11:50:54.302 [8976] LOG_TRACE CCCTDlg::set_speaker, spk=103, onoff=1 cctdlg.cpp:618
2017-11-01 11:50:54.302 [8976] LOG_TRACE CCCTDlg::set_speaker, spk=104, onoff=1 cctdlg.cpp:618
2017-11-01 11:50:54.302 [8976] LOG_TRACE CCCTDlg::set_speaker, spk=105, onoff=1 cctdlg.cpp:618
2017-11-01 11:50:54.302 [8976] LOG_TRACE CCCTDlg::set_speaker, spk=106, onoff=1 cctdlg.cpp:618
2017-11-01 11:50:54.302 [8976] LOG_TRACE CCCTDlg::set_speaker, spk=107, onoff=1 cctdlg.cpp:618
2017-11-01 11:50:54.302 [8976] LOG_TRACE CCCTDlg::set_speaker, spk=108, onoff=1 cctdlg.cpp:618
2017-11-01 11:50:54.302 [8976] LOG_TRACE CCCTDlg::set_speaker, spk=109, onoff=1 cctdlg.cpp:618
2017-11-01 11:50:54.302 [8976] LOG_TRACE CCCTDlg::set_speaker, spk=110, onoff=1 cctdlg.cpp:618
2017-11-01 11:50:54.302 [8976] LOG_TRACE CCCTDlg::set_speaker, spk=111, onoff=1 cctdlg.cpp:618
2017-11-01 11:50:54.302 [8976] LOG_TRACE CCCTDlg::set_speaker, spk=112, onoff=1 cctdlg.cpp:618
2017-11-01 11:50:54.302 [8976] LOG_TRACE CCCTDlg::set_speaker, spk=113, onoff=1 cctdlg.cpp:618
2017-11-01 11:50:54.302 [8976] LOG_TRACE CCCTDlg::set_speaker, spk=114, onoff=1 cctdlg.cpp:618
2017-11-01 11:50:54.302 [8976] LOG_TRACE CCCTDlg::set_speaker, spk=115, onoff=1 cctdlg.cpp:618
2017-11-01 11:50:54.302 [8976] LOG_TRACE CCCTDlg::set_speaker, spk=116, onoff=1 cctdlg.cpp:618
2017-11-01 11:50:54.302 [8976] LOG_TRACE CCCTDlg::set_speaker, spk=117, onoff=1 cctdlg.cpp:618
2017-11-01 11:50:54.302 [8976] LOG_TRACE CCCTDlg::set_speaker, spk=118, onoff=1 cctdlg.cpp:618
2017-11-01 11:50:54.302 [8976] LOG_TRACE CCCTDlg::set_speaker, spk=119, onoff=1 cctdlg.cpp:618
2017-11-01 11:50:54.302 [8976] LOG_TRACE CCCTDlg::set_speaker, spk=120, onoff=1 cctdlg.cpp:618
2017-11-01 11:50:54.302 [8976] LOG_TRACE CCCTDlg::set_speaker, spk=121, onoff=1 cctdlg.cpp:618
2017-11-01 11:50:54.302 [8976] LOG_TRACE CCCTDlg::set_speaker, spk=122, onoff=1 cctdlg.cpp:618
2017-11-01 11:50:54.302 [8976] LOG_TRACE CCCTDlg::set_speaker, spk=123, onoff=1 cctdlg.cpp:618
2017-11-01 11:50:54.302 [8976] LOG_TRACE CCCTDlg::set_speaker, spk=124, onoff=1 cctdlg.cpp:618
2017-11-01 11:50:54.302 [8976] LOG_TRACE CCCTDlg::set_speaker, spk=125, onoff=1 cctdlg.cpp:618
2017-11-01 11:50:54.302 [8976] LOG_TRACE CCCTDlg::set_speaker, spk=126, onoff=1 cctdlg.cpp:618
2017-11-01 11:50:54.302 [8976] LOG_TRACE CCCTDlg::set_speaker, spk=127, onoff=1 cctdlg.cpp:618
2017-11-01 11:50:54.302 [8976] LOG_TRACE CCCTDlg::set_speaker, spk=128, onoff=1 cctdlg.cpp:618
2017-11-01 11:50:54.302 [8976] LOG_TRACE CCCTDlg::set_speaker, spk=129, onoff=1 cctdlg.cpp:618
2017-11-01 11:50:54.302 [8976] LOG_TRACE CCCTDlg::set_speaker, spk=130, onoff=1 cctdlg.cpp:618
2017-11-01 11:50:54.302 [8976] LOG_TRACE CCCTDlg::set_speaker, spk=131, onoff=1 cctdlg.cpp:618
2017-11-01 11:50:54.302 [8976] LOG_TRACE CCCTDlg::set_speaker, spk=132, onoff=1 cctdlg.cpp:618
2017-11-01 11:50:54.302 [8976] LOG_TRACE CCCTDlg::set_speaker, spk=133, onoff=1 cctdlg.cpp:618
2017-11-01 11:50:54.302 [8976] LOG_TRACE CCCTDlg::set_speaker, spk=134, onoff=1 cctdlg.cpp:618
2017-11-01 11:50:54.302 [8976] LOG_TRACE CCCTDlg::set_speaker, spk=135, onoff=1 cctdlg.cpp:618
2017-11-01 11:50:54.302 [8976] LOG_TRACE CCCTDlg::set_speaker, spk=136, onoff=1 cctdlg.cpp:618
2017-11-01 11:50:54.302 [8976] LOG_TRACE CCCTDlg::set_speaker, spk=137, onoff=1 cctdlg.cpp:618
2017-11-01 11:50:54.302 [8976] LOG_TRACE CCCTDlg::set_speaker, spk=138, onoff=1 cctdlg.cpp:618
2017-11-01 11:50:54.302 [8976] LOG_TRACE CCCTDlg::set_speaker, spk=139, onoff=1 cctdlg.cpp:618
2017-11-01 11:50:54.302 [8976] LOG_TRACE CCCTDlg::set_speaker, spk=140, onoff=1 cctdlg.cpp:618
2017-11-01 11:50:54.302 [8976] LOG_TRACE CCCTDlg::set_speaker, spk=141, onoff=1 cctdlg.cpp:618
2017-11-01 11:50:54.302 [8976] LOG_TRACE CCCTDlg::set_speaker, spk=142, onoff=1 cctdlg.cpp:618
2017-11-01 11:50:54.302 [8976] LOG_TRACE CCCTDlg::set_speaker, spk=143, onoff=1 cctdlg.cpp:618
2017-11-01 11:50:54.302 [8976] LOG_TRACE CCCTDlg::set_speaker, spk=144, onoff=1 cctdlg.cpp:618
2017-11-01 11:50:54.302 [8976] LOG_TRACE CCCTDlg::set_speaker, spk=145, onoff=1 cctdlg.cpp:618
2017-11-01 11:50:54.302 [8976] LOG_TRACE CCCTDlg::set_speaker, spk=146, onoff=1 cctdlg.cpp:618
2017-11-01 11:50:54.302 [8976] LOG_TRACE CCCTDlg::set_speaker, spk=147, onoff=1 cctdlg.cpp:618
2017-11-01 11:50:54.302 [8976] LOG_TRACE CCCTDlg::set_speaker, spk=148, onoff=1 cctdlg.cpp:618
2017-11-01 11:50:54.302 [8976] LOG_TRACE CCCTDlg::set_speaker, spk=149, onoff=1 cctdlg.cpp:618
2017-11-01 11:50:54.302 [8976] LOG_TRACE CCCTDlg::set_speaker, spk=150, onoff=1 cctdlg.cpp:618
2017-11-01 11:50:54.302 [8976] LOG_TRACE CCCTDlg::set_speaker, spk=151, onoff=1 cctdlg.cpp:618
2017-11-01 11:50:54.302 [8976] LOG_TRACE CCCTDlg::set_speaker, spk=152, onoff=1 cctdlg.cpp:618
2017-11-01 11:50:54.302 [8976] LOG_TRACE CCCTDlg::set_speaker, spk=153, onoff=1 cctdlg.cpp:618
2017-11-01 11:50:54.302 [8976] LOG_TRACE CCCTDlg::set_speaker, spk=154, onoff=1 cctdlg.cpp:618
2017-11-01 11:50:54.302 [8976] LOG_TRACE CCCTDlg::set_speaker, spk=155, onoff=1 cctdlg.cpp:618
2017-11-01 11:50:54.302 [8976] LOG_TRACE CCCTDlg::set_speaker, spk=156, onoff=1 cctdlg.cpp:618
2017-11-01 11:50:54.302 [8976] LOG_TRACE CCCTDlg::set_speaker, spk=157, onoff=1 cctdlg.cpp:618
2017-11-01 11:50:54.302 [8976] LOG_TRACE CCCTDlg::set_speaker, spk=158, onoff=1 cctdlg.cpp:618
2017-11-01 11:50:54.302 [8976] LOG_TRACE CCCTDlg::set_speaker, spk=159, onoff=1 cctdlg.cpp:618
2017-11-01 11:50:54.303 [8976] LOG_TRACE CCCTDlg::set_speaker, spk=160, onoff=1 cctdlg.cpp:618
2017-11-01 11:50:54.303 [8976] LOG_TRACE CCCTDlg::set_speaker, spk=161, onoff=1 cctdlg.cpp:618
2017-11-01 11:50:54.303 [8976] LOG_TRACE CCCTDlg::set_speaker, spk=162, onoff=1 cctdlg.cpp:618
2017-11-01 11:50:54.303 [8976] LOG_TRACE CCCTDlg::set_speaker, spk=163, onoff=1 cctdlg.cpp:618
2017-11-01 11:50:54.303 [8976] LOG_TRACE CCCTDlg::set_speaker, spk=164, onoff=1 cctdlg.cpp:618
2017-11-01 11:50:54.303 [8976] LOG_TRACE CCCTDlg::set_speaker, spk=165, onoff=1 cctdlg.cpp:618
2017-11-01 11:50:54.303 [8976] LOG_TRACE CCCTDlg::set_speaker, spk=166, onoff=1 cctdlg.cpp:618
2017-11-01 11:50:54.303 [8976] LOG_TRACE CCCTDlg::set_speaker, spk=167, onoff=1 cctdlg.cpp:618
2017-11-01 11:50:54.303 [8976] LOG_TRACE CCCTDlg::set_speaker, spk=168, onoff=1 cctdlg.cpp:618
2017-11-01 11:50:54.303 [8976] LOG_TRACE CCCTDlg::set_speaker, spk=169, onoff=1 cctdlg.cpp:618
2017-11-01 11:50:54.303 [8976] LOG_TRACE CCCTDlg::set_speaker, spk=170, onoff=1 cctdlg.cpp:618
2017-11-01 11:50:54.303 [8976] LOG_TRACE CCCTDlg::set_speaker, spk=171, onoff=1 cctdlg.cpp:618
2017-11-01 11:50:54.303 [8976] LOG_TRACE CCCTDlg::set_speaker, spk=172, onoff=1 cctdlg.cpp:618
2017-11-01 11:50:54.303 [8976] LOG_TRACE CCCTDlg::set_speaker, spk=173, onoff=1 cctdlg.cpp:618
2017-11-01 11:50:54.303 [8976] LOG_TRACE CCCTDlg::set_speaker, spk=174, onoff=1 cctdlg.cpp:618
2017-11-01 11:50:54.303 [8976] LOG_TRACE CCCTDlg::set_speaker, spk=175, onoff=1 cctdlg.cpp:618
2017-11-01 11:50:54.303 [8976] LOG_TRACE CCCTDlg::set_speaker, spk=176, onoff=1 cctdlg.cpp:618
2017-11-01 11:50:54.303 [8976] LOG_TRACE CCCTDlg::set_speaker, spk=177, onoff=1 cctdlg.cpp:618
2017-11-01 11:50:54.303 [8976] LOG_TRACE CCCTDlg::set_speaker, spk=178, onoff=1 cctdlg.cpp:618
2017-11-01 11:50:54.303 [8976] LOG_TRACE CCCTDlg::set_speaker, spk=179, onoff=1 cctdlg.cpp:618
2017-11-01 11:50:54.303 [8976] LOG_TRACE CCCTDlg::set_speaker, spk=180, onoff=1 cctdlg.cpp:618
2017-11-01 11:50:54.303 [8976] LOG_TRACE CCCTDlg::set_speaker, spk=181, onoff=1 cctdlg.cpp:618
2017-11-01 11:50:54.303 [8976] LOG_TRACE CCCTDlg::set_speaker, spk=182, onoff=1 cctdlg.cpp:618
2017-11-01 11:50:54.303 [8976] LOG_TRACE CCCTDlg::set_speaker, spk=183, onoff=1 cctdlg.cpp:618
2017-11-01 11:50:54.303 [8976] LOG_TRACE CCCTDlg::set_speaker, spk=184, onoff=1 cctdlg.cpp:618
2017-11-01 11:50:54.303 [8976] LOG_TRACE CCCTDlg::set_speaker, spk=185, onoff=1 cctdlg.cpp:618
2017-11-01 11:50:54.303 [8976] LOG_TRACE CCCTDlg::set_speaker, spk=186, onoff=1 cctdlg.cpp:618
2017-11-01 11:50:54.303 [8976] LOG_TRACE CCCTDlg::set_speaker, spk=187, onoff=1 cctdlg.cpp:618
2017-11-01 11:50:54.303 [8976] LOG_TRACE CCCTDlg::set_speaker, spk=188, onoff=1 cctdlg.cpp:618
2017-11-01 11:50:54.303 [8976] LOG_TRACE CCCTDlg::set_speaker, spk=189, onoff=1 cctdlg.cpp:618
2017-11-01 11:50:54.303 [8976] LOG_TRACE CCCTDlg::set_speaker, spk=190, onoff=1 cctdlg.cpp:618
2017-11-01 11:50:54.303 [8976] LOG_TRACE CCCTDlg::set_speaker, spk=191, onoff=1 cctdlg.cpp:618
2017-11-01 11:50:54.303 [8976] LOG_TRACE CCCTDlg::set_speaker, spk=192, onoff=1 cctdlg.cpp:618
2017-11-01 11:50:54.303 [8976] LOG_TRACE CCCTDlg::set_speaker, spk=193, onoff=1 cctdlg.cpp:618
2017-11-01 11:50:54.303 [8976] LOG_TRACE CCCTDlg::set_speaker, spk=194, onoff=1 cctdlg.cpp:618
2017-11-01 11:50:54.303 [8976] LOG_TRACE CCCTDlg::set_speaker, spk=195, onoff=1 cctdlg.cpp:618
2017-11-01 11:50:54.303 [8976] LOG_TRACE CCCTDlg::set_speaker, spk=196, onoff=1 cctdlg.cpp:618
2017-11-01 11:50:54.303 [8976] LOG_TRACE CCCTDlg::set_speaker, spk=197, onoff=1 cctdlg.cpp:618
2017-11-01 11:50:54.303 [8976] LOG_TRACE CCCTDlg::set_speaker, spk=198, onoff=1 cctdlg.cpp:618
2017-11-01 11:50:54.303 [8976] LOG_TRACE CCCTDlg::set_speaker, spk=199, onoff=1 cctdlg.cpp:618
2017-11-01 11:50:54.303 [8976] LOG_TRACE CCCTDlg::set_speaker, spk=200, onoff=1 cctdlg.cpp:618
2017-11-01 11:50:54.303 [8976] LOG_TRACE CCCTDlg::set_speaker, spk=201, onoff=1 cctdlg.cpp:618
2017-11-01 11:50:54.303 [8976] LOG_TRACE CCCTDlg::set_speaker, spk=202, onoff=1 cctdlg.cpp:618
2017-11-01 11:50:54.303 [8976] LOG_TRACE CCCTDlg::set_speaker, spk=203, onoff=1 cctdlg.cpp:618
2017-11-01 11:50:54.303 [8976] LOG_TRACE CCCTDlg::set_speaker, spk=204, onoff=1 cctdlg.cpp:618
2017-11-01 11:50:54.303 [8976] LOG_TRACE CCCTDlg::set_speaker, spk=205, onoff=1 cctdlg.cpp:618
2017-11-01 11:50:54.303 [8976] LOG_TRACE CCCTDlg::set_speaker, spk=206, onoff=1 cctdlg.cpp:618
2017-11-01 11:50:54.303 [8976] LOG_TRACE CCCTDlg::set_speaker, spk=207, onoff=1 cctdlg.cpp:618
2017-11-01 11:50:54.303 [8976] LOG_TRACE CCCTDlg::set_speaker, spk=208, onoff=1 cctdlg.cpp:618
2017-11-01 11:50:54.303 [8976] LOG_TRACE CCCTDlg::set_speaker, spk=209, onoff=1 cctdlg.cpp:618
2017-11-01 11:50:54.303 [8976] LOG_TRACE CCCTDlg::set_speaker, spk=210, onoff=1 cctdlg.cpp:618
2017-11-01 11:50:54.303 [8976] LOG_TRACE CCCTDlg::set_speaker, spk=211, onoff=1 cctdlg.cpp:618
2017-11-01 11:50:54.303 [8976] LOG_TRACE CCCTDlg::set_speaker, spk=212, onoff=1 cctdlg.cpp:618
2017-11-01 11:50:54.303 [8976] LOG_TRACE CCCTDlg::set_speaker, spk=213, onoff=1 cctdlg.cpp:618
2017-11-01 11:50:54.303 [8976] LOG_TRACE CCCTDlg::set_speaker, spk=214, onoff=1 cctdlg.cpp:618
2017-11-01 11:50:54.303 [8976] LOG_TRACE CCCTDlg::set_speaker, spk=215, onoff=1 cctdlg.cpp:618
2017-11-01 11:50:54.303 [8976] LOG_TRACE CCCTDlg::set_speaker, spk=216, onoff=1 cctdlg.cpp:618
2017-11-01 11:50:54.303 [8976] LOG_TRACE CCCTDlg::set_speaker, spk=217, onoff=1 cctdlg.cpp:618
2017-11-01 11:50:54.303 [8976] LOG_TRACE CCCTDlg::set_speaker, spk=218, onoff=1 cctdlg.cpp:618
2017-11-01 11:50:54.303 [8976] LOG_TRACE CCCTDlg::set_speaker, spk=219, onoff=1 cctdlg.cpp:618
2017-11-01 11:50:54.303 [8976] LOG_TRACE CCCTDlg::set_speaker, spk=220, onoff=1 cctdlg.cpp:618
2017-11-01 11:50:54.303 [8976] LOG_TRACE CCCTDlg::set_speaker, spk=221, onoff=1 cctdlg.cpp:618
2017-11-01 11:50:54.303 [8976] LOG_TRACE CCCTDlg::set_speaker, spk=222, onoff=1 cctdlg.cpp:618
2017-11-01 11:50:54.304 [8976] LOG_TRACE CCCTDlg::set_speaker, spk=223, onoff=1 cctdlg.cpp:618
2017-11-01 11:50:54.304 [8976] LOG_TRACE CCCTDlg::set_speaker, spk=224, onoff=1 cctdlg.cpp:618
2017-11-01 11:50:54.304 [8976] LOG_TRACE CCCTDlg::set_speaker, spk=225, onoff=1 cctdlg.cpp:618
2017-11-01 11:50:54.304 [8976] LOG_TRACE CCCTDlg::set_speaker, spk=226, onoff=1 cctdlg.cpp:618
2017-11-01 11:50:54.304 [8976] LOG_TRACE CCCTDlg::set_speaker, spk=227, onoff=1 cctdlg.cpp:618
2017-11-01 11:50:54.304 [8976] LOG_TRACE CCCTDlg::set_speaker, spk=228, onoff=1 cctdlg.cpp:618
2017-11-01 11:50:54.304 [8976] LOG_TRACE CCCTDlg::set_speaker, spk=229, onoff=1 cctdlg.cpp:618
2017-11-01 11:50:54.304 [8976] LOG_TRACE CCCTDlg::set_speaker, spk=230, onoff=1 cctdlg.cpp:618
2017-11-01 11:50:54.304 [8976] LOG_TRACE CCCTDlg::set_speaker, spk=231, onoff=1 cctdlg.cpp:618
2017-11-01 11:50:54.304 [8976] LOG_TRACE CCCTDlg::set_speaker, spk=232, onoff=1 cctdlg.cpp:618
2017-11-01 11:50:54.304 [8976] LOG_TRACE CCCTDlg::set_speaker, spk=233, onoff=1 cctdlg.cpp:618
2017-11-01 11:50:54.304 [8976] LOG_TRACE CCCTDlg::set_speaker, spk=234, onoff=1 cctdlg.cpp:618
2017-11-01 11:50:54.304 [8976] LOG_TRACE CCCTDlg::set_speaker, spk=235, onoff=1 cctdlg.cpp:618
2017-11-01 11:50:54.304 [8976] LOG_TRACE CCCTDlg::set_speaker, spk=236, onoff=1 cctdlg.cpp:618
2017-11-01 11:50:54.304 [8976] LOG_TRACE CCCTDlg::set_speaker, spk=237, onoff=1 cctdlg.cpp:618
2017-11-01 11:50:54.304 [8976] LOG_TRACE CCCTDlg::set_speaker, spk=238, onoff=1 cctdlg.cpp:618
2017-11-01 11:50:54.304 [8976] LOG_TRACE CCCTDlg::set_speaker, spk=239, onoff=1 cctdlg.cpp:618
2017-11-01 11:50:54.304 [8976] LOG_TRACE CCCTDlg::set_speaker, spk=240, onoff=1 cctdlg.cpp:618
2017-11-01 11:50:54.304 [8976] LOG_TRACE CCCTDlg::set_speaker, spk=241, onoff=1 cctdlg.cpp:618
2017-11-01 11:50:54.304 [8976] LOG_TRACE CCCTDlg::set_speaker, spk=242, onoff=1 cctdlg.cpp:618
2017-11-01 11:50:54.304 [8976] LOG_TRACE CCCTDlg::set_speaker, spk=243, onoff=1 cctdlg.cpp:618
2017-11-01 11:50:54.304 [8976] LOG_TRACE CCCTDlg::set_speaker, spk=244, onoff=1 cctdlg.cpp:618
2017-11-01 11:50:54.304 [8976] LOG_TRACE CCCTDlg::set_speaker, spk=245, onoff=1 cctdlg.cpp:618
2017-11-01 11:50:54.304 [8976] LOG_TRACE CCCTDlg::set_speaker, spk=246, onoff=1 cctdlg.cpp:618
2017-11-01 11:50:54.304 [8976] LOG_TRACE CCCTDlg::set_speaker, spk=247, onoff=1 cctdlg.cpp:618
2017-11-01 11:50:54.304 [8976] LOG_TRACE CCCTDlg::set_speaker, spk=248, onoff=1 cctdlg.cpp:618
2017-11-01 11:50:54.304 [8976] LOG_TRACE CCCTDlg::set_speaker, spk=249, onoff=1 cctdlg.cpp:618
2017-11-01 11:50:54.304 [8976] LOG_TRACE CCCTDlg::set_speaker, spk=250, onoff=1 cctdlg.cpp:618
2017-11-01 11:50:54.304 [8976] LOG_TRACE CCCTDlg::set_speaker, spk=251, onoff=1 cctdlg.cpp:618
2017-11-01 11:50:54.304 [8976] LOG_TRACE CCCTDlg::set_speaker, spk=252, onoff=1 cctdlg.cpp:618
2017-11-01 11:50:54.304 [8976] LOG_TRACE CCCTDlg::set_speaker, spk=253, onoff=1 cctdlg.cpp:618
2017-11-01 11:50:54.304 [8976] LOG_TRACE CCCTDlg::set_speaker, spk=254, onoff=1 cctdlg.cpp:618
2017-11-01 11:50:56.100 [10596] LOG_TRACE rcv[12]:{DEV_ID:1}
 devmon.cpp:53
2017-11-01 11:50:57.132 [8872] LOG_TRACE 92774808,cap len=1280 cctdlg.cpp:538
2017-11-01 11:51:01.100 [10596] LOG_TRACE rcv[12]:{DEV_ID:1}
 devmon.cpp:53
2017-11-01 11:51:01.773 [8872] LOG_TRACE 92779441,cap len=1280 cctdlg.cpp:538
2017-11-01 11:51:06.101 [10596] LOG_TRACE rcv[12]:{DEV_ID:1}
 devmon.cpp:53
2017-11-01 11:51:06.413 [8872] LOG_TRACE 92784090,cap len=1280 cctdlg.cpp:538
2017-11-01 11:51:11.064 [8872] LOG_TRACE 92788739,cap len=1280 cctdlg.cpp:538
2017-11-01 11:51:11.101 [10596] LOG_TRACE rcv[12]:{DEV_ID:1}
 devmon.cpp:53
2017-11-01 11:51:15.702 [8872] LOG_TRACE 92793372,cap len=1280 cctdlg.cpp:538
2017-11-01 11:51:16.101 [10596] LOG_TRACE rcv[12]:{DEV_ID:1}
 devmon.cpp:53
2017-11-01 11:51:20.353 [8872] LOG_TRACE 92798021,cap len=1280 cctdlg.cpp:538
2017-11-01 11:51:21.102 [10596] LOG_TRACE rcv[12]:{DEV_ID:1}
 devmon.cpp:53
2017-11-01 11:51:24.992 [8872] LOG_TRACE 92802654,cap len=1280 cctdlg.cpp:538
2017-11-01 11:51:26.102 [10596] LOG_TRACE rcv[12]:{DEV_ID:1}
 devmon.cpp:53
2017-11-01 11:51:29.632 [8872] LOG_TRACE 92807303,cap len=1280 cctdlg.cpp:538
2017-11-01 11:51:31.102 [10596] LOG_TRACE rcv[12]:{DEV_ID:1}
 devmon.cpp:53
2017-11-01 11:51:34.282 [8872] LOG_TRACE 92811952,cap len=1280 cctdlg.cpp:538
2017-11-01 11:51:36.103 [10596] LOG_TRACE rcv[12]:{DEV_ID:1}
 devmon.cpp:53
2017-11-01 11:51:38.922 [8872] LOG_TRACE 92816585,cap len=1280 cctdlg.cpp:538
2017-11-01 11:51:41.108 [10596] LOG_TRACE rcv[12]:{DEV_ID:1}
 devmon.cpp:53
2017-11-01 11:51:43.572 [8872] LOG_TRACE 92821250,cap len=1280 cctdlg.cpp:538
2017-11-01 11:51:46.108 [10596] LOG_TRACE rcv[12]:{DEV_ID:1}
 devmon.cpp:53
2017-11-01 11:51:48.213 [8872] LOG_TRACE 92825883,cap len=1280 cctdlg.cpp:538
2017-11-01 11:51:51.109 [10596] LOG_TRACE rcv[12]:{DEV_ID:1}
 devmon.cpp:53
2017-11-01 11:51:52.852 [8872] LOG_TRACE 92830516,cap len=1280 cctdlg.cpp:538
2017-11-01 11:51:56.110 [10596] LOG_TRACE rcv[12]:{DEV_ID:1}
 devmon.cpp:53
2017-11-01 11:51:57.503 [8872] LOG_TRACE 92835180,cap len=1280 cctdlg.cpp:538
2017-11-01 11:52:01.110 [10596] LOG_TRACE rcv[12]:{DEV_ID:1}
 devmon.cpp:53
2017-11-01 11:52:02.142 [8872] LOG_TRACE 92839814,cap len=1280 cctdlg.cpp:538
2017-11-01 11:52:06.110 [10596] LOG_TRACE rcv[12]:{DEV_ID:1}
 devmon.cpp:53
2017-11-01 11:52:06.792 [8872] LOG_TRACE 92844463,cap len=1280 cctdlg.cpp:538
2017-11-01 11:52:11.110 [10596] LOG_TRACE rcv[12]:{DEV_ID:1}
 devmon.cpp:53
2017-11-01 11:52:11.431 [8872] LOG_TRACE 92849096,cap len=1280 cctdlg.cpp:538
2017-11-01 11:52:16.072 [8872] LOG_TRACE 92853745,cap len=1280 cctdlg.cpp:538
2017-11-01 11:52:16.111 [10596] LOG_TRACE rcv[12]:{DEV_ID:1}
 devmon.cpp:53
2017-11-01 11:52:20.722 [8872] LOG_TRACE 92858393,cap len=1280 cctdlg.cpp:538
2017-11-01 11:52:21.111 [10596] LOG_TRACE rcv[12]:{DEV_ID:1}
 devmon.cpp:53
2017-11-01 11:52:25.361 [8872] LOG_TRACE 92863027,cap len=1280 cctdlg.cpp:538
2017-11-01 11:52:26.111 [10596] LOG_TRACE rcv[12]:{DEV_ID:1}
 devmon.cpp:53
2017-11-01 11:52:30.013 [8872] LOG_TRACE 92867675,cap len=1280 cctdlg.cpp:538
2017-11-01 11:52:34.652 [8872] LOG_TRACE 92872324,cap len=1280 cctdlg.cpp:538
2017-11-01 11:52:36.632 [10596] LOG_TRACE rcv[12]:{DEV_ID:1}
 devmon.cpp:53
2017-11-01 11:52:39.292 [8872] LOG_TRACE 92876958,cap len=1280 cctdlg.cpp:538
2017-11-01 11:52:41.637 [10596] LOG_TRACE rcv[12]:{DEV_ID:1}
 devmon.cpp:53
2017-11-01 11:52:43.941 [8872] LOG_TRACE 92881606,cap len=1280 cctdlg.cpp:538
2017-11-01 11:52:46.638 [10596] LOG_TRACE rcv[12]:{DEV_ID:1}
 devmon.cpp:53
2017-11-01 11:52:48.582 [8872] LOG_TRACE 92886255,cap len=1280 cctdlg.cpp:538
2017-11-01 11:52:51.638 [10596] LOG_TRACE rcv[12]:{DEV_ID:1}
 devmon.cpp:53
2017-11-01 11:52:53.232 [8872] LOG_TRACE 92890904,cap len=1280 cctdlg.cpp:538
2017-11-01 11:52:56.638 [10596] LOG_TRACE rcv[12]:{DEV_ID:1}
 devmon.cpp:53
2017-11-01 11:52:57.871 [8872] LOG_TRACE 92895537,cap len=1280 cctdlg.cpp:538
2017-11-01 11:53:02.511 [8872] LOG_TRACE 92900186,cap len=1280 cctdlg.cpp:538
2017-11-01 11:53:07.162 [8872] LOG_TRACE 92904835,cap len=1280 cctdlg.cpp:538
2017-11-01 11:53:11.801 [8872] LOG_TRACE 92909468,cap len=1280 cctdlg.cpp:538
2017-11-01 11:53:16.451 [8872] LOG_TRACE 92914117,cap len=1280 cctdlg.cpp:538
2017-11-01 11:53:21.092 [8872] LOG_TRACE 92918766,cap len=1280 cctdlg.cpp:538
2017-11-01 11:53:25.732 [8872] LOG_TRACE 92923399,cap len=1280 cctdlg.cpp:538
2017-11-01 11:53:29.760 [10596] LOG_TRACE DEV[1] Offline devmon.cpp:76
2017-11-01 11:53:30.381 [8872] LOG_TRACE 92928048,cap len=1280 cctdlg.cpp:538
2017-11-01 11:53:35.021 [8872] LOG_TRACE 92932697,cap len=1280 cctdlg.cpp:538
2017-11-01 11:53:39.672 [8872] LOG_TRACE 92937346,cap len=1280 cctdlg.cpp:538
2017-11-01 11:53:44.311 [8872] LOG_TRACE 92941979,cap len=1280 cctdlg.cpp:538
2017-11-01 11:53:48.951 [8872] LOG_TRACE 92946628,cap len=1280 cctdlg.cpp:538
2017-11-01 11:53:53.601 [8872] LOG_TRACE 92951276,cap len=1280 cctdlg.cpp:538
2017-11-01 11:53:58.241 [8872] LOG_TRACE 92955910,cap len=1280 cctdlg.cpp:538
2017-11-01 11:54:02.892 [8872] LOG_TRACE 92960558,cap len=1280 cctdlg.cpp:538
2017-11-01 11:54:07.531 [8872] LOG_TRACE 92965207,cap len=1280 cctdlg.cpp:538
2017-11-01 11:54:12.171 [8872] LOG_TRACE 92969841,cap len=1280 cctdlg.cpp:538
2017-11-01 11:54:16.821 [8872] LOG_TRACE 92974489,cap len=1280 cctdlg.cpp:538
2017-11-01 11:54:21.461 [8872] LOG_TRACE 92979138,cap len=1280 cctdlg.cpp:538
2017-11-01 11:54:26.110 [8872] LOG_TRACE 92983787,cap len=1280 cctdlg.cpp:538
2017-11-01 11:54:30.751 [8872] LOG_TRACE 92988420,cap len=1280 cctdlg.cpp:538
2017-11-01 11:54:35.391 [8872] LOG_TRACE 92993053,cap len=1280 cctdlg.cpp:538
2017-11-01 11:54:40.041 [8872] LOG_TRACE 92997718,cap len=1280 cctdlg.cpp:538
2017-11-01 11:54:44.680 [8872] LOG_TRACE 93002351,cap len=1280 cctdlg.cpp:538
2017-11-01 11:54:49.331 [8872] LOG_TRACE 93007000,cap len=1280 cctdlg.cpp:538
2017-11-01 11:54:53.971 [8872] LOG_TRACE 93011633,cap len=1280 cctdlg.cpp:538
2017-11-01 11:54:58.611 [8872] LOG_TRACE 93016282,cap len=1280 cctdlg.cpp:538
2017-11-01 11:55:03.260 [8872] LOG_TRACE 93020931,cap len=1280 cctdlg.cpp:538
2017-11-01 11:55:07.901 [8872] LOG_TRACE 93025564,cap len=1280 cctdlg.cpp:538
2017-11-01 11:55:12.551 [8872] LOG_TRACE 93030229,cap len=1280 cctdlg.cpp:538
2017-11-01 11:55:17.190 [8872] LOG_TRACE 93034862,cap len=1280 cctdlg.cpp:538
2017-11-01 11:55:21.831 [8872] LOG_TRACE 93039495,cap len=1280 cctdlg.cpp:538
2017-11-01 11:55:26.481 [8872] LOG_TRACE 93044144,cap len=1280 cctdlg.cpp:538
2017-11-01 11:55:31.121 [8872] LOG_TRACE 93048793,cap len=1280 cctdlg.cpp:538
2017-11-01 11:55:35.770 [8872] LOG_TRACE 93053441,cap len=1280 cctdlg.cpp:538
2017-11-01 11:55:40.410 [8872] LOG_TRACE 93058075,cap len=1280 cctdlg.cpp:538
2017-11-01 11:55:45.051 [8872] LOG_TRACE 93062724,cap len=1280 cctdlg.cpp:538
2017-11-01 11:55:49.700 [8872] LOG_TRACE 93067372,cap len=1280 cctdlg.cpp:538
2017-11-01 11:55:54.340 [8872] LOG_TRACE 93072006,cap len=1280 cctdlg.cpp:538
2017-11-01 11:55:58.991 [8872] LOG_TRACE 93076654,cap len=1280 cctdlg.cpp:538
2017-11-01 11:56:03.630 [8872] LOG_TRACE 93081303,cap len=1280 cctdlg.cpp:538
2017-11-01 11:56:08.271 [8872] LOG_TRACE 93085936,cap len=1280 cctdlg.cpp:538
2017-11-01 11:56:12.920 [8872] LOG_TRACE 93090585,cap len=1280 cctdlg.cpp:538
2017-11-01 11:56:17.561 [8872] LOG_TRACE 93095234,cap len=1280 cctdlg.cpp:538
2017-11-01 11:56:22.211 [8872] LOG_TRACE 93099883,cap len=1280 cctdlg.cpp:538
2017-11-01 11:56:26.850 [8872] LOG_TRACE 93104516,cap len=1280 cctdlg.cpp:538
2017-11-01 11:56:31.489 [8872] LOG_TRACE 93109165,cap len=1280 cctdlg.cpp:538
2017-11-01 11:56:36.140 [8872] LOG_TRACE 93113814,cap len=1280 cctdlg.cpp:538
2017-11-01 11:56:40.780 [8872] LOG_TRACE 93118447,cap len=1280 cctdlg.cpp:538
2017-11-01 11:56:45.430 [8872] LOG_TRACE 93123096,cap len=1280 cctdlg.cpp:538
2017-11-01 11:56:50.069 [8872] LOG_TRACE 93127745,cap len=1280 cctdlg.cpp:538
2017-11-01 11:56:54.711 [8872] LOG_TRACE 93132378,cap len=1280 cctdlg.cpp:538
2017-11-01 11:56:59.360 [8872] LOG_TRACE 93137027,cap len=1280 cctdlg.cpp:538
2017-11-01 11:57:03.999 [8872] LOG_TRACE 93141676,cap len=1280 cctdlg.cpp:538
2017-11-01 11:57:08.650 [8872] LOG_TRACE 93146324,cap len=1280 cctdlg.cpp:538
2017-11-01 11:57:13.290 [8872] LOG_TRACE 93150958,cap len=1280 cctdlg.cpp:538
2017-11-01 11:57:17.929 [8872] LOG_TRACE 93155607,cap len=1280 cctdlg.cpp:538
2017-11-01 11:57:22.580 [8872] LOG_TRACE 93160255,cap len=1280 cctdlg.cpp:538
2017-11-01 11:57:27.221 [8872] LOG_TRACE 93164889,cap len=1280 cctdlg.cpp:538
2017-11-01 11:57:31.870 [8872] LOG_TRACE 93169537,cap len=1280 cctdlg.cpp:538
2017-11-01 11:57:36.510 [8872] LOG_TRACE 93174186,cap len=1280 cctdlg.cpp:538
2017-11-01 11:57:41.151 [8872] LOG_TRACE 93178819,cap len=1280 cctdlg.cpp:538
2017-11-01 11:57:45.801 [8872] LOG_TRACE 93183468,cap len=1280 cctdlg.cpp:538
2017-11-01 11:57:50.440 [8872] LOG_TRACE 93188117,cap len=1280 cctdlg.cpp:538
2017-11-01 11:57:55.089 [8872] LOG_TRACE 93192766,cap len=1280 cctdlg.cpp:538
2017-11-01 11:57:59.730 [8872] LOG_TRACE 93197399,cap len=1280 cctdlg.cpp:538
2017-11-01 11:58:04.370 [8872] LOG_TRACE 93202032,cap len=1280 cctdlg.cpp:538
2017-11-01 11:58:09.019 [8872] LOG_TRACE 93206681,cap len=1280 cctdlg.cpp:538
2017-11-01 11:58:13.660 [8872] LOG_TRACE 93211330,cap len=1280 cctdlg.cpp:538
2017-11-01 11:58:18.309 [8872] LOG_TRACE 93215979,cap len=1280 cctdlg.cpp:538
2017-11-01 11:58:22.949 [8872] LOG_TRACE 93220612,cap len=1280 cctdlg.cpp:538
2017-11-01 11:58:27.590 [8872] LOG_TRACE 93225261,cap len=1280 cctdlg.cpp:538
2017-11-01 11:58:32.239 [8872] LOG_TRACE 93229910,cap len=1280 cctdlg.cpp:538
2017-11-01 11:58:36.880 [8872] LOG_TRACE 93234543,cap len=1280 cctdlg.cpp:538
2017-11-01 11:58:41.529 [8872] LOG_TRACE 93239192,cap len=1280 cctdlg.cpp:538
2017-11-01 11:58:46.169 [8872] LOG_TRACE 93243841,cap len=1280 cctdlg.cpp:538
2017-11-01 11:58:50.809 [8872] LOG_TRACE 93248474,cap len=1280 cctdlg.cpp:538
2017-11-01 11:58:55.459 [8872] LOG_TRACE 93253123,cap len=1280 cctdlg.cpp:538
2017-11-01 11:59:00.099 [8872] LOG_TRACE 93257772,cap len=1280 cctdlg.cpp:538
2017-11-01 11:59:11.183 [8872] LOG_TRACE 93268848,cap len=1280 cctdlg.cpp:538
2017-11-01 11:59:15.824 [8872] LOG_TRACE 93273496,cap len=1280 cctdlg.cpp:538
2017-11-01 11:59:20.464 [8872] LOG_TRACE 93278130,cap len=1280 cctdlg.cpp:538
2017-11-01 11:59:25.113 [8872] LOG_TRACE 93282779,cap len=1280 cctdlg.cpp:538
2017-11-01 11:59:29.754 [8872] LOG_TRACE 93287427,cap len=1280 cctdlg.cpp:538
2017-11-01 11:59:34.404 [8872] LOG_TRACE 93292076,cap len=1280 cctdlg.cpp:538
2017-11-01 11:59:39.043 [8872] LOG_TRACE 93296709,cap len=1280 cctdlg.cpp:538
2017-11-01 11:59:43.683 [8872] LOG_TRACE 93301358,cap len=1280 cctdlg.cpp:538
2017-11-01 11:59:48.334 [8872] LOG_TRACE 93306007,cap len=1280 cctdlg.cpp:538
2017-11-01 11:59:52.974 [8872] LOG_TRACE 93310640,cap len=1280 cctdlg.cpp:538
2017-11-01 11:59:57.623 [8872] LOG_TRACE 93315289,cap len=1280 cctdlg.cpp:538
2017-11-01 12:00:02.263 [8872] LOG_TRACE 93319938,cap len=1280 cctdlg.cpp:538
2017-11-01 12:00:06.904 [8872] LOG_TRACE 93324571,cap len=1280 cctdlg.cpp:538
2017-11-01 12:00:11.553 [8872] LOG_TRACE 93329220,cap len=1280 cctdlg.cpp:538
2017-11-01 12:00:16.193 [8872] LOG_TRACE 93333869,cap len=1280 cctdlg.cpp:538
2017-11-01 12:00:20.843 [8872] LOG_TRACE 93338518,cap len=1280 cctdlg.cpp:538
2017-11-01 12:00:25.483 [8872] LOG_TRACE 93343151,cap len=1280 cctdlg.cpp:538
2017-11-01 12:00:30.123 [8872] LOG_TRACE 93347800,cap len=1280 cctdlg.cpp:538
2017-11-01 12:00:34.773 [8872] LOG_TRACE 93352449,cap len=1280 cctdlg.cpp:538
2017-11-01 12:00:39.414 [8872] LOG_TRACE 93357082,cap len=1280 cctdlg.cpp:538
2017-11-01 12:00:44.063 [8872] LOG_TRACE 93361731,cap len=1280 cctdlg.cpp:538
2017-11-01 12:00:48.703 [8872] LOG_TRACE 93366379,cap len=1280 cctdlg.cpp:538
2017-11-01 12:00:53.343 [8872] LOG_TRACE 93371013,cap len=1280 cctdlg.cpp:538
2017-11-01 12:00:57.993 [8872] LOG_TRACE 93375662,cap len=1280 cctdlg.cpp:538
2017-11-01 12:01:02.633 [8872] LOG_TRACE 93380310,cap len=1280 cctdlg.cpp:538
