2017-11-01 15:08:08.817 [6600] LOG_ALARM -----------------  log4z thread started!   ---------------------------- log4z.cpp:1924
2017-11-01 15:08:08.827 [6600] LOG_ALARM logger id=0 key=Main name=Main path=./log/ level=0 display=true log4z.cpp:1934
2017-11-01 15:08:08.828 [8060] LOG_TRACE stream input *** LOGT LOGT LOGT LOGT ***  cctdlg.cpp:79
2017-11-01 15:08:08.828 [8060] LOG_DEBUG stream input *** LOGD LOGD LOGD LOGD ***  cctdlg.cpp:80
2017-11-01 15:08:08.828 [8060] LOG_INFO stream input *** LOGI LOGI LOGI LOGI ***  cctdlg.cpp:81
2017-11-01 15:08:08.828 [8060] LOG_WARN stream input *** LOGW LOGW LOGW LOGW ***  cctdlg.cpp:82
2017-11-01 15:08:08.828 [8060] LOG_ERROR stream input *** LOGE LOGE LOGE LOGE ***  cctdlg.cpp:83
2017-11-01 15:08:08.828 [8060] LOG_ALARM stream input *** LOGA LOGA LOGA LOGA ***  cctdlg.cpp:84
2017-11-01 15:08:08.828 [8060] LOG_FATAL stream input *** LOGF LOGF LOGF LOGF ***  cctdlg.cpp:85
2017-11-01 15:08:08.828 [8060] LOG_TRACE format input *** LOGFMTT *** 123456 *** cctdlg.cpp:86
2017-11-01 15:08:08.828 [8060] LOG_DEBUG format input *** LOGFMTD *** 123456 *** cctdlg.cpp:87
2017-11-01 15:08:08.828 [8060] LOG_INFO format input *** LOGFMTI *** 123456 *** cctdlg.cpp:88
2017-11-01 15:08:08.828 [8060] LOG_WARN format input *** LOGFMTW *** 123456 *** cctdlg.cpp:89
2017-11-01 15:08:08.828 [8060] LOG_ERROR format input *** LOGFMTE *** 123456 *** cctdlg.cpp:90
2017-11-01 15:08:08.828 [8060] LOG_ALARM format input *** LOGFMTA *** 123456 *** cctdlg.cpp:91
2017-11-01 15:08:08.833 [8060] LOG_FATAL format input *** LOGFMTF *** 123456 *** cctdlg.cpp:92
2017-11-01 15:08:08.833 [8060] LOG_ALARM main quit ... cctdlg.cpp:94
2017-11-01 15:08:08.995 [8060] LOG_TRACE CCCTDlg::udp_client_init cctdlg.cpp:590
2017-11-01 15:08:08.996 [12924] LOG_TRACE call_dev_mon_thread 
 devmon.cpp:6
2017-11-01 15:08:08.996 [12924] LOG_TRACE CDevMon::dev_mon_thread start
 devmon.cpp:29
2017-11-01 15:08:13.646 [8060] LOG_TRACE CCCTDlg::stopRecord cctdlg.cpp:562
2017-11-01 15:08:13.766 [8060] LOG_INFO wav in close err:5 cctdlg.cpp:572
2017-11-01 15:08:16.772 [10564] LOG_TRACE Timer routine called. Parameter is 14322108.
 cctdlg.cpp:998
2017-11-01 15:08:16.780 [10564] LOG_TRACE Timer routine called. Parameter is 14322108.
 cctdlg.cpp:998
2017-11-01 15:08:16.794 [10564] LOG_TRACE Timer routine called. Parameter is 14322108.
 cctdlg.cpp:998
2017-11-01 15:08:16.816 [10564] LOG_TRACE Timer routine called. Parameter is 14322108.
 cctdlg.cpp:998
2017-11-01 15:08:16.823 [10564] LOG_TRACE Timer routine called. Parameter is 14322108.
 cctdlg.cpp:998
2017-11-01 15:08:16.836 [10564] LOG_TRACE Timer routine called. Parameter is 14322108.
 cctdlg.cpp:998
2017-11-01 15:08:16.851 [1076] LOG_TRACE Timer routine called. Parameter is 14322108.
 cctdlg.cpp:998
2017-11-01 15:08:16.864 [10564] LOG_TRACE Timer routine called. Parameter is 14322108.
 cctdlg.cpp:998
2017-11-01 15:08:16.878 [10564] LOG_TRACE Timer routine called. Parameter is 14322108.
 cctdlg.cpp:998
2017-11-01 15:08:16.892 [10564] LOG_TRACE Timer routine called. Parameter is 14322108.
 cctdlg.cpp:998
2017-11-01 15:08:16.906 [10564] LOG_TRACE Timer routine called. Parameter is 14322108.
 cctdlg.cpp:998
2017-11-01 15:08:16.920 [10564] LOG_TRACE Timer routine called. Parameter is 14322108.
 cctdlg.cpp:998
2017-11-01 15:08:16.935 [10564] LOG_TRACE Timer routine called. Parameter is 14322108.
 cctdlg.cpp:998
2017-11-01 15:08:16.948 [12500] LOG_TRACE Timer routine called. Parameter is 14322108.
 cctdlg.cpp:998
2017-11-01 15:08:16.962 [10564] LOG_TRACE Timer routine called. Parameter is 14322108.
 cctdlg.cpp:998
2017-11-01 15:08:16.976 [10564] LOG_TRACE Timer routine called. Parameter is 14322108.
 cctdlg.cpp:998
2017-11-01 15:08:16.990 [10564] LOG_TRACE Timer routine called. Parameter is 14322108.
 cctdlg.cpp:998
2017-11-01 15:08:17.025 [10564] LOG_TRACE Timer routine called. Parameter is 14322108.
 cctdlg.cpp:998
2017-11-01 15:08:17.025 [10564] LOG_TRACE Timer routine called. Parameter is 14322108.
 cctdlg.cpp:998
2017-11-01 15:08:17.032 [12500] LOG_TRACE Timer routine called. Parameter is 14322108.
 cctdlg.cpp:998
2017-11-01 15:08:17.078 [12500] LOG_TRACE Timer routine called. Parameter is 14322108.
 cctdlg.cpp:998
2017-11-01 15:08:17.078 [12500] LOG_TRACE Timer routine called. Parameter is 14322108.
 cctdlg.cpp:998
2017-11-01 15:08:17.078 [1076] LOG_TRACE Timer routine called. Parameter is 14322108.
 cctdlg.cpp:998
2017-11-01 15:08:17.092 [1076] LOG_TRACE Timer routine called. Parameter is 14322108.
 cctdlg.cpp:998
2017-11-01 15:08:17.141 [12500] LOG_TRACE Timer routine called. Parameter is 14322108.
 cctdlg.cpp:998
2017-11-01 15:08:17.141 [12500] LOG_TRACE Timer routine called. Parameter is 14322108.
 cctdlg.cpp:998
2017-11-01 15:08:17.141 [7844] LOG_TRACE Timer routine called. Parameter is 14322108.
 cctdlg.cpp:998
2017-11-01 15:08:17.150 [7844] LOG_TRACE Timer routine called. Parameter is 14322108.
 cctdlg.cpp:998
2017-11-01 15:08:17.158 [7844] LOG_TRACE Timer routine called. Parameter is 14322108.
 cctdlg.cpp:998
2017-11-01 15:08:17.172 [7844] LOG_TRACE Timer routine called. Parameter is 14322108.
 cctdlg.cpp:998
2017-11-01 15:08:17.186 [7844] LOG_TRACE Timer routine called. Parameter is 14322108.
 cctdlg.cpp:998
2017-11-01 15:08:17.200 [7844] LOG_TRACE Timer routine called. Parameter is 14322108.
 cctdlg.cpp:998
2017-11-01 15:08:17.214 [7844] LOG_TRACE Timer routine called. Parameter is 14322108.
 cctdlg.cpp:998
2017-11-01 15:08:17.228 [7844] LOG_TRACE Timer routine called. Parameter is 14322108.
 cctdlg.cpp:998
2017-11-01 15:08:17.244 [7844] LOG_TRACE Timer routine called. Parameter is 14322108.
 cctdlg.cpp:998
2017-11-01 15:08:17.256 [7844] LOG_TRACE Timer routine called. Parameter is 14322108.
 cctdlg.cpp:998
2017-11-01 15:08:17.270 [7844] LOG_TRACE Timer routine called. Parameter is 14322108.
 cctdlg.cpp:998
2017-11-01 15:08:17.284 [7844] LOG_TRACE Timer routine called. Parameter is 14322108.
 cctdlg.cpp:998
2017-11-01 15:08:17.298 [12500] LOG_TRACE Timer routine called. Parameter is 14322108.
 cctdlg.cpp:998
2017-11-01 15:08:17.312 [12500] LOG_TRACE Timer routine called. Parameter is 14322108.
 cctdlg.cpp:998
2017-11-01 15:08:17.326 [12500] LOG_TRACE Timer routine called. Parameter is 14322108.
 cctdlg.cpp:998
2017-11-01 15:08:17.340 [12500] LOG_TRACE Timer routine called. Parameter is 14322108.
 cctdlg.cpp:998
2017-11-01 15:08:17.354 [12500] LOG_TRACE Timer routine called. Parameter is 14322108.
 cctdlg.cpp:998
2017-11-01 15:08:17.368 [12500] LOG_TRACE Timer routine called. Parameter is 14322108.
 cctdlg.cpp:998
2017-11-01 15:08:17.382 [12500] LOG_TRACE Timer routine called. Parameter is 14322108.
 cctdlg.cpp:998
2017-11-01 15:08:17.396 [7844] LOG_TRACE Timer routine called. Parameter is 14322108.
 cctdlg.cpp:998
2017-11-01 15:08:17.410 [7844] LOG_TRACE Timer routine called. Parameter is 14322108.
 cctdlg.cpp:998
2017-11-01 15:08:17.424 [7844] LOG_TRACE Timer routine called. Parameter is 14322108.
 cctdlg.cpp:998
2017-11-01 15:08:17.438 [7844] LOG_TRACE Timer routine called. Parameter is 14322108.
 cctdlg.cpp:998
2017-11-01 15:08:17.452 [7844] LOG_TRACE Timer routine called. Parameter is 14322108.
 cctdlg.cpp:998
2017-11-01 15:08:17.466 [7844] LOG_TRACE Timer routine called. Parameter is 14322108.
 cctdlg.cpp:998
2017-11-01 15:08:17.480 [12500] LOG_TRACE Timer routine called. Parameter is 14322108.
 cctdlg.cpp:998
2017-11-01 15:08:17.494 [12500] LOG_TRACE Timer routine called. Parameter is 14322108.
 cctdlg.cpp:998
2017-11-01 15:08:17.508 [12500] LOG_TRACE Timer routine called. Parameter is 14322108.
 cctdlg.cpp:998
2017-11-01 15:08:17.522 [12500] LOG_TRACE Timer routine called. Parameter is 14322108.
 cctdlg.cpp:998
2017-11-01 15:08:17.536 [7844] LOG_TRACE Timer routine called. Parameter is 14322108.
 cctdlg.cpp:998
2017-11-01 15:08:17.550 [7844] LOG_TRACE Timer routine called. Parameter is 14322108.
 cctdlg.cpp:998
2017-11-01 15:08:17.564 [7844] LOG_TRACE Timer routine called. Parameter is 14322108.
 cctdlg.cpp:998
2017-11-01 15:08:17.578 [7844] LOG_TRACE Timer routine called. Parameter is 14322108.
 cctdlg.cpp:998
2017-11-01 15:08:17.592 [7844] LOG_TRACE Timer routine called. Parameter is 14322108.
 cctdlg.cpp:998
2017-11-01 15:08:17.606 [7844] LOG_TRACE Timer routine called. Parameter is 14322108.
 cctdlg.cpp:998
2017-11-01 15:08:17.620 [12500] LOG_TRACE Timer routine called. Parameter is 14322108.
 cctdlg.cpp:998
2017-11-01 15:08:17.634 [12500] LOG_TRACE Timer routine called. Parameter is 14322108.
 cctdlg.cpp:998
2017-11-01 15:08:17.648 [12500] LOG_TRACE Timer routine called. Parameter is 14322108.
 cctdlg.cpp:998
2017-11-01 15:08:17.662 [12500] LOG_TRACE Timer routine called. Parameter is 14322108.
 cctdlg.cpp:998
2017-11-01 15:08:17.676 [12500] LOG_TRACE Timer routine called. Parameter is 14322108.
 cctdlg.cpp:998
2017-11-01 15:08:17.690 [12500] LOG_TRACE Timer routine called. Parameter is 14322108.
 cctdlg.cpp:998
2017-11-01 15:08:17.704 [12500] LOG_TRACE Timer routine called. Parameter is 14322108.
 cctdlg.cpp:998
2017-11-01 15:08:17.718 [12500] LOG_TRACE Timer routine called. Parameter is 14322108.
 cctdlg.cpp:998
2017-11-01 15:08:17.732 [12500] LOG_TRACE Timer routine called. Parameter is 14322108.
 cctdlg.cpp:998
2017-11-01 15:08:17.746 [12500] LOG_TRACE Timer routine called. Parameter is 14322108.
 cctdlg.cpp:998
2017-11-01 15:08:17.760 [12500] LOG_TRACE Timer routine called. Parameter is 14322108.
 cctdlg.cpp:998
2017-11-01 15:08:17.774 [12500] LOG_TRACE Timer routine called. Parameter is 14322108.
 cctdlg.cpp:998
2017-11-01 15:08:17.788 [12500] LOG_TRACE Timer routine called. Parameter is 14322108.
 cctdlg.cpp:998
2017-11-01 15:08:17.802 [12500] LOG_TRACE Timer routine called. Parameter is 14322108.
 cctdlg.cpp:998
2017-11-01 15:08:17.816 [12500] LOG_TRACE Timer routine called. Parameter is 14322108.
 cctdlg.cpp:998
2017-11-01 15:08:17.830 [7844] LOG_TRACE Timer routine called. Parameter is 14322108.
 cctdlg.cpp:998
2017-11-01 15:08:17.844 [7844] LOG_TRACE Timer routine called. Parameter is 14322108.
 cctdlg.cpp:998
2017-11-01 15:08:17.858 [7844] LOG_TRACE Timer routine called. Parameter is 14322108.
 cctdlg.cpp:998
2017-11-01 15:08:17.872 [7844] LOG_TRACE Timer routine called. Parameter is 14322108.
 cctdlg.cpp:998
2017-11-01 15:08:17.886 [7844] LOG_TRACE Timer routine called. Parameter is 14322108.
 cctdlg.cpp:998
2017-11-01 15:08:17.900 [12500] LOG_TRACE Timer routine called. Parameter is 14322108.
 cctdlg.cpp:998
2017-11-01 15:08:17.914 [12500] LOG_TRACE Timer routine called. Parameter is 14322108.
 cctdlg.cpp:998
2017-11-01 15:08:17.928 [7844] LOG_TRACE Timer routine called. Parameter is 14322108.
 cctdlg.cpp:998
2017-11-01 15:08:17.942 [7844] LOG_TRACE Timer routine called. Parameter is 14322108.
 cctdlg.cpp:998
2017-11-01 15:08:17.956 [12500] LOG_TRACE Timer routine called. Parameter is 14322108.
 cctdlg.cpp:998
2017-11-01 15:08:17.970 [12500] LOG_TRACE Timer routine called. Parameter is 14322108.
 cctdlg.cpp:998
2017-11-01 15:08:17.984 [12500] LOG_TRACE Timer routine called. Parameter is 14322108.
 cctdlg.cpp:998
2017-11-01 15:08:17.999 [12500] LOG_TRACE Timer routine called. Parameter is 14322108.
 cctdlg.cpp:998
2017-11-01 15:08:18.013 [7844] LOG_TRACE Timer routine called. Parameter is 14322108.
 cctdlg.cpp:998
2017-11-01 15:08:18.027 [7844] LOG_TRACE Timer routine called. Parameter is 14322108.
 cctdlg.cpp:998
2017-11-01 15:08:18.041 [12500] LOG_TRACE Timer routine called. Parameter is 14322108.
 cctdlg.cpp:998
2017-11-01 15:08:18.055 [12500] LOG_TRACE Timer routine called. Parameter is 14322108.
 cctdlg.cpp:998
2017-11-01 15:08:18.069 [12500] LOG_TRACE Timer routine called. Parameter is 14322108.
 cctdlg.cpp:998
2017-11-01 15:08:18.083 [12500] LOG_TRACE Timer routine called. Parameter is 14322108.
 cctdlg.cpp:998
2017-11-01 15:08:18.097 [12500] LOG_TRACE Timer routine called. Parameter is 14322108.
 cctdlg.cpp:998
2017-11-01 15:08:18.111 [12500] LOG_TRACE Timer routine called. Parameter is 14322108.
 cctdlg.cpp:998
2017-11-01 15:08:18.125 [7844] LOG_TRACE Timer routine called. Parameter is 14322108.
 cctdlg.cpp:998
2017-11-01 15:08:18.139 [7844] LOG_TRACE Timer routine called. Parameter is 14322108.
 cctdlg.cpp:998
2017-11-01 15:08:18.153 [12500] LOG_TRACE Timer routine called. Parameter is 14322108.
 cctdlg.cpp:998
2017-11-01 15:08:18.167 [7844] LOG_TRACE Timer routine called. Parameter is 14322108.
 cctdlg.cpp:998
2017-11-01 15:08:18.181 [7844] LOG_TRACE Timer routine called. Parameter is 14322108.
 cctdlg.cpp:998
2017-11-01 15:08:18.195 [1076] LOG_TRACE Timer routine called. Parameter is 14322108.
 cctdlg.cpp:998
2017-11-01 15:08:18.234 [12500] LOG_TRACE Timer routine called. Parameter is 14322108.
 cctdlg.cpp:998
2017-11-01 15:08:18.234 [12500] LOG_TRACE Timer routine called. Parameter is 14322108.
 cctdlg.cpp:998
2017-11-01 15:08:18.237 [12500] LOG_TRACE Timer routine called. Parameter is 14322108.
 cctdlg.cpp:998
2017-11-01 15:08:18.251 [12500] LOG_TRACE Timer routine called. Parameter is 14322108.
 cctdlg.cpp:998
2017-11-01 15:08:18.265 [12500] LOG_TRACE Timer routine called. Parameter is 14322108.
 cctdlg.cpp:998
2017-11-01 15:08:18.279 [12500] LOG_TRACE Timer routine called. Parameter is 14322108.
 cctdlg.cpp:998
2017-11-01 15:08:18.293 [12540] LOG_TRACE Timer routine called. Parameter is 14322108.
 cctdlg.cpp:998
2017-11-01 15:08:18.307 [9780] LOG_TRACE Timer routine called. Parameter is 14322108.
 cctdlg.cpp:998
2017-11-01 15:08:18.321 [9780] LOG_TRACE Timer routine called. Parameter is 14322108.
 cctdlg.cpp:998
2017-11-01 15:08:18.335 [9780] LOG_TRACE Timer routine called. Parameter is 14322108.
 cctdlg.cpp:998
2017-11-01 15:08:18.349 [12540] LOG_TRACE Timer routine called. Parameter is 14322108.
 cctdlg.cpp:998
2017-11-01 15:08:18.363 [12540] LOG_TRACE Timer routine called. Parameter is 14322108.
 cctdlg.cpp:998
2017-11-01 15:08:18.377 [12540] LOG_TRACE Timer routine called. Parameter is 14322108.
 cctdlg.cpp:998
2017-11-01 15:08:18.391 [12540] LOG_TRACE Timer routine called. Parameter is 14322108.
 cctdlg.cpp:998
2017-11-01 15:08:18.405 [9780] LOG_TRACE Timer routine called. Parameter is 14322108.
 cctdlg.cpp:998
2017-11-01 15:08:18.419 [9780] LOG_TRACE Timer routine called. Parameter is 14322108.
 cctdlg.cpp:998
2017-11-01 15:08:18.433 [12540] LOG_TRACE Timer routine called. Parameter is 14322108.
 cctdlg.cpp:998
2017-11-01 15:08:18.447 [12540] LOG_TRACE Timer routine called. Parameter is 14322108.
 cctdlg.cpp:998
2017-11-01 15:08:18.461 [12540] LOG_TRACE Timer routine called. Parameter is 14322108.
 cctdlg.cpp:998
2017-11-01 15:08:18.475 [12540] LOG_TRACE Timer routine called. Parameter is 14322108.
 cctdlg.cpp:998
2017-11-01 15:08:18.489 [12540] LOG_TRACE Timer routine called. Parameter is 14322108.
 cctdlg.cpp:998
2017-11-01 15:08:18.503 [9780] LOG_TRACE Timer routine called. Parameter is 14322108.
 cctdlg.cpp:998
2017-11-01 15:08:18.517 [9780] LOG_TRACE Timer routine called. Parameter is 14322108.
 cctdlg.cpp:998
2017-11-01 15:08:18.531 [9780] LOG_TRACE Timer routine called. Parameter is 14322108.
 cctdlg.cpp:998
2017-11-01 15:08:18.545 [9780] LOG_TRACE Timer routine called. Parameter is 14322108.
 cctdlg.cpp:998
2017-11-01 15:08:18.559 [9780] LOG_TRACE Timer routine called. Parameter is 14322108.
 cctdlg.cpp:998
2017-11-01 15:08:18.573 [9780] LOG_TRACE Timer routine called. Parameter is 14322108.
 cctdlg.cpp:998
2017-11-01 15:08:18.587 [9780] LOG_TRACE Timer routine called. Parameter is 14322108.
 cctdlg.cpp:998
2017-11-01 15:08:18.601 [9780] LOG_TRACE Timer routine called. Parameter is 14322108.
 cctdlg.cpp:998
2017-11-01 15:08:18.615 [9780] LOG_TRACE Timer routine called. Parameter is 14322108.
 cctdlg.cpp:998
2017-11-01 15:08:18.629 [12540] LOG_TRACE Timer routine called. Parameter is 14322108.
 cctdlg.cpp:998
2017-11-01 15:08:18.643 [12540] LOG_TRACE Timer routine called. Parameter is 14322108.
 cctdlg.cpp:998
2017-11-01 15:08:18.657 [9780] LOG_TRACE Timer routine called. Parameter is 14322108.
 cctdlg.cpp:998
2017-11-01 15:08:18.671 [12540] LOG_TRACE Timer routine called. Parameter is 14322108.
 cctdlg.cpp:998
2017-11-01 15:08:18.685 [9780] LOG_TRACE Timer routine called. Parameter is 14322108.
 cctdlg.cpp:998
2017-11-01 15:08:18.699 [9780] LOG_TRACE Timer routine called. Parameter is 14322108.
 cctdlg.cpp:998
2017-11-01 15:08:18.713 [12540] LOG_TRACE Timer routine called. Parameter is 14322108.
 cctdlg.cpp:998
2017-11-01 15:08:18.727 [12540] LOG_TRACE Timer routine called. Parameter is 14322108.
 cctdlg.cpp:998
2017-11-01 15:08:18.741 [12540] LOG_TRACE Timer routine called. Parameter is 14322108.
 cctdlg.cpp:998
2017-11-01 15:08:18.755 [9780] LOG_TRACE Timer routine called. Parameter is 14322108.
 cctdlg.cpp:998
2017-11-01 15:08:18.769 [9780] LOG_TRACE Timer routine called. Parameter is 14322108.
 cctdlg.cpp:998
2017-11-01 15:08:18.783 [9780] LOG_TRACE Timer routine called. Parameter is 14322108.
 cctdlg.cpp:998
2017-11-01 15:08:18.797 [9780] LOG_TRACE Timer routine called. Parameter is 14322108.
 cctdlg.cpp:998
2017-11-01 15:08:18.811 [9780] LOG_TRACE Timer routine called. Parameter is 14322108.
 cctdlg.cpp:998
2017-11-01 15:08:18.825 [12540] LOG_TRACE Timer routine called. Parameter is 14322108.
 cctdlg.cpp:998
2017-11-01 15:08:18.839 [12540] LOG_TRACE Timer routine called. Parameter is 14322108.
 cctdlg.cpp:998
2017-11-01 15:08:18.853 [12540] LOG_TRACE Timer routine called. Parameter is 14322108.
 cctdlg.cpp:998
2017-11-01 15:08:18.867 [12540] LOG_TRACE Timer routine called. Parameter is 14322108.
 cctdlg.cpp:998
2017-11-01 15:08:18.881 [9780] LOG_TRACE Timer routine called. Parameter is 14322108.
 cctdlg.cpp:998
2017-11-01 15:08:18.895 [9780] LOG_TRACE Timer routine called. Parameter is 14322108.
 cctdlg.cpp:998
2017-11-01 15:08:18.909 [9780] LOG_TRACE Timer routine called. Parameter is 14322108.
 cctdlg.cpp:998
2017-11-01 15:08:18.923 [9780] LOG_TRACE Timer routine called. Parameter is 14322108.
 cctdlg.cpp:998
2017-11-01 15:08:18.937 [9780] LOG_TRACE Timer routine called. Parameter is 14322108.
 cctdlg.cpp:998
2017-11-01 15:08:18.951 [9828] LOG_TRACE Timer routine called. Parameter is 14322108.
 cctdlg.cpp:998
2017-11-01 15:08:18.965 [9828] LOG_TRACE Timer routine called. Parameter is 14322108.
 cctdlg.cpp:998
2017-11-01 15:08:18.979 [9828] LOG_TRACE Timer routine called. Parameter is 14322108.
 cctdlg.cpp:998
2017-11-01 15:08:18.993 [9828] LOG_TRACE Timer routine called. Parameter is 14322108.
 cctdlg.cpp:998
2017-11-01 15:08:19.007 [9828] LOG_TRACE Timer routine called. Parameter is 14322108.
 cctdlg.cpp:998
2017-11-01 15:08:19.021 [9828] LOG_TRACE Timer routine called. Parameter is 14322108.
 cctdlg.cpp:998
2017-11-01 15:08:19.035 [9828] LOG_TRACE Timer routine called. Parameter is 14322108.
 cctdlg.cpp:998
2017-11-01 15:08:19.049 [9828] LOG_TRACE Timer routine called. Parameter is 14322108.
 cctdlg.cpp:998
2017-11-01 15:08:19.063 [9828] LOG_TRACE Timer routine called. Parameter is 14322108.
 cctdlg.cpp:998
2017-11-01 15:08:19.077 [9828] LOG_TRACE Timer routine called. Parameter is 14322108.
 cctdlg.cpp:998
2017-11-01 15:08:19.091 [9780] LOG_TRACE Timer routine called. Parameter is 14322108.
 cctdlg.cpp:998
2017-11-01 15:08:19.105 [9780] LOG_TRACE Timer routine called. Parameter is 14322108.
 cctdlg.cpp:998
2017-11-01 15:08:19.119 [9828] LOG_TRACE Timer routine called. Parameter is 14322108.
 cctdlg.cpp:998
