2017-12-06 19:17:21.868 [8448] LOG_ALARM -----------------  log4z thread started!   ---------------------------- log4z.cpp:1924
2017-12-06 19:17:21.873 [8448] LOG_ALARM logger id=0 key=Main name=Main path=./log/ level=0 display=true log4z.cpp:1934
2017-12-06 19:17:21.873 [10284] LOG_TRACE stream input *** LOGT LOGT LOGT LOGT ***  cctdlg.cpp:80
2017-12-06 19:17:21.873 [10284] LOG_DEBUG stream input *** LOGD LOGD LOGD LOGD ***  cctdlg.cpp:81
2017-12-06 19:17:21.873 [10284] LOG_INFO stream input *** LOGI LOGI LOGI LOGI ***  cctdlg.cpp:82
2017-12-06 19:17:21.873 [10284] LOG_WARN stream input *** LOGW LOGW LOGW LOGW ***  cctdlg.cpp:83
2017-12-06 19:17:21.873 [10284] LOG_ERROR stream input *** LOGE LOGE LOGE LOGE ***  cctdlg.cpp:84
2017-12-06 19:17:21.873 [10284] LOG_ALARM stream input *** LOGA LOGA LOGA LOGA ***  cctdlg.cpp:85
2017-12-06 19:17:21.873 [10284] LOG_FATAL stream input *** LOGF LOGF LOGF LOGF ***  cctdlg.cpp:86
2017-12-06 19:17:21.873 [10284] LOG_TRACE format input *** LOGFMTT *** 123456 *** cctdlg.cpp:87
2017-12-06 19:17:21.873 [10284] LOG_DEBUG format input *** LOGFMTD *** 123456 *** cctdlg.cpp:88
2017-12-06 19:17:21.873 [10284] LOG_INFO format input *** LOGFMTI *** 123456 *** cctdlg.cpp:89
2017-12-06 19:17:21.873 [10284] LOG_WARN format input *** LOGFMTW *** 123456 *** cctdlg.cpp:90
2017-12-06 19:17:21.873 [10284] LOG_ERROR format input *** LOGFMTE *** 123456 *** cctdlg.cpp:91
2017-12-06 19:17:21.873 [10284] LOG_ALARM format input *** LOGFMTA *** 123456 *** cctdlg.cpp:92
2017-12-06 19:17:21.873 [10284] LOG_FATAL format input *** LOGFMTF *** 123456 *** cctdlg.cpp:93
2017-12-06 19:17:21.873 [10284] LOG_ALARM main quit ... cctdlg.cpp:95
2017-12-06 19:17:21.937 [10284] LOG_TRACE CCCTDlg::udp_client_init cctdlg.cpp:611
2017-12-06 19:17:21.937 [8640] LOG_TRACE call_dev_mon_thread 
 devmon.cpp:6
2017-12-06 19:17:21.937 [8640] LOG_TRACE CDevMon::dev_mon_thread start
 devmon.cpp:29
2017-12-06 19:17:22.022 [10284] LOG_TRACE m_s32_volume=50 cctdlg.cpp:1180
2017-12-06 19:17:25.559 [10284] LOG_TRACE CCCTDlg::stopRecord cctdlg.cpp:583
2017-12-06 19:17:25.560 [10284] LOG_INFO wav in close err:5 cctdlg.cpp:593
2017-12-06 19:17:31.250 [10284] LOG_TRACE m_s32_volume=50 cctdlg.cpp:1180
2017-12-06 19:17:32.581 [10284] LOG_TRACE m_s32_volume=50 cctdlg.cpp:1180
2017-12-06 19:17:32.668 [10284] LOG_TRACE m_s32_volume=51 cctdlg.cpp:1180
2017-12-06 19:17:32.688 [10284] LOG_TRACE m_s32_volume=53 cctdlg.cpp:1180
2017-12-06 19:17:32.696 [10284] LOG_TRACE m_s32_volume=54 cctdlg.cpp:1180
2017-12-06 19:17:32.704 [10284] LOG_TRACE m_s32_volume=55 cctdlg.cpp:1180
2017-12-06 19:17:32.714 [10284] LOG_TRACE m_s32_volume=56 cctdlg.cpp:1180
2017-12-06 19:17:32.722 [10284] LOG_TRACE m_s32_volume=57 cctdlg.cpp:1180
2017-12-06 19:17:32.730 [10284] LOG_TRACE m_s32_volume=58 cctdlg.cpp:1180
2017-12-06 19:17:32.738 [10284] LOG_TRACE m_s32_volume=59 cctdlg.cpp:1180
2017-12-06 19:17:32.746 [10284] LOG_TRACE m_s32_volume=61 cctdlg.cpp:1180
2017-12-06 19:17:32.770 [10284] LOG_TRACE m_s32_volume=62 cctdlg.cpp:1180
2017-12-06 19:17:32.778 [10284] LOG_TRACE m_s32_volume=63 cctdlg.cpp:1180
2017-12-06 19:17:32.786 [10284] LOG_TRACE m_s32_volume=64 cctdlg.cpp:1180
2017-12-06 19:17:32.802 [10284] LOG_TRACE m_s32_volume=65 cctdlg.cpp:1180
2017-12-06 19:17:32.812 [10284] LOG_TRACE m_s32_volume=66 cctdlg.cpp:1180
2017-12-06 19:17:32.821 [10284] LOG_TRACE m_s32_volume=68 cctdlg.cpp:1180
2017-12-06 19:17:32.828 [10284] LOG_TRACE m_s32_volume=70 cctdlg.cpp:1180
2017-12-06 19:17:32.836 [10284] LOG_TRACE m_s32_volume=71 cctdlg.cpp:1180
2017-12-06 19:17:32.844 [10284] LOG_TRACE m_s32_volume=73 cctdlg.cpp:1180
2017-12-06 19:17:32.852 [10284] LOG_TRACE m_s32_volume=76 cctdlg.cpp:1180
2017-12-06 19:17:32.862 [10284] LOG_TRACE m_s32_volume=79 cctdlg.cpp:1180
2017-12-06 19:17:32.870 [10284] LOG_TRACE m_s32_volume=82 cctdlg.cpp:1180
2017-12-06 19:17:32.878 [10284] LOG_TRACE m_s32_volume=86 cctdlg.cpp:1180
2017-12-06 19:17:32.886 [10284] LOG_TRACE m_s32_volume=90 cctdlg.cpp:1180
2017-12-06 19:17:32.894 [10284] LOG_TRACE m_s32_volume=93 cctdlg.cpp:1180
2017-12-06 19:17:32.902 [10284] LOG_TRACE m_s32_volume=96 cctdlg.cpp:1180
2017-12-06 19:17:32.912 [10284] LOG_TRACE m_s32_volume=99 cctdlg.cpp:1180
2017-12-06 19:17:32.920 [10284] LOG_TRACE m_s32_volume=100 cctdlg.cpp:1180
2017-12-06 19:17:33.328 [10284] LOG_TRACE m_s32_volume=100 cctdlg.cpp:1180
2017-12-06 19:17:33.329 [10284] LOG_TRACE m_s32_volume=100 cctdlg.cpp:1180
2017-12-06 19:17:33.329 [10284] LOG_TRACE m_s32_volume=100 cctdlg.cpp:1180
2017-12-06 19:17:33.952 [10284] LOG_TRACE m_s32_volume=100 cctdlg.cpp:1180
2017-12-06 19:17:42.757 [10284] LOG_TRACE m_s32_volume=100 cctdlg.cpp:1180
2017-12-06 19:17:43.488 [10284] LOG_TRACE m_s32_volume=100 cctdlg.cpp:1180
2017-12-06 19:17:47.011 [10284] LOG_TRACE m_s32_volume=100 cctdlg.cpp:1180
2017-12-06 19:17:50.910 [10284] LOG_TRACE m_s32_volume=100 cctdlg.cpp:1180
2017-12-06 19:18:32.274 [10284] LOG_TRACE m_s32_volume=100 cctdlg.cpp:1180
2017-12-06 19:18:33.646 [10284] LOG_TRACE m_s32_volume=100 cctdlg.cpp:1180
2017-12-06 19:18:37.123 [10284] LOG_TRACE m_s32_volume=99 cctdlg.cpp:1180
2017-12-06 19:18:37.131 [10284] LOG_TRACE m_s32_volume=95 cctdlg.cpp:1180
2017-12-06 19:18:37.139 [10284] LOG_TRACE m_s32_volume=93 cctdlg.cpp:1180
2017-12-06 19:18:37.147 [10284] LOG_TRACE m_s32_volume=91 cctdlg.cpp:1180
2017-12-06 19:18:37.157 [10284] LOG_TRACE m_s32_volume=89 cctdlg.cpp:1180
2017-12-06 19:18:37.165 [10284] LOG_TRACE m_s32_volume=86 cctdlg.cpp:1180
2017-12-06 19:18:37.181 [10284] LOG_TRACE m_s32_volume=84 cctdlg.cpp:1180
2017-12-06 19:18:37.197 [10284] LOG_TRACE m_s32_volume=83 cctdlg.cpp:1180
2017-12-06 19:18:37.205 [10284] LOG_TRACE m_s32_volume=82 cctdlg.cpp:1180
2017-12-06 19:18:37.247 [10284] LOG_TRACE m_s32_volume=81 cctdlg.cpp:1180
2017-12-06 19:18:37.267 [10284] LOG_TRACE m_s32_volume=80 cctdlg.cpp:1180
2017-12-06 19:18:37.275 [10284] LOG_TRACE m_s32_volume=79 cctdlg.cpp:1180
2017-12-06 19:18:37.283 [10284] LOG_TRACE m_s32_volume=78 cctdlg.cpp:1180
2017-12-06 19:18:37.303 [10284] LOG_TRACE m_s32_volume=77 cctdlg.cpp:1180
2017-12-06 19:18:37.315 [10284] LOG_TRACE m_s32_volume=76 cctdlg.cpp:1180
2017-12-06 19:18:37.337 [10284] LOG_TRACE m_s32_volume=75 cctdlg.cpp:1180
2017-12-06 19:18:37.345 [10284] LOG_TRACE m_s32_volume=74 cctdlg.cpp:1180
2017-12-06 19:18:37.361 [10284] LOG_TRACE m_s32_volume=73 cctdlg.cpp:1180
2017-12-06 19:18:37.371 [10284] LOG_TRACE m_s32_volume=72 cctdlg.cpp:1180
2017-12-06 19:18:37.379 [10284] LOG_TRACE m_s32_volume=71 cctdlg.cpp:1180
2017-12-06 19:18:37.387 [10284] LOG_TRACE m_s32_volume=70 cctdlg.cpp:1180
2017-12-06 19:18:37.395 [10284] LOG_TRACE m_s32_volume=68 cctdlg.cpp:1180
2017-12-06 19:18:37.403 [10284] LOG_TRACE m_s32_volume=66 cctdlg.cpp:1180
2017-12-06 19:18:37.411 [10284] LOG_TRACE m_s32_volume=63 cctdlg.cpp:1180
2017-12-06 19:18:37.421 [10284] LOG_TRACE m_s32_volume=61 cctdlg.cpp:1180
2017-12-06 19:18:37.429 [10284] LOG_TRACE m_s32_volume=59 cctdlg.cpp:1180
2017-12-06 19:18:37.437 [10284] LOG_TRACE m_s32_volume=57 cctdlg.cpp:1180
2017-12-06 19:18:37.453 [10284] LOG_TRACE m_s32_volume=56 cctdlg.cpp:1180
2017-12-06 19:18:37.463 [10284] LOG_TRACE m_s32_volume=54 cctdlg.cpp:1180
2017-12-06 19:18:37.479 [10284] LOG_TRACE m_s32_volume=53 cctdlg.cpp:1180
2017-12-06 19:18:37.495 [10284] LOG_TRACE m_s32_volume=52 cctdlg.cpp:1180
2017-12-06 19:18:37.503 [10284] LOG_TRACE m_s32_volume=51 cctdlg.cpp:1180
2017-12-06 19:18:37.519 [10284] LOG_TRACE m_s32_volume=49 cctdlg.cpp:1180
2017-12-06 19:18:37.537 [10284] LOG_TRACE m_s32_volume=47 cctdlg.cpp:1180
2017-12-06 19:18:37.545 [10284] LOG_TRACE m_s32_volume=46 cctdlg.cpp:1180
2017-12-06 19:18:37.553 [10284] LOG_TRACE m_s32_volume=45 cctdlg.cpp:1180
2017-12-06 19:18:37.561 [10284] LOG_TRACE m_s32_volume=43 cctdlg.cpp:1180
2017-12-06 19:18:37.569 [10284] LOG_TRACE m_s32_volume=41 cctdlg.cpp:1180
2017-12-06 19:18:37.579 [10284] LOG_TRACE m_s32_volume=40 cctdlg.cpp:1180
2017-12-06 19:18:37.587 [10284] LOG_TRACE m_s32_volume=38 cctdlg.cpp:1180
2017-12-06 19:18:37.595 [10284] LOG_TRACE m_s32_volume=36 cctdlg.cpp:1180
2017-12-06 19:18:37.603 [10284] LOG_TRACE m_s32_volume=35 cctdlg.cpp:1180
2017-12-06 19:18:37.611 [10284] LOG_TRACE m_s32_volume=33 cctdlg.cpp:1180
2017-12-06 19:18:37.621 [10284] LOG_TRACE m_s32_volume=32 cctdlg.cpp:1180
2017-12-06 19:18:37.637 [10284] LOG_TRACE m_s32_volume=30 cctdlg.cpp:1180
2017-12-06 19:18:37.645 [10284] LOG_TRACE m_s32_volume=28 cctdlg.cpp:1180
2017-12-06 19:18:37.653 [10284] LOG_TRACE m_s32_volume=27 cctdlg.cpp:1180
2017-12-06 19:18:37.661 [10284] LOG_TRACE m_s32_volume=26 cctdlg.cpp:1180
2017-12-06 19:18:37.669 [10284] LOG_TRACE m_s32_volume=25 cctdlg.cpp:1180
2017-12-06 19:18:37.677 [10284] LOG_TRACE m_s32_volume=23 cctdlg.cpp:1180
2017-12-06 19:18:37.687 [10284] LOG_TRACE m_s32_volume=22 cctdlg.cpp:1180
2017-12-06 19:18:37.695 [10284] LOG_TRACE m_s32_volume=20 cctdlg.cpp:1180
2017-12-06 19:18:37.711 [10284] LOG_TRACE m_s32_volume=18 cctdlg.cpp:1180
2017-12-06 19:18:37.727 [10284] LOG_TRACE m_s32_volume=17 cctdlg.cpp:1180
2017-12-06 19:18:37.735 [10284] LOG_TRACE m_s32_volume=16 cctdlg.cpp:1180
2017-12-06 19:18:37.743 [10284] LOG_TRACE m_s32_volume=14 cctdlg.cpp:1180
2017-12-06 19:18:37.751 [10284] LOG_TRACE m_s32_volume=13 cctdlg.cpp:1180
2017-12-06 19:18:37.759 [10284] LOG_TRACE m_s32_volume=10 cctdlg.cpp:1180
2017-12-06 19:18:37.769 [10284] LOG_TRACE m_s32_volume=7 cctdlg.cpp:1180
2017-12-06 19:18:37.777 [10284] LOG_TRACE m_s32_volume=6 cctdlg.cpp:1180
2017-12-06 19:18:37.785 [10284] LOG_TRACE m_s32_volume=3 cctdlg.cpp:1180
2017-12-06 19:18:37.801 [10284] LOG_TRACE m_s32_volume=1 cctdlg.cpp:1180
2017-12-06 19:18:37.817 [10284] LOG_TRACE m_s32_volume=0 cctdlg.cpp:1180
2017-12-06 19:18:39.042 [10284] LOG_TRACE m_s32_volume=1 cctdlg.cpp:1180
2017-12-06 19:18:39.058 [10284] LOG_TRACE m_s32_volume=3 cctdlg.cpp:1180
2017-12-06 19:18:39.068 [10284] LOG_TRACE m_s32_volume=5 cctdlg.cpp:1180
2017-12-06 19:18:39.076 [10284] LOG_TRACE m_s32_volume=6 cctdlg.cpp:1180
2017-12-06 19:18:39.084 [10284] LOG_TRACE m_s32_volume=7 cctdlg.cpp:1180
2017-12-06 19:18:39.092 [10284] LOG_TRACE m_s32_volume=9 cctdlg.cpp:1180
2017-12-06 19:18:39.100 [10284] LOG_TRACE m_s32_volume=11 cctdlg.cpp:1180
2017-12-06 19:18:39.116 [10284] LOG_TRACE m_s32_volume=13 cctdlg.cpp:1180
2017-12-06 19:18:39.126 [10284] LOG_TRACE m_s32_volume=15 cctdlg.cpp:1180
2017-12-06 19:18:39.134 [10284] LOG_TRACE m_s32_volume=16 cctdlg.cpp:1180
2017-12-06 19:18:39.142 [10284] LOG_TRACE m_s32_volume=18 cctdlg.cpp:1180
2017-12-06 19:18:39.150 [10284] LOG_TRACE m_s32_volume=19 cctdlg.cpp:1180
2017-12-06 19:18:39.158 [10284] LOG_TRACE m_s32_volume=21 cctdlg.cpp:1180
2017-12-06 19:18:39.166 [10284] LOG_TRACE m_s32_volume=23 cctdlg.cpp:1180
2017-12-06 19:18:39.182 [10284] LOG_TRACE m_s32_volume=24 cctdlg.cpp:1180
2017-12-06 19:18:39.192 [10284] LOG_TRACE m_s32_volume=25 cctdlg.cpp:1180
2017-12-06 19:18:39.208 [10284] LOG_TRACE m_s32_volume=26 cctdlg.cpp:1180
2017-12-06 19:18:39.223 [10284] LOG_TRACE m_s32_volume=28 cctdlg.cpp:1180
2017-12-06 19:18:39.252 [10284] LOG_TRACE m_s32_volume=29 cctdlg.cpp:1180
2017-12-06 19:18:39.320 [10284] LOG_TRACE m_s32_volume=30 cctdlg.cpp:1180
2017-12-06 19:18:39.327 [10284] LOG_TRACE m_s32_volume=31 cctdlg.cpp:1180
2017-12-06 19:18:39.335 [10284] LOG_TRACE m_s32_volume=32 cctdlg.cpp:1180
2017-12-06 19:18:39.344 [10284] LOG_TRACE m_s32_volume=34 cctdlg.cpp:1180
2017-12-06 19:18:39.353 [10284] LOG_TRACE m_s32_volume=35 cctdlg.cpp:1180
2017-12-06 19:18:39.361 [10284] LOG_TRACE m_s32_volume=36 cctdlg.cpp:1180
2017-12-06 19:18:39.369 [10284] LOG_TRACE m_s32_volume=39 cctdlg.cpp:1180
2017-12-06 19:18:39.377 [10284] LOG_TRACE m_s32_volume=41 cctdlg.cpp:1180
2017-12-06 19:18:39.412 [10284] LOG_TRACE m_s32_volume=42 cctdlg.cpp:1180
2017-12-06 19:18:39.420 [10284] LOG_TRACE m_s32_volume=43 cctdlg.cpp:1180
2017-12-06 19:18:39.436 [10284] LOG_TRACE m_s32_volume=44 cctdlg.cpp:1180
2017-12-06 19:18:39.444 [10284] LOG_TRACE m_s32_volume=45 cctdlg.cpp:1180
2017-12-06 19:18:39.452 [10284] LOG_TRACE m_s32_volume=46 cctdlg.cpp:1180
2017-12-06 19:18:39.468 [10284] LOG_TRACE m_s32_volume=47 cctdlg.cpp:1180
2017-12-06 19:18:39.974 [10284] LOG_TRACE m_s32_volume=48 cctdlg.cpp:1180
2017-12-06 19:18:39.981 [10284] LOG_TRACE m_s32_volume=49 cctdlg.cpp:1180
2017-12-06 19:18:40.368 [10284] LOG_TRACE m_s32_volume=49 cctdlg.cpp:1180
2017-12-06 19:18:40.370 [10284] LOG_TRACE m_s32_volume=49 cctdlg.cpp:1180
2017-12-06 19:18:40.371 [10284] LOG_TRACE m_s32_volume=49 cctdlg.cpp:1180
2017-12-06 19:18:41.555 [10284] LOG_TRACE m_s32_volume=49 cctdlg.cpp:1180
2017-12-06 19:18:44.792 [10284] LOG_TRACE m_s32_volume=49 cctdlg.cpp:1180
2017-12-06 19:18:45.697 [10284] LOG_TRACE m_s32_volume=49 cctdlg.cpp:1180
2017-12-06 19:18:46.139 [10284] LOG_TRACE m_s32_volume=48 cctdlg.cpp:1180
2017-12-06 19:18:46.151 [10284] LOG_TRACE m_s32_volume=47 cctdlg.cpp:1180
2017-12-06 19:18:46.183 [10284] LOG_TRACE m_s32_volume=46 cctdlg.cpp:1180
2017-12-06 19:18:46.209 [10284] LOG_TRACE m_s32_volume=45 cctdlg.cpp:1180
2017-12-06 19:18:46.229 [10284] LOG_TRACE m_s32_volume=44 cctdlg.cpp:1180
2017-12-06 19:18:46.241 [10284] LOG_TRACE m_s32_volume=43 cctdlg.cpp:1180
2017-12-06 19:18:46.285 [10284] LOG_TRACE m_s32_volume=42 cctdlg.cpp:1180
2017-12-06 19:18:46.293 [10284] LOG_TRACE m_s32_volume=41 cctdlg.cpp:1180
2017-12-06 19:18:46.323 [10284] LOG_TRACE m_s32_volume=40 cctdlg.cpp:1180
2017-12-06 19:18:46.339 [10284] LOG_TRACE m_s32_volume=39 cctdlg.cpp:1180
2017-12-06 19:18:46.411 [10284] LOG_TRACE m_s32_volume=38 cctdlg.cpp:1180
2017-12-06 19:18:46.443 [10284] LOG_TRACE m_s32_volume=37 cctdlg.cpp:1180
2017-12-06 19:18:46.459 [10284] LOG_TRACE m_s32_volume=36 cctdlg.cpp:1180
2017-12-06 19:18:46.539 [10284] LOG_TRACE m_s32_volume=35 cctdlg.cpp:1180
2017-12-06 19:18:46.547 [10284] LOG_TRACE m_s32_volume=34 cctdlg.cpp:1180
2017-12-06 19:18:46.607 [10284] LOG_TRACE m_s32_volume=33 cctdlg.cpp:1180
2017-12-06 19:18:46.624 [10284] LOG_TRACE m_s32_volume=32 cctdlg.cpp:1180
2017-12-06 19:18:46.752 [10284] LOG_TRACE m_s32_volume=31 cctdlg.cpp:1180
2017-12-06 19:18:46.799 [10284] LOG_TRACE m_s32_volume=30 cctdlg.cpp:1180
2017-12-06 19:18:46.879 [10284] LOG_TRACE m_s32_volume=29 cctdlg.cpp:1180
2017-12-06 19:18:46.895 [10284] LOG_TRACE m_s32_volume=28 cctdlg.cpp:1180
2017-12-06 19:18:46.915 [10284] LOG_TRACE m_s32_volume=27 cctdlg.cpp:1180
2017-12-06 19:18:47.041 [10284] LOG_TRACE m_s32_volume=26 cctdlg.cpp:1180
2017-12-06 19:18:47.651 [10284] LOG_TRACE m_s32_volume=27 cctdlg.cpp:1180
2017-12-06 19:18:47.660 [10284] LOG_TRACE m_s32_volume=28 cctdlg.cpp:1180
2017-12-06 19:18:47.675 [10284] LOG_TRACE m_s32_volume=29 cctdlg.cpp:1180
2017-12-06 19:18:47.683 [10284] LOG_TRACE m_s32_volume=30 cctdlg.cpp:1180
2017-12-06 19:18:47.707 [10284] LOG_TRACE m_s32_volume=32 cctdlg.cpp:1180
2017-12-06 19:18:47.717 [10284] LOG_TRACE m_s32_volume=33 cctdlg.cpp:1180
2017-12-06 19:18:47.733 [10284] LOG_TRACE m_s32_volume=34 cctdlg.cpp:1180
2017-12-06 19:18:47.741 [10284] LOG_TRACE m_s32_volume=35 cctdlg.cpp:1180
2017-12-06 19:18:47.749 [10284] LOG_TRACE m_s32_volume=36 cctdlg.cpp:1180
2017-12-06 19:18:47.767 [10284] LOG_TRACE m_s32_volume=37 cctdlg.cpp:1180
2017-12-06 19:18:47.783 [10284] LOG_TRACE m_s32_volume=38 cctdlg.cpp:1180
2017-12-06 19:18:47.827 [10284] LOG_TRACE m_s32_volume=39 cctdlg.cpp:1180
2017-12-06 19:18:47.951 [10284] LOG_TRACE m_s32_volume=40 cctdlg.cpp:1180
2017-12-06 19:18:47.959 [10284] LOG_TRACE m_s32_volume=41 cctdlg.cpp:1180
2017-12-06 19:18:47.975 [10284] LOG_TRACE m_s32_volume=42 cctdlg.cpp:1180
2017-12-06 19:18:47.991 [10284] LOG_TRACE m_s32_volume=43 cctdlg.cpp:1180
2017-12-06 19:18:48.049 [10284] LOG_TRACE m_s32_volume=44 cctdlg.cpp:1180
2017-12-06 19:18:48.085 [10284] LOG_TRACE m_s32_volume=45 cctdlg.cpp:1180
2017-12-06 19:18:48.656 [10284] LOG_TRACE m_s32_volume=45 cctdlg.cpp:1180
2017-12-06 19:18:48.657 [10284] LOG_TRACE m_s32_volume=45 cctdlg.cpp:1180
2017-12-06 19:18:49.781 [10284] LOG_TRACE m_s32_volume=46 cctdlg.cpp:1180
2017-12-06 19:18:49.813 [10284] LOG_TRACE m_s32_volume=45 cctdlg.cpp:1180
2017-12-06 19:18:49.831 [10284] LOG_TRACE m_s32_volume=44 cctdlg.cpp:1180
2017-12-06 19:18:49.847 [10284] LOG_TRACE m_s32_volume=43 cctdlg.cpp:1180
2017-12-06 19:18:49.863 [10284] LOG_TRACE m_s32_volume=41 cctdlg.cpp:1180
2017-12-06 19:18:49.963 [10284] LOG_TRACE m_s32_volume=40 cctdlg.cpp:1180
2017-12-06 19:18:49.987 [10284] LOG_TRACE m_s32_volume=39 cctdlg.cpp:1180
2017-12-06 19:18:50.177 [10284] LOG_TRACE m_s32_volume=39 cctdlg.cpp:1180
2017-12-06 19:18:50.178 [10284] LOG_TRACE m_s32_volume=39 cctdlg.cpp:1180
2017-12-06 19:18:50.373 [10284] LOG_TRACE m_s32_volume=39 cctdlg.cpp:1180
2017-12-06 19:18:50.649 [10284] LOG_TRACE m_s32_volume=39 cctdlg.cpp:1180
2017-12-06 19:18:51.009 [10284] LOG_TRACE m_s32_volume=38 cctdlg.cpp:1180
2017-12-06 19:18:51.017 [10284] LOG_TRACE m_s32_volume=37 cctdlg.cpp:1180
2017-12-06 19:18:51.025 [10284] LOG_TRACE m_s32_volume=36 cctdlg.cpp:1180
2017-12-06 19:18:51.051 [10284] LOG_TRACE m_s32_volume=34 cctdlg.cpp:1180
2017-12-06 19:18:51.063 [10284] LOG_TRACE m_s32_volume=33 cctdlg.cpp:1180
2017-12-06 19:18:51.079 [10284] LOG_TRACE m_s32_volume=32 cctdlg.cpp:1180
2017-12-06 19:18:51.099 [10284] LOG_TRACE m_s32_volume=31 cctdlg.cpp:1180
2017-12-06 19:18:51.125 [10284] LOG_TRACE m_s32_volume=30 cctdlg.cpp:1180
2017-12-06 19:18:51.157 [10284] LOG_TRACE m_s32_volume=29 cctdlg.cpp:1180
2017-12-06 19:18:51.205 [10284] LOG_TRACE m_s32_volume=28 cctdlg.cpp:1180
2017-12-06 19:18:51.261 [10284] LOG_TRACE m_s32_volume=27 cctdlg.cpp:1180
2017-12-06 19:18:51.269 [10284] LOG_TRACE m_s32_volume=26 cctdlg.cpp:1180
2017-12-06 19:18:51.557 [10284] LOG_TRACE m_s32_volume=26 cctdlg.cpp:1180
2017-12-06 19:18:51.558 [10284] LOG_TRACE m_s32_volume=26 cctdlg.cpp:1180
2017-12-06 19:18:54.107 [10284] LOG_TRACE m_s32_volume=25 cctdlg.cpp:1180
2017-12-06 19:18:54.135 [10284] LOG_TRACE m_s32_volume=26 cctdlg.cpp:1180
2017-12-06 19:18:54.153 [10284] LOG_TRACE m_s32_volume=27 cctdlg.cpp:1180
2017-12-06 19:18:54.169 [10284] LOG_TRACE m_s32_volume=28 cctdlg.cpp:1180
2017-12-06 19:18:54.197 [10284] LOG_TRACE m_s32_volume=29 cctdlg.cpp:1180
2017-12-06 19:18:54.226 [10284] LOG_TRACE m_s32_volume=30 cctdlg.cpp:1180
2017-12-06 19:18:54.275 [10284] LOG_TRACE m_s32_volume=31 cctdlg.cpp:1180
2017-12-06 19:18:54.327 [10284] LOG_TRACE m_s32_volume=32 cctdlg.cpp:1180
2017-12-06 19:18:54.343 [10284] LOG_TRACE m_s32_volume=33 cctdlg.cpp:1180
2017-12-06 19:18:54.363 [10284] LOG_TRACE m_s32_volume=34 cctdlg.cpp:1180
2017-12-06 19:18:54.403 [10284] LOG_TRACE m_s32_volume=35 cctdlg.cpp:1180
2017-12-06 19:18:54.423 [10284] LOG_TRACE m_s32_volume=36 cctdlg.cpp:1180
2017-12-06 19:18:54.487 [10284] LOG_TRACE m_s32_volume=37 cctdlg.cpp:1180
2017-12-06 19:18:54.515 [10284] LOG_TRACE m_s32_volume=38 cctdlg.cpp:1180
2017-12-06 19:18:54.603 [10284] LOG_TRACE m_s32_volume=39 cctdlg.cpp:1180
2017-12-06 19:18:54.623 [10284] LOG_TRACE m_s32_volume=40 cctdlg.cpp:1180
2017-12-06 19:18:54.679 [10284] LOG_TRACE m_s32_volume=41 cctdlg.cpp:1180
2017-12-06 19:18:54.711 [10284] LOG_TRACE m_s32_volume=42 cctdlg.cpp:1180
2017-12-06 19:18:54.727 [10284] LOG_TRACE m_s32_volume=43 cctdlg.cpp:1180
2017-12-06 19:18:54.741 [10284] LOG_TRACE m_s32_volume=44 cctdlg.cpp:1180
2017-12-06 19:18:54.761 [10284] LOG_TRACE m_s32_volume=45 cctdlg.cpp:1180
2017-12-06 19:18:54.777 [10284] LOG_TRACE m_s32_volume=46 cctdlg.cpp:1180
2017-12-06 19:18:54.785 [10284] LOG_TRACE m_s32_volume=47 cctdlg.cpp:1180
2017-12-06 19:18:54.803 [10284] LOG_TRACE m_s32_volume=48 cctdlg.cpp:1180
2017-12-06 19:18:54.819 [10284] LOG_TRACE m_s32_volume=49 cctdlg.cpp:1180
2017-12-06 19:18:54.871 [10284] LOG_TRACE m_s32_volume=50 cctdlg.cpp:1180
2017-12-06 19:18:54.879 [10284] LOG_TRACE m_s32_volume=51 cctdlg.cpp:1180
2017-12-06 19:18:55.011 [10284] LOG_TRACE m_s32_volume=52 cctdlg.cpp:1180
2017-12-06 19:18:55.020 [10284] LOG_TRACE m_s32_volume=54 cctdlg.cpp:1180
2017-12-06 19:18:55.043 [10284] LOG_TRACE m_s32_volume=55 cctdlg.cpp:1180
2017-12-06 19:18:55.059 [10284] LOG_TRACE m_s32_volume=56 cctdlg.cpp:1180
2017-12-06 19:18:55.075 [10284] LOG_TRACE m_s32_volume=57 cctdlg.cpp:1180
2017-12-06 19:18:55.085 [10284] LOG_TRACE m_s32_volume=59 cctdlg.cpp:1180
2017-12-06 19:18:55.109 [10284] LOG_TRACE m_s32_volume=60 cctdlg.cpp:1180
2017-12-06 19:18:55.121 [10284] LOG_TRACE m_s32_volume=61 cctdlg.cpp:1180
2017-12-06 19:18:55.341 [10284] LOG_TRACE m_s32_volume=61 cctdlg.cpp:1180
2017-12-06 19:18:55.342 [10284] LOG_TRACE m_s32_volume=61 cctdlg.cpp:1180
2017-12-06 19:18:57.158 [10284] LOG_TRACE m_s32_volume=62 cctdlg.cpp:1180
2017-12-06 19:18:57.166 [10284] LOG_TRACE m_s32_volume=63 cctdlg.cpp:1180
2017-12-06 19:18:57.174 [10284] LOG_TRACE m_s32_volume=64 cctdlg.cpp:1180
2017-12-06 19:18:57.212 [10284] LOG_TRACE m_s32_volume=65 cctdlg.cpp:1180
2017-12-06 19:18:57.512 [10284] LOG_TRACE m_s32_volume=64 cctdlg.cpp:1180
2017-12-06 19:18:57.520 [10284] LOG_TRACE m_s32_volume=62 cctdlg.cpp:1180
2017-12-06 19:18:57.528 [10284] LOG_TRACE m_s32_volume=59 cctdlg.cpp:1180
2017-12-06 19:18:57.536 [10284] LOG_TRACE m_s32_volume=57 cctdlg.cpp:1180
2017-12-06 19:18:57.544 [10284] LOG_TRACE m_s32_volume=56 cctdlg.cpp:1180
2017-12-06 19:18:57.554 [10284] LOG_TRACE m_s32_volume=54 cctdlg.cpp:1180
2017-12-06 19:18:57.566 [10284] LOG_TRACE m_s32_volume=53 cctdlg.cpp:1180
2017-12-06 19:18:57.574 [10284] LOG_TRACE m_s32_volume=51 cctdlg.cpp:1180
2017-12-06 19:18:57.582 [10284] LOG_TRACE m_s32_volume=50 cctdlg.cpp:1180
2017-12-06 19:18:57.590 [10284] LOG_TRACE m_s32_volume=49 cctdlg.cpp:1180
2017-12-06 19:18:57.606 [10284] LOG_TRACE m_s32_volume=48 cctdlg.cpp:1180
2017-12-06 19:18:57.646 [10284] LOG_TRACE m_s32_volume=47 cctdlg.cpp:1180
2017-12-06 19:18:57.700 [10284] LOG_TRACE m_s32_volume=46 cctdlg.cpp:1180
2017-12-06 19:18:57.790 [10284] LOG_TRACE m_s32_volume=45 cctdlg.cpp:1180
2017-12-06 19:18:57.800 [10284] LOG_TRACE m_s32_volume=44 cctdlg.cpp:1180
2017-12-06 19:18:57.868 [10284] LOG_TRACE m_s32_volume=43 cctdlg.cpp:1180
2017-12-06 19:18:58.084 [10284] LOG_TRACE m_s32_volume=42 cctdlg.cpp:1180
2017-12-06 19:18:58.100 [10284] LOG_TRACE m_s32_volume=41 cctdlg.cpp:1180
2017-12-06 19:18:58.116 [10284] LOG_TRACE m_s32_volume=40 cctdlg.cpp:1180
2017-12-06 19:18:58.134 [10284] LOG_TRACE m_s32_volume=39 cctdlg.cpp:1180
2017-12-06 19:18:58.154 [10284] LOG_TRACE m_s32_volume=38 cctdlg.cpp:1180
2017-12-06 19:18:58.176 [10284] LOG_TRACE m_s32_volume=37 cctdlg.cpp:1180
2017-12-06 19:18:58.190 [10284] LOG_TRACE m_s32_volume=36 cctdlg.cpp:1180
2017-12-06 19:18:58.208 [10284] LOG_TRACE m_s32_volume=34 cctdlg.cpp:1180
2017-12-06 19:18:58.224 [10284] LOG_TRACE m_s32_volume=33 cctdlg.cpp:1180
2017-12-06 19:18:58.231 [10284] LOG_TRACE m_s32_volume=32 cctdlg.cpp:1180
2017-12-06 19:18:58.240 [10284] LOG_TRACE m_s32_volume=30 cctdlg.cpp:1180
2017-12-06 19:18:58.632 [10284] LOG_TRACE m_s32_volume=29 cctdlg.cpp:1180
2017-12-06 19:18:58.664 [10284] LOG_TRACE m_s32_volume=28 cctdlg.cpp:1180
2017-12-06 19:18:58.740 [10284] LOG_TRACE m_s32_volume=27 cctdlg.cpp:1180
2017-12-06 19:18:58.946 [10284] LOG_TRACE m_s32_volume=26 cctdlg.cpp:1180
2017-12-06 19:18:59.816 [10284] LOG_TRACE m_s32_volume=25 cctdlg.cpp:1180
2017-12-06 19:18:59.900 [10284] LOG_TRACE m_s32_volume=26 cctdlg.cpp:1180
2017-12-06 19:18:59.907 [10284] LOG_TRACE m_s32_volume=27 cctdlg.cpp:1180
2017-12-06 19:18:59.923 [10284] LOG_TRACE m_s32_volume=28 cctdlg.cpp:1180
2017-12-06 19:18:59.943 [10284] LOG_TRACE m_s32_volume=29 cctdlg.cpp:1180
2017-12-06 19:19:00.092 [10284] LOG_TRACE m_s32_volume=30 cctdlg.cpp:1180
2017-12-06 19:19:00.136 [10284] LOG_TRACE m_s32_volume=31 cctdlg.cpp:1180
2017-12-06 19:19:00.172 [10284] LOG_TRACE m_s32_volume=32 cctdlg.cpp:1180
2017-12-06 19:19:00.286 [10284] LOG_TRACE m_s32_volume=33 cctdlg.cpp:1180
2017-12-06 19:19:00.303 [10284] LOG_TRACE m_s32_volume=34 cctdlg.cpp:1180
2017-12-06 19:19:00.456 [10284] LOG_TRACE m_s32_volume=35 cctdlg.cpp:1180
2017-12-06 19:19:00.604 [10284] LOG_TRACE m_s32_volume=35 cctdlg.cpp:1180
2017-12-06 19:19:00.605 [10284] LOG_TRACE m_s32_volume=35 cctdlg.cpp:1180
2017-12-06 19:19:01.399 [10284] LOG_TRACE m_s32_volume=36 cctdlg.cpp:1180
2017-12-06 19:19:01.416 [10284] LOG_TRACE m_s32_volume=37 cctdlg.cpp:1180
2017-12-06 19:19:01.426 [10284] LOG_TRACE m_s32_volume=38 cctdlg.cpp:1180
2017-12-06 19:19:01.433 [10284] LOG_TRACE m_s32_volume=39 cctdlg.cpp:1180
2017-12-06 19:19:01.453 [10284] LOG_TRACE m_s32_volume=40 cctdlg.cpp:1180
2017-12-06 19:19:01.761 [10284] LOG_TRACE m_s32_volume=40 cctdlg.cpp:1180
2017-12-06 19:19:01.762 [10284] LOG_TRACE m_s32_volume=40 cctdlg.cpp:1180
2017-12-06 19:19:02.683 [10284] LOG_TRACE m_s32_volume=39 cctdlg.cpp:1180
2017-12-06 19:19:02.713 [10284] LOG_TRACE m_s32_volume=38 cctdlg.cpp:1180
2017-12-06 19:19:02.721 [10284] LOG_TRACE m_s32_volume=37 cctdlg.cpp:1180
2017-12-06 19:19:02.745 [10284] LOG_TRACE m_s32_volume=36 cctdlg.cpp:1180
2017-12-06 19:19:03.238 [10284] LOG_TRACE m_s32_volume=36 cctdlg.cpp:1180
2017-12-06 19:19:03.239 [10284] LOG_TRACE m_s32_volume=36 cctdlg.cpp:1180
2017-12-06 19:19:03.391 [10284] LOG_TRACE m_s32_volume=36 cctdlg.cpp:1180
2017-12-06 19:19:03.392 [10284] LOG_TRACE m_s32_volume=36 cctdlg.cpp:1180
2017-12-06 19:19:08.099 [10284] LOG_TRACE m_s32_volume=35 cctdlg.cpp:1180
2017-12-06 19:19:08.237 [10284] LOG_TRACE m_s32_volume=36 cctdlg.cpp:1180
2017-12-06 19:19:08.247 [10284] LOG_TRACE m_s32_volume=37 cctdlg.cpp:1180
2017-12-06 19:19:08.259 [10284] LOG_TRACE m_s32_volume=38 cctdlg.cpp:1180
2017-12-06 19:19:08.351 [10284] LOG_TRACE m_s32_volume=39 cctdlg.cpp:1180
2017-12-06 19:19:08.371 [10284] LOG_TRACE m_s32_volume=40 cctdlg.cpp:1180
2017-12-06 19:19:08.387 [10284] LOG_TRACE m_s32_volume=41 cctdlg.cpp:1180
2017-12-06 19:19:08.569 [10284] LOG_TRACE m_s32_volume=42 cctdlg.cpp:1180
2017-12-06 19:19:08.785 [10284] LOG_TRACE m_s32_volume=42 cctdlg.cpp:1180
2017-12-06 19:19:08.785 [10284] LOG_TRACE m_s32_volume=42 cctdlg.cpp:1180
2017-12-06 19:19:09.283 [10284] LOG_TRACE m_s32_volume=43 cctdlg.cpp:1180
2017-12-06 19:19:09.299 [10284] LOG_TRACE m_s32_volume=45 cctdlg.cpp:1180
2017-12-06 19:19:09.331 [10284] LOG_TRACE m_s32_volume=46 cctdlg.cpp:1180
2017-12-06 19:19:09.717 [10284] LOG_TRACE m_s32_volume=46 cctdlg.cpp:1180
2017-12-06 19:19:09.718 [10284] LOG_TRACE m_s32_volume=46 cctdlg.cpp:1180
2017-12-06 19:19:09.799 [10284] LOG_TRACE m_s32_volume=46 cctdlg.cpp:1180
2017-12-06 19:19:09.799 [10284] LOG_TRACE m_s32_volume=46 cctdlg.cpp:1180
2017-12-06 19:19:10.749 [10284] LOG_TRACE m_s32_volume=47 cctdlg.cpp:1180
2017-12-06 19:19:10.757 [10284] LOG_TRACE m_s32_volume=46 cctdlg.cpp:1180
2017-12-06 19:19:10.765 [10284] LOG_TRACE m_s32_volume=45 cctdlg.cpp:1180
2017-12-06 19:19:10.772 [10284] LOG_TRACE m_s32_volume=43 cctdlg.cpp:1180
2017-12-06 19:19:10.783 [10284] LOG_TRACE m_s32_volume=39 cctdlg.cpp:1180
2017-12-06 19:19:10.799 [10284] LOG_TRACE m_s32_volume=36 cctdlg.cpp:1180
2017-12-06 19:19:10.830 [10284] LOG_TRACE m_s32_volume=35 cctdlg.cpp:1180
2017-12-06 19:19:11.143 [10284] LOG_TRACE m_s32_volume=35 cctdlg.cpp:1180
2017-12-06 19:19:11.143 [10284] LOG_TRACE m_s32_volume=35 cctdlg.cpp:1180
2017-12-06 19:19:11.563 [10284] LOG_TRACE m_s32_volume=34 cctdlg.cpp:1180
2017-12-06 19:19:11.584 [10284] LOG_TRACE m_s32_volume=35 cctdlg.cpp:1180
2017-12-06 19:19:11.592 [10284] LOG_TRACE m_s32_volume=36 cctdlg.cpp:1180
2017-12-06 19:19:11.600 [10284] LOG_TRACE m_s32_volume=37 cctdlg.cpp:1180
2017-12-06 19:19:11.608 [10284] LOG_TRACE m_s32_volume=38 cctdlg.cpp:1180
2017-12-06 19:19:11.616 [10284] LOG_TRACE m_s32_volume=39 cctdlg.cpp:1180
2017-12-06 19:19:11.665 [10284] LOG_TRACE m_s32_volume=40 cctdlg.cpp:1180
2017-12-06 19:19:11.744 [10284] LOG_TRACE m_s32_volume=41 cctdlg.cpp:1180
2017-12-06 19:19:11.752 [10284] LOG_TRACE m_s32_volume=43 cctdlg.cpp:1180
2017-12-06 19:19:11.776 [10284] LOG_TRACE m_s32_volume=44 cctdlg.cpp:1180
2017-12-06 19:19:11.790 [10284] LOG_TRACE m_s32_volume=45 cctdlg.cpp:1180
2017-12-06 19:19:12.051 [10284] LOG_TRACE m_s32_volume=45 cctdlg.cpp:1180
2017-12-06 19:19:12.051 [10284] LOG_TRACE m_s32_volume=45 cctdlg.cpp:1180
2017-12-06 19:19:12.101 [10284] LOG_TRACE m_s32_volume=45 cctdlg.cpp:1180
2017-12-06 19:19:12.101 [10284] LOG_TRACE m_s32_volume=45 cctdlg.cpp:1180
2017-12-06 19:19:14.943 [10284] LOG_TRACE m_s32_volume=45 cctdlg.cpp:1180
2017-12-06 19:19:16.011 [10284] LOG_TRACE m_s32_volume=45 cctdlg.cpp:1180
2017-12-06 19:19:16.415 [10284] LOG_TRACE m_s32_volume=46 cctdlg.cpp:1180
2017-12-06 19:19:16.423 [10284] LOG_TRACE m_s32_volume=49 cctdlg.cpp:1180
2017-12-06 19:19:16.441 [10284] LOG_TRACE m_s32_volume=51 cctdlg.cpp:1180
2017-12-06 19:19:16.457 [10284] LOG_TRACE m_s32_volume=52 cctdlg.cpp:1180
2017-12-06 19:19:16.465 [10284] LOG_TRACE m_s32_volume=53 cctdlg.cpp:1180
2017-12-06 19:19:16.481 [10284] LOG_TRACE m_s32_volume=54 cctdlg.cpp:1180
2017-12-06 19:19:16.491 [10284] LOG_TRACE m_s32_volume=55 cctdlg.cpp:1180
2017-12-06 19:19:16.507 [10284] LOG_TRACE m_s32_volume=56 cctdlg.cpp:1180
2017-12-06 19:19:16.523 [10284] LOG_TRACE m_s32_volume=57 cctdlg.cpp:1180
2017-12-06 19:19:16.565 [10284] LOG_TRACE m_s32_volume=58 cctdlg.cpp:1180
2017-12-06 19:19:16.602 [10284] LOG_TRACE m_s32_volume=59 cctdlg.cpp:1180
2017-12-06 19:19:16.674 [10284] LOG_TRACE m_s32_volume=60 cctdlg.cpp:1180
2017-12-06 19:19:16.703 [10284] LOG_TRACE m_s32_volume=61 cctdlg.cpp:1180
2017-12-06 19:19:16.761 [10284] LOG_TRACE m_s32_volume=63 cctdlg.cpp:1180
2017-12-06 19:19:16.777 [10284] LOG_TRACE m_s32_volume=64 cctdlg.cpp:1180
2017-12-06 19:19:16.801 [10284] LOG_TRACE m_s32_volume=65 cctdlg.cpp:1180
2017-12-06 19:19:16.809 [10284] LOG_TRACE m_s32_volume=66 cctdlg.cpp:1180
2017-12-06 19:19:17.119 [10284] LOG_TRACE m_s32_volume=64 cctdlg.cpp:1180
2017-12-06 19:19:17.127 [10284] LOG_TRACE m_s32_volume=63 cctdlg.cpp:1180
2017-12-06 19:19:17.135 [10284] LOG_TRACE m_s32_volume=61 cctdlg.cpp:1180
2017-12-06 19:19:17.154 [10284] LOG_TRACE m_s32_volume=59 cctdlg.cpp:1180
2017-12-06 19:19:17.169 [10284] LOG_TRACE m_s32_volume=57 cctdlg.cpp:1180
2017-12-06 19:19:17.185 [10284] LOG_TRACE m_s32_volume=55 cctdlg.cpp:1180
2017-12-06 19:19:17.193 [10284] LOG_TRACE m_s32_volume=54 cctdlg.cpp:1180
2017-12-06 19:19:17.211 [10284] LOG_TRACE m_s32_volume=53 cctdlg.cpp:1180
2017-12-06 19:19:17.231 [10284] LOG_TRACE m_s32_volume=52 cctdlg.cpp:1180
2017-12-06 19:19:17.239 [10284] LOG_TRACE m_s32_volume=51 cctdlg.cpp:1180
2017-12-06 19:19:17.259 [10284] LOG_TRACE m_s32_volume=50 cctdlg.cpp:1180
2017-12-06 19:19:17.267 [10284] LOG_TRACE m_s32_volume=49 cctdlg.cpp:1180
2017-12-06 19:19:17.276 [10284] LOG_TRACE m_s32_volume=48 cctdlg.cpp:1180
2017-12-06 19:19:17.291 [10284] LOG_TRACE m_s32_volume=47 cctdlg.cpp:1180
2017-12-06 19:19:17.561 [10284] LOG_TRACE m_s32_volume=48 cctdlg.cpp:1180
2017-12-06 19:19:17.569 [10284] LOG_TRACE m_s32_volume=51 cctdlg.cpp:1180
2017-12-06 19:19:17.577 [10284] LOG_TRACE m_s32_volume=54 cctdlg.cpp:1180
2017-12-06 19:19:17.586 [10284] LOG_TRACE m_s32_volume=59 cctdlg.cpp:1180
2017-12-06 19:19:17.595 [10284] LOG_TRACE m_s32_volume=60 cctdlg.cpp:1180
2017-12-06 19:19:17.603 [10284] LOG_TRACE m_s32_volume=63 cctdlg.cpp:1180
2017-12-06 19:19:17.611 [10284] LOG_TRACE m_s32_volume=66 cctdlg.cpp:1180
2017-12-06 19:19:17.619 [10284] LOG_TRACE m_s32_volume=68 cctdlg.cpp:1180
2017-12-06 19:19:17.627 [10284] LOG_TRACE m_s32_volume=70 cctdlg.cpp:1180
2017-12-06 19:19:17.637 [10284] LOG_TRACE m_s32_volume=72 cctdlg.cpp:1180
2017-12-06 19:19:17.645 [10284] LOG_TRACE m_s32_volume=74 cctdlg.cpp:1180
2017-12-06 19:19:17.661 [10284] LOG_TRACE m_s32_volume=75 cctdlg.cpp:1180
2017-12-06 19:19:17.669 [10284] LOG_TRACE m_s32_volume=76 cctdlg.cpp:1180
2017-12-06 19:19:17.681 [10284] LOG_TRACE m_s32_volume=77 cctdlg.cpp:1180
2017-12-06 19:19:17.691 [10284] LOG_TRACE m_s32_volume=78 cctdlg.cpp:1180
2017-12-06 19:19:17.697 [10284] LOG_TRACE m_s32_volume=79 cctdlg.cpp:1180
2017-12-06 19:19:17.707 [10284] LOG_TRACE m_s32_volume=80 cctdlg.cpp:1180
2017-12-06 19:19:17.723 [10284] LOG_TRACE m_s32_volume=81 cctdlg.cpp:1180
2017-12-06 19:19:17.733 [10284] LOG_TRACE m_s32_volume=83 cctdlg.cpp:1180
2017-12-06 19:19:17.739 [10284] LOG_TRACE m_s32_volume=85 cctdlg.cpp:1180
2017-12-06 19:19:17.747 [10284] LOG_TRACE m_s32_volume=86 cctdlg.cpp:1180
2017-12-06 19:19:17.755 [10284] LOG_TRACE m_s32_volume=88 cctdlg.cpp:1180
2017-12-06 19:19:17.765 [10284] LOG_TRACE m_s32_volume=90 cctdlg.cpp:1180
2017-12-06 19:19:17.773 [10284] LOG_TRACE m_s32_volume=93 cctdlg.cpp:1180
2017-12-06 19:19:17.781 [10284] LOG_TRACE m_s32_volume=95 cctdlg.cpp:1180
2017-12-06 19:19:17.789 [10284] LOG_TRACE m_s32_volume=97 cctdlg.cpp:1180
2017-12-06 19:19:17.797 [10284] LOG_TRACE m_s32_volume=99 cctdlg.cpp:1180
2017-12-06 19:19:17.807 [10284] LOG_TRACE m_s32_volume=100 cctdlg.cpp:1180
2017-12-06 19:19:18.445 [10284] LOG_TRACE m_s32_volume=99 cctdlg.cpp:1180
2017-12-06 19:19:18.453 [10284] LOG_TRACE m_s32_volume=97 cctdlg.cpp:1180
2017-12-06 19:19:18.461 [10284] LOG_TRACE m_s32_volume=95 cctdlg.cpp:1180
2017-12-06 19:19:18.470 [10284] LOG_TRACE m_s32_volume=94 cctdlg.cpp:1180
2017-12-06 19:19:18.477 [10284] LOG_TRACE m_s32_volume=93 cctdlg.cpp:1180
2017-12-06 19:19:18.485 [10284] LOG_TRACE m_s32_volume=91 cctdlg.cpp:1180
2017-12-06 19:19:18.503 [10284] LOG_TRACE m_s32_volume=90 cctdlg.cpp:1180
2017-12-06 19:19:18.511 [10284] LOG_TRACE m_s32_volume=89 cctdlg.cpp:1180
2017-12-06 19:19:18.527 [10284] LOG_TRACE m_s32_volume=88 cctdlg.cpp:1180
2017-12-06 19:19:18.535 [10284] LOG_TRACE m_s32_volume=87 cctdlg.cpp:1180
2017-12-06 19:19:18.546 [10284] LOG_TRACE m_s32_volume=86 cctdlg.cpp:1180
2017-12-06 19:19:18.551 [10284] LOG_TRACE m_s32_volume=85 cctdlg.cpp:1180
2017-12-06 19:19:18.567 [10284] LOG_TRACE m_s32_volume=84 cctdlg.cpp:1180
2017-12-06 19:19:18.583 [10284] LOG_TRACE m_s32_volume=83 cctdlg.cpp:1180
2017-12-06 19:19:18.591 [10284] LOG_TRACE m_s32_volume=82 cctdlg.cpp:1180
2017-12-06 19:19:18.609 [10284] LOG_TRACE m_s32_volume=81 cctdlg.cpp:1180
2017-12-06 19:19:18.633 [10284] LOG_TRACE m_s32_volume=80 cctdlg.cpp:1180
2017-12-06 19:19:18.641 [10284] LOG_TRACE m_s32_volume=78 cctdlg.cpp:1180
2017-12-06 19:19:18.671 [10284] LOG_TRACE m_s32_volume=77 cctdlg.cpp:1180
2017-12-06 19:19:18.683 [10284] LOG_TRACE m_s32_volume=76 cctdlg.cpp:1180
2017-12-06 19:19:18.735 [10284] LOG_TRACE m_s32_volume=75 cctdlg.cpp:1180
2017-12-06 19:19:18.753 [10284] LOG_TRACE m_s32_volume=74 cctdlg.cpp:1180
2017-12-06 19:19:18.775 [10284] LOG_TRACE m_s32_volume=72 cctdlg.cpp:1180
2017-12-06 19:19:18.825 [10284] LOG_TRACE m_s32_volume=71 cctdlg.cpp:1180
2017-12-06 19:19:18.833 [10284] LOG_TRACE m_s32_volume=70 cctdlg.cpp:1180
2017-12-06 19:19:18.870 [10284] LOG_TRACE m_s32_volume=69 cctdlg.cpp:1180
2017-12-06 19:19:18.885 [10284] LOG_TRACE m_s32_volume=68 cctdlg.cpp:1180
2017-12-06 19:19:18.902 [10284] LOG_TRACE m_s32_volume=67 cctdlg.cpp:1180
2017-12-06 19:19:18.933 [10284] LOG_TRACE m_s32_volume=66 cctdlg.cpp:1180
2017-12-06 19:19:18.955 [10284] LOG_TRACE m_s32_volume=65 cctdlg.cpp:1180
2017-12-06 19:19:18.975 [10284] LOG_TRACE m_s32_volume=64 cctdlg.cpp:1180
2017-12-06 19:19:18.991 [10284] LOG_TRACE m_s32_volume=63 cctdlg.cpp:1180
2017-12-06 19:19:19.023 [10284] LOG_TRACE m_s32_volume=62 cctdlg.cpp:1180
2017-12-06 19:19:19.031 [10284] LOG_TRACE m_s32_volume=61 cctdlg.cpp:1180
2017-12-06 19:19:19.093 [10284] LOG_TRACE m_s32_volume=60 cctdlg.cpp:1180
2017-12-06 19:19:19.109 [10284] LOG_TRACE m_s32_volume=59 cctdlg.cpp:1180
2017-12-06 19:19:19.183 [10284] LOG_TRACE m_s32_volume=58 cctdlg.cpp:1180
2017-12-06 19:19:19.201 [10284] LOG_TRACE m_s32_volume=57 cctdlg.cpp:1180
2017-12-06 19:19:19.261 [10284] LOG_TRACE m_s32_volume=56 cctdlg.cpp:1180
2017-12-06 19:19:19.269 [10284] LOG_TRACE m_s32_volume=55 cctdlg.cpp:1180
2017-12-06 19:19:19.317 [10284] LOG_TRACE m_s32_volume=54 cctdlg.cpp:1180
2017-12-06 19:19:19.331 [10284] LOG_TRACE m_s32_volume=53 cctdlg.cpp:1180
2017-12-06 19:19:19.389 [10284] LOG_TRACE m_s32_volume=51 cctdlg.cpp:1180
2017-12-06 19:19:19.494 [10284] LOG_TRACE m_s32_volume=50 cctdlg.cpp:1180
2017-12-06 19:19:19.513 [10284] LOG_TRACE m_s32_volume=49 cctdlg.cpp:1180
2017-12-06 19:19:19.609 [10284] LOG_TRACE m_s32_volume=48 cctdlg.cpp:1180
2017-12-06 19:19:19.627 [10284] LOG_TRACE m_s32_volume=47 cctdlg.cpp:1180
2017-12-06 19:19:19.841 [10284] LOG_TRACE m_s32_volume=46 cctdlg.cpp:1180
2017-12-06 19:19:19.857 [10284] LOG_TRACE m_s32_volume=45 cctdlg.cpp:1180
2017-12-06 19:19:19.897 [10284] LOG_TRACE m_s32_volume=44 cctdlg.cpp:1180
2017-12-06 19:19:20.026 [10284] LOG_TRACE m_s32_volume=43 cctdlg.cpp:1180
2017-12-06 19:19:20.797 [10284] LOG_TRACE m_s32_volume=42 cctdlg.cpp:1180
2017-12-06 19:19:20.813 [10284] LOG_TRACE m_s32_volume=41 cctdlg.cpp:1180
2017-12-06 19:19:20.829 [10284] LOG_TRACE m_s32_volume=40 cctdlg.cpp:1180
2017-12-06 19:19:20.853 [10284] LOG_TRACE m_s32_volume=39 cctdlg.cpp:1180
2017-12-06 19:19:20.937 [10284] LOG_TRACE m_s32_volume=38 cctdlg.cpp:1180
2017-12-06 19:19:20.949 [10284] LOG_TRACE m_s32_volume=37 cctdlg.cpp:1180
2017-12-06 19:19:21.005 [10284] LOG_TRACE m_s32_volume=36 cctdlg.cpp:1180
2017-12-06 19:19:21.046 [10284] LOG_TRACE m_s32_volume=35 cctdlg.cpp:1180
2017-12-06 19:19:21.057 [10284] LOG_TRACE m_s32_volume=34 cctdlg.cpp:1180
2017-12-06 19:19:21.969 [10284] LOG_TRACE m_s32_volume=33 cctdlg.cpp:1180
2017-12-06 19:19:21.977 [10284] LOG_TRACE m_s32_volume=32 cctdlg.cpp:1180
2017-12-06 19:19:21.993 [10284] LOG_TRACE m_s32_volume=31 cctdlg.cpp:1180
2017-12-06 19:19:22.009 [10284] LOG_TRACE m_s32_volume=30 cctdlg.cpp:1180
2017-12-06 19:19:22.025 [10284] LOG_TRACE m_s32_volume=29 cctdlg.cpp:1180
2017-12-06 19:19:22.035 [10284] LOG_TRACE m_s32_volume=28 cctdlg.cpp:1180
2017-12-06 19:19:22.051 [10284] LOG_TRACE m_s32_volume=27 cctdlg.cpp:1180
2017-12-06 19:19:22.059 [10284] LOG_TRACE m_s32_volume=25 cctdlg.cpp:1180
2017-12-06 19:19:22.067 [10284] LOG_TRACE m_s32_volume=24 cctdlg.cpp:1180
2017-12-06 19:19:22.083 [10284] LOG_TRACE m_s32_volume=23 cctdlg.cpp:1180
2017-12-06 19:19:22.155 [10284] LOG_TRACE m_s32_volume=22 cctdlg.cpp:1180
2017-12-06 19:19:22.171 [10284] LOG_TRACE m_s32_volume=21 cctdlg.cpp:1180
2017-12-06 19:19:23.542 [10284] LOG_TRACE m_s32_volume=20 cctdlg.cpp:1180
2017-12-06 19:19:23.557 [10284] LOG_TRACE m_s32_volume=18 cctdlg.cpp:1180
2017-12-06 19:19:23.583 [10284] LOG_TRACE m_s32_volume=16 cctdlg.cpp:1180
2017-12-06 19:19:23.646 [10284] LOG_TRACE m_s32_volume=15 cctdlg.cpp:1180
2017-12-06 19:19:23.655 [10284] LOG_TRACE m_s32_volume=14 cctdlg.cpp:1180
2017-12-06 19:19:23.663 [10284] LOG_TRACE m_s32_volume=13 cctdlg.cpp:1180
2017-12-06 19:19:23.671 [10284] LOG_TRACE m_s32_volume=12 cctdlg.cpp:1180
2017-12-06 19:19:23.679 [10284] LOG_TRACE m_s32_volume=11 cctdlg.cpp:1180
2017-12-06 19:19:23.821 [10284] LOG_TRACE m_s32_volume=10 cctdlg.cpp:1180
2017-12-06 19:19:23.841 [10284] LOG_TRACE m_s32_volume=9 cctdlg.cpp:1180
2017-12-06 19:19:23.849 [10284] LOG_TRACE m_s32_volume=8 cctdlg.cpp:1180
2017-12-06 19:19:23.857 [10284] LOG_TRACE m_s32_volume=7 cctdlg.cpp:1180
2017-12-06 19:19:23.875 [10284] LOG_TRACE m_s32_volume=6 cctdlg.cpp:1180
2017-12-06 19:19:23.891 [10284] LOG_TRACE m_s32_volume=5 cctdlg.cpp:1180
2017-12-06 19:19:23.907 [10284] LOG_TRACE m_s32_volume=4 cctdlg.cpp:1180
2017-12-06 19:19:23.923 [10284] LOG_TRACE m_s32_volume=3 cctdlg.cpp:1180
2017-12-06 19:19:23.931 [10284] LOG_TRACE m_s32_volume=2 cctdlg.cpp:1180
2017-12-06 19:19:23.943 [10284] LOG_TRACE m_s32_volume=1 cctdlg.cpp:1180
2017-12-06 19:19:23.959 [10284] LOG_TRACE m_s32_volume=0 cctdlg.cpp:1180
2017-12-06 19:19:24.385 [10284] LOG_TRACE m_s32_volume=2 cctdlg.cpp:1180
2017-12-06 19:19:24.395 [10284] LOG_TRACE m_s32_volume=3 cctdlg.cpp:1180
2017-12-06 19:19:24.411 [10284] LOG_TRACE m_s32_volume=5 cctdlg.cpp:1180
2017-12-06 19:19:24.419 [10284] LOG_TRACE m_s32_volume=6 cctdlg.cpp:1180
2017-12-06 19:19:24.435 [10284] LOG_TRACE m_s32_volume=7 cctdlg.cpp:1180
2017-12-06 19:19:24.443 [10284] LOG_TRACE m_s32_volume=9 cctdlg.cpp:1180
2017-12-06 19:19:24.452 [10284] LOG_TRACE m_s32_volume=11 cctdlg.cpp:1180
2017-12-06 19:19:24.469 [10284] LOG_TRACE m_s32_volume=13 cctdlg.cpp:1180
2017-12-06 19:19:24.477 [10284] LOG_TRACE m_s32_volume=14 cctdlg.cpp:1180
2017-12-06 19:19:24.485 [10284] LOG_TRACE m_s32_volume=15 cctdlg.cpp:1180
2017-12-06 19:19:24.492 [10284] LOG_TRACE m_s32_volume=16 cctdlg.cpp:1180
2017-12-06 19:19:24.501 [10284] LOG_TRACE m_s32_volume=18 cctdlg.cpp:1180
2017-12-06 19:19:24.519 [10284] LOG_TRACE m_s32_volume=20 cctdlg.cpp:1180
2017-12-06 19:19:24.535 [10284] LOG_TRACE m_s32_volume=22 cctdlg.cpp:1180
2017-12-06 19:19:24.559 [10284] LOG_TRACE m_s32_volume=23 cctdlg.cpp:1180
2017-12-06 19:19:24.567 [10284] LOG_TRACE m_s32_volume=24 cctdlg.cpp:1180
2017-12-06 19:19:24.585 [10284] LOG_TRACE m_s32_volume=25 cctdlg.cpp:1180
2017-12-06 19:19:24.593 [10284] LOG_TRACE m_s32_volume=26 cctdlg.cpp:1180
2017-12-06 19:19:24.609 [10284] LOG_TRACE m_s32_volume=27 cctdlg.cpp:1180
2017-12-06 19:19:24.617 [10284] LOG_TRACE m_s32_volume=28 cctdlg.cpp:1180
2017-12-06 19:19:24.632 [10284] LOG_TRACE m_s32_volume=29 cctdlg.cpp:1180
2017-12-06 19:19:24.649 [10284] LOG_TRACE m_s32_volume=30 cctdlg.cpp:1180
2017-12-06 19:19:24.665 [10284] LOG_TRACE m_s32_volume=32 cctdlg.cpp:1180
2017-12-06 19:19:24.680 [10284] LOG_TRACE m_s32_volume=33 cctdlg.cpp:1180
2017-12-06 19:19:24.699 [10284] LOG_TRACE m_s32_volume=34 cctdlg.cpp:1180
2017-12-06 19:19:24.707 [10284] LOG_TRACE m_s32_volume=36 cctdlg.cpp:1180
2017-12-06 19:19:24.723 [10284] LOG_TRACE m_s32_volume=38 cctdlg.cpp:1180
2017-12-06 19:19:24.731 [10284] LOG_TRACE m_s32_volume=39 cctdlg.cpp:1180
2017-12-06 19:19:24.739 [10284] LOG_TRACE m_s32_volume=41 cctdlg.cpp:1180
2017-12-06 19:19:24.747 [10284] LOG_TRACE m_s32_volume=42 cctdlg.cpp:1180
2017-12-06 19:19:24.757 [10284] LOG_TRACE m_s32_volume=43 cctdlg.cpp:1180
2017-12-06 19:19:24.764 [10284] LOG_TRACE m_s32_volume=45 cctdlg.cpp:1180
2017-12-06 19:19:24.773 [10284] LOG_TRACE m_s32_volume=47 cctdlg.cpp:1180
2017-12-06 19:19:24.780 [10284] LOG_TRACE m_s32_volume=49 cctdlg.cpp:1180
2017-12-06 19:19:24.789 [10284] LOG_TRACE m_s32_volume=51 cctdlg.cpp:1180
2017-12-06 19:19:24.796 [10284] LOG_TRACE m_s32_volume=53 cctdlg.cpp:1180
2017-12-06 19:19:24.807 [10284] LOG_TRACE m_s32_volume=57 cctdlg.cpp:1180
2017-12-06 19:19:24.814 [10284] LOG_TRACE m_s32_volume=59 cctdlg.cpp:1180
2017-12-06 19:19:24.823 [10284] LOG_TRACE m_s32_volume=60 cctdlg.cpp:1180
2017-12-06 19:19:24.831 [10284] LOG_TRACE m_s32_volume=63 cctdlg.cpp:1180
2017-12-06 19:19:24.839 [10284] LOG_TRACE m_s32_volume=64 cctdlg.cpp:1180
2017-12-06 19:19:24.849 [10284] LOG_TRACE m_s32_volume=67 cctdlg.cpp:1180
2017-12-06 19:19:24.857 [10284] LOG_TRACE m_s32_volume=68 cctdlg.cpp:1180
2017-12-06 19:19:24.865 [10284] LOG_TRACE m_s32_volume=69 cctdlg.cpp:1180
2017-12-06 19:19:24.877 [10284] LOG_TRACE m_s32_volume=70 cctdlg.cpp:1180
2017-12-06 19:19:25.145 [10284] LOG_TRACE m_s32_volume=70 cctdlg.cpp:1180
2017-12-06 19:19:25.146 [10284] LOG_TRACE m_s32_volume=70 cctdlg.cpp:1180
2017-12-06 19:19:25.146 [10284] LOG_TRACE m_s32_volume=70 cctdlg.cpp:1180
2017-12-06 19:19:25.791 [10284] LOG_TRACE m_s32_volume=70 cctdlg.cpp:1180
2017-12-06 19:19:25.841 [10284] LOG_TRACE m_s32_volume=70 cctdlg.cpp:1180
2017-12-06 19:19:26.261 [10284] LOG_TRACE m_s32_volume=70 cctdlg.cpp:1180
2017-12-06 19:19:26.829 [10284] LOG_TRACE m_s32_volume=50 cctdlg.cpp:1180
2017-12-06 19:19:27.303 [10284] LOG_TRACE m_s32_volume=50 cctdlg.cpp:1180
2017-12-06 19:19:27.304 [10284] LOG_TRACE m_s32_volume=50 cctdlg.cpp:1180
2017-12-06 19:19:27.304 [10284] LOG_TRACE m_s32_volume=50 cctdlg.cpp:1180
2017-12-06 19:19:27.865 [10284] LOG_TRACE m_s32_volume=51 cctdlg.cpp:1180
2017-12-06 19:19:27.883 [10284] LOG_TRACE m_s32_volume=53 cctdlg.cpp:1180
2017-12-06 19:19:27.911 [10284] LOG_TRACE m_s32_volume=54 cctdlg.cpp:1180
2017-12-06 19:19:27.919 [10284] LOG_TRACE m_s32_volume=55 cctdlg.cpp:1180
2017-12-06 19:19:28.027 [10284] LOG_TRACE m_s32_volume=56 cctdlg.cpp:1180
2017-12-06 19:19:28.638 [10284] LOG_TRACE m_s32_volume=56 cctdlg.cpp:1180
2017-12-06 19:19:28.638 [10284] LOG_TRACE m_s32_volume=56 cctdlg.cpp:1180
2017-12-06 19:19:28.711 [10284] LOG_TRACE m_s32_volume=56 cctdlg.cpp:1180
2017-12-06 19:19:28.712 [10284] LOG_TRACE m_s32_volume=56 cctdlg.cpp:1180
2017-12-06 19:19:31.196 [10284] LOG_TRACE m_s32_volume=57 cctdlg.cpp:1180
2017-12-06 19:19:31.218 [10284] LOG_TRACE m_s32_volume=56 cctdlg.cpp:1180
2017-12-06 19:19:31.226 [10284] LOG_TRACE m_s32_volume=55 cctdlg.cpp:1180
2017-12-06 19:19:31.233 [10284] LOG_TRACE m_s32_volume=54 cctdlg.cpp:1180
2017-12-06 19:19:31.241 [10284] LOG_TRACE m_s32_volume=53 cctdlg.cpp:1180
2017-12-06 19:19:31.258 [10284] LOG_TRACE m_s32_volume=51 cctdlg.cpp:1180
2017-12-06 19:19:31.274 [10284] LOG_TRACE m_s32_volume=50 cctdlg.cpp:1180
2017-12-06 19:19:31.283 [10284] LOG_TRACE m_s32_volume=49 cctdlg.cpp:1180
2017-12-06 19:19:31.300 [10284] LOG_TRACE m_s32_volume=48 cctdlg.cpp:1180
2017-12-06 19:19:31.307 [10284] LOG_TRACE m_s32_volume=47 cctdlg.cpp:1180
2017-12-06 19:19:31.323 [10284] LOG_TRACE m_s32_volume=45 cctdlg.cpp:1180
2017-12-06 19:19:31.339 [10284] LOG_TRACE m_s32_volume=44 cctdlg.cpp:1180
2017-12-06 19:19:31.347 [10284] LOG_TRACE m_s32_volume=43 cctdlg.cpp:1180
2017-12-06 19:19:31.357 [10284] LOG_TRACE m_s32_volume=42 cctdlg.cpp:1180
2017-12-06 19:19:31.365 [10284] LOG_TRACE m_s32_volume=41 cctdlg.cpp:1180
2017-12-06 19:19:31.373 [10284] LOG_TRACE m_s32_volume=40 cctdlg.cpp:1180
2017-12-06 19:19:31.390 [10284] LOG_TRACE m_s32_volume=39 cctdlg.cpp:1180
2017-12-06 19:19:31.528 [10284] LOG_TRACE m_s32_volume=38 cctdlg.cpp:1180
2017-12-06 19:19:31.535 [10284] LOG_TRACE m_s32_volume=37 cctdlg.cpp:1180
2017-12-06 19:19:31.659 [10284] LOG_TRACE m_s32_volume=36 cctdlg.cpp:1180
2017-12-06 19:19:31.715 [10284] LOG_TRACE m_s32_volume=35 cctdlg.cpp:1180
2017-12-06 19:19:31.851 [10284] LOG_TRACE m_s32_volume=34 cctdlg.cpp:1180
2017-12-06 19:19:32.017 [10284] LOG_TRACE m_s32_volume=33 cctdlg.cpp:1180
2017-12-06 19:19:32.365 [10284] LOG_TRACE m_s32_volume=34 cctdlg.cpp:1180
2017-12-06 19:19:32.391 [10284] LOG_TRACE m_s32_volume=36 cctdlg.cpp:1180
2017-12-06 19:19:32.411 [10284] LOG_TRACE m_s32_volume=37 cctdlg.cpp:1180
2017-12-06 19:19:32.421 [10284] LOG_TRACE m_s32_volume=38 cctdlg.cpp:1180
2017-12-06 19:19:32.461 [10284] LOG_TRACE m_s32_volume=39 cctdlg.cpp:1180
2017-12-06 19:19:32.481 [10284] LOG_TRACE m_s32_volume=40 cctdlg.cpp:1180
2017-12-06 19:19:32.497 [10284] LOG_TRACE m_s32_volume=41 cctdlg.cpp:1180
2017-12-06 19:19:32.520 [10284] LOG_TRACE m_s32_volume=42 cctdlg.cpp:1180
2017-12-06 19:19:32.697 [10284] LOG_TRACE m_s32_volume=43 cctdlg.cpp:1180
2017-12-06 19:19:32.725 [10284] LOG_TRACE m_s32_volume=44 cctdlg.cpp:1180
2017-12-06 19:19:32.738 [10284] LOG_TRACE m_s32_volume=45 cctdlg.cpp:1180
2017-12-06 19:19:32.754 [10284] LOG_TRACE m_s32_volume=46 cctdlg.cpp:1180
2017-12-06 19:19:32.841 [10284] LOG_TRACE m_s32_volume=47 cctdlg.cpp:1180
2017-12-06 19:19:32.857 [10284] LOG_TRACE m_s32_volume=49 cctdlg.cpp:1180
2017-12-06 19:19:32.865 [10284] LOG_TRACE m_s32_volume=51 cctdlg.cpp:1180
2017-12-06 19:19:32.875 [10284] LOG_TRACE m_s32_volume=53 cctdlg.cpp:1180
2017-12-06 19:19:32.889 [10284] LOG_TRACE m_s32_volume=54 cctdlg.cpp:1180
2017-12-06 19:19:33.358 [10284] LOG_TRACE m_s32_volume=53 cctdlg.cpp:1180
2017-12-06 19:19:33.473 [10284] LOG_TRACE m_s32_volume=52 cctdlg.cpp:1180
2017-12-06 19:19:33.555 [10284] LOG_TRACE m_s32_volume=51 cctdlg.cpp:1180
2017-12-06 19:19:33.607 [10284] LOG_TRACE m_s32_volume=50 cctdlg.cpp:1180
2017-12-06 19:19:33.617 [10284] LOG_TRACE m_s32_volume=49 cctdlg.cpp:1180
2017-12-06 19:19:33.649 [10284] LOG_TRACE m_s32_volume=48 cctdlg.cpp:1180
2017-12-06 19:19:34.120 [10284] LOG_TRACE m_s32_volume=49 cctdlg.cpp:1180
2017-12-06 19:19:34.655 [10284] LOG_TRACE m_s32_volume=50 cctdlg.cpp:1180
2017-12-06 19:19:34.683 [10284] LOG_TRACE m_s32_volume=51 cctdlg.cpp:1180
2017-12-06 19:19:35.459 [10284] LOG_TRACE m_s32_volume=53 cctdlg.cpp:1180
2017-12-06 19:19:35.489 [10284] LOG_TRACE m_s32_volume=52 cctdlg.cpp:1180
2017-12-06 19:19:35.497 [10284] LOG_TRACE m_s32_volume=51 cctdlg.cpp:1180
2017-12-06 19:19:35.513 [10284] LOG_TRACE m_s32_volume=50 cctdlg.cpp:1180
2017-12-06 19:19:35.521 [10284] LOG_TRACE m_s32_volume=49 cctdlg.cpp:1180
2017-12-06 19:19:35.541 [10284] LOG_TRACE m_s32_volume=48 cctdlg.cpp:1180
2017-12-06 19:19:35.565 [10284] LOG_TRACE m_s32_volume=47 cctdlg.cpp:1180
2017-12-06 19:19:35.585 [10284] LOG_TRACE m_s32_volume=46 cctdlg.cpp:1180
2017-12-06 19:19:35.603 [10284] LOG_TRACE m_s32_volume=45 cctdlg.cpp:1180
2017-12-06 19:19:35.631 [10284] LOG_TRACE m_s32_volume=44 cctdlg.cpp:1180
2017-12-06 19:19:35.639 [10284] LOG_TRACE m_s32_volume=43 cctdlg.cpp:1180
2017-12-06 19:19:35.763 [10284] LOG_TRACE m_s32_volume=42 cctdlg.cpp:1180
2017-12-06 19:19:35.807 [10284] LOG_TRACE m_s32_volume=41 cctdlg.cpp:1180
2017-12-06 19:19:35.907 [10284] LOG_TRACE m_s32_volume=40 cctdlg.cpp:1180
2017-12-06 19:19:35.915 [10284] LOG_TRACE m_s32_volume=39 cctdlg.cpp:1180
2017-12-06 19:19:35.953 [10284] LOG_TRACE m_s32_volume=38 cctdlg.cpp:1180
2017-12-06 19:19:36.493 [10284] LOG_TRACE m_s32_volume=37 cctdlg.cpp:1180
2017-12-06 19:19:36.557 [10284] LOG_TRACE m_s32_volume=36 cctdlg.cpp:1180
2017-12-06 19:19:37.000 [10284] LOG_TRACE m_s32_volume=37 cctdlg.cpp:1180
2017-12-06 19:19:37.027 [10284] LOG_TRACE m_s32_volume=39 cctdlg.cpp:1180
2017-12-06 19:19:37.053 [10284] LOG_TRACE m_s32_volume=40 cctdlg.cpp:1180
2017-12-06 19:19:37.089 [10284] LOG_TRACE m_s32_volume=41 cctdlg.cpp:1180
2017-12-06 19:19:38.479 [10284] LOG_TRACE m_s32_volume=41 cctdlg.cpp:1180
2017-12-06 19:19:38.480 [10284] LOG_TRACE m_s32_volume=41 cctdlg.cpp:1180
2017-12-06 19:19:38.480 [10284] LOG_TRACE m_s32_volume=41 cctdlg.cpp:1180
2017-12-06 19:19:38.885 [10284] LOG_TRACE m_s32_volume=41 cctdlg.cpp:1180
2017-12-06 19:19:39.417 [10284] LOG_TRACE m_s32_volume=42 cctdlg.cpp:1180
2017-12-06 19:19:39.435 [10284] LOG_TRACE m_s32_volume=43 cctdlg.cpp:1180
2017-12-06 19:19:39.471 [10284] LOG_TRACE m_s32_volume=44 cctdlg.cpp:1180
2017-12-06 19:19:39.495 [10284] LOG_TRACE m_s32_volume=45 cctdlg.cpp:1180
2017-12-06 19:19:39.515 [10284] LOG_TRACE m_s32_volume=46 cctdlg.cpp:1180
2017-12-06 19:19:39.531 [10284] LOG_TRACE m_s32_volume=47 cctdlg.cpp:1180
2017-12-06 19:19:39.557 [10284] LOG_TRACE m_s32_volume=48 cctdlg.cpp:1180
2017-12-06 19:19:39.569 [10284] LOG_TRACE m_s32_volume=49 cctdlg.cpp:1180
2017-12-06 19:19:39.589 [10284] LOG_TRACE m_s32_volume=50 cctdlg.cpp:1180
2017-12-06 19:19:39.599 [10284] LOG_TRACE m_s32_volume=51 cctdlg.cpp:1180
2017-12-06 19:19:39.701 [10284] LOG_TRACE m_s32_volume=52 cctdlg.cpp:1180
2017-12-06 19:19:39.721 [10284] LOG_TRACE m_s32_volume=53 cctdlg.cpp:1180
2017-12-06 19:19:39.809 [10284] LOG_TRACE m_s32_volume=54 cctdlg.cpp:1180
2017-12-06 19:19:40.409 [10284] LOG_TRACE m_s32_volume=55 cctdlg.cpp:1180
2017-12-06 19:19:41.809 [10284] LOG_TRACE m_s32_volume=55 cctdlg.cpp:1180
2017-12-06 19:19:41.809 [10284] LOG_TRACE m_s32_volume=55 cctdlg.cpp:1180
2017-12-06 19:19:42.848 [10284] LOG_TRACE m_s32_volume=55 cctdlg.cpp:1180
2017-12-06 19:19:43.633 [10284] LOG_TRACE m_s32_volume=55 cctdlg.cpp:1180
2017-12-06 19:20:44.975 [10284] LOG_TRACE m_s32_volume=55 cctdlg.cpp:1180
2017-12-06 19:20:46.508 [10284] LOG_TRACE m_s32_volume=55 cctdlg.cpp:1180
2017-12-06 19:20:46.532 [10284] LOG_TRACE m_s32_volume=55 cctdlg.cpp:1180
2017-12-06 19:20:47.686 [10284] LOG_TRACE m_s32_volume=53 cctdlg.cpp:1180
2017-12-06 19:20:47.695 [10284] LOG_TRACE m_s32_volume=55 cctdlg.cpp:1180
2017-12-06 19:20:47.759 [10284] LOG_TRACE m_s32_volume=57 cctdlg.cpp:1180
2017-12-06 19:20:48.405 [10284] LOG_TRACE m_s32_volume=55 cctdlg.cpp:1180
2017-12-06 19:20:48.436 [10284] LOG_TRACE m_s32_volume=53 cctdlg.cpp:1180
2017-12-06 19:20:48.650 [10284] LOG_TRACE m_s32_volume=55 cctdlg.cpp:1180
2017-12-06 19:20:48.926 [10284] LOG_TRACE m_s32_volume=57 cctdlg.cpp:1180
2017-12-06 19:20:48.977 [10284] LOG_TRACE m_s32_volume=59 cctdlg.cpp:1180
2017-12-06 19:20:49.016 [10284] LOG_TRACE m_s32_volume=59 cctdlg.cpp:1180
2017-12-06 19:20:49.330 [10284] LOG_TRACE m_s32_volume=60 cctdlg.cpp:1180
2017-12-06 19:20:49.338 [10284] LOG_TRACE m_s32_volume=61 cctdlg.cpp:1180
2017-12-06 19:20:49.346 [10284] LOG_TRACE m_s32_volume=64 cctdlg.cpp:1180
2017-12-06 19:20:49.354 [10284] LOG_TRACE m_s32_volume=66 cctdlg.cpp:1180
2017-12-06 19:20:49.363 [10284] LOG_TRACE m_s32_volume=69 cctdlg.cpp:1180
2017-12-06 19:20:49.370 [10284] LOG_TRACE m_s32_volume=72 cctdlg.cpp:1180
2017-12-06 19:20:49.380 [10284] LOG_TRACE m_s32_volume=76 cctdlg.cpp:1180
2017-12-06 19:20:49.388 [10284] LOG_TRACE m_s32_volume=78 cctdlg.cpp:1180
2017-12-06 19:20:49.398 [10284] LOG_TRACE m_s32_volume=81 cctdlg.cpp:1180
2017-12-06 19:20:49.404 [10284] LOG_TRACE m_s32_volume=85 cctdlg.cpp:1180
2017-12-06 19:20:49.412 [10284] LOG_TRACE m_s32_volume=87 cctdlg.cpp:1180
2017-12-06 19:20:49.420 [10284] LOG_TRACE m_s32_volume=88 cctdlg.cpp:1180
2017-12-06 19:20:49.428 [10284] LOG_TRACE m_s32_volume=90 cctdlg.cpp:1180
2017-12-06 19:20:49.438 [10284] LOG_TRACE m_s32_volume=92 cctdlg.cpp:1180
2017-12-06 19:20:49.446 [10284] LOG_TRACE m_s32_volume=95 cctdlg.cpp:1180
2017-12-06 19:20:49.454 [10284] LOG_TRACE m_s32_volume=96 cctdlg.cpp:1180
2017-12-06 19:20:49.462 [10284] LOG_TRACE m_s32_volume=98 cctdlg.cpp:1180
2017-12-06 19:20:49.470 [10284] LOG_TRACE m_s32_volume=99 cctdlg.cpp:1180
2017-12-06 19:20:49.480 [10284] LOG_TRACE m_s32_volume=100 cctdlg.cpp:1180
2017-12-06 19:20:49.827 [10284] LOG_TRACE m_s32_volume=100 cctdlg.cpp:1180
2017-12-06 19:20:49.828 [10284] LOG_TRACE m_s32_volume=100 cctdlg.cpp:1180
2017-12-06 19:20:49.828 [10284] LOG_TRACE m_s32_volume=100 cctdlg.cpp:1180
2017-12-06 19:20:57.434 [10284] LOG_TRACE m_s32_volume=100 cctdlg.cpp:1180
2017-12-06 19:21:08.454 [10116] LOG_TRACE file[0] play stop cctdlg.cpp:1029
2017-12-06 19:21:08.454 [10116] LOG_TRACE play file change to  0 cctdlg.cpp:1038
2017-12-06 19:24:48.370 [10908] LOG_TRACE file[0] play stop cctdlg.cpp:1029
2017-12-06 19:24:48.370 [10908] LOG_TRACE play file change to  0 cctdlg.cpp:1038
2017-12-06 19:28:28.287 [10908] LOG_TRACE file[0] play stop cctdlg.cpp:1029
2017-12-06 19:28:28.287 [10908] LOG_TRACE play file change to  0 cctdlg.cpp:1038
2017-12-06 19:32:08.182 [10908] LOG_TRACE file[0] play stop cctdlg.cpp:1029
2017-12-06 19:32:08.182 [10908] LOG_TRACE play file change to  0 cctdlg.cpp:1038
2017-12-06 19:35:48.085 [2684] LOG_TRACE file[0] play stop cctdlg.cpp:1029
2017-12-06 19:35:48.085 [2684] LOG_TRACE play file change to  0 cctdlg.cpp:1038
2017-12-06 19:39:28.004 [10908] LOG_TRACE file[0] play stop cctdlg.cpp:1029
2017-12-06 19:39:28.004 [10908] LOG_TRACE play file change to  0 cctdlg.cpp:1038
2017-12-06 19:43:07.896 [2684] LOG_TRACE file[0] play stop cctdlg.cpp:1029
2017-12-06 19:43:07.896 [2684] LOG_TRACE play file change to  0 cctdlg.cpp:1038
2017-12-06 19:43:21.673 [10284] LOG_TRACE m_s32_volume=100 cctdlg.cpp:1180
2017-12-06 19:43:22.735 [10284] LOG_TRACE m_s32_volume=100 cctdlg.cpp:1180
