2017-12-06 18:03:59.888 [1880] LOG_ALARM -----------------  log4z thread started!   ---------------------------- log4z.cpp:1924
2017-12-06 18:03:59.893 [1880] LOG_ALARM logger id=0 key=Main name=Main path=./log/ level=0 display=true log4z.cpp:1934
2017-12-06 18:03:59.893 [9496] LOG_TRACE stream input *** LOGT LOGT LOGT LOGT ***  cctdlg.cpp:80
2017-12-06 18:03:59.893 [9496] LOG_DEBUG stream input *** LOGD LOGD LOGD LOGD ***  cctdlg.cpp:81
2017-12-06 18:03:59.893 [9496] LOG_INFO stream input *** LOGI LOGI LOGI LOGI ***  cctdlg.cpp:82
2017-12-06 18:03:59.893 [9496] LOG_WARN stream input *** LOGW LOGW LOGW LOGW ***  cctdlg.cpp:83
2017-12-06 18:03:59.893 [9496] LOG_ERROR stream input *** LOGE LOGE LOGE LOGE ***  cctdlg.cpp:84
2017-12-06 18:03:59.893 [9496] LOG_ALARM stream input *** LOGA LOGA LOGA LOGA ***  cctdlg.cpp:85
2017-12-06 18:03:59.893 [9496] LOG_FATAL stream input *** LOGF LOGF LOGF LOGF ***  cctdlg.cpp:86
2017-12-06 18:03:59.893 [9496] LOG_TRACE format input *** LOGFMTT *** 123456 *** cctdlg.cpp:87
2017-12-06 18:03:59.893 [9496] LOG_DEBUG format input *** LOGFMTD *** 123456 *** cctdlg.cpp:88
2017-12-06 18:03:59.893 [9496] LOG_INFO format input *** LOGFMTI *** 123456 *** cctdlg.cpp:89
2017-12-06 18:03:59.893 [9496] LOG_WARN format input *** LOGFMTW *** 123456 *** cctdlg.cpp:90
2017-12-06 18:03:59.893 [9496] LOG_ERROR format input *** LOGFMTE *** 123456 *** cctdlg.cpp:91
2017-12-06 18:03:59.893 [9496] LOG_ALARM format input *** LOGFMTA *** 123456 *** cctdlg.cpp:92
2017-12-06 18:03:59.893 [9496] LOG_FATAL format input *** LOGFMTF *** 123456 *** cctdlg.cpp:93
2017-12-06 18:03:59.893 [9496] LOG_ALARM main quit ... cctdlg.cpp:95
2017-12-06 18:03:59.955 [9496] LOG_TRACE CCCTDlg::udp_client_init cctdlg.cpp:611
2017-12-06 18:03:59.955 [1056] LOG_TRACE call_dev_mon_thread 
 devmon.cpp:6
2017-12-06 18:03:59.955 [1056] LOG_TRACE CDevMon::dev_mon_thread start
 devmon.cpp:29
2017-12-06 18:04:00.043 [9496] LOG_TRACE m_s32_volume=50 cctdlg.cpp:1177
2017-12-06 18:04:02.156 [9496] LOG_TRACE m_s32_volume=50 cctdlg.cpp:1177
2017-12-06 18:04:02.164 [9496] LOG_TRACE m_s32_volume=50 cctdlg.cpp:1177
2017-12-06 18:04:12.372 [9496] LOG_TRACE m_s32_volume=50 cctdlg.cpp:1177
2017-12-06 18:04:22.557 [9496] LOG_TRACE CCCTDlg::stopRecord cctdlg.cpp:583
2017-12-06 18:04:22.559 [9496] LOG_INFO wav in close err:5 cctdlg.cpp:593
2017-12-06 18:04:23.131 [9496] LOG_TRACE m_s32_volume=50 cctdlg.cpp:1177
2017-12-06 18:04:23.140 [9496] LOG_TRACE m_s32_volume=50 cctdlg.cpp:1177
2017-12-06 18:07:25.617 [9496] LOG_TRACE DeleteTimerQueue cctdlg.cpp:994
2017-12-06 18:07:36.037 [9496] LOG_TRACE m_s32_volume=50 cctdlg.cpp:1177
2017-12-06 18:12:24.453 [9496] LOG_TRACE CCCTDlg::stopRecord cctdlg.cpp:583
2017-12-06 18:12:24.453 [9496] LOG_INFO wav in close err:5 cctdlg.cpp:593
2017-12-06 18:12:28.786 [9496] LOG_TRACE DeleteTimerQueue cctdlg.cpp:994
2017-12-06 18:13:58.393 [9496] LOG_TRACE CCCTDlg::stopRecord cctdlg.cpp:583
2017-12-06 18:13:58.393 [9496] LOG_INFO wav in close err:5 cctdlg.cpp:593
2017-12-06 18:14:03.652 [9496] LOG_TRACE DeleteTimerQueue cctdlg.cpp:994
2017-12-06 18:15:21.711 [9496] LOG_TRACE CCCTDlg::stopRecord cctdlg.cpp:583
2017-12-06 18:15:21.711 [9496] LOG_INFO wav in close err:5 cctdlg.cpp:593
2017-12-06 18:16:00.951 [5320] LOG_TRACE file[0] play stop cctdlg.cpp:1029
2017-12-06 18:16:00.951 [5320] LOG_TRACE play file change to  0 cctdlg.cpp:1038
2017-12-06 18:16:33.894 [9496] LOG_TRACE DeleteTimerQueue cctdlg.cpp:994
2017-12-06 18:16:35.641 [9496] LOG_TRACE CCCTDlg::stopRecord cctdlg.cpp:583
2017-12-06 18:16:35.641 [9496] LOG_INFO wav in close err:5 cctdlg.cpp:593
