2017-12-15 13:58:19.650 [8776] LOG_ALARM -----------------  log4z thread started!   ---------------------------- log4z.cpp:1924
2017-12-15 13:58:19.653 [8776] LOG_ALARM logger id=0 key=Main name=Main path=./log/ level=0 display=true log4z.cpp:1934
2017-12-15 13:58:19.656 [16424] LOG_TRACE stream input *** LOGT LOGT LOGT LOGT ***  cctdlg.cpp:80
2017-12-15 13:58:19.656 [16424] LOG_DEBUG stream input *** LOGD LOGD LOGD LOGD ***  cctdlg.cpp:81
2017-12-15 13:58:19.656 [16424] LOG_INFO stream input *** LOGI LOGI LOGI LOGI ***  cctdlg.cpp:82
2017-12-15 13:58:19.656 [16424] LOG_WARN stream input *** LOGW LOGW LOGW LOGW ***  cctdlg.cpp:83
2017-12-15 13:58:19.656 [16424] LOG_ERROR stream input *** LOGE LOGE LOGE LOGE ***  cctdlg.cpp:84
2017-12-15 13:58:19.656 [16424] LOG_ALARM stream input *** LOGA LOGA LOGA LOGA ***  cctdlg.cpp:85
2017-12-15 13:58:19.656 [16424] LOG_FATAL stream input *** LOGF LOGF LOGF LOGF ***  cctdlg.cpp:86
2017-12-15 13:58:19.656 [16424] LOG_TRACE format input *** LOGFMTT *** 123456 *** cctdlg.cpp:87
2017-12-15 13:58:19.656 [16424] LOG_DEBUG format input *** LOGFMTD *** 123456 *** cctdlg.cpp:88
2017-12-15 13:58:19.656 [16424] LOG_INFO format input *** LOGFMTI *** 123456 *** cctdlg.cpp:89
2017-12-15 13:58:19.657 [16424] LOG_WARN format input *** LOGFMTW *** 123456 *** cctdlg.cpp:90
2017-12-15 13:58:19.657 [16424] LOG_ERROR format input *** LOGFMTE *** 123456 *** cctdlg.cpp:91
2017-12-15 13:58:19.657 [16424] LOG_ALARM format input *** LOGFMTA *** 123456 *** cctdlg.cpp:92
2017-12-15 13:58:19.657 [16424] LOG_FATAL format input *** LOGFMTF *** 123456 *** cctdlg.cpp:93
2017-12-15 13:58:19.657 [16424] LOG_ALARM main quit ... cctdlg.cpp:95
2017-12-15 13:58:22.851 [16424] LOG_TRACE CCCTDlg::udp_client_init cctdlg.cpp:611
2017-12-15 13:58:22.851 [9208] LOG_TRACE call_dev_mon_thread 
 devmon.cpp:6
2017-12-15 13:58:22.851 [9208] LOG_TRACE CDevMon::dev_mon_thread start
 devmon.cpp:29
2017-12-15 13:58:22.853 [9208] LOG_TRACE rcv[23]:{DEV_ID:1},{LOST:0.00%} devmon.cpp:53
2017-12-15 13:58:22.853 [9208] LOG_TRACE DEV[1] online devmon.cpp:64
2017-12-15 13:58:25.505 [16424] LOG_TRACE m_s32_volume=50 cctdlg.cpp:1180
2017-12-15 13:58:27.393 [16424] LOG_TRACE m_s32_volume=50 cctdlg.cpp:1180
2017-12-15 13:58:27.854 [9208] LOG_TRACE rcv[23]:{DEV_ID:1},{LOST:0.00%} devmon.cpp:53
2017-12-15 13:58:32.855 [9208] LOG_TRACE rcv[23]:{DEV_ID:1},{LOST:0.00%} devmon.cpp:53
2017-12-15 13:58:37.860 [9208] LOG_TRACE rcv[23]:{DEV_ID:1},{LOST:0.00%} devmon.cpp:53
2017-12-15 13:58:42.862 [9208] LOG_TRACE rcv[23]:{DEV_ID:1},{LOST:0.00%} devmon.cpp:53
2017-12-15 13:58:47.863 [9208] LOG_TRACE rcv[24]:{DEV_ID:1},{LOST:31.58%} devmon.cpp:53
2017-12-15 13:58:52.867 [9208] LOG_TRACE rcv[23]:{DEV_ID:1},{LOST:0.00%} devmon.cpp:53
2017-12-15 13:58:57.870 [9208] LOG_TRACE rcv[23]:{DEV_ID:1},{LOST:0.00%} devmon.cpp:53
2017-12-15 13:59:02.873 [9208] LOG_TRACE rcv[23]:{DEV_ID:1},{LOST:0.00%} devmon.cpp:53
2017-12-15 13:59:07.875 [9208] LOG_TRACE rcv[23]:{DEV_ID:1},{LOST:0.00%} devmon.cpp:53
2017-12-15 13:59:12.879 [9208] LOG_TRACE rcv[23]:{DEV_ID:1},{LOST:0.00%} devmon.cpp:53
2017-12-15 13:59:17.883 [9208] LOG_TRACE rcv[23]:{DEV_ID:1},{LOST:0.00%} devmon.cpp:53
2017-12-15 13:59:22.886 [9208] LOG_TRACE rcv[23]:{DEV_ID:1},{LOST:0.00%} devmon.cpp:53
2017-12-15 13:59:27.888 [9208] LOG_TRACE rcv[23]:{DEV_ID:1},{LOST:0.00%} devmon.cpp:53
2017-12-15 13:59:32.892 [9208] LOG_TRACE rcv[23]:{DEV_ID:1},{LOST:0.00%} devmon.cpp:53
2017-12-15 13:59:37.894 [9208] LOG_TRACE rcv[23]:{DEV_ID:1},{LOST:0.00%} devmon.cpp:53
2017-12-15 13:59:42.898 [9208] LOG_TRACE rcv[23]:{DEV_ID:1},{LOST:0.00%} devmon.cpp:53
2017-12-15 13:59:47.900 [9208] LOG_TRACE rcv[23]:{DEV_ID:1},{LOST:0.00%} devmon.cpp:53
2017-12-15 13:59:52.904 [9208] LOG_TRACE rcv[23]:{DEV_ID:1},{LOST:0.00%} devmon.cpp:53
2017-12-15 13:59:57.906 [9208] LOG_TRACE rcv[23]:{DEV_ID:1},{LOST:0.00%} devmon.cpp:53
2017-12-15 14:00:02.909 [9208] LOG_TRACE rcv[23]:{DEV_ID:1},{LOST:0.00%} devmon.cpp:53
2017-12-15 14:00:07.914 [9208] LOG_TRACE rcv[23]:{DEV_ID:1},{LOST:0.00%} devmon.cpp:53
2017-12-15 14:00:12.917 [9208] LOG_TRACE rcv[23]:{DEV_ID:1},{LOST:0.00%} devmon.cpp:53
2017-12-15 14:00:17.919 [9208] LOG_TRACE rcv[23]:{DEV_ID:1},{LOST:0.00%} devmon.cpp:53
2017-12-15 14:00:22.922 [9208] LOG_TRACE rcv[23]:{DEV_ID:1},{LOST:0.00%} devmon.cpp:53
2017-12-15 14:00:27.925 [9208] LOG_TRACE rcv[23]:{DEV_ID:1},{LOST:0.00%} devmon.cpp:53
2017-12-15 14:00:32.929 [9208] LOG_TRACE rcv[23]:{DEV_ID:1},{LOST:0.00%} devmon.cpp:53
2017-12-15 14:00:37.934 [9208] LOG_TRACE rcv[23]:{DEV_ID:1},{LOST:0.00%} devmon.cpp:53
2017-12-15 14:00:42.938 [9208] LOG_TRACE rcv[23]:{DEV_ID:1},{LOST:0.00%} devmon.cpp:53
2017-12-15 14:00:47.940 [9208] LOG_TRACE rcv[23]:{DEV_ID:1},{LOST:0.00%} devmon.cpp:53
2017-12-15 14:00:52.943 [9208] LOG_TRACE rcv[23]:{DEV_ID:1},{LOST:0.00%} devmon.cpp:53
2017-12-15 14:00:57.946 [9208] LOG_TRACE rcv[23]:{DEV_ID:1},{LOST:0.00%} devmon.cpp:53
2017-12-15 14:01:02.949 [9208] LOG_TRACE rcv[23]:{DEV_ID:1},{LOST:0.00%} devmon.cpp:53
2017-12-15 14:01:07.951 [9208] LOG_TRACE rcv[23]:{DEV_ID:1},{LOST:0.00%} devmon.cpp:53
2017-12-15 14:01:12.954 [9208] LOG_TRACE rcv[23]:{DEV_ID:1},{LOST:0.00%} devmon.cpp:53
2017-12-15 14:01:17.957 [9208] LOG_TRACE rcv[23]:{DEV_ID:1},{LOST:0.00%} devmon.cpp:53
2017-12-15 14:01:22.960 [9208] LOG_TRACE rcv[23]:{DEV_ID:1},{LOST:0.00%} devmon.cpp:53
2017-12-15 14:01:27.962 [9208] LOG_TRACE rcv[23]:{DEV_ID:1},{LOST:0.00%} devmon.cpp:53
2017-12-15 14:01:32.966 [9208] LOG_TRACE rcv[23]:{DEV_ID:1},{LOST:0.00%} devmon.cpp:53
2017-12-15 14:01:37.968 [9208] LOG_TRACE rcv[23]:{DEV_ID:1},{LOST:0.00%} devmon.cpp:53
2017-12-15 14:01:42.971 [9208] LOG_TRACE rcv[23]:{DEV_ID:1},{LOST:0.00%} devmon.cpp:53
2017-12-15 14:01:47.974 [9208] LOG_TRACE rcv[23]:{DEV_ID:1},{LOST:0.00%} devmon.cpp:53
2017-12-15 14:01:52.978 [9208] LOG_TRACE rcv[23]:{DEV_ID:1},{LOST:0.00%} devmon.cpp:53
2017-12-15 14:01:57.980 [9208] LOG_TRACE rcv[23]:{DEV_ID:1},{LOST:0.00%} devmon.cpp:53
2017-12-15 14:02:02.983 [9208] LOG_TRACE rcv[23]:{DEV_ID:1},{LOST:0.00%} devmon.cpp:53
2017-12-15 14:02:07.987 [9208] LOG_TRACE rcv[23]:{DEV_ID:1},{LOST:0.00%} devmon.cpp:53
2017-12-15 14:02:12.990 [9208] LOG_TRACE rcv[23]:{DEV_ID:1},{LOST:0.00%} devmon.cpp:53
2017-12-15 14:02:17.992 [9208] LOG_TRACE rcv[23]:{DEV_ID:1},{LOST:0.00%} devmon.cpp:53
2017-12-15 14:02:22.995 [9208] LOG_TRACE rcv[23]:{DEV_ID:1},{LOST:0.00%} devmon.cpp:53
2017-12-15 14:02:27.999 [9208] LOG_TRACE rcv[23]:{DEV_ID:1},{LOST:0.00%} devmon.cpp:53
2017-12-15 14:02:33.002 [9208] LOG_TRACE rcv[23]:{DEV_ID:1},{LOST:0.00%} devmon.cpp:53
2017-12-15 14:02:38.004 [9208] LOG_TRACE rcv[23]:{DEV_ID:1},{LOST:0.00%} devmon.cpp:53
2017-12-15 14:02:43.008 [9208] LOG_TRACE rcv[23]:{DEV_ID:1},{LOST:0.00%} devmon.cpp:53
2017-12-15 14:02:48.010 [9208] LOG_TRACE rcv[23]:{DEV_ID:1},{LOST:0.00%} devmon.cpp:53
2017-12-15 14:02:53.013 [9208] LOG_TRACE rcv[23]:{DEV_ID:1},{LOST:0.00%} devmon.cpp:53
2017-12-15 14:02:58.015 [9208] LOG_TRACE rcv[23]:{DEV_ID:1},{LOST:0.00%} devmon.cpp:53
2017-12-15 14:03:03.019 [9208] LOG_TRACE rcv[23]:{DEV_ID:1},{LOST:0.00%} devmon.cpp:53
2017-12-15 14:03:08.021 [9208] LOG_TRACE rcv[23]:{DEV_ID:1},{LOST:0.00%} devmon.cpp:53
2017-12-15 14:03:13.024 [9208] LOG_TRACE rcv[23]:{DEV_ID:1},{LOST:0.00%} devmon.cpp:53
2017-12-15 14:03:18.027 [9208] LOG_TRACE rcv[23]:{DEV_ID:1},{LOST:0.00%} devmon.cpp:53
2017-12-15 14:03:23.030 [9208] LOG_TRACE rcv[23]:{DEV_ID:1},{LOST:0.00%} devmon.cpp:53
2017-12-15 14:03:28.032 [9208] LOG_TRACE rcv[23]:{DEV_ID:1},{LOST:0.00%} devmon.cpp:53
2017-12-15 14:03:33.035 [9208] LOG_TRACE rcv[23]:{DEV_ID:1},{LOST:0.00%} devmon.cpp:53
2017-12-15 14:03:38.038 [9208] LOG_TRACE rcv[23]:{DEV_ID:1},{LOST:0.00%} devmon.cpp:53
2017-12-15 14:03:43.041 [9208] LOG_TRACE rcv[23]:{DEV_ID:1},{LOST:0.00%} devmon.cpp:53
2017-12-15 14:03:48.043 [9208] LOG_TRACE rcv[23]:{DEV_ID:1},{LOST:0.00%} devmon.cpp:53
2017-12-15 14:03:53.047 [9208] LOG_TRACE rcv[23]:{DEV_ID:1},{LOST:0.00%} devmon.cpp:53
2017-12-15 14:03:58.049 [9208] LOG_TRACE rcv[23]:{DEV_ID:1},{LOST:0.00%} devmon.cpp:53
2017-12-15 14:04:03.052 [9208] LOG_TRACE rcv[23]:{DEV_ID:1},{LOST:0.00%} devmon.cpp:53
2017-12-15 14:04:08.054 [9208] LOG_TRACE rcv[23]:{DEV_ID:1},{LOST:0.00%} devmon.cpp:53
2017-12-15 14:04:13.058 [9208] LOG_TRACE rcv[23]:{DEV_ID:1},{LOST:0.00%} devmon.cpp:53
2017-12-15 14:04:18.061 [9208] LOG_TRACE rcv[23]:{DEV_ID:1},{LOST:0.00%} devmon.cpp:53
2017-12-15 14:04:23.064 [9208] LOG_TRACE rcv[23]:{DEV_ID:1},{LOST:0.00%} devmon.cpp:53
2017-12-15 14:04:28.067 [9208] LOG_TRACE rcv[23]:{DEV_ID:1},{LOST:0.00%} devmon.cpp:53
2017-12-15 14:04:33.070 [9208] LOG_TRACE rcv[23]:{DEV_ID:1},{LOST:0.00%} devmon.cpp:53
2017-12-15 14:04:38.072 [9208] LOG_TRACE rcv[23]:{DEV_ID:1},{LOST:0.00%} devmon.cpp:53
2017-12-15 14:04:43.076 [9208] LOG_TRACE rcv[23]:{DEV_ID:1},{LOST:0.00%} devmon.cpp:53
2017-12-15 14:04:48.079 [9208] LOG_TRACE rcv[23]:{DEV_ID:1},{LOST:0.00%} devmon.cpp:53
2017-12-15 14:04:53.082 [9208] LOG_TRACE rcv[23]:{DEV_ID:1},{LOST:0.00%} devmon.cpp:53
2017-12-15 14:04:58.084 [9208] LOG_TRACE rcv[23]:{DEV_ID:1},{LOST:0.00%} devmon.cpp:53
2017-12-15 14:05:03.088 [9208] LOG_TRACE rcv[23]:{DEV_ID:1},{LOST:0.00%} devmon.cpp:53
2017-12-15 14:05:08.090 [9208] LOG_TRACE rcv[23]:{DEV_ID:1},{LOST:0.00%} devmon.cpp:53
2017-12-15 14:05:13.093 [9208] LOG_TRACE rcv[23]:{DEV_ID:1},{LOST:0.00%} devmon.cpp:53
2017-12-15 14:05:18.095 [9208] LOG_TRACE rcv[23]:{DEV_ID:1},{LOST:0.00%} devmon.cpp:53
2017-12-15 14:05:23.099 [9208] LOG_TRACE rcv[23]:{DEV_ID:1},{LOST:0.00%} devmon.cpp:53
2017-12-15 14:05:28.101 [9208] LOG_TRACE rcv[23]:{DEV_ID:1},{LOST:0.00%} devmon.cpp:53
2017-12-15 14:05:33.104 [9208] LOG_TRACE rcv[23]:{DEV_ID:1},{LOST:0.00%} devmon.cpp:53
2017-12-15 14:05:38.107 [9208] LOG_TRACE rcv[23]:{DEV_ID:1},{LOST:0.00%} devmon.cpp:53
2017-12-15 14:05:43.111 [9208] LOG_TRACE rcv[23]:{DEV_ID:1},{LOST:0.00%} devmon.cpp:53
2017-12-15 14:05:48.113 [9208] LOG_TRACE rcv[23]:{DEV_ID:1},{LOST:0.00%} devmon.cpp:53
2017-12-15 14:05:53.116 [9208] LOG_TRACE rcv[23]:{DEV_ID:1},{LOST:0.00%} devmon.cpp:53
2017-12-15 14:05:58.119 [9208] LOG_TRACE rcv[23]:{DEV_ID:1},{LOST:0.00%} devmon.cpp:53
2017-12-15 14:06:03.122 [9208] LOG_TRACE rcv[23]:{DEV_ID:1},{LOST:0.00%} devmon.cpp:53
2017-12-15 14:06:08.124 [9208] LOG_TRACE rcv[23]:{DEV_ID:1},{LOST:0.00%} devmon.cpp:53
2017-12-15 14:06:13.128 [9208] LOG_TRACE rcv[23]:{DEV_ID:1},{LOST:0.00%} devmon.cpp:53
2017-12-15 14:06:18.130 [9208] LOG_TRACE rcv[23]:{DEV_ID:1},{LOST:0.00%} devmon.cpp:53
2017-12-15 14:06:23.133 [9208] LOG_TRACE rcv[23]:{DEV_ID:1},{LOST:0.00%} devmon.cpp:53
2017-12-15 14:06:38.639 [9208] LOG_TRACE rcv[23]:{DEV_ID:1},{LOST:0.00%} devmon.cpp:53
2017-12-15 14:06:43.642 [9208] LOG_TRACE rcv[23]:{DEV_ID:1},{LOST:0.00%} devmon.cpp:53
2017-12-15 14:06:48.645 [9208] LOG_TRACE rcv[23]:{DEV_ID:1},{LOST:0.00%} devmon.cpp:53
2017-12-15 14:07:51.648 [9208] LOG_TRACE DEV[1] Offline devmon.cpp:76
2017-12-15 14:08:49.152 [9208] LOG_TRACE rcv[23]:{DEV_ID:1},{LOST:0.00%} devmon.cpp:53
2017-12-15 14:08:49.152 [9208] LOG_TRACE DEV[1] online devmon.cpp:64
2017-12-15 14:08:54.154 [9208] LOG_TRACE rcv[23]:{DEV_ID:1},{LOST:0.00%} devmon.cpp:53
2017-12-15 14:08:59.156 [9208] LOG_TRACE rcv[23]:{DEV_ID:1},{LOST:0.00%} devmon.cpp:53
2017-12-15 14:09:04.159 [9208] LOG_TRACE rcv[23]:{DEV_ID:1},{LOST:0.00%} devmon.cpp:53
2017-12-15 14:09:09.162 [9208] LOG_TRACE rcv[23]:{DEV_ID:1},{LOST:0.00%} devmon.cpp:53
2017-12-15 14:09:14.165 [9208] LOG_TRACE rcv[23]:{DEV_ID:1},{LOST:0.00%} devmon.cpp:53
2017-12-15 14:09:19.167 [9208] LOG_TRACE rcv[23]:{DEV_ID:1},{LOST:0.00%} devmon.cpp:53
2017-12-15 14:09:24.170 [9208] LOG_TRACE rcv[23]:{DEV_ID:1},{LOST:0.00%} devmon.cpp:53
2017-12-15 14:09:29.173 [9208] LOG_TRACE rcv[23]:{DEV_ID:1},{LOST:0.00%} devmon.cpp:53
2017-12-15 14:09:34.176 [9208] LOG_TRACE rcv[23]:{DEV_ID:1},{LOST:0.00%} devmon.cpp:53
2017-12-15 14:09:39.178 [9208] LOG_TRACE rcv[23]:{DEV_ID:1},{LOST:0.00%} devmon.cpp:53
2017-12-15 14:09:44.182 [9208] LOG_TRACE rcv[23]:{DEV_ID:1},{LOST:0.00%} devmon.cpp:53
2017-12-15 14:09:49.185 [9208] LOG_TRACE rcv[23]:{DEV_ID:1},{LOST:0.00%} devmon.cpp:53
2017-12-15 14:09:54.190 [9208] LOG_TRACE rcv[23]:{DEV_ID:1},{LOST:0.00%} devmon.cpp:53
2017-12-15 14:09:59.194 [9208] LOG_TRACE rcv[23]:{DEV_ID:1},{LOST:0.00%} devmon.cpp:53
2017-12-15 14:10:04.199 [9208] LOG_TRACE rcv[23]:{DEV_ID:1},{LOST:0.00%} devmon.cpp:53
2017-12-15 14:10:09.204 [9208] LOG_TRACE rcv[23]:{DEV_ID:1},{LOST:0.00%} devmon.cpp:53
2017-12-15 14:10:14.208 [9208] LOG_TRACE rcv[23]:{DEV_ID:1},{LOST:0.00%} devmon.cpp:53
2017-12-15 14:10:19.212 [9208] LOG_TRACE rcv[23]:{DEV_ID:1},{LOST:0.00%} devmon.cpp:53
2017-12-15 14:10:24.215 [9208] LOG_TRACE rcv[23]:{DEV_ID:1},{LOST:0.00%} devmon.cpp:53
2017-12-15 14:10:29.218 [9208] LOG_TRACE rcv[23]:{DEV_ID:1},{LOST:0.00%} devmon.cpp:53
2017-12-15 14:10:34.222 [9208] LOG_TRACE rcv[23]:{DEV_ID:1},{LOST:0.00%} devmon.cpp:53
2017-12-15 14:10:39.224 [9208] LOG_TRACE rcv[23]:{DEV_ID:1},{LOST:0.00%} devmon.cpp:53
2017-12-15 14:10:44.225 [9208] LOG_TRACE rcv[23]:{DEV_ID:1},{LOST:0.00%} devmon.cpp:53
2017-12-15 14:10:49.226 [9208] LOG_TRACE rcv[23]:{DEV_ID:1},{LOST:0.00%} devmon.cpp:53
2017-12-15 14:10:54.228 [9208] LOG_TRACE rcv[23]:{DEV_ID:1},{LOST:0.00%} devmon.cpp:53
2017-12-15 14:10:59.230 [9208] LOG_TRACE rcv[23]:{DEV_ID:1},{LOST:0.00%} devmon.cpp:53
2017-12-15 14:11:04.232 [9208] LOG_TRACE rcv[23]:{DEV_ID:1},{LOST:0.00%} devmon.cpp:53
2017-12-15 14:11:09.235 [9208] LOG_TRACE rcv[23]:{DEV_ID:1},{LOST:0.00%} devmon.cpp:53
2017-12-15 14:11:14.238 [9208] LOG_TRACE rcv[23]:{DEV_ID:1},{LOST:0.00%} devmon.cpp:53
2017-12-15 14:11:19.241 [9208] LOG_TRACE rcv[23]:{DEV_ID:1},{LOST:0.00%} devmon.cpp:53
2017-12-15 14:11:24.244 [9208] LOG_TRACE rcv[23]:{DEV_ID:1},{LOST:0.00%} devmon.cpp:53
2017-12-15 14:11:29.248 [9208] LOG_TRACE rcv[23]:{DEV_ID:1},{LOST:0.00%} devmon.cpp:53
2017-12-15 14:11:34.250 [9208] LOG_TRACE rcv[23]:{DEV_ID:1},{LOST:0.00%} devmon.cpp:53
2017-12-15 14:11:39.253 [9208] LOG_TRACE rcv[23]:{DEV_ID:1},{LOST:0.00%} devmon.cpp:53
2017-12-15 14:11:44.255 [9208] LOG_TRACE rcv[23]:{DEV_ID:1},{LOST:0.00%} devmon.cpp:53
2017-12-15 14:11:49.259 [9208] LOG_TRACE rcv[23]:{DEV_ID:1},{LOST:0.00%} devmon.cpp:53
2017-12-15 14:11:54.261 [9208] LOG_TRACE rcv[23]:{DEV_ID:1},{LOST:0.00%} devmon.cpp:53
2017-12-15 14:11:59.264 [9208] LOG_TRACE rcv[23]:{DEV_ID:1},{LOST:0.00%} devmon.cpp:53
2017-12-15 14:12:04.267 [9208] LOG_TRACE rcv[23]:{DEV_ID:1},{LOST:0.00%} devmon.cpp:53
2017-12-15 14:12:09.271 [9208] LOG_TRACE rcv[23]:{DEV_ID:1},{LOST:0.00%} devmon.cpp:53
2017-12-15 14:12:14.273 [9208] LOG_TRACE rcv[23]:{DEV_ID:1},{LOST:0.00%} devmon.cpp:53
2017-12-15 14:12:19.276 [9208] LOG_TRACE rcv[23]:{DEV_ID:1},{LOST:0.00%} devmon.cpp:53
2017-12-15 14:12:24.279 [9208] LOG_TRACE rcv[23]:{DEV_ID:1},{LOST:0.00%} devmon.cpp:53
2017-12-15 14:12:29.282 [9208] LOG_TRACE rcv[23]:{DEV_ID:1},{LOST:0.00%} devmon.cpp:53
2017-12-15 14:12:34.284 [9208] LOG_TRACE rcv[23]:{DEV_ID:1},{LOST:0.00%} devmon.cpp:53
2017-12-15 14:12:39.288 [9208] LOG_TRACE rcv[23]:{DEV_ID:1},{LOST:0.00%} devmon.cpp:53
2017-12-15 14:12:44.291 [9208] LOG_TRACE rcv[23]:{DEV_ID:1},{LOST:0.00%} devmon.cpp:53
2017-12-15 14:12:49.294 [9208] LOG_TRACE rcv[23]:{DEV_ID:1},{LOST:0.00%} devmon.cpp:53
2017-12-15 14:12:54.296 [9208] LOG_TRACE rcv[23]:{DEV_ID:1},{LOST:0.00%} devmon.cpp:53
2017-12-15 14:12:59.300 [9208] LOG_TRACE rcv[23]:{DEV_ID:1},{LOST:0.00%} devmon.cpp:53
2017-12-15 14:13:04.302 [9208] LOG_TRACE rcv[23]:{DEV_ID:1},{LOST:0.00%} devmon.cpp:53
2017-12-15 14:13:09.305 [9208] LOG_TRACE rcv[23]:{DEV_ID:1},{LOST:0.00%} devmon.cpp:53
2017-12-15 14:13:14.308 [9208] LOG_TRACE rcv[23]:{DEV_ID:1},{LOST:0.00%} devmon.cpp:53
2017-12-15 14:13:19.312 [9208] LOG_TRACE rcv[23]:{DEV_ID:1},{LOST:0.00%} devmon.cpp:53
2017-12-15 14:13:24.314 [9208] LOG_TRACE rcv[23]:{DEV_ID:1},{LOST:0.00%} devmon.cpp:53
2017-12-15 14:13:29.317 [9208] LOG_TRACE rcv[23]:{DEV_ID:1},{LOST:0.00%} devmon.cpp:53
2017-12-15 14:13:34.320 [9208] LOG_TRACE rcv[23]:{DEV_ID:1},{LOST:0.00%} devmon.cpp:53
2017-12-15 14:13:39.323 [9208] LOG_TRACE rcv[23]:{DEV_ID:1},{LOST:0.00%} devmon.cpp:53
2017-12-15 14:13:44.325 [9208] LOG_TRACE rcv[23]:{DEV_ID:1},{LOST:0.00%} devmon.cpp:53
2017-12-15 14:13:49.329 [9208] LOG_TRACE rcv[23]:{DEV_ID:1},{LOST:0.00%} devmon.cpp:53
2017-12-15 14:13:54.331 [9208] LOG_TRACE rcv[23]:{DEV_ID:1},{LOST:0.00%} devmon.cpp:53
2017-12-15 14:13:59.334 [9208] LOG_TRACE rcv[23]:{DEV_ID:1},{LOST:0.00%} devmon.cpp:53
2017-12-15 14:14:04.336 [9208] LOG_TRACE rcv[23]:{DEV_ID:1},{LOST:0.00%} devmon.cpp:53
2017-12-15 14:14:09.341 [9208] LOG_TRACE rcv[23]:{DEV_ID:1},{LOST:0.00%} devmon.cpp:53
2017-12-15 14:14:14.343 [9208] LOG_TRACE rcv[23]:{DEV_ID:1},{LOST:0.00%} devmon.cpp:53
2017-12-15 14:14:19.347 [9208] LOG_TRACE rcv[23]:{DEV_ID:1},{LOST:0.00%} devmon.cpp:53
2017-12-15 14:14:24.350 [9208] LOG_TRACE rcv[23]:{DEV_ID:1},{LOST:0.00%} devmon.cpp:53
2017-12-15 14:14:29.353 [9208] LOG_TRACE rcv[23]:{DEV_ID:1},{LOST:0.00%} devmon.cpp:53
2017-12-15 14:14:34.355 [9208] LOG_TRACE rcv[23]:{DEV_ID:1},{LOST:0.00%} devmon.cpp:53
2017-12-15 14:14:39.358 [9208] LOG_TRACE rcv[23]:{DEV_ID:1},{LOST:0.00%} devmon.cpp:53
2017-12-15 14:14:44.361 [9208] LOG_TRACE rcv[23]:{DEV_ID:1},{LOST:0.00%} devmon.cpp:53
2017-12-15 14:14:49.365 [9208] LOG_TRACE rcv[23]:{DEV_ID:1},{LOST:0.00%} devmon.cpp:53
2017-12-15 14:14:54.367 [9208] LOG_TRACE rcv[23]:{DEV_ID:1},{LOST:0.00%} devmon.cpp:53
2017-12-15 14:14:59.371 [9208] LOG_TRACE rcv[23]:{DEV_ID:1},{LOST:0.00%} devmon.cpp:53
2017-12-15 14:15:04.374 [9208] LOG_TRACE rcv[23]:{DEV_ID:1},{LOST:0.00%} devmon.cpp:53
2017-12-15 14:15:09.378 [9208] LOG_TRACE rcv[23]:{DEV_ID:1},{LOST:0.00%} devmon.cpp:53
2017-12-15 14:15:14.380 [9208] LOG_TRACE rcv[23]:{DEV_ID:1},{LOST:0.00%} devmon.cpp:53
2017-12-15 14:15:19.384 [9208] LOG_TRACE rcv[23]:{DEV_ID:1},{LOST:0.00%} devmon.cpp:53
2017-12-15 14:15:24.386 [9208] LOG_TRACE rcv[23]:{DEV_ID:1},{LOST:0.00%} devmon.cpp:53
2017-12-15 14:15:29.389 [9208] LOG_TRACE rcv[23]:{DEV_ID:1},{LOST:0.00%} devmon.cpp:53
2017-12-15 14:15:34.392 [9208] LOG_TRACE rcv[23]:{DEV_ID:1},{LOST:0.00%} devmon.cpp:53
2017-12-15 14:15:39.395 [9208] LOG_TRACE rcv[23]:{DEV_ID:1},{LOST:0.00%} devmon.cpp:53
2017-12-15 14:15:44.397 [9208] LOG_TRACE rcv[23]:{DEV_ID:1},{LOST:0.00%} devmon.cpp:53
2017-12-15 14:15:49.400 [9208] LOG_TRACE rcv[23]:{DEV_ID:1},{LOST:0.00%} devmon.cpp:53
2017-12-15 14:15:54.403 [9208] LOG_TRACE rcv[23]:{DEV_ID:1},{LOST:0.00%} devmon.cpp:53
2017-12-15 14:15:59.406 [9208] LOG_TRACE rcv[23]:{DEV_ID:1},{LOST:0.00%} devmon.cpp:53
2017-12-15 14:16:04.408 [9208] LOG_TRACE rcv[23]:{DEV_ID:1},{LOST:0.00%} devmon.cpp:53
2017-12-15 14:16:09.412 [9208] LOG_TRACE rcv[23]:{DEV_ID:1},{LOST:0.00%} devmon.cpp:53
2017-12-15 14:16:14.415 [9208] LOG_TRACE rcv[23]:{DEV_ID:1},{LOST:0.00%} devmon.cpp:53
2017-12-15 14:16:19.418 [9208] LOG_TRACE rcv[23]:{DEV_ID:1},{LOST:0.00%} devmon.cpp:53
2017-12-15 14:16:24.420 [9208] LOG_TRACE rcv[23]:{DEV_ID:1},{LOST:0.00%} devmon.cpp:53
2017-12-15 14:16:29.424 [9208] LOG_TRACE rcv[23]:{DEV_ID:1},{LOST:0.00%} devmon.cpp:53
2017-12-15 14:16:34.426 [9208] LOG_TRACE rcv[23]:{DEV_ID:1},{LOST:0.00%} devmon.cpp:53
2017-12-15 14:16:39.429 [9208] LOG_TRACE rcv[23]:{DEV_ID:1},{LOST:0.00%} devmon.cpp:53
2017-12-15 14:16:44.432 [9208] LOG_TRACE rcv[23]:{DEV_ID:1},{LOST:0.00%} devmon.cpp:53
2017-12-15 14:16:49.435 [9208] LOG_TRACE rcv[23]:{DEV_ID:1},{LOST:0.00%} devmon.cpp:53
2017-12-15 14:16:54.437 [9208] LOG_TRACE rcv[23]:{DEV_ID:1},{LOST:0.00%} devmon.cpp:53
2017-12-15 14:16:59.440 [9208] LOG_TRACE rcv[23]:{DEV_ID:1},{LOST:0.00%} devmon.cpp:53
2017-12-15 14:17:04.443 [9208] LOG_TRACE rcv[23]:{DEV_ID:1},{LOST:0.00%} devmon.cpp:53
2017-12-15 14:17:09.446 [9208] LOG_TRACE rcv[23]:{DEV_ID:1},{LOST:0.00%} devmon.cpp:53
2017-12-15 14:17:14.449 [9208] LOG_TRACE rcv[23]:{DEV_ID:1},{LOST:0.00%} devmon.cpp:53
2017-12-15 14:17:19.454 [9208] LOG_TRACE rcv[23]:{DEV_ID:1},{LOST:0.00%} devmon.cpp:53
2017-12-15 14:17:24.456 [9208] LOG_TRACE rcv[23]:{DEV_ID:1},{LOST:0.00%} devmon.cpp:53
2017-12-15 14:17:29.459 [9208] LOG_TRACE rcv[23]:{DEV_ID:1},{LOST:0.00%} devmon.cpp:53
2017-12-15 14:17:34.462 [9208] LOG_TRACE rcv[23]:{DEV_ID:1},{LOST:0.00%} devmon.cpp:53
2017-12-15 14:17:39.465 [9208] LOG_TRACE rcv[23]:{DEV_ID:1},{LOST:0.00%} devmon.cpp:53
2017-12-15 14:17:44.467 [9208] LOG_TRACE rcv[23]:{DEV_ID:1},{LOST:0.00%} devmon.cpp:53
2017-12-15 14:17:49.471 [9208] LOG_TRACE rcv[23]:{DEV_ID:1},{LOST:0.00%} devmon.cpp:53
2017-12-15 14:17:54.474 [9208] LOG_TRACE rcv[23]:{DEV_ID:1},{LOST:0.00%} devmon.cpp:53
2017-12-15 14:17:59.477 [9208] LOG_TRACE rcv[23]:{DEV_ID:1},{LOST:0.00%} devmon.cpp:53
2017-12-15 14:18:04.479 [9208] LOG_TRACE rcv[23]:{DEV_ID:1},{LOST:0.00%} devmon.cpp:53
2017-12-15 14:18:09.484 [9208] LOG_TRACE rcv[23]:{DEV_ID:1},{LOST:0.00%} devmon.cpp:53
2017-12-15 14:18:14.486 [9208] LOG_TRACE rcv[23]:{DEV_ID:1},{LOST:0.00%} devmon.cpp:53
2017-12-15 14:18:19.490 [9208] LOG_TRACE rcv[23]:{DEV_ID:1},{LOST:0.00%} devmon.cpp:53
2017-12-15 14:18:24.492 [9208] LOG_TRACE rcv[23]:{DEV_ID:1},{LOST:0.00%} devmon.cpp:53
2017-12-15 14:18:29.496 [9208] LOG_TRACE rcv[23]:{DEV_ID:1},{LOST:0.00%} devmon.cpp:53
2017-12-15 14:18:34.498 [9208] LOG_TRACE rcv[23]:{DEV_ID:1},{LOST:0.00%} devmon.cpp:53
2017-12-15 14:18:39.501 [9208] LOG_TRACE rcv[23]:{DEV_ID:1},{LOST:0.00%} devmon.cpp:53
2017-12-15 14:18:44.504 [9208] LOG_TRACE rcv[23]:{DEV_ID:1},{LOST:0.00%} devmon.cpp:53
2017-12-15 14:18:49.507 [9208] LOG_TRACE rcv[23]:{DEV_ID:1},{LOST:0.00%} devmon.cpp:53
2017-12-15 14:18:54.509 [9208] LOG_TRACE rcv[23]:{DEV_ID:1},{LOST:0.00%} devmon.cpp:53
2017-12-15 14:18:59.512 [9208] LOG_TRACE rcv[23]:{DEV_ID:1},{LOST:0.00%} devmon.cpp:53
2017-12-15 14:19:04.515 [9208] LOG_TRACE rcv[23]:{DEV_ID:1},{LOST:0.00%} devmon.cpp:53
2017-12-15 14:19:09.518 [9208] LOG_TRACE rcv[23]:{DEV_ID:1},{LOST:0.00%} devmon.cpp:53
2017-12-15 14:19:14.520 [9208] LOG_TRACE rcv[23]:{DEV_ID:1},{LOST:0.00%} devmon.cpp:53
2017-12-15 14:19:19.524 [9208] LOG_TRACE rcv[23]:{DEV_ID:1},{LOST:0.00%} devmon.cpp:53
2017-12-15 14:19:24.526 [9208] LOG_TRACE rcv[23]:{DEV_ID:1},{LOST:0.00%} devmon.cpp:53
2017-12-15 14:19:29.532 [9208] LOG_TRACE rcv[23]:{DEV_ID:1},{LOST:0.00%} devmon.cpp:53
2017-12-15 14:19:34.535 [9208] LOG_TRACE rcv[23]:{DEV_ID:1},{LOST:0.00%} devmon.cpp:53
2017-12-15 14:19:39.539 [9208] LOG_TRACE rcv[23]:{DEV_ID:1},{LOST:0.00%} devmon.cpp:53
2017-12-15 14:19:44.541 [9208] LOG_TRACE rcv[23]:{DEV_ID:1},{LOST:0.00%} devmon.cpp:53
2017-12-15 14:19:49.544 [9208] LOG_TRACE rcv[23]:{DEV_ID:1},{LOST:0.00%} devmon.cpp:53
2017-12-15 14:19:54.547 [9208] LOG_TRACE rcv[23]:{DEV_ID:1},{LOST:0.00%} devmon.cpp:53
2017-12-15 14:19:59.550 [9208] LOG_TRACE rcv[23]:{DEV_ID:1},{LOST:0.00%} devmon.cpp:53
2017-12-15 14:20:04.553 [9208] LOG_TRACE rcv[23]:{DEV_ID:1},{LOST:0.00%} devmon.cpp:53
2017-12-15 14:20:09.556 [9208] LOG_TRACE rcv[23]:{DEV_ID:1},{LOST:0.00%} devmon.cpp:53
2017-12-15 14:20:14.559 [9208] LOG_TRACE rcv[23]:{DEV_ID:1},{LOST:0.00%} devmon.cpp:53
2017-12-15 14:20:19.563 [9208] LOG_TRACE rcv[23]:{DEV_ID:1},{LOST:0.00%} devmon.cpp:53
2017-12-15 14:20:24.565 [9208] LOG_TRACE rcv[23]:{DEV_ID:1},{LOST:0.00%} devmon.cpp:53
2017-12-15 14:20:29.569 [9208] LOG_TRACE rcv[23]:{DEV_ID:1},{LOST:0.00%} devmon.cpp:53
2017-12-15 14:20:34.571 [9208] LOG_TRACE rcv[23]:{DEV_ID:1},{LOST:0.00%} devmon.cpp:53
2017-12-15 14:20:39.574 [9208] LOG_TRACE rcv[23]:{DEV_ID:1},{LOST:0.00%} devmon.cpp:53
2017-12-15 14:20:44.576 [9208] LOG_TRACE rcv[23]:{DEV_ID:1},{LOST:0.00%} devmon.cpp:53
2017-12-15 14:20:49.580 [9208] LOG_TRACE rcv[23]:{DEV_ID:1},{LOST:0.00%} devmon.cpp:53
2017-12-15 14:20:54.583 [9208] LOG_TRACE rcv[23]:{DEV_ID:1},{LOST:0.00%} devmon.cpp:53
2017-12-15 14:20:59.586 [9208] LOG_TRACE rcv[23]:{DEV_ID:1},{LOST:0.00%} devmon.cpp:53
2017-12-15 14:21:04.589 [9208] LOG_TRACE rcv[23]:{DEV_ID:1},{LOST:0.00%} devmon.cpp:53
2017-12-15 14:21:09.592 [9208] LOG_TRACE rcv[23]:{DEV_ID:1},{LOST:0.00%} devmon.cpp:53
2017-12-15 14:21:14.594 [9208] LOG_TRACE rcv[23]:{DEV_ID:1},{LOST:0.00%} devmon.cpp:53
2017-12-15 14:21:19.597 [9208] LOG_TRACE rcv[23]:{DEV_ID:1},{LOST:0.00%} devmon.cpp:53
2017-12-15 14:21:24.600 [9208] LOG_TRACE rcv[23]:{DEV_ID:1},{LOST:0.00%} devmon.cpp:53
2017-12-15 14:21:29.603 [9208] LOG_TRACE rcv[23]:{DEV_ID:1},{LOST:0.00%} devmon.cpp:53
2017-12-15 14:21:34.605 [9208] LOG_TRACE rcv[23]:{DEV_ID:1},{LOST:0.00%} devmon.cpp:53
2017-12-15 14:21:39.609 [9208] LOG_TRACE rcv[23]:{DEV_ID:1},{LOST:0.00%} devmon.cpp:53
2017-12-15 14:21:44.611 [9208] LOG_TRACE rcv[23]:{DEV_ID:1},{LOST:0.00%} devmon.cpp:53
2017-12-15 14:21:49.615 [9208] LOG_TRACE rcv[23]:{DEV_ID:1},{LOST:0.00%} devmon.cpp:53
2017-12-15 14:21:54.617 [9208] LOG_TRACE rcv[23]:{DEV_ID:1},{LOST:0.00%} devmon.cpp:53
2017-12-15 14:21:59.621 [9208] LOG_TRACE rcv[23]:{DEV_ID:1},{LOST:0.00%} devmon.cpp:53
2017-12-15 14:22:04.623 [9208] LOG_TRACE rcv[23]:{DEV_ID:1},{LOST:0.00%} devmon.cpp:53
2017-12-15 14:22:09.626 [9208] LOG_TRACE rcv[23]:{DEV_ID:1},{LOST:0.00%} devmon.cpp:53
2017-12-15 14:22:14.629 [9208] LOG_TRACE rcv[23]:{DEV_ID:1},{LOST:0.00%} devmon.cpp:53
2017-12-15 14:22:19.632 [9208] LOG_TRACE rcv[23]:{DEV_ID:1},{LOST:0.00%} devmon.cpp:53
2017-12-15 14:22:24.634 [9208] LOG_TRACE rcv[23]:{DEV_ID:1},{LOST:0.00%} devmon.cpp:53
2017-12-15 14:22:29.637 [9208] LOG_TRACE rcv[23]:{DEV_ID:1},{LOST:0.00%} devmon.cpp:53
2017-12-15 14:22:34.640 [9208] LOG_TRACE rcv[23]:{DEV_ID:1},{LOST:0.00%} devmon.cpp:53
2017-12-15 14:22:39.643 [9208] LOG_TRACE rcv[23]:{DEV_ID:1},{LOST:0.00%} devmon.cpp:53
2017-12-15 14:22:44.645 [9208] LOG_TRACE rcv[23]:{DEV_ID:1},{LOST:0.00%} devmon.cpp:53
2017-12-15 14:22:49.649 [9208] LOG_TRACE rcv[23]:{DEV_ID:1},{LOST:0.00%} devmon.cpp:53
2017-12-15 14:22:54.651 [9208] LOG_TRACE rcv[23]:{DEV_ID:1},{LOST:0.00%} devmon.cpp:53
2017-12-15 14:22:59.655 [9208] LOG_TRACE rcv[23]:{DEV_ID:1},{LOST:0.00%} devmon.cpp:53
2017-12-15 14:23:04.657 [9208] LOG_TRACE rcv[23]:{DEV_ID:1},{LOST:0.00%} devmon.cpp:53
2017-12-15 14:23:09.661 [9208] LOG_TRACE rcv[23]:{DEV_ID:1},{LOST:0.00%} devmon.cpp:53
2017-12-15 14:23:14.664 [9208] LOG_TRACE rcv[23]:{DEV_ID:1},{LOST:0.00%} devmon.cpp:53
2017-12-15 14:23:19.667 [9208] LOG_TRACE rcv[23]:{DEV_ID:1},{LOST:0.00%} devmon.cpp:53
2017-12-15 14:23:24.671 [9208] LOG_TRACE rcv[23]:{DEV_ID:1},{LOST:0.00%} devmon.cpp:53
2017-12-15 14:23:29.675 [9208] LOG_TRACE rcv[23]:{DEV_ID:1},{LOST:0.00%} devmon.cpp:53
2017-12-15 14:23:34.677 [9208] LOG_TRACE rcv[23]:{DEV_ID:1},{LOST:0.00%} devmon.cpp:53
2017-12-15 14:23:39.680 [9208] LOG_TRACE rcv[23]:{DEV_ID:1},{LOST:0.00%} devmon.cpp:53
2017-12-15 14:23:44.683 [9208] LOG_TRACE rcv[23]:{DEV_ID:1},{LOST:0.00%} devmon.cpp:53
2017-12-15 14:23:49.686 [9208] LOG_TRACE rcv[23]:{DEV_ID:1},{LOST:0.00%} devmon.cpp:53
2017-12-15 14:23:54.688 [9208] LOG_TRACE rcv[23]:{DEV_ID:1},{LOST:0.00%} devmon.cpp:53
2017-12-15 14:23:59.692 [9208] LOG_TRACE rcv[23]:{DEV_ID:1},{LOST:0.00%} devmon.cpp:53
2017-12-15 14:24:04.694 [9208] LOG_TRACE rcv[23]:{DEV_ID:1},{LOST:0.00%} devmon.cpp:53
2017-12-15 14:24:09.698 [9208] LOG_TRACE rcv[23]:{DEV_ID:1},{LOST:0.00%} devmon.cpp:53
2017-12-15 14:24:14.700 [9208] LOG_TRACE rcv[23]:{DEV_ID:1},{LOST:0.00%} devmon.cpp:53
2017-12-15 14:24:19.704 [9208] LOG_TRACE rcv[23]:{DEV_ID:1},{LOST:0.00%} devmon.cpp:53
2017-12-15 14:24:24.706 [9208] LOG_TRACE rcv[23]:{DEV_ID:1},{LOST:0.00%} devmon.cpp:53
2017-12-15 14:24:29.709 [9208] LOG_TRACE rcv[23]:{DEV_ID:1},{LOST:0.00%} devmon.cpp:53
2017-12-15 14:24:34.712 [9208] LOG_TRACE rcv[23]:{DEV_ID:1},{LOST:0.00%} devmon.cpp:53
2017-12-15 14:24:39.717 [9208] LOG_TRACE rcv[23]:{DEV_ID:1},{LOST:0.00%} devmon.cpp:53
2017-12-15 14:24:44.719 [9208] LOG_TRACE rcv[23]:{DEV_ID:1},{LOST:0.00%} devmon.cpp:53
2017-12-15 14:24:49.723 [9208] LOG_TRACE rcv[23]:{DEV_ID:1},{LOST:0.00%} devmon.cpp:53
2017-12-15 14:24:54.726 [9208] LOG_TRACE rcv[23]:{DEV_ID:1},{LOST:0.00%} devmon.cpp:53
2017-12-15 14:24:59.729 [9208] LOG_TRACE rcv[23]:{DEV_ID:1},{LOST:0.00%} devmon.cpp:53
2017-12-15 14:25:04.731 [9208] LOG_TRACE rcv[23]:{DEV_ID:1},{LOST:0.00%} devmon.cpp:53
2017-12-15 14:25:09.735 [9208] LOG_TRACE rcv[23]:{DEV_ID:1},{LOST:0.00%} devmon.cpp:53
2017-12-15 14:25:14.737 [9208] LOG_TRACE rcv[23]:{DEV_ID:1},{LOST:0.00%} devmon.cpp:53
2017-12-15 14:25:19.740 [9208] LOG_TRACE rcv[23]:{DEV_ID:1},{LOST:0.00%} devmon.cpp:53
2017-12-15 14:25:24.742 [9208] LOG_TRACE rcv[23]:{DEV_ID:1},{LOST:0.00%} devmon.cpp:53
2017-12-15 14:25:29.746 [9208] LOG_TRACE rcv[23]:{DEV_ID:1},{LOST:0.00%} devmon.cpp:53
2017-12-15 14:25:34.748 [9208] LOG_TRACE rcv[23]:{DEV_ID:1},{LOST:0.00%} devmon.cpp:53
2017-12-15 14:25:39.751 [9208] LOG_TRACE rcv[23]:{DEV_ID:1},{LOST:0.00%} devmon.cpp:53
2017-12-15 14:25:44.754 [9208] LOG_TRACE rcv[23]:{DEV_ID:1},{LOST:0.00%} devmon.cpp:53
2017-12-15 14:25:49.757 [9208] LOG_TRACE rcv[23]:{DEV_ID:1},{LOST:0.00%} devmon.cpp:53
2017-12-15 14:25:54.759 [9208] LOG_TRACE rcv[23]:{DEV_ID:1},{LOST:0.00%} devmon.cpp:53
2017-12-15 14:25:59.762 [9208] LOG_TRACE rcv[23]:{DEV_ID:1},{LOST:0.00%} devmon.cpp:53
2017-12-15 14:26:04.765 [9208] LOG_TRACE rcv[23]:{DEV_ID:1},{LOST:0.00%} devmon.cpp:53
2017-12-15 14:26:09.768 [9208] LOG_TRACE rcv[23]:{DEV_ID:1},{LOST:0.00%} devmon.cpp:53
2017-12-15 14:26:14.770 [9208] LOG_TRACE rcv[23]:{DEV_ID:1},{LOST:0.00%} devmon.cpp:53
2017-12-15 14:26:19.775 [9208] LOG_TRACE rcv[23]:{DEV_ID:1},{LOST:0.00%} devmon.cpp:53
2017-12-15 14:26:24.777 [9208] LOG_TRACE rcv[23]:{DEV_ID:1},{LOST:0.00%} devmon.cpp:53
2017-12-15 14:26:29.780 [9208] LOG_TRACE rcv[23]:{DEV_ID:1},{LOST:0.00%} devmon.cpp:53
2017-12-15 14:26:34.782 [9208] LOG_TRACE rcv[23]:{DEV_ID:1},{LOST:0.00%} devmon.cpp:53
2017-12-15 14:26:39.786 [9208] LOG_TRACE rcv[23]:{DEV_ID:1},{LOST:0.00%} devmon.cpp:53
2017-12-15 14:26:44.788 [9208] LOG_TRACE rcv[23]:{DEV_ID:1},{LOST:0.00%} devmon.cpp:53
2017-12-15 14:26:49.791 [9208] LOG_TRACE rcv[23]:{DEV_ID:1},{LOST:0.00%} devmon.cpp:53
2017-12-15 14:26:54.795 [9208] LOG_TRACE rcv[23]:{DEV_ID:1},{LOST:0.00%} devmon.cpp:53
2017-12-15 14:26:59.798 [9208] LOG_TRACE rcv[23]:{DEV_ID:1},{LOST:0.00%} devmon.cpp:53
2017-12-15 14:27:04.800 [9208] LOG_TRACE rcv[23]:{DEV_ID:1},{LOST:0.00%} devmon.cpp:53
2017-12-15 14:27:09.803 [9208] LOG_TRACE rcv[23]:{DEV_ID:1},{LOST:0.00%} devmon.cpp:53
2017-12-15 14:27:14.807 [9208] LOG_TRACE rcv[23]:{DEV_ID:1},{LOST:0.00%} devmon.cpp:53
2017-12-15 14:27:19.810 [9208] LOG_TRACE rcv[23]:{DEV_ID:1},{LOST:0.00%} devmon.cpp:53
2017-12-15 14:27:24.812 [9208] LOG_TRACE rcv[23]:{DEV_ID:1},{LOST:0.00%} devmon.cpp:53
2017-12-15 14:27:29.816 [9208] LOG_TRACE rcv[23]:{DEV_ID:1},{LOST:0.00%} devmon.cpp:53
2017-12-15 14:27:34.818 [9208] LOG_TRACE rcv[23]:{DEV_ID:1},{LOST:0.00%} devmon.cpp:53
2017-12-15 14:27:39.822 [9208] LOG_TRACE rcv[23]:{DEV_ID:1},{LOST:0.00%} devmon.cpp:53
2017-12-15 14:27:44.824 [9208] LOG_TRACE rcv[23]:{DEV_ID:1},{LOST:0.00%} devmon.cpp:53
2017-12-15 14:27:49.828 [9208] LOG_TRACE rcv[23]:{DEV_ID:1},{LOST:0.00%} devmon.cpp:53
2017-12-15 14:27:54.830 [9208] LOG_TRACE rcv[23]:{DEV_ID:1},{LOST:0.00%} devmon.cpp:53
2017-12-15 14:27:59.834 [9208] LOG_TRACE rcv[23]:{DEV_ID:1},{LOST:0.00%} devmon.cpp:53
2017-12-15 14:28:04.837 [9208] LOG_TRACE rcv[23]:{DEV_ID:1},{LOST:0.00%} devmon.cpp:53
2017-12-15 14:28:09.840 [9208] LOG_TRACE rcv[23]:{DEV_ID:1},{LOST:0.00%} devmon.cpp:53
2017-12-15 14:28:14.843 [9208] LOG_TRACE rcv[23]:{DEV_ID:1},{LOST:0.00%} devmon.cpp:53
2017-12-15 14:28:19.846 [9208] LOG_TRACE rcv[23]:{DEV_ID:1},{LOST:0.00%} devmon.cpp:53
2017-12-15 14:28:24.850 [9208] LOG_TRACE rcv[23]:{DEV_ID:1},{LOST:0.00%} devmon.cpp:53
2017-12-15 14:28:29.853 [9208] LOG_TRACE rcv[23]:{DEV_ID:1},{LOST:0.00%} devmon.cpp:53
2017-12-15 14:28:34.855 [9208] LOG_TRACE rcv[23]:{DEV_ID:1},{LOST:0.00%} devmon.cpp:53
2017-12-15 14:28:39.859 [9208] LOG_TRACE rcv[23]:{DEV_ID:1},{LOST:0.00%} devmon.cpp:53
2017-12-15 14:28:44.861 [9208] LOG_TRACE rcv[23]:{DEV_ID:1},{LOST:0.00%} devmon.cpp:53
2017-12-15 14:28:49.864 [9208] LOG_TRACE rcv[23]:{DEV_ID:1},{LOST:0.00%} devmon.cpp:53
2017-12-15 14:28:54.866 [9208] LOG_TRACE rcv[23]:{DEV_ID:1},{LOST:0.00%} devmon.cpp:53
2017-12-15 14:28:59.870 [9208] LOG_TRACE rcv[23]:{DEV_ID:1},{LOST:0.00%} devmon.cpp:53
2017-12-15 14:29:04.872 [9208] LOG_TRACE rcv[23]:{DEV_ID:1},{LOST:0.00%} devmon.cpp:53
2017-12-15 14:29:09.875 [9208] LOG_TRACE rcv[23]:{DEV_ID:1},{LOST:0.00%} devmon.cpp:53
2017-12-15 14:29:14.878 [9208] LOG_TRACE rcv[23]:{DEV_ID:1},{LOST:0.00%} devmon.cpp:53
2017-12-15 14:29:19.881 [9208] LOG_TRACE rcv[23]:{DEV_ID:1},{LOST:0.00%} devmon.cpp:53
2017-12-15 14:29:24.883 [9208] LOG_TRACE rcv[23]:{DEV_ID:1},{LOST:0.00%} devmon.cpp:53
2017-12-15 14:29:29.886 [9208] LOG_TRACE rcv[23]:{DEV_ID:1},{LOST:0.00%} devmon.cpp:53
2017-12-15 14:29:34.889 [9208] LOG_TRACE rcv[23]:{DEV_ID:1},{LOST:0.00%} devmon.cpp:53
2017-12-15 14:29:39.893 [9208] LOG_TRACE rcv[23]:{DEV_ID:1},{LOST:0.00%} devmon.cpp:53
2017-12-15 14:29:44.895 [9208] LOG_TRACE rcv[23]:{DEV_ID:1},{LOST:0.00%} devmon.cpp:53
2017-12-15 14:29:49.899 [9208] LOG_TRACE rcv[23]:{DEV_ID:1},{LOST:0.00%} devmon.cpp:53
2017-12-15 14:29:54.901 [9208] LOG_TRACE rcv[23]:{DEV_ID:1},{LOST:0.00%} devmon.cpp:53
2017-12-15 14:29:59.905 [9208] LOG_TRACE rcv[23]:{DEV_ID:1},{LOST:0.00%} devmon.cpp:53
2017-12-15 14:30:04.907 [9208] LOG_TRACE rcv[23]:{DEV_ID:1},{LOST:0.00%} devmon.cpp:53
2017-12-15 14:30:09.911 [9208] LOG_TRACE rcv[23]:{DEV_ID:1},{LOST:0.00%} devmon.cpp:53
2017-12-15 14:30:14.913 [9208] LOG_TRACE rcv[23]:{DEV_ID:1},{LOST:0.00%} devmon.cpp:53
2017-12-15 14:30:19.916 [9208] LOG_TRACE rcv[23]:{DEV_ID:1},{LOST:0.00%} devmon.cpp:53
2017-12-15 14:30:24.919 [9208] LOG_TRACE rcv[23]:{DEV_ID:1},{LOST:0.00%} devmon.cpp:53
2017-12-15 14:30:29.923 [9208] LOG_TRACE rcv[23]:{DEV_ID:1},{LOST:0.00%} devmon.cpp:53
2017-12-15 14:30:34.925 [9208] LOG_TRACE rcv[23]:{DEV_ID:1},{LOST:0.00%} devmon.cpp:53
2017-12-15 14:30:39.928 [9208] LOG_TRACE rcv[23]:{DEV_ID:1},{LOST:0.00%} devmon.cpp:53
2017-12-15 14:30:44.933 [9208] LOG_TRACE rcv[23]:{DEV_ID:1},{LOST:0.00%} devmon.cpp:53
2017-12-15 14:30:49.936 [9208] LOG_TRACE rcv[23]:{DEV_ID:1},{LOST:0.00%} devmon.cpp:53
2017-12-15 14:30:54.938 [9208] LOG_TRACE rcv[23]:{DEV_ID:1},{LOST:0.00%} devmon.cpp:53
2017-12-15 14:30:59.942 [9208] LOG_TRACE rcv[23]:{DEV_ID:1},{LOST:0.00%} devmon.cpp:53
2017-12-15 14:31:04.944 [9208] LOG_TRACE rcv[23]:{DEV_ID:1},{LOST:0.00%} devmon.cpp:53
2017-12-15 14:31:09.947 [9208] LOG_TRACE rcv[23]:{DEV_ID:1},{LOST:0.00%} devmon.cpp:53
2017-12-15 14:31:14.949 [9208] LOG_TRACE rcv[23]:{DEV_ID:1},{LOST:0.00%} devmon.cpp:53
2017-12-15 14:31:19.953 [9208] LOG_TRACE rcv[23]:{DEV_ID:1},{LOST:0.00%} devmon.cpp:53
2017-12-15 14:31:24.955 [9208] LOG_TRACE rcv[23]:{DEV_ID:1},{LOST:0.00%} devmon.cpp:53
2017-12-15 14:31:29.958 [9208] LOG_TRACE rcv[23]:{DEV_ID:1},{LOST:0.00%} devmon.cpp:53
2017-12-15 14:31:34.961 [9208] LOG_TRACE rcv[23]:{DEV_ID:1},{LOST:0.00%} devmon.cpp:53
2017-12-15 14:31:39.964 [9208] LOG_TRACE rcv[23]:{DEV_ID:1},{LOST:0.00%} devmon.cpp:53
2017-12-15 14:31:44.966 [9208] LOG_TRACE rcv[23]:{DEV_ID:1},{LOST:0.00%} devmon.cpp:53
2017-12-15 14:31:49.969 [9208] LOG_TRACE rcv[23]:{DEV_ID:1},{LOST:0.00%} devmon.cpp:53
2017-12-15 14:31:54.972 [9208] LOG_TRACE rcv[23]:{DEV_ID:1},{LOST:0.00%} devmon.cpp:53
2017-12-15 14:31:59.975 [9208] LOG_TRACE rcv[23]:{DEV_ID:1},{LOST:0.00%} devmon.cpp:53
2017-12-15 14:32:04.978 [9208] LOG_TRACE rcv[23]:{DEV_ID:1},{LOST:0.00%} devmon.cpp:53
2017-12-15 14:32:09.982 [9208] LOG_TRACE rcv[23]:{DEV_ID:1},{LOST:0.00%} devmon.cpp:53
2017-12-15 14:32:14.984 [9208] LOG_TRACE rcv[23]:{DEV_ID:1},{LOST:0.00%} devmon.cpp:53
2017-12-15 14:32:19.987 [9208] LOG_TRACE rcv[23]:{DEV_ID:1},{LOST:0.00%} devmon.cpp:53
2017-12-15 14:32:24.989 [9208] LOG_TRACE rcv[23]:{DEV_ID:1},{LOST:0.00%} devmon.cpp:53
2017-12-15 14:32:29.993 [9208] LOG_TRACE rcv[23]:{DEV_ID:1},{LOST:0.00%} devmon.cpp:53
2017-12-15 14:32:34.995 [9208] LOG_TRACE rcv[23]:{DEV_ID:1},{LOST:0.00%} devmon.cpp:53
2017-12-15 14:32:39.998 [9208] LOG_TRACE rcv[23]:{DEV_ID:1},{LOST:0.00%} devmon.cpp:53
2017-12-15 14:32:45.002 [9208] LOG_TRACE rcv[23]:{DEV_ID:1},{LOST:0.00%} devmon.cpp:53
2017-12-15 14:32:50.005 [9208] LOG_TRACE rcv[23]:{DEV_ID:1},{LOST:0.00%} devmon.cpp:53
2017-12-15 14:32:55.007 [9208] LOG_TRACE rcv[23]:{DEV_ID:1},{LOST:0.00%} devmon.cpp:53
2017-12-15 14:33:00.010 [9208] LOG_TRACE rcv[23]:{DEV_ID:1},{LOST:0.00%} devmon.cpp:53
2017-12-15 14:33:05.013 [9208] LOG_TRACE rcv[23]:{DEV_ID:1},{LOST:0.00%} devmon.cpp:53
2017-12-15 14:33:10.016 [9208] LOG_TRACE rcv[23]:{DEV_ID:1},{LOST:0.00%} devmon.cpp:53
2017-12-15 14:33:15.018 [9208] LOG_TRACE rcv[23]:{DEV_ID:1},{LOST:0.00%} devmon.cpp:53
2017-12-15 14:33:20.023 [9208] LOG_TRACE rcv[23]:{DEV_ID:1},{LOST:0.00%} devmon.cpp:53
2017-12-15 14:33:25.026 [9208] LOG_TRACE rcv[23]:{DEV_ID:1},{LOST:0.00%} devmon.cpp:53
2017-12-15 14:33:30.030 [9208] LOG_TRACE rcv[23]:{DEV_ID:1},{LOST:0.00%} devmon.cpp:53
2017-12-15 14:33:35.032 [9208] LOG_TRACE rcv[23]:{DEV_ID:1},{LOST:0.00%} devmon.cpp:53
2017-12-15 14:33:40.037 [9208] LOG_TRACE rcv[23]:{DEV_ID:1},{LOST:0.00%} devmon.cpp:53
2017-12-15 14:33:45.039 [9208] LOG_TRACE rcv[23]:{DEV_ID:1},{LOST:0.00%} devmon.cpp:53
2017-12-15 14:33:50.042 [9208] LOG_TRACE rcv[23]:{DEV_ID:1},{LOST:0.00%} devmon.cpp:53
2017-12-15 14:33:55.045 [9208] LOG_TRACE rcv[23]:{DEV_ID:1},{LOST:0.00%} devmon.cpp:53
2017-12-15 14:34:00.048 [9208] LOG_TRACE rcv[23]:{DEV_ID:1},{LOST:0.00%} devmon.cpp:53
2017-12-15 14:34:05.051 [9208] LOG_TRACE rcv[23]:{DEV_ID:1},{LOST:0.00%} devmon.cpp:53
2017-12-15 14:34:10.054 [9208] LOG_TRACE rcv[23]:{DEV_ID:1},{LOST:0.00%} devmon.cpp:53
2017-12-15 14:34:15.057 [9208] LOG_TRACE rcv[23]:{DEV_ID:1},{LOST:0.00%} devmon.cpp:53
2017-12-15 14:34:20.060 [9208] LOG_TRACE rcv[23]:{DEV_ID:1},{LOST:0.00%} devmon.cpp:53
2017-12-15 14:34:25.062 [9208] LOG_TRACE rcv[23]:{DEV_ID:1},{LOST:0.00%} devmon.cpp:53
2017-12-15 14:34:30.066 [9208] LOG_TRACE rcv[23]:{DEV_ID:1},{LOST:0.00%} devmon.cpp:53
2017-12-15 14:34:35.068 [9208] LOG_TRACE rcv[23]:{DEV_ID:1},{LOST:0.00%} devmon.cpp:53
2017-12-15 14:34:40.071 [9208] LOG_TRACE rcv[23]:{DEV_ID:1},{LOST:0.00%} devmon.cpp:53
2017-12-15 14:34:45.073 [9208] LOG_TRACE rcv[23]:{DEV_ID:1},{LOST:0.00%} devmon.cpp:53
2017-12-15 14:34:50.077 [9208] LOG_TRACE rcv[23]:{DEV_ID:1},{LOST:0.00%} devmon.cpp:53
2017-12-15 14:34:55.079 [9208] LOG_TRACE rcv[23]:{DEV_ID:1},{LOST:0.00%} devmon.cpp:53
2017-12-15 14:35:00.082 [9208] LOG_TRACE rcv[23]:{DEV_ID:1},{LOST:0.00%} devmon.cpp:53
2017-12-15 14:35:05.085 [9208] LOG_TRACE rcv[23]:{DEV_ID:1},{LOST:0.00%} devmon.cpp:53
2017-12-15 14:35:10.088 [9208] LOG_TRACE rcv[23]:{DEV_ID:1},{LOST:0.00%} devmon.cpp:53
2017-12-15 14:35:15.090 [9208] LOG_TRACE rcv[23]:{DEV_ID:1},{LOST:0.00%} devmon.cpp:53
2017-12-15 14:35:20.093 [9208] LOG_TRACE rcv[23]:{DEV_ID:1},{LOST:0.00%} devmon.cpp:53
2017-12-15 14:35:25.097 [9208] LOG_TRACE rcv[23]:{DEV_ID:1},{LOST:0.00%} devmon.cpp:53
2017-12-15 14:35:30.100 [9208] LOG_TRACE rcv[23]:{DEV_ID:1},{LOST:0.00%} devmon.cpp:53
2017-12-15 14:35:35.102 [9208] LOG_TRACE rcv[23]:{DEV_ID:1},{LOST:0.00%} devmon.cpp:53
2017-12-15 14:35:40.106 [9208] LOG_TRACE rcv[23]:{DEV_ID:1},{LOST:0.00%} devmon.cpp:53
2017-12-15 14:35:45.108 [9208] LOG_TRACE rcv[23]:{DEV_ID:1},{LOST:0.00%} devmon.cpp:53
2017-12-15 14:35:50.112 [9208] LOG_TRACE rcv[23]:{DEV_ID:1},{LOST:0.00%} devmon.cpp:53
2017-12-15 14:35:55.114 [9208] LOG_TRACE rcv[23]:{DEV_ID:1},{LOST:0.00%} devmon.cpp:53
2017-12-15 14:36:00.118 [9208] LOG_TRACE rcv[23]:{DEV_ID:1},{LOST:0.00%} devmon.cpp:53
2017-12-15 14:36:05.120 [9208] LOG_TRACE rcv[23]:{DEV_ID:1},{LOST:0.00%} devmon.cpp:53
2017-12-15 14:36:10.123 [9208] LOG_TRACE rcv[23]:{DEV_ID:1},{LOST:0.00%} devmon.cpp:53
2017-12-15 14:36:15.126 [9208] LOG_TRACE rcv[23]:{DEV_ID:1},{LOST:0.00%} devmon.cpp:53
2017-12-15 14:36:20.129 [9208] LOG_TRACE rcv[23]:{DEV_ID:1},{LOST:0.00%} devmon.cpp:53
2017-12-15 14:36:25.132 [9208] LOG_TRACE rcv[23]:{DEV_ID:1},{LOST:0.00%} devmon.cpp:53
2017-12-15 14:36:30.135 [9208] LOG_TRACE rcv[23]:{DEV_ID:1},{LOST:0.00%} devmon.cpp:53
2017-12-15 14:36:35.138 [9208] LOG_TRACE rcv[23]:{DEV_ID:1},{LOST:0.00%} devmon.cpp:53
2017-12-15 14:36:40.142 [9208] LOG_TRACE rcv[23]:{DEV_ID:1},{LOST:0.00%} devmon.cpp:53
2017-12-15 14:36:45.144 [9208] LOG_TRACE rcv[23]:{DEV_ID:1},{LOST:0.00%} devmon.cpp:53
2017-12-15 14:36:50.148 [9208] LOG_TRACE rcv[23]:{DEV_ID:1},{LOST:0.00%} devmon.cpp:53
2017-12-15 14:36:55.150 [9208] LOG_TRACE rcv[23]:{DEV_ID:1},{LOST:0.00%} devmon.cpp:53
2017-12-15 14:37:00.153 [9208] LOG_TRACE rcv[23]:{DEV_ID:1},{LOST:0.00%} devmon.cpp:53
2017-12-15 14:37:05.155 [9208] LOG_TRACE rcv[23]:{DEV_ID:1},{LOST:0.00%} devmon.cpp:53
2017-12-15 14:37:10.159 [9208] LOG_TRACE rcv[23]:{DEV_ID:1},{LOST:0.00%} devmon.cpp:53
2017-12-15 14:37:15.162 [9208] LOG_TRACE rcv[23]:{DEV_ID:1},{LOST:0.00%} devmon.cpp:53
2017-12-15 14:37:20.165 [9208] LOG_TRACE rcv[23]:{DEV_ID:1},{LOST:0.00%} devmon.cpp:53
2017-12-15 14:37:25.168 [9208] LOG_TRACE rcv[23]:{DEV_ID:1},{LOST:0.00%} devmon.cpp:53
2017-12-15 14:37:30.171 [9208] LOG_TRACE rcv[23]:{DEV_ID:1},{LOST:0.00%} devmon.cpp:53
2017-12-15 14:37:35.173 [9208] LOG_TRACE rcv[23]:{DEV_ID:1},{LOST:0.00%} devmon.cpp:53
2017-12-15 14:37:40.176 [9208] LOG_TRACE rcv[23]:{DEV_ID:1},{LOST:0.00%} devmon.cpp:53
2017-12-15 14:37:45.179 [9208] LOG_TRACE rcv[23]:{DEV_ID:1},{LOST:0.00%} devmon.cpp:53
2017-12-15 14:37:50.182 [9208] LOG_TRACE rcv[23]:{DEV_ID:1},{LOST:0.00%} devmon.cpp:53
2017-12-15 14:37:55.184 [9208] LOG_TRACE rcv[23]:{DEV_ID:1},{LOST:0.00%} devmon.cpp:53
2017-12-15 14:38:00.188 [9208] LOG_TRACE rcv[23]:{DEV_ID:1},{LOST:0.00%} devmon.cpp:53
2017-12-15 14:38:05.190 [9208] LOG_TRACE rcv[23]:{DEV_ID:1},{LOST:0.00%} devmon.cpp:53
2017-12-15 14:38:10.193 [9208] LOG_TRACE rcv[23]:{DEV_ID:1},{LOST:0.00%} devmon.cpp:53
2017-12-15 14:38:15.195 [9208] LOG_TRACE rcv[23]:{DEV_ID:1},{LOST:0.00%} devmon.cpp:53
2017-12-15 14:38:20.199 [9208] LOG_TRACE rcv[23]:{DEV_ID:1},{LOST:0.00%} devmon.cpp:53
2017-12-15 14:38:25.201 [9208] LOG_TRACE rcv[23]:{DEV_ID:1},{LOST:0.00%} devmon.cpp:53
2017-12-15 14:38:30.206 [9208] LOG_TRACE rcv[23]:{DEV_ID:1},{LOST:0.00%} devmon.cpp:53
2017-12-15 14:38:35.213 [9208] LOG_TRACE rcv[23]:{DEV_ID:1},{LOST:0.00%} devmon.cpp:53
2017-12-15 14:38:40.217 [9208] LOG_TRACE rcv[23]:{DEV_ID:1},{LOST:0.00%} devmon.cpp:53
2017-12-15 14:38:45.220 [9208] LOG_TRACE rcv[23]:{DEV_ID:1},{LOST:0.00%} devmon.cpp:53
2017-12-15 14:38:50.224 [9208] LOG_TRACE rcv[23]:{DEV_ID:1},{LOST:0.00%} devmon.cpp:53
2017-12-15 14:38:55.227 [9208] LOG_TRACE rcv[23]:{DEV_ID:1},{LOST:0.00%} devmon.cpp:53
2017-12-15 14:39:00.231 [9208] LOG_TRACE rcv[23]:{DEV_ID:1},{LOST:0.00%} devmon.cpp:53
2017-12-15 14:39:05.233 [9208] LOG_TRACE rcv[23]:{DEV_ID:1},{LOST:0.00%} devmon.cpp:53
2017-12-15 14:39:10.237 [9208] LOG_TRACE rcv[23]:{DEV_ID:1},{LOST:0.00%} devmon.cpp:53
2017-12-15 14:39:15.239 [9208] LOG_TRACE rcv[23]:{DEV_ID:1},{LOST:0.00%} devmon.cpp:53
2017-12-15 14:39:20.242 [9208] LOG_TRACE rcv[23]:{DEV_ID:1},{LOST:0.00%} devmon.cpp:53
2017-12-15 14:39:25.244 [9208] LOG_TRACE rcv[23]:{DEV_ID:1},{LOST:0.00%} devmon.cpp:53
2017-12-15 14:39:30.248 [9208] LOG_TRACE rcv[23]:{DEV_ID:1},{LOST:0.00%} devmon.cpp:53
2017-12-15 14:39:35.250 [9208] LOG_TRACE rcv[23]:{DEV_ID:1},{LOST:0.00%} devmon.cpp:53
2017-12-15 14:39:40.253 [9208] LOG_TRACE rcv[23]:{DEV_ID:1},{LOST:0.00%} devmon.cpp:53
2017-12-15 14:39:45.256 [9208] LOG_TRACE rcv[23]:{DEV_ID:1},{LOST:0.00%} devmon.cpp:53
2017-12-15 14:39:50.259 [9208] LOG_TRACE rcv[23]:{DEV_ID:1},{LOST:0.00%} devmon.cpp:53
2017-12-15 14:39:55.261 [9208] LOG_TRACE rcv[23]:{DEV_ID:1},{LOST:0.00%} devmon.cpp:53
2017-12-15 14:40:00.264 [9208] LOG_TRACE rcv[23]:{DEV_ID:1},{LOST:0.00%} devmon.cpp:53
2017-12-15 14:40:05.267 [9208] LOG_TRACE rcv[23]:{DEV_ID:1},{LOST:0.00%} devmon.cpp:53
2017-12-15 14:40:10.270 [9208] LOG_TRACE rcv[23]:{DEV_ID:1},{LOST:0.00%} devmon.cpp:53
2017-12-15 14:40:15.272 [9208] LOG_TRACE rcv[23]:{DEV_ID:1},{LOST:0.00%} devmon.cpp:53
2017-12-15 14:40:20.276 [9208] LOG_TRACE rcv[23]:{DEV_ID:1},{LOST:0.00%} devmon.cpp:53
2017-12-15 14:40:25.280 [9208] LOG_TRACE rcv[23]:{DEV_ID:1},{LOST:0.00%} devmon.cpp:53
2017-12-15 14:40:30.284 [9208] LOG_TRACE rcv[23]:{DEV_ID:1},{LOST:0.00%} devmon.cpp:53
2017-12-15 14:40:35.286 [9208] LOG_TRACE rcv[23]:{DEV_ID:1},{LOST:0.00%} devmon.cpp:53
2017-12-15 14:40:50.788 [9208] LOG_TRACE rcv[23]:{DEV_ID:1},{LOST:0.00%} devmon.cpp:53
2017-12-15 14:40:55.790 [9208] LOG_TRACE rcv[23]:{DEV_ID:1},{LOST:0.00%} devmon.cpp:53
2017-12-15 14:41:00.791 [9208] LOG_TRACE rcv[23]:{DEV_ID:1},{LOST:0.00%} devmon.cpp:53
2017-12-15 14:41:05.792 [9208] LOG_TRACE rcv[23]:{DEV_ID:1},{LOST:0.00%} devmon.cpp:53
2017-12-15 14:41:10.794 [9208] LOG_TRACE rcv[23]:{DEV_ID:1},{LOST:0.00%} devmon.cpp:53
2017-12-15 14:41:15.795 [9208] LOG_TRACE rcv[23]:{DEV_ID:1},{LOST:0.00%} devmon.cpp:53
2017-12-15 14:41:20.796 [9208] LOG_TRACE rcv[23]:{DEV_ID:1},{LOST:0.00%} devmon.cpp:53
2017-12-15 14:41:25.800 [9208] LOG_TRACE rcv[23]:{DEV_ID:1},{LOST:0.00%} devmon.cpp:53
2017-12-15 14:41:30.803 [9208] LOG_TRACE rcv[23]:{DEV_ID:1},{LOST:0.00%} devmon.cpp:53
2017-12-15 14:41:35.806 [9208] LOG_TRACE rcv[23]:{DEV_ID:1},{LOST:0.00%} devmon.cpp:53
2017-12-15 14:41:40.808 [9208] LOG_TRACE rcv[23]:{DEV_ID:1},{LOST:0.00%} devmon.cpp:53
2017-12-15 14:41:45.812 [9208] LOG_TRACE rcv[23]:{DEV_ID:1},{LOST:0.00%} devmon.cpp:53
2017-12-15 14:41:50.814 [9208] LOG_TRACE rcv[23]:{DEV_ID:1},{LOST:0.00%} devmon.cpp:53
2017-12-15 14:41:55.817 [9208] LOG_TRACE rcv[23]:{DEV_ID:1},{LOST:0.00%} devmon.cpp:53
2017-12-15 14:42:00.819 [9208] LOG_TRACE rcv[23]:{DEV_ID:1},{LOST:0.00%} devmon.cpp:53
2017-12-15 14:42:05.824 [9208] LOG_TRACE rcv[23]:{DEV_ID:1},{LOST:0.00%} devmon.cpp:53
2017-12-15 14:42:10.826 [9208] LOG_TRACE rcv[23]:{DEV_ID:1},{LOST:0.00%} devmon.cpp:53
2017-12-15 14:42:15.829 [9208] LOG_TRACE rcv[23]:{DEV_ID:1},{LOST:0.00%} devmon.cpp:53
2017-12-15 14:42:20.832 [9208] LOG_TRACE rcv[23]:{DEV_ID:1},{LOST:0.00%} devmon.cpp:53
2017-12-15 14:42:25.835 [9208] LOG_TRACE rcv[23]:{DEV_ID:1},{LOST:0.00%} devmon.cpp:53
2017-12-15 14:42:30.837 [9208] LOG_TRACE rcv[23]:{DEV_ID:1},{LOST:0.00%} devmon.cpp:53
2017-12-15 14:42:35.840 [9208] LOG_TRACE rcv[23]:{DEV_ID:1},{LOST:0.00%} devmon.cpp:53
2017-12-15 14:42:40.843 [9208] LOG_TRACE rcv[23]:{DEV_ID:1},{LOST:0.00%} devmon.cpp:53
2017-12-15 14:42:45.846 [9208] LOG_TRACE rcv[23]:{DEV_ID:1},{LOST:0.00%} devmon.cpp:53
2017-12-15 14:42:50.848 [9208] LOG_TRACE rcv[23]:{DEV_ID:1},{LOST:0.00%} devmon.cpp:53
2017-12-15 14:42:55.852 [9208] LOG_TRACE rcv[23]:{DEV_ID:1},{LOST:0.00%} devmon.cpp:53
2017-12-15 14:43:00.855 [9208] LOG_TRACE rcv[23]:{DEV_ID:1},{LOST:0.00%} devmon.cpp:53
2017-12-15 14:43:05.858 [9208] LOG_TRACE rcv[23]:{DEV_ID:1},{LOST:0.00%} devmon.cpp:53
2017-12-15 14:43:10.861 [9208] LOG_TRACE rcv[23]:{DEV_ID:1},{LOST:0.00%} devmon.cpp:53
2017-12-15 14:43:15.865 [9208] LOG_TRACE rcv[23]:{DEV_ID:1},{LOST:0.00%} devmon.cpp:53
2017-12-15 14:43:20.868 [9208] LOG_TRACE rcv[23]:{DEV_ID:1},{LOST:0.00%} devmon.cpp:53
2017-12-15 14:43:25.871 [9208] LOG_TRACE rcv[23]:{DEV_ID:1},{LOST:0.00%} devmon.cpp:53
2017-12-15 14:43:30.874 [9208] LOG_TRACE rcv[23]:{DEV_ID:1},{LOST:0.00%} devmon.cpp:53
2017-12-15 14:43:35.877 [9208] LOG_TRACE rcv[23]:{DEV_ID:1},{LOST:0.00%} devmon.cpp:53
2017-12-15 14:43:40.879 [9208] LOG_TRACE rcv[23]:{DEV_ID:1},{LOST:0.00%} devmon.cpp:53
2017-12-15 14:43:45.882 [9208] LOG_TRACE rcv[23]:{DEV_ID:1},{LOST:0.00%} devmon.cpp:53
2017-12-15 14:43:50.885 [9208] LOG_TRACE rcv[23]:{DEV_ID:1},{LOST:0.00%} devmon.cpp:53
2017-12-15 14:43:55.888 [9208] LOG_TRACE rcv[23]:{DEV_ID:1},{LOST:0.00%} devmon.cpp:53
2017-12-15 14:44:00.890 [9208] LOG_TRACE rcv[23]:{DEV_ID:1},{LOST:0.00%} devmon.cpp:53
2017-12-15 14:44:05.894 [9208] LOG_TRACE rcv[23]:{DEV_ID:1},{LOST:0.00%} devmon.cpp:53
2017-12-15 14:44:10.896 [9208] LOG_TRACE rcv[23]:{DEV_ID:1},{LOST:0.00%} devmon.cpp:53
2017-12-15 14:44:15.899 [9208] LOG_TRACE rcv[23]:{DEV_ID:1},{LOST:0.00%} devmon.cpp:53
2017-12-15 14:44:20.902 [9208] LOG_TRACE rcv[23]:{DEV_ID:1},{LOST:0.00%} devmon.cpp:53
2017-12-15 14:44:25.906 [9208] LOG_TRACE rcv[23]:{DEV_ID:1},{LOST:0.00%} devmon.cpp:53
2017-12-15 14:44:30.908 [9208] LOG_TRACE rcv[23]:{DEV_ID:1},{LOST:0.00%} devmon.cpp:53
2017-12-15 14:44:35.911 [9208] LOG_TRACE rcv[23]:{DEV_ID:1},{LOST:0.00%} devmon.cpp:53
2017-12-15 14:44:40.914 [9208] LOG_TRACE rcv[23]:{DEV_ID:1},{LOST:0.00%} devmon.cpp:53
2017-12-15 14:44:45.917 [9208] LOG_TRACE rcv[23]:{DEV_ID:1},{LOST:0.00%} devmon.cpp:53
2017-12-15 14:44:50.919 [9208] LOG_TRACE rcv[23]:{DEV_ID:1},{LOST:0.00%} devmon.cpp:53
2017-12-15 14:44:55.922 [9208] LOG_TRACE rcv[23]:{DEV_ID:1},{LOST:0.00%} devmon.cpp:53
2017-12-15 14:45:58.926 [9208] LOG_TRACE DEV[1] Offline devmon.cpp:76
