2017-12-15 13:58:19.650 [14404] LOG_ALARM -----------------  log4z thread started!   ---------------------------- log4z.cpp:1924
2017-12-15 13:58:19.653 [14404] LOG_ALARM logger id=0 key=Main name=Main path=./log/ level=0 display=true log4z.cpp:1934
2017-12-15 13:58:19.656 [10284] LOG_TRACE stream input *** LOGT LOGT LOGT LOGT ***  cctdlg.cpp:80
2017-12-15 13:58:19.656 [10284] LOG_DEBUG stream input *** LOGD LOGD LOGD LOGD ***  cctdlg.cpp:81
2017-12-15 13:58:19.656 [10284] LOG_INFO stream input *** LOGI LOGI LOGI LOGI ***  cctdlg.cpp:82
2017-12-15 13:58:19.656 [10284] LOG_WARN stream input *** LOGW LOGW LOGW LOGW ***  cctdlg.cpp:83
2017-12-15 13:58:19.656 [10284] LOG_ERROR stream input *** LOGE LOGE LOGE LOGE ***  cctdlg.cpp:84
2017-12-15 13:58:19.656 [10284] LOG_ALARM stream input *** LOGA LOGA LOGA LOGA ***  cctdlg.cpp:85
2017-12-15 13:58:19.656 [10284] LOG_FATAL stream input *** LOGF LOGF LOGF LOGF ***  cctdlg.cpp:86
2017-12-15 13:58:19.656 [10284] LOG_TRACE format input *** LOGFMTT *** 123456 *** cctdlg.cpp:87
2017-12-15 13:58:19.656 [10284] LOG_DEBUG format input *** LOGFMTD *** 123456 *** cctdlg.cpp:88
2017-12-15 13:58:19.656 [10284] LOG_INFO format input *** LOGFMTI *** 123456 *** cctdlg.cpp:89
2017-12-15 13:58:19.656 [10284] LOG_WARN format input *** LOGFMTW *** 123456 *** cctdlg.cpp:90
2017-12-15 13:58:19.656 [10284] LOG_ERROR format input *** LOGFMTE *** 123456 *** cctdlg.cpp:91
2017-12-15 13:58:19.656 [10284] LOG_ALARM format input *** LOGFMTA *** 123456 *** cctdlg.cpp:92
2017-12-15 13:58:19.656 [10284] LOG_FATAL format input *** LOGFMTF *** 123456 *** cctdlg.cpp:93
2017-12-15 13:58:19.657 [10284] LOG_ALARM main quit ... cctdlg.cpp:95
2017-12-15 13:58:22.868 [10284] LOG_TRACE CCCTDlg::udp_client_init cctdlg.cpp:611
2017-12-15 13:58:22.869 [12416] LOG_TRACE call_dev_mon_thread 
 devmon.cpp:6
2017-12-15 13:58:22.869 [12416] LOG_TRACE CDevMon::dev_mon_thread start
 devmon.cpp:29
2017-12-15 13:58:22.870 [12416] LOG_TRACE rcv[23]:{DEV_ID:1},{LOST:0.00%} devmon.cpp:53
2017-12-15 13:58:22.870 [12416] LOG_TRACE DEV[1] online devmon.cpp:64
2017-12-15 13:58:25.391 [10284] LOG_TRACE m_s32_volume=50 cctdlg.cpp:1180
2017-12-15 13:58:27.460 [10284] LOG_TRACE m_s32_volume=50 cctdlg.cpp:1180
2017-12-15 13:58:27.871 [12416] LOG_TRACE rcv[23]:{DEV_ID:1},{LOST:0.00%} devmon.cpp:53
2017-12-15 13:58:32.872 [12416] LOG_TRACE rcv[23]:{DEV_ID:1},{LOST:0.00%} devmon.cpp:53
2017-12-15 13:58:33.935 [10284] LOG_TRACE m_s32_volume=50 cctdlg.cpp:1180
2017-12-15 13:58:35.639 [10284] LOG_TRACE m_s32_volume=50 cctdlg.cpp:1180
2017-12-15 13:58:37.873 [12416] LOG_TRACE rcv[23]:{DEV_ID:1},{LOST:0.00%} devmon.cpp:53
2017-12-15 13:58:41.979 [10284] LOG_TRACE CCCTDlg::stopRecord cctdlg.cpp:583
2017-12-15 13:58:42.044 [10284] LOG_INFO wav in close err:5 cctdlg.cpp:593
2017-12-15 13:58:42.875 [12416] LOG_TRACE rcv[23]:{DEV_ID:1},{LOST:0.00%} devmon.cpp:53
2017-12-15 13:58:43.127 [10284] LOG_TRACE spk1 1 cctdlg.cpp:654
2017-12-15 13:58:43.127 [10284] LOG_TRACE CCCTDlg::set_speaker, spk=1, onoff=1 cctdlg.cpp:640
2017-12-15 13:58:47.878 [12416] LOG_TRACE rcv[23]:{DEV_ID:1},{LOST:0.00%} devmon.cpp:53
2017-12-15 13:58:52.881 [12416] LOG_TRACE rcv[23]:{DEV_ID:1},{LOST:0.00%} devmon.cpp:53
2017-12-15 13:58:57.885 [12416] LOG_TRACE rcv[23]:{DEV_ID:1},{LOST:0.00%} devmon.cpp:53
2017-12-15 13:59:02.887 [12416] LOG_TRACE rcv[23]:{DEV_ID:1},{LOST:0.00%} devmon.cpp:53
2017-12-15 13:59:07.890 [12416] LOG_TRACE rcv[23]:{DEV_ID:1},{LOST:0.00%} devmon.cpp:53
2017-12-15 13:59:12.893 [12416] LOG_TRACE rcv[23]:{DEV_ID:1},{LOST:0.00%} devmon.cpp:53
2017-12-15 13:59:17.898 [12416] LOG_TRACE rcv[23]:{DEV_ID:1},{LOST:0.00%} devmon.cpp:53
2017-12-15 13:59:22.900 [12416] LOG_TRACE rcv[23]:{DEV_ID:1},{LOST:0.00%} devmon.cpp:53
2017-12-15 13:59:27.903 [12416] LOG_TRACE rcv[23]:{DEV_ID:1},{LOST:0.00%} devmon.cpp:53
2017-12-15 13:59:32.906 [12416] LOG_TRACE rcv[23]:{DEV_ID:1},{LOST:0.00%} devmon.cpp:53
2017-12-15 13:59:37.909 [12416] LOG_TRACE rcv[23]:{DEV_ID:1},{LOST:0.00%} devmon.cpp:53
2017-12-15 13:59:42.912 [12416] LOG_TRACE rcv[23]:{DEV_ID:1},{LOST:0.00%} devmon.cpp:53
2017-12-15 13:59:47.820 [10284] LOG_TRACE m_s32_volume=50 cctdlg.cpp:1180
2017-12-15 13:59:47.843 [10284] LOG_TRACE m_s32_volume=50 cctdlg.cpp:1180
2017-12-15 13:59:47.915 [12416] LOG_TRACE rcv[23]:{DEV_ID:1},{LOST:0.00%} devmon.cpp:53
2017-12-15 13:59:48.451 [10284] LOG_TRACE m_s32_volume=50 cctdlg.cpp:1180
2017-12-15 13:59:48.662 [10284] LOG_TRACE m_s32_volume=50 cctdlg.cpp:1180
2017-12-15 13:59:48.686 [10284] LOG_TRACE m_s32_volume=51 cctdlg.cpp:1180
2017-12-15 13:59:48.785 [10284] LOG_TRACE m_s32_volume=52 cctdlg.cpp:1180
2017-12-15 13:59:48.804 [10284] LOG_TRACE m_s32_volume=53 cctdlg.cpp:1180
2017-12-15 13:59:48.829 [10284] LOG_TRACE m_s32_volume=54 cctdlg.cpp:1180
2017-12-15 13:59:48.841 [10284] LOG_TRACE m_s32_volume=55 cctdlg.cpp:1180
2017-12-15 13:59:48.858 [10284] LOG_TRACE m_s32_volume=56 cctdlg.cpp:1180
2017-12-15 13:59:48.877 [10284] LOG_TRACE m_s32_volume=57 cctdlg.cpp:1180
2017-12-15 13:59:48.890 [10284] LOG_TRACE m_s32_volume=59 cctdlg.cpp:1180
2017-12-15 13:59:48.954 [10284] LOG_TRACE m_s32_volume=60 cctdlg.cpp:1180
2017-12-15 13:59:48.971 [10284] LOG_TRACE m_s32_volume=61 cctdlg.cpp:1180
2017-12-15 13:59:48.994 [10284] LOG_TRACE m_s32_volume=62 cctdlg.cpp:1180
2017-12-15 13:59:49.022 [10284] LOG_TRACE m_s32_volume=63 cctdlg.cpp:1180
2017-12-15 13:59:49.041 [10284] LOG_TRACE m_s32_volume=65 cctdlg.cpp:1180
2017-12-15 13:59:49.056 [10284] LOG_TRACE m_s32_volume=66 cctdlg.cpp:1180
2017-12-15 13:59:49.072 [10284] LOG_TRACE m_s32_volume=67 cctdlg.cpp:1180
2017-12-15 13:59:49.078 [10284] LOG_TRACE m_s32_volume=68 cctdlg.cpp:1180
2017-12-15 13:59:49.097 [10284] LOG_TRACE m_s32_volume=69 cctdlg.cpp:1180
2017-12-15 13:59:49.104 [10284] LOG_TRACE m_s32_volume=70 cctdlg.cpp:1180
2017-12-15 13:59:49.112 [10284] LOG_TRACE m_s32_volume=71 cctdlg.cpp:1180
2017-12-15 13:59:49.129 [10284] LOG_TRACE m_s32_volume=72 cctdlg.cpp:1180
2017-12-15 13:59:49.136 [10284] LOG_TRACE m_s32_volume=74 cctdlg.cpp:1180
2017-12-15 13:59:49.152 [10284] LOG_TRACE m_s32_volume=75 cctdlg.cpp:1180
2017-12-15 13:59:49.160 [10284] LOG_TRACE m_s32_volume=76 cctdlg.cpp:1180
2017-12-15 13:59:49.168 [10284] LOG_TRACE m_s32_volume=77 cctdlg.cpp:1180
2017-12-15 13:59:49.180 [10284] LOG_TRACE m_s32_volume=78 cctdlg.cpp:1180
2017-12-15 13:59:49.204 [10284] LOG_TRACE m_s32_volume=80 cctdlg.cpp:1180
2017-12-15 13:59:49.222 [10284] LOG_TRACE m_s32_volume=81 cctdlg.cpp:1180
2017-12-15 13:59:49.234 [10284] LOG_TRACE m_s32_volume=82 cctdlg.cpp:1180
2017-12-15 13:59:49.259 [10284] LOG_TRACE m_s32_volume=83 cctdlg.cpp:1180
2017-12-15 13:59:49.267 [10284] LOG_TRACE m_s32_volume=84 cctdlg.cpp:1180
2017-12-15 13:59:49.283 [10284] LOG_TRACE m_s32_volume=85 cctdlg.cpp:1180
2017-12-15 13:59:49.299 [10284] LOG_TRACE m_s32_volume=86 cctdlg.cpp:1180
2017-12-15 13:59:49.316 [10284] LOG_TRACE m_s32_volume=87 cctdlg.cpp:1180
2017-12-15 13:59:49.332 [10284] LOG_TRACE m_s32_volume=88 cctdlg.cpp:1180
2017-12-15 13:59:49.340 [10284] LOG_TRACE m_s32_volume=89 cctdlg.cpp:1180
2017-12-15 13:59:49.356 [10284] LOG_TRACE m_s32_volume=90 cctdlg.cpp:1180
2017-12-15 13:59:49.373 [10284] LOG_TRACE m_s32_volume=91 cctdlg.cpp:1180
2017-12-15 13:59:49.389 [10284] LOG_TRACE m_s32_volume=92 cctdlg.cpp:1180
2017-12-15 13:59:49.476 [10284] LOG_TRACE m_s32_volume=93 cctdlg.cpp:1180
2017-12-15 13:59:49.496 [10284] LOG_TRACE m_s32_volume=94 cctdlg.cpp:1180
2017-12-15 13:59:49.515 [10284] LOG_TRACE m_s32_volume=95 cctdlg.cpp:1180
2017-12-15 13:59:49.558 [10284] LOG_TRACE m_s32_volume=96 cctdlg.cpp:1180
2017-12-15 13:59:49.566 [10284] LOG_TRACE m_s32_volume=97 cctdlg.cpp:1180
2017-12-15 13:59:49.595 [10284] LOG_TRACE m_s32_volume=98 cctdlg.cpp:1180
2017-12-15 13:59:49.628 [10284] LOG_TRACE m_s32_volume=99 cctdlg.cpp:1180
2017-12-15 13:59:49.671 [10284] LOG_TRACE m_s32_volume=100 cctdlg.cpp:1180
2017-12-15 13:59:50.214 [10284] LOG_TRACE m_s32_volume=100 cctdlg.cpp:1180
2017-12-15 13:59:50.217 [10284] LOG_TRACE m_s32_volume=100 cctdlg.cpp:1180
2017-12-15 13:59:50.218 [10284] LOG_TRACE m_s32_volume=100 cctdlg.cpp:1180
2017-12-15 13:59:52.918 [12416] LOG_TRACE rcv[23]:{DEV_ID:1},{LOST:0.00%} devmon.cpp:53
2017-12-15 13:59:57.921 [12416] LOG_TRACE rcv[23]:{DEV_ID:1},{LOST:0.00%} devmon.cpp:53
2017-12-15 14:00:02.923 [12416] LOG_TRACE rcv[23]:{DEV_ID:1},{LOST:0.00%} devmon.cpp:53
2017-12-15 14:00:07.929 [12416] LOG_TRACE rcv[23]:{DEV_ID:1},{LOST:0.00%} devmon.cpp:53
2017-12-15 14:00:12.931 [12416] LOG_TRACE rcv[23]:{DEV_ID:1},{LOST:0.00%} devmon.cpp:53
2017-12-15 14:00:17.934 [12416] LOG_TRACE rcv[23]:{DEV_ID:1},{LOST:0.00%} devmon.cpp:53
2017-12-15 14:00:22.937 [12416] LOG_TRACE rcv[23]:{DEV_ID:1},{LOST:0.00%} devmon.cpp:53
2017-12-15 14:00:27.940 [12416] LOG_TRACE rcv[23]:{DEV_ID:1},{LOST:0.00%} devmon.cpp:53
2017-12-15 14:00:32.943 [12416] LOG_TRACE rcv[23]:{DEV_ID:1},{LOST:0.00%} devmon.cpp:53
2017-12-15 14:00:37.949 [12416] LOG_TRACE rcv[23]:{DEV_ID:1},{LOST:0.00%} devmon.cpp:53
2017-12-15 14:00:42.952 [12416] LOG_TRACE rcv[23]:{DEV_ID:1},{LOST:0.00%} devmon.cpp:53
2017-12-15 14:00:47.955 [12416] LOG_TRACE rcv[23]:{DEV_ID:1},{LOST:0.00%} devmon.cpp:53
2017-12-15 14:00:52.957 [12416] LOG_TRACE rcv[23]:{DEV_ID:1},{LOST:0.00%} devmon.cpp:53
2017-12-15 14:00:57.961 [12416] LOG_TRACE rcv[23]:{DEV_ID:1},{LOST:0.00%} devmon.cpp:53
2017-12-15 14:01:02.963 [12416] LOG_TRACE rcv[23]:{DEV_ID:1},{LOST:0.00%} devmon.cpp:53
2017-12-15 14:01:07.966 [12416] LOG_TRACE rcv[23]:{DEV_ID:1},{LOST:0.00%} devmon.cpp:53
2017-12-15 14:01:09.461 [10284] LOG_TRACE m_s32_volume=100 cctdlg.cpp:1180
2017-12-15 14:01:09.501 [10284] LOG_TRACE m_s32_volume=100 cctdlg.cpp:1180
2017-12-15 14:01:10.467 [10284] LOG_TRACE m_s32_volume=100 cctdlg.cpp:1180
2017-12-15 14:01:12.968 [12416] LOG_TRACE rcv[23]:{DEV_ID:1},{LOST:0.00%} devmon.cpp:53
2017-12-15 14:01:17.972 [12416] LOG_TRACE rcv[23]:{DEV_ID:1},{LOST:0.00%} devmon.cpp:53
2017-12-15 14:01:22.974 [12416] LOG_TRACE rcv[23]:{DEV_ID:1},{LOST:0.00%} devmon.cpp:53
2017-12-15 14:01:27.977 [12416] LOG_TRACE rcv[23]:{DEV_ID:1},{LOST:0.00%} devmon.cpp:53
2017-12-15 14:01:32.980 [12416] LOG_TRACE rcv[23]:{DEV_ID:1},{LOST:0.00%} devmon.cpp:53
2017-12-15 14:01:37.983 [12416] LOG_TRACE rcv[23]:{DEV_ID:1},{LOST:0.00%} devmon.cpp:53
2017-12-15 14:01:42.985 [12416] LOG_TRACE rcv[23]:{DEV_ID:1},{LOST:0.00%} devmon.cpp:53
2017-12-15 14:01:47.990 [12416] LOG_TRACE rcv[23]:{DEV_ID:1},{LOST:0.00%} devmon.cpp:53
2017-12-15 14:01:52.992 [12416] LOG_TRACE rcv[23]:{DEV_ID:1},{LOST:0.00%} devmon.cpp:53
2017-12-15 14:01:57.995 [12416] LOG_TRACE rcv[23]:{DEV_ID:1},{LOST:0.00%} devmon.cpp:53
2017-12-15 14:02:02.997 [12416] LOG_TRACE rcv[23]:{DEV_ID:1},{LOST:0.00%} devmon.cpp:53
2017-12-15 14:02:08.002 [12416] LOG_TRACE rcv[23]:{DEV_ID:1},{LOST:0.00%} devmon.cpp:53
2017-12-15 14:02:13.004 [12416] LOG_TRACE rcv[23]:{DEV_ID:1},{LOST:0.00%} devmon.cpp:53
2017-12-15 14:02:18.007 [12416] LOG_TRACE rcv[23]:{DEV_ID:1},{LOST:0.00%} devmon.cpp:53
2017-12-15 14:02:23.009 [12416] LOG_TRACE rcv[23]:{DEV_ID:1},{LOST:0.00%} devmon.cpp:53
2017-12-15 14:02:24.946 [17748] LOG_TRACE file[0] play stop cctdlg.cpp:1029
2017-12-15 14:02:24.946 [17748] LOG_TRACE play file change to  0 cctdlg.cpp:1038
2017-12-15 14:02:28.014 [12416] LOG_TRACE rcv[23]:{DEV_ID:1},{LOST:0.00%} devmon.cpp:53
2017-12-15 14:02:33.016 [12416] LOG_TRACE rcv[23]:{DEV_ID:1},{LOST:0.00%} devmon.cpp:53
2017-12-15 14:02:38.019 [12416] LOG_TRACE rcv[23]:{DEV_ID:1},{LOST:0.00%} devmon.cpp:53
2017-12-15 14:02:43.022 [12416] LOG_TRACE rcv[23]:{DEV_ID:1},{LOST:0.00%} devmon.cpp:53
2017-12-15 14:02:48.025 [12416] LOG_TRACE rcv[23]:{DEV_ID:1},{LOST:0.00%} devmon.cpp:53
2017-12-15 14:02:53.027 [12416] LOG_TRACE rcv[23]:{DEV_ID:1},{LOST:0.00%} devmon.cpp:53
2017-12-15 14:02:58.030 [12416] LOG_TRACE rcv[23]:{DEV_ID:1},{LOST:0.00%} devmon.cpp:53
2017-12-15 14:03:03.033 [12416] LOG_TRACE rcv[23]:{DEV_ID:1},{LOST:0.00%} devmon.cpp:53
2017-12-15 14:03:08.036 [12416] LOG_TRACE rcv[23]:{DEV_ID:1},{LOST:0.00%} devmon.cpp:53
2017-12-15 14:03:13.038 [12416] LOG_TRACE rcv[23]:{DEV_ID:1},{LOST:0.00%} devmon.cpp:53
2017-12-15 14:03:18.042 [12416] LOG_TRACE rcv[23]:{DEV_ID:1},{LOST:0.00%} devmon.cpp:53
2017-12-15 14:03:21.984 [10284] LOG_TRACE m_s32_volume=100 cctdlg.cpp:1180
2017-12-15 14:03:23.044 [12416] LOG_TRACE rcv[23]:{DEV_ID:1},{LOST:0.00%} devmon.cpp:53
2017-12-15 14:03:28.047 [12416] LOG_TRACE rcv[23]:{DEV_ID:1},{LOST:0.00%} devmon.cpp:53
2017-12-15 14:03:33.049 [12416] LOG_TRACE rcv[23]:{DEV_ID:1},{LOST:0.00%} devmon.cpp:53
2017-12-15 14:03:38.053 [12416] LOG_TRACE rcv[23]:{DEV_ID:1},{LOST:0.00%} devmon.cpp:53
2017-12-15 14:03:43.055 [12416] LOG_TRACE rcv[23]:{DEV_ID:1},{LOST:0.00%} devmon.cpp:53
2017-12-15 14:03:48.058 [12416] LOG_TRACE rcv[23]:{DEV_ID:1},{LOST:0.00%} devmon.cpp:53
2017-12-15 14:03:53.061 [12416] LOG_TRACE rcv[23]:{DEV_ID:1},{LOST:0.00%} devmon.cpp:53
2017-12-15 14:03:58.064 [12416] LOG_TRACE rcv[23]:{DEV_ID:1},{LOST:0.00%} devmon.cpp:53
2017-12-15 14:04:03.066 [12416] LOG_TRACE rcv[23]:{DEV_ID:1},{LOST:0.00%} devmon.cpp:53
2017-12-15 14:04:08.069 [12416] LOG_TRACE rcv[23]:{DEV_ID:1},{LOST:0.00%} devmon.cpp:53
2017-12-15 14:04:13.072 [12416] LOG_TRACE rcv[23]:{DEV_ID:1},{LOST:0.00%} devmon.cpp:53
2017-12-15 14:04:18.076 [12416] LOG_TRACE rcv[23]:{DEV_ID:1},{LOST:0.00%} devmon.cpp:53
2017-12-15 14:04:23.078 [12416] LOG_TRACE rcv[23]:{DEV_ID:1},{LOST:0.00%} devmon.cpp:53
2017-12-15 14:04:28.082 [12416] LOG_TRACE rcv[23]:{DEV_ID:1},{LOST:0.00%} devmon.cpp:53
2017-12-15 14:04:33.084 [12416] LOG_TRACE rcv[23]:{DEV_ID:1},{LOST:0.00%} devmon.cpp:53
2017-12-15 14:04:38.087 [12416] LOG_TRACE rcv[23]:{DEV_ID:1},{LOST:0.00%} devmon.cpp:53
2017-12-15 14:04:43.090 [12416] LOG_TRACE rcv[23]:{DEV_ID:1},{LOST:0.00%} devmon.cpp:53
2017-12-15 14:04:48.094 [12416] LOG_TRACE rcv[23]:{DEV_ID:1},{LOST:0.00%} devmon.cpp:53
2017-12-15 14:04:53.096 [12416] LOG_TRACE rcv[23]:{DEV_ID:1},{LOST:0.00%} devmon.cpp:53
2017-12-15 14:04:58.099 [12416] LOG_TRACE rcv[23]:{DEV_ID:1},{LOST:0.00%} devmon.cpp:53
2017-12-15 14:05:03.102 [12416] LOG_TRACE rcv[23]:{DEV_ID:1},{LOST:0.00%} devmon.cpp:53
2017-12-15 14:05:08.105 [12416] LOG_TRACE rcv[23]:{DEV_ID:1},{LOST:0.00%} devmon.cpp:53
2017-12-15 14:05:13.107 [12416] LOG_TRACE rcv[23]:{DEV_ID:1},{LOST:0.00%} devmon.cpp:53
2017-12-15 14:05:18.110 [12416] LOG_TRACE rcv[23]:{DEV_ID:1},{LOST:0.00%} devmon.cpp:53
2017-12-15 14:05:23.113 [12416] LOG_TRACE rcv[23]:{DEV_ID:1},{LOST:0.00%} devmon.cpp:53
2017-12-15 14:05:28.116 [12416] LOG_TRACE rcv[23]:{DEV_ID:1},{LOST:0.00%} devmon.cpp:53
2017-12-15 14:05:33.118 [12416] LOG_TRACE rcv[23]:{DEV_ID:1},{LOST:0.00%} devmon.cpp:53
2017-12-15 14:05:38.122 [12416] LOG_TRACE rcv[23]:{DEV_ID:1},{LOST:0.00%} devmon.cpp:53
2017-12-15 14:05:43.125 [12416] LOG_TRACE rcv[23]:{DEV_ID:1},{LOST:0.00%} devmon.cpp:53
2017-12-15 14:05:48.128 [12416] LOG_TRACE rcv[23]:{DEV_ID:1},{LOST:0.00%} devmon.cpp:53
2017-12-15 14:05:53.130 [12416] LOG_TRACE rcv[23]:{DEV_ID:1},{LOST:0.00%} devmon.cpp:53
2017-12-15 14:05:58.134 [12416] LOG_TRACE rcv[23]:{DEV_ID:1},{LOST:0.00%} devmon.cpp:53
2017-12-15 14:06:03.136 [12416] LOG_TRACE rcv[23]:{DEV_ID:1},{LOST:0.00%} devmon.cpp:53
2017-12-15 14:06:04.841 [17748] LOG_TRACE file[0] play stop cctdlg.cpp:1029
2017-12-15 14:06:04.841 [17748] LOG_TRACE play file change to  0 cctdlg.cpp:1038
2017-12-15 14:06:08.139 [12416] LOG_TRACE rcv[23]:{DEV_ID:1},{LOST:0.00%} devmon.cpp:53
2017-12-15 14:06:13.142 [12416] LOG_TRACE rcv[23]:{DEV_ID:1},{LOST:0.00%} devmon.cpp:53
2017-12-15 14:06:18.145 [12416] LOG_TRACE rcv[23]:{DEV_ID:1},{LOST:0.00%} devmon.cpp:53
2017-12-15 14:06:23.147 [12416] LOG_TRACE rcv[23]:{DEV_ID:1},{LOST:0.00%} devmon.cpp:53
2017-12-15 14:06:28.148 [12416] LOG_TRACE rcv[23]:{DEV_ID:1},{LOST:0.00%} devmon.cpp:53
2017-12-15 14:06:33.150 [12416] LOG_TRACE rcv[23]:{DEV_ID:1},{LOST:0.00%} devmon.cpp:53
2017-12-15 14:06:38.151 [12416] LOG_TRACE rcv[23]:{DEV_ID:1},{LOST:0.00%} devmon.cpp:53
2017-12-15 14:06:43.152 [12416] LOG_TRACE rcv[23]:{DEV_ID:1},{LOST:0.00%} devmon.cpp:53
2017-12-15 14:06:48.154 [12416] LOG_TRACE rcv[23]:{DEV_ID:1},{LOST:0.00%} devmon.cpp:53
2017-12-15 14:06:53.155 [12416] LOG_TRACE rcv[23]:{DEV_ID:1},{LOST:0.00%} devmon.cpp:53
2017-12-15 14:07:56.158 [12416] LOG_TRACE DEV[1] Offline devmon.cpp:76
2017-12-15 14:08:43.162 [12416] LOG_TRACE rcv[24]:{DEV_ID:1},{LOST:33.24%} devmon.cpp:53
2017-12-15 14:08:43.162 [12416] LOG_TRACE DEV[1] online devmon.cpp:64
2017-12-15 14:08:48.164 [12416] LOG_TRACE rcv[23]:{DEV_ID:1},{LOST:0.00%} devmon.cpp:53
2017-12-15 14:08:53.168 [12416] LOG_TRACE rcv[23]:{DEV_ID:1},{LOST:0.00%} devmon.cpp:53
2017-12-15 14:08:58.170 [12416] LOG_TRACE rcv[23]:{DEV_ID:1},{LOST:0.00%} devmon.cpp:53
2017-12-15 14:09:03.173 [12416] LOG_TRACE rcv[23]:{DEV_ID:1},{LOST:0.00%} devmon.cpp:53
2017-12-15 14:09:08.176 [12416] LOG_TRACE rcv[23]:{DEV_ID:1},{LOST:0.00%} devmon.cpp:53
2017-12-15 14:09:13.179 [12416] LOG_TRACE rcv[23]:{DEV_ID:1},{LOST:0.00%} devmon.cpp:53
2017-12-15 14:09:18.181 [12416] LOG_TRACE rcv[23]:{DEV_ID:1},{LOST:0.00%} devmon.cpp:53
2017-12-15 14:09:23.184 [12416] LOG_TRACE rcv[23]:{DEV_ID:1},{LOST:0.00%} devmon.cpp:53
2017-12-15 14:09:28.187 [12416] LOG_TRACE rcv[23]:{DEV_ID:1},{LOST:0.00%} devmon.cpp:53
2017-12-15 14:09:33.190 [12416] LOG_TRACE rcv[23]:{DEV_ID:1},{LOST:0.00%} devmon.cpp:53
2017-12-15 14:09:38.192 [12416] LOG_TRACE rcv[23]:{DEV_ID:1},{LOST:0.00%} devmon.cpp:53
2017-12-15 14:09:43.196 [12416] LOG_TRACE rcv[23]:{DEV_ID:1},{LOST:0.00%} devmon.cpp:53
2017-12-15 14:09:44.742 [17748] LOG_TRACE file[0] play stop cctdlg.cpp:1029
2017-12-15 14:09:44.742 [17748] LOG_TRACE play file change to  0 cctdlg.cpp:1038
2017-12-15 14:09:48.199 [12416] LOG_TRACE rcv[23]:{DEV_ID:1},{LOST:0.00%} devmon.cpp:53
2017-12-15 14:09:53.204 [12416] LOG_TRACE rcv[23]:{DEV_ID:1},{LOST:0.00%} devmon.cpp:53
2017-12-15 14:09:58.208 [12416] LOG_TRACE rcv[23]:{DEV_ID:1},{LOST:0.00%} devmon.cpp:53
2017-12-15 14:10:03.213 [12416] LOG_TRACE rcv[23]:{DEV_ID:1},{LOST:0.00%} devmon.cpp:53
2017-12-15 14:10:08.216 [12416] LOG_TRACE rcv[23]:{DEV_ID:1},{LOST:0.00%} devmon.cpp:53
2017-12-15 14:10:23.722 [12416] LOG_TRACE rcv[23]:{DEV_ID:1},{LOST:0.00%} devmon.cpp:53
2017-12-15 14:10:28.725 [12416] LOG_TRACE rcv[23]:{DEV_ID:1},{LOST:0.00%} devmon.cpp:53
2017-12-15 14:10:33.729 [12416] LOG_TRACE rcv[23]:{DEV_ID:1},{LOST:0.00%} devmon.cpp:53
2017-12-15 14:10:38.733 [12416] LOG_TRACE rcv[23]:{DEV_ID:1},{LOST:0.00%} devmon.cpp:53
2017-12-15 14:10:43.734 [12416] LOG_TRACE rcv[23]:{DEV_ID:1},{LOST:0.00%} devmon.cpp:53
2017-12-15 14:10:48.735 [12416] LOG_TRACE rcv[23]:{DEV_ID:1},{LOST:0.00%} devmon.cpp:53
2017-12-15 14:10:53.737 [12416] LOG_TRACE rcv[23]:{DEV_ID:1},{LOST:0.00%} devmon.cpp:53
2017-12-15 14:10:58.738 [12416] LOG_TRACE rcv[23]:{DEV_ID:1},{LOST:0.00%} devmon.cpp:53
2017-12-15 14:11:03.739 [12416] LOG_TRACE rcv[23]:{DEV_ID:1},{LOST:0.00%} devmon.cpp:53
2017-12-15 14:11:08.742 [12416] LOG_TRACE rcv[23]:{DEV_ID:1},{LOST:0.00%} devmon.cpp:53
2017-12-15 14:11:13.745 [12416] LOG_TRACE rcv[23]:{DEV_ID:1},{LOST:0.00%} devmon.cpp:53
2017-12-15 14:11:18.748 [12416] LOG_TRACE rcv[23]:{DEV_ID:1},{LOST:0.00%} devmon.cpp:53
2017-12-15 14:11:23.751 [12416] LOG_TRACE rcv[23]:{DEV_ID:1},{LOST:0.00%} devmon.cpp:53
2017-12-15 14:11:28.755 [12416] LOG_TRACE rcv[23]:{DEV_ID:1},{LOST:0.00%} devmon.cpp:53
2017-12-15 14:11:33.757 [12416] LOG_TRACE rcv[23]:{DEV_ID:1},{LOST:0.00%} devmon.cpp:53
2017-12-15 14:11:38.760 [12416] LOG_TRACE rcv[23]:{DEV_ID:1},{LOST:0.00%} devmon.cpp:53
2017-12-15 14:11:43.762 [12416] LOG_TRACE rcv[23]:{DEV_ID:1},{LOST:0.00%} devmon.cpp:53
2017-12-15 14:11:48.766 [12416] LOG_TRACE rcv[23]:{DEV_ID:1},{LOST:0.00%} devmon.cpp:53
2017-12-15 14:11:53.768 [12416] LOG_TRACE rcv[23]:{DEV_ID:1},{LOST:0.00%} devmon.cpp:53
2017-12-15 14:11:58.771 [12416] LOG_TRACE rcv[23]:{DEV_ID:1},{LOST:0.00%} devmon.cpp:53
2017-12-15 14:12:03.774 [12416] LOG_TRACE rcv[23]:{DEV_ID:1},{LOST:0.00%} devmon.cpp:53
2017-12-15 14:12:08.778 [12416] LOG_TRACE rcv[23]:{DEV_ID:1},{LOST:0.00%} devmon.cpp:53
2017-12-15 14:12:13.780 [12416] LOG_TRACE rcv[23]:{DEV_ID:1},{LOST:0.00%} devmon.cpp:53
2017-12-15 14:12:18.783 [12416] LOG_TRACE rcv[23]:{DEV_ID:1},{LOST:0.00%} devmon.cpp:53
2017-12-15 14:12:23.786 [12416] LOG_TRACE rcv[23]:{DEV_ID:1},{LOST:0.00%} devmon.cpp:53
2017-12-15 14:12:28.789 [12416] LOG_TRACE rcv[23]:{DEV_ID:1},{LOST:0.00%} devmon.cpp:53
2017-12-15 14:12:33.791 [12416] LOG_TRACE rcv[23]:{DEV_ID:1},{LOST:0.00%} devmon.cpp:53
2017-12-15 14:12:38.795 [12416] LOG_TRACE rcv[23]:{DEV_ID:1},{LOST:0.00%} devmon.cpp:53
2017-12-15 14:12:43.798 [12416] LOG_TRACE rcv[23]:{DEV_ID:1},{LOST:0.00%} devmon.cpp:53
2017-12-15 14:12:48.801 [12416] LOG_TRACE rcv[23]:{DEV_ID:1},{LOST:0.00%} devmon.cpp:53
2017-12-15 14:12:53.803 [12416] LOG_TRACE rcv[23]:{DEV_ID:1},{LOST:0.00%} devmon.cpp:53
2017-12-15 14:12:58.807 [12416] LOG_TRACE rcv[23]:{DEV_ID:1},{LOST:0.00%} devmon.cpp:53
2017-12-15 14:13:03.809 [12416] LOG_TRACE rcv[23]:{DEV_ID:1},{LOST:0.00%} devmon.cpp:53
2017-12-15 14:13:08.812 [12416] LOG_TRACE rcv[23]:{DEV_ID:1},{LOST:0.00%} devmon.cpp:53
2017-12-15 14:13:13.815 [12416] LOG_TRACE rcv[23]:{DEV_ID:1},{LOST:0.00%} devmon.cpp:53
2017-12-15 14:13:18.818 [12416] LOG_TRACE rcv[23]:{DEV_ID:1},{LOST:0.00%} devmon.cpp:53
2017-12-15 14:13:23.821 [12416] LOG_TRACE rcv[23]:{DEV_ID:1},{LOST:0.00%} devmon.cpp:53
2017-12-15 14:13:24.656 [3892] LOG_TRACE file[0] play stop cctdlg.cpp:1029
2017-12-15 14:13:24.656 [3892] LOG_TRACE play file change to  0 cctdlg.cpp:1038
2017-12-15 14:13:28.824 [12416] LOG_TRACE rcv[23]:{DEV_ID:1},{LOST:0.00%} devmon.cpp:53
2017-12-15 14:13:33.827 [12416] LOG_TRACE rcv[23]:{DEV_ID:1},{LOST:0.00%} devmon.cpp:53
2017-12-15 14:13:38.830 [12416] LOG_TRACE rcv[23]:{DEV_ID:1},{LOST:0.00%} devmon.cpp:53
2017-12-15 14:13:43.832 [12416] LOG_TRACE rcv[23]:{DEV_ID:1},{LOST:0.00%} devmon.cpp:53
2017-12-15 14:13:48.836 [12416] LOG_TRACE rcv[23]:{DEV_ID:1},{LOST:0.00%} devmon.cpp:53
2017-12-15 14:13:53.838 [12416] LOG_TRACE rcv[23]:{DEV_ID:1},{LOST:0.00%} devmon.cpp:53
2017-12-15 14:13:58.841 [12416] LOG_TRACE rcv[23]:{DEV_ID:1},{LOST:0.00%} devmon.cpp:53
2017-12-15 14:14:03.843 [12416] LOG_TRACE rcv[23]:{DEV_ID:1},{LOST:0.00%} devmon.cpp:53
2017-12-15 14:14:08.848 [12416] LOG_TRACE rcv[23]:{DEV_ID:1},{LOST:0.00%} devmon.cpp:53
2017-12-15 14:14:13.850 [12416] LOG_TRACE rcv[23]:{DEV_ID:1},{LOST:0.00%} devmon.cpp:53
2017-12-15 14:14:18.854 [12416] LOG_TRACE rcv[23]:{DEV_ID:1},{LOST:0.00%} devmon.cpp:53
2017-12-15 14:14:23.857 [12416] LOG_TRACE rcv[23]:{DEV_ID:1},{LOST:0.00%} devmon.cpp:53
2017-12-15 14:14:28.860 [12416] LOG_TRACE rcv[23]:{DEV_ID:1},{LOST:0.00%} devmon.cpp:53
2017-12-15 14:14:33.862 [12416] LOG_TRACE rcv[23]:{DEV_ID:1},{LOST:0.00%} devmon.cpp:53
2017-12-15 14:14:38.865 [12416] LOG_TRACE rcv[23]:{DEV_ID:1},{LOST:0.00%} devmon.cpp:53
2017-12-15 14:14:43.868 [12416] LOG_TRACE rcv[23]:{DEV_ID:1},{LOST:0.00%} devmon.cpp:53
2017-12-15 14:14:48.872 [12416] LOG_TRACE rcv[23]:{DEV_ID:1},{LOST:0.00%} devmon.cpp:53
2017-12-15 14:14:53.874 [12416] LOG_TRACE rcv[23]:{DEV_ID:1},{LOST:0.00%} devmon.cpp:53
2017-12-15 14:14:58.878 [12416] LOG_TRACE rcv[23]:{DEV_ID:1},{LOST:0.00%} devmon.cpp:53
2017-12-15 14:15:03.881 [12416] LOG_TRACE rcv[23]:{DEV_ID:1},{LOST:0.00%} devmon.cpp:53
2017-12-15 14:15:08.885 [12416] LOG_TRACE rcv[23]:{DEV_ID:1},{LOST:0.00%} devmon.cpp:53
2017-12-15 14:15:13.887 [12416] LOG_TRACE rcv[23]:{DEV_ID:1},{LOST:0.00%} devmon.cpp:53
2017-12-15 14:15:18.891 [12416] LOG_TRACE rcv[23]:{DEV_ID:1},{LOST:0.00%} devmon.cpp:53
2017-12-15 14:15:23.893 [12416] LOG_TRACE rcv[23]:{DEV_ID:1},{LOST:0.00%} devmon.cpp:53
2017-12-15 14:15:28.896 [12416] LOG_TRACE rcv[23]:{DEV_ID:1},{LOST:0.00%} devmon.cpp:53
2017-12-15 14:15:33.899 [12416] LOG_TRACE rcv[23]:{DEV_ID:1},{LOST:0.00%} devmon.cpp:53
2017-12-15 14:15:38.902 [12416] LOG_TRACE rcv[23]:{DEV_ID:1},{LOST:0.00%} devmon.cpp:53
2017-12-15 14:15:43.905 [12416] LOG_TRACE rcv[23]:{DEV_ID:1},{LOST:0.00%} devmon.cpp:53
2017-12-15 14:15:48.907 [12416] LOG_TRACE rcv[23]:{DEV_ID:1},{LOST:0.00%} devmon.cpp:53
2017-12-15 14:15:53.910 [12416] LOG_TRACE rcv[23]:{DEV_ID:1},{LOST:0.00%} devmon.cpp:53
2017-12-15 14:15:58.913 [12416] LOG_TRACE rcv[23]:{DEV_ID:1},{LOST:0.00%} devmon.cpp:53
2017-12-15 14:16:03.915 [12416] LOG_TRACE rcv[23]:{DEV_ID:1},{LOST:0.00%} devmon.cpp:53
2017-12-15 14:16:08.919 [12416] LOG_TRACE rcv[23]:{DEV_ID:1},{LOST:0.00%} devmon.cpp:53
2017-12-15 14:16:13.922 [12416] LOG_TRACE rcv[23]:{DEV_ID:1},{LOST:0.00%} devmon.cpp:53
2017-12-15 14:16:18.925 [12416] LOG_TRACE rcv[23]:{DEV_ID:1},{LOST:0.00%} devmon.cpp:53
2017-12-15 14:16:23.927 [12416] LOG_TRACE rcv[23]:{DEV_ID:1},{LOST:0.00%} devmon.cpp:53
2017-12-15 14:16:28.931 [12416] LOG_TRACE rcv[23]:{DEV_ID:1},{LOST:0.00%} devmon.cpp:53
2017-12-15 14:16:33.933 [12416] LOG_TRACE rcv[23]:{DEV_ID:1},{LOST:0.00%} devmon.cpp:53
2017-12-15 14:16:38.936 [12416] LOG_TRACE rcv[23]:{DEV_ID:1},{LOST:0.00%} devmon.cpp:53
2017-12-15 14:16:43.939 [12416] LOG_TRACE rcv[23]:{DEV_ID:1},{LOST:0.00%} devmon.cpp:53
2017-12-15 14:16:48.942 [12416] LOG_TRACE rcv[23]:{DEV_ID:1},{LOST:0.00%} devmon.cpp:53
2017-12-15 14:16:53.944 [12416] LOG_TRACE rcv[23]:{DEV_ID:1},{LOST:0.00%} devmon.cpp:53
2017-12-15 14:16:58.947 [12416] LOG_TRACE rcv[23]:{DEV_ID:1},{LOST:0.00%} devmon.cpp:53
2017-12-15 14:17:03.950 [12416] LOG_TRACE rcv[23]:{DEV_ID:1},{LOST:0.00%} devmon.cpp:53
2017-12-15 14:17:04.553 [17748] LOG_TRACE file[0] play stop cctdlg.cpp:1029
2017-12-15 14:17:04.553 [17748] LOG_TRACE play file change to  0 cctdlg.cpp:1038
2017-12-15 14:17:08.953 [12416] LOG_TRACE rcv[23]:{DEV_ID:1},{LOST:0.00%} devmon.cpp:53
2017-12-15 14:17:13.956 [12416] LOG_TRACE rcv[23]:{DEV_ID:1},{LOST:0.00%} devmon.cpp:53
2017-12-15 14:17:18.961 [12416] LOG_TRACE rcv[23]:{DEV_ID:1},{LOST:0.00%} devmon.cpp:53
2017-12-15 14:17:23.963 [12416] LOG_TRACE rcv[23]:{DEV_ID:1},{LOST:0.00%} devmon.cpp:53
2017-12-15 14:17:28.966 [12416] LOG_TRACE rcv[23]:{DEV_ID:1},{LOST:0.00%} devmon.cpp:53
2017-12-15 14:17:33.968 [12416] LOG_TRACE rcv[23]:{DEV_ID:1},{LOST:0.00%} devmon.cpp:53
2017-12-15 14:17:38.972 [12416] LOG_TRACE rcv[23]:{DEV_ID:1},{LOST:0.00%} devmon.cpp:53
2017-12-15 14:17:43.974 [12416] LOG_TRACE rcv[23]:{DEV_ID:1},{LOST:0.00%} devmon.cpp:53
2017-12-15 14:17:48.978 [12416] LOG_TRACE rcv[23]:{DEV_ID:1},{LOST:0.00%} devmon.cpp:53
2017-12-15 14:17:53.981 [12416] LOG_TRACE rcv[23]:{DEV_ID:1},{LOST:0.00%} devmon.cpp:53
2017-12-15 14:17:58.984 [12416] LOG_TRACE rcv[23]:{DEV_ID:1},{LOST:0.00%} devmon.cpp:53
2017-12-15 14:18:03.986 [12416] LOG_TRACE rcv[23]:{DEV_ID:1},{LOST:0.00%} devmon.cpp:53
2017-12-15 14:18:08.990 [12416] LOG_TRACE rcv[23]:{DEV_ID:1},{LOST:0.00%} devmon.cpp:53
2017-12-15 14:18:13.993 [12416] LOG_TRACE rcv[23]:{DEV_ID:1},{LOST:0.00%} devmon.cpp:53
2017-12-15 14:18:18.997 [12416] LOG_TRACE rcv[23]:{DEV_ID:1},{LOST:0.00%} devmon.cpp:53
2017-12-15 14:18:23.999 [12416] LOG_TRACE rcv[23]:{DEV_ID:1},{LOST:0.00%} devmon.cpp:53
2017-12-15 14:18:29.003 [12416] LOG_TRACE rcv[23]:{DEV_ID:1},{LOST:0.00%} devmon.cpp:53
2017-12-15 14:18:34.005 [12416] LOG_TRACE rcv[23]:{DEV_ID:1},{LOST:0.00%} devmon.cpp:53
2017-12-15 14:18:39.008 [12416] LOG_TRACE rcv[23]:{DEV_ID:1},{LOST:0.00%} devmon.cpp:53
2017-12-15 14:18:44.010 [12416] LOG_TRACE rcv[23]:{DEV_ID:1},{LOST:0.00%} devmon.cpp:53
2017-12-15 14:18:49.014 [12416] LOG_TRACE rcv[23]:{DEV_ID:1},{LOST:0.00%} devmon.cpp:53
2017-12-15 14:18:54.016 [12416] LOG_TRACE rcv[23]:{DEV_ID:1},{LOST:0.00%} devmon.cpp:53
2017-12-15 14:18:59.019 [12416] LOG_TRACE rcv[23]:{DEV_ID:1},{LOST:0.00%} devmon.cpp:53
2017-12-15 14:19:04.022 [12416] LOG_TRACE rcv[23]:{DEV_ID:1},{LOST:0.00%} devmon.cpp:53
2017-12-15 14:19:09.025 [12416] LOG_TRACE rcv[23]:{DEV_ID:1},{LOST:0.00%} devmon.cpp:53
2017-12-15 14:19:14.027 [12416] LOG_TRACE rcv[23]:{DEV_ID:1},{LOST:0.00%} devmon.cpp:53
2017-12-15 14:19:19.030 [12416] LOG_TRACE rcv[23]:{DEV_ID:1},{LOST:0.00%} devmon.cpp:53
2017-12-15 14:19:24.033 [12416] LOG_TRACE rcv[23]:{DEV_ID:1},{LOST:0.00%} devmon.cpp:53
2017-12-15 14:19:29.039 [12416] LOG_TRACE rcv[23]:{DEV_ID:1},{LOST:0.00%} devmon.cpp:53
2017-12-15 14:19:34.042 [12416] LOG_TRACE rcv[23]:{DEV_ID:1},{LOST:0.00%} devmon.cpp:53
2017-12-15 14:19:39.046 [12416] LOG_TRACE rcv[23]:{DEV_ID:1},{LOST:0.00%} devmon.cpp:53
2017-12-15 14:19:44.048 [12416] LOG_TRACE rcv[23]:{DEV_ID:1},{LOST:0.00%} devmon.cpp:53
2017-12-15 14:19:49.051 [12416] LOG_TRACE rcv[23]:{DEV_ID:1},{LOST:0.00%} devmon.cpp:53
2017-12-15 14:19:54.053 [12416] LOG_TRACE rcv[23]:{DEV_ID:1},{LOST:0.00%} devmon.cpp:53
2017-12-15 14:19:59.057 [12416] LOG_TRACE rcv[23]:{DEV_ID:1},{LOST:0.00%} devmon.cpp:53
2017-12-15 14:20:04.060 [12416] LOG_TRACE rcv[23]:{DEV_ID:1},{LOST:0.00%} devmon.cpp:53
2017-12-15 14:20:09.063 [12416] LOG_TRACE rcv[23]:{DEV_ID:1},{LOST:0.00%} devmon.cpp:53
2017-12-15 14:20:14.066 [12416] LOG_TRACE rcv[23]:{DEV_ID:1},{LOST:0.00%} devmon.cpp:53
2017-12-15 14:20:19.070 [12416] LOG_TRACE rcv[23]:{DEV_ID:1},{LOST:0.00%} devmon.cpp:53
2017-12-15 14:20:24.072 [12416] LOG_TRACE rcv[23]:{DEV_ID:1},{LOST:0.00%} devmon.cpp:53
2017-12-15 14:20:29.075 [12416] LOG_TRACE rcv[23]:{DEV_ID:1},{LOST:0.00%} devmon.cpp:53
2017-12-15 14:20:34.078 [12416] LOG_TRACE rcv[23]:{DEV_ID:1},{LOST:0.00%} devmon.cpp:53
2017-12-15 14:20:39.081 [12416] LOG_TRACE rcv[23]:{DEV_ID:1},{LOST:0.00%} devmon.cpp:53
2017-12-15 14:20:44.083 [12416] LOG_TRACE rcv[23]:{DEV_ID:1},{LOST:0.00%} devmon.cpp:53
2017-12-15 14:20:44.454 [3892] LOG_TRACE file[0] play stop cctdlg.cpp:1029
2017-12-15 14:20:44.454 [3892] LOG_TRACE play file change to  0 cctdlg.cpp:1038
2017-12-15 14:20:49.087 [12416] LOG_TRACE rcv[23]:{DEV_ID:1},{LOST:0.00%} devmon.cpp:53
2017-12-15 14:20:54.090 [12416] LOG_TRACE rcv[23]:{DEV_ID:1},{LOST:0.00%} devmon.cpp:53
2017-12-15 14:20:59.093 [12416] LOG_TRACE rcv[23]:{DEV_ID:1},{LOST:0.00%} devmon.cpp:53
2017-12-15 14:21:04.095 [12416] LOG_TRACE rcv[23]:{DEV_ID:1},{LOST:0.00%} devmon.cpp:53
2017-12-15 14:21:09.099 [12416] LOG_TRACE rcv[23]:{DEV_ID:1},{LOST:0.00%} devmon.cpp:53
2017-12-15 14:21:14.101 [12416] LOG_TRACE rcv[23]:{DEV_ID:1},{LOST:0.00%} devmon.cpp:53
2017-12-15 14:21:19.104 [12416] LOG_TRACE rcv[23]:{DEV_ID:1},{LOST:0.00%} devmon.cpp:53
2017-12-15 14:21:24.107 [12416] LOG_TRACE rcv[23]:{DEV_ID:1},{LOST:0.00%} devmon.cpp:53
2017-12-15 14:21:29.110 [12416] LOG_TRACE rcv[23]:{DEV_ID:1},{LOST:0.00%} devmon.cpp:53
2017-12-15 14:21:34.112 [12416] LOG_TRACE rcv[23]:{DEV_ID:1},{LOST:0.00%} devmon.cpp:53
2017-12-15 14:21:39.115 [12416] LOG_TRACE rcv[23]:{DEV_ID:1},{LOST:0.00%} devmon.cpp:53
2017-12-15 14:21:44.118 [12416] LOG_TRACE rcv[23]:{DEV_ID:1},{LOST:0.00%} devmon.cpp:53
2017-12-15 14:21:49.122 [12416] LOG_TRACE rcv[23]:{DEV_ID:1},{LOST:0.00%} devmon.cpp:53
2017-12-15 14:21:54.124 [12416] LOG_TRACE rcv[23]:{DEV_ID:1},{LOST:0.00%} devmon.cpp:53
2017-12-15 14:21:59.128 [12416] LOG_TRACE rcv[23]:{DEV_ID:1},{LOST:0.00%} devmon.cpp:53
2017-12-15 14:22:04.130 [12416] LOG_TRACE rcv[23]:{DEV_ID:1},{LOST:0.00%} devmon.cpp:53
2017-12-15 14:22:09.133 [12416] LOG_TRACE rcv[23]:{DEV_ID:1},{LOST:0.00%} devmon.cpp:53
2017-12-15 14:22:14.135 [12416] LOG_TRACE rcv[23]:{DEV_ID:1},{LOST:0.00%} devmon.cpp:53
2017-12-15 14:22:19.139 [12416] LOG_TRACE rcv[23]:{DEV_ID:1},{LOST:0.00%} devmon.cpp:53
2017-12-15 14:22:24.141 [12416] LOG_TRACE rcv[23]:{DEV_ID:1},{LOST:0.00%} devmon.cpp:53
2017-12-15 14:22:29.144 [12416] LOG_TRACE rcv[23]:{DEV_ID:1},{LOST:0.00%} devmon.cpp:53
2017-12-15 14:22:34.147 [12416] LOG_TRACE rcv[23]:{DEV_ID:1},{LOST:0.00%} devmon.cpp:53
2017-12-15 14:22:39.150 [12416] LOG_TRACE rcv[23]:{DEV_ID:1},{LOST:0.00%} devmon.cpp:53
2017-12-15 14:22:44.152 [12416] LOG_TRACE rcv[23]:{DEV_ID:1},{LOST:0.00%} devmon.cpp:53
2017-12-15 14:22:49.155 [12416] LOG_TRACE rcv[23]:{DEV_ID:1},{LOST:0.00%} devmon.cpp:53
2017-12-15 14:22:54.158 [12416] LOG_TRACE rcv[23]:{DEV_ID:1},{LOST:0.00%} devmon.cpp:53
2017-12-15 14:22:59.161 [12416] LOG_TRACE rcv[23]:{DEV_ID:1},{LOST:0.00%} devmon.cpp:53
2017-12-15 14:23:04.164 [12416] LOG_TRACE rcv[23]:{DEV_ID:1},{LOST:0.00%} devmon.cpp:53
2017-12-15 14:23:09.168 [12416] LOG_TRACE rcv[23]:{DEV_ID:1},{LOST:0.00%} devmon.cpp:53
2017-12-15 14:23:14.170 [12416] LOG_TRACE rcv[23]:{DEV_ID:1},{LOST:0.00%} devmon.cpp:53
2017-12-15 14:23:19.174 [12416] LOG_TRACE rcv[23]:{DEV_ID:1},{LOST:0.00%} devmon.cpp:53
2017-12-15 14:23:24.178 [12416] LOG_TRACE rcv[23]:{DEV_ID:1},{LOST:0.00%} devmon.cpp:53
2017-12-15 14:23:29.182 [12416] LOG_TRACE rcv[23]:{DEV_ID:1},{LOST:0.00%} devmon.cpp:53
2017-12-15 14:23:34.184 [12416] LOG_TRACE rcv[23]:{DEV_ID:1},{LOST:0.00%} devmon.cpp:53
2017-12-15 14:23:39.187 [12416] LOG_TRACE rcv[23]:{DEV_ID:1},{LOST:0.00%} devmon.cpp:53
2017-12-15 14:23:44.190 [12416] LOG_TRACE rcv[23]:{DEV_ID:1},{LOST:0.00%} devmon.cpp:53
2017-12-15 14:23:49.193 [12416] LOG_TRACE rcv[23]:{DEV_ID:1},{LOST:0.00%} devmon.cpp:53
2017-12-15 14:23:54.195 [12416] LOG_TRACE rcv[23]:{DEV_ID:1},{LOST:0.00%} devmon.cpp:53
2017-12-15 14:23:59.199 [12416] LOG_TRACE rcv[23]:{DEV_ID:1},{LOST:0.00%} devmon.cpp:53
2017-12-15 14:24:04.201 [12416] LOG_TRACE rcv[23]:{DEV_ID:1},{LOST:0.00%} devmon.cpp:53
2017-12-15 14:24:09.205 [12416] LOG_TRACE rcv[23]:{DEV_ID:1},{LOST:0.00%} devmon.cpp:53
2017-12-15 14:24:14.207 [12416] LOG_TRACE rcv[23]:{DEV_ID:1},{LOST:0.00%} devmon.cpp:53
2017-12-15 14:24:19.211 [12416] LOG_TRACE rcv[23]:{DEV_ID:1},{LOST:0.00%} devmon.cpp:53
2017-12-15 14:24:24.213 [12416] LOG_TRACE rcv[23]:{DEV_ID:1},{LOST:0.00%} devmon.cpp:53
2017-12-15 14:24:24.352 [17748] LOG_TRACE file[0] play stop cctdlg.cpp:1029
2017-12-15 14:24:24.352 [17748] LOG_TRACE play file change to  0 cctdlg.cpp:1038
2017-12-15 14:24:29.216 [12416] LOG_TRACE rcv[23]:{DEV_ID:1},{LOST:0.00%} devmon.cpp:53
2017-12-15 14:24:34.219 [12416] LOG_TRACE rcv[23]:{DEV_ID:1},{LOST:0.00%} devmon.cpp:53
2017-12-15 14:24:39.224 [12416] LOG_TRACE rcv[23]:{DEV_ID:1},{LOST:0.00%} devmon.cpp:53
2017-12-15 14:24:44.226 [12416] LOG_TRACE rcv[23]:{DEV_ID:1},{LOST:0.00%} devmon.cpp:53
2017-12-15 14:24:49.230 [12416] LOG_TRACE rcv[23]:{DEV_ID:1},{LOST:0.00%} devmon.cpp:53
2017-12-15 14:24:54.233 [12416] LOG_TRACE rcv[23]:{DEV_ID:1},{LOST:0.00%} devmon.cpp:53
2017-12-15 14:24:59.236 [12416] LOG_TRACE rcv[23]:{DEV_ID:1},{LOST:0.00%} devmon.cpp:53
2017-12-15 14:25:04.238 [12416] LOG_TRACE rcv[23]:{DEV_ID:1},{LOST:0.00%} devmon.cpp:53
2017-12-15 14:25:09.242 [12416] LOG_TRACE rcv[23]:{DEV_ID:1},{LOST:0.00%} devmon.cpp:53
2017-12-15 14:25:14.244 [12416] LOG_TRACE rcv[23]:{DEV_ID:1},{LOST:0.00%} devmon.cpp:53
2017-12-15 14:25:19.247 [12416] LOG_TRACE rcv[23]:{DEV_ID:1},{LOST:0.00%} devmon.cpp:53
2017-12-15 14:25:24.249 [12416] LOG_TRACE rcv[23]:{DEV_ID:1},{LOST:0.00%} devmon.cpp:53
2017-12-15 14:25:29.253 [12416] LOG_TRACE rcv[23]:{DEV_ID:1},{LOST:0.00%} devmon.cpp:53
2017-12-15 14:25:34.255 [12416] LOG_TRACE rcv[23]:{DEV_ID:1},{LOST:0.00%} devmon.cpp:53
2017-12-15 14:25:39.258 [12416] LOG_TRACE rcv[23]:{DEV_ID:1},{LOST:0.00%} devmon.cpp:53
2017-12-15 14:25:44.261 [12416] LOG_TRACE rcv[23]:{DEV_ID:1},{LOST:0.00%} devmon.cpp:53
2017-12-15 14:25:49.264 [12416] LOG_TRACE rcv[23]:{DEV_ID:1},{LOST:0.00%} devmon.cpp:53
2017-12-15 14:25:54.266 [12416] LOG_TRACE rcv[23]:{DEV_ID:1},{LOST:0.00%} devmon.cpp:53
2017-12-15 14:25:59.269 [12416] LOG_TRACE rcv[23]:{DEV_ID:1},{LOST:0.00%} devmon.cpp:53
2017-12-15 14:26:04.272 [12416] LOG_TRACE rcv[23]:{DEV_ID:1},{LOST:0.00%} devmon.cpp:53
2017-12-15 14:26:09.275 [12416] LOG_TRACE rcv[23]:{DEV_ID:1},{LOST:0.00%} devmon.cpp:53
2017-12-15 14:26:14.277 [12416] LOG_TRACE rcv[23]:{DEV_ID:1},{LOST:0.00%} devmon.cpp:53
2017-12-15 14:26:19.282 [12416] LOG_TRACE rcv[23]:{DEV_ID:1},{LOST:0.00%} devmon.cpp:53
2017-12-15 14:26:24.284 [12416] LOG_TRACE rcv[23]:{DEV_ID:1},{LOST:0.00%} devmon.cpp:53
2017-12-15 14:26:29.287 [12416] LOG_TRACE rcv[23]:{DEV_ID:1},{LOST:0.00%} devmon.cpp:53
2017-12-15 14:26:34.289 [12416] LOG_TRACE rcv[23]:{DEV_ID:1},{LOST:0.00%} devmon.cpp:53
2017-12-15 14:26:39.293 [12416] LOG_TRACE rcv[23]:{DEV_ID:1},{LOST:0.00%} devmon.cpp:53
2017-12-15 14:26:44.295 [12416] LOG_TRACE rcv[23]:{DEV_ID:1},{LOST:0.00%} devmon.cpp:53
2017-12-15 14:26:49.298 [12416] LOG_TRACE rcv[23]:{DEV_ID:1},{LOST:0.00%} devmon.cpp:53
2017-12-15 14:26:54.302 [12416] LOG_TRACE rcv[23]:{DEV_ID:1},{LOST:0.00%} devmon.cpp:53
2017-12-15 14:26:59.305 [12416] LOG_TRACE rcv[23]:{DEV_ID:1},{LOST:0.00%} devmon.cpp:53
2017-12-15 14:27:04.307 [12416] LOG_TRACE rcv[23]:{DEV_ID:1},{LOST:0.00%} devmon.cpp:53
2017-12-15 14:27:09.310 [12416] LOG_TRACE rcv[23]:{DEV_ID:1},{LOST:0.00%} devmon.cpp:53
2017-12-15 14:27:14.313 [12416] LOG_TRACE rcv[23]:{DEV_ID:1},{LOST:0.00%} devmon.cpp:53
2017-12-15 14:27:19.317 [12416] LOG_TRACE rcv[23]:{DEV_ID:1},{LOST:0.00%} devmon.cpp:53
2017-12-15 14:27:24.319 [12416] LOG_TRACE rcv[23]:{DEV_ID:1},{LOST:0.00%} devmon.cpp:53
2017-12-15 14:27:29.323 [12416] LOG_TRACE rcv[23]:{DEV_ID:1},{LOST:0.00%} devmon.cpp:53
2017-12-15 14:27:34.325 [12416] LOG_TRACE rcv[23]:{DEV_ID:1},{LOST:0.00%} devmon.cpp:53
2017-12-15 14:27:39.329 [12416] LOG_TRACE rcv[23]:{DEV_ID:1},{LOST:0.00%} devmon.cpp:53
2017-12-15 14:27:44.331 [12416] LOG_TRACE rcv[23]:{DEV_ID:1},{LOST:0.00%} devmon.cpp:53
2017-12-15 14:27:49.335 [12416] LOG_TRACE rcv[23]:{DEV_ID:1},{LOST:0.00%} devmon.cpp:53
2017-12-15 14:27:54.337 [12416] LOG_TRACE rcv[23]:{DEV_ID:1},{LOST:0.00%} devmon.cpp:53
2017-12-15 14:27:59.341 [12416] LOG_TRACE rcv[23]:{DEV_ID:1},{LOST:0.00%} devmon.cpp:53
2017-12-15 14:28:04.251 [17748] LOG_TRACE file[0] play stop cctdlg.cpp:1029
2017-12-15 14:28:04.251 [17748] LOG_TRACE play file change to  0 cctdlg.cpp:1038
2017-12-15 14:28:04.344 [12416] LOG_TRACE rcv[23]:{DEV_ID:1},{LOST:0.00%} devmon.cpp:53
2017-12-15 14:28:09.347 [12416] LOG_TRACE rcv[23]:{DEV_ID:1},{LOST:0.00%} devmon.cpp:53
2017-12-15 14:28:14.350 [12416] LOG_TRACE rcv[23]:{DEV_ID:1},{LOST:0.00%} devmon.cpp:53
2017-12-15 14:28:19.353 [12416] LOG_TRACE rcv[23]:{DEV_ID:1},{LOST:0.00%} devmon.cpp:53
2017-12-15 14:28:24.357 [12416] LOG_TRACE rcv[23]:{DEV_ID:1},{LOST:0.00%} devmon.cpp:53
2017-12-15 14:28:29.360 [12416] LOG_TRACE rcv[23]:{DEV_ID:1},{LOST:0.00%} devmon.cpp:53
2017-12-15 14:28:34.362 [12416] LOG_TRACE rcv[23]:{DEV_ID:1},{LOST:0.00%} devmon.cpp:53
2017-12-15 14:28:39.366 [12416] LOG_TRACE rcv[23]:{DEV_ID:1},{LOST:0.00%} devmon.cpp:53
2017-12-15 14:28:44.368 [12416] LOG_TRACE rcv[23]:{DEV_ID:1},{LOST:0.00%} devmon.cpp:53
2017-12-15 14:28:49.371 [12416] LOG_TRACE rcv[23]:{DEV_ID:1},{LOST:0.00%} devmon.cpp:53
2017-12-15 14:28:54.373 [12416] LOG_TRACE rcv[23]:{DEV_ID:1},{LOST:0.00%} devmon.cpp:53
2017-12-15 14:28:59.377 [12416] LOG_TRACE rcv[23]:{DEV_ID:1},{LOST:0.00%} devmon.cpp:53
2017-12-15 14:29:04.379 [12416] LOG_TRACE rcv[23]:{DEV_ID:1},{LOST:0.00%} devmon.cpp:53
2017-12-15 14:29:09.382 [12416] LOG_TRACE rcv[23]:{DEV_ID:1},{LOST:0.00%} devmon.cpp:53
2017-12-15 14:29:14.385 [12416] LOG_TRACE rcv[23]:{DEV_ID:1},{LOST:0.00%} devmon.cpp:53
2017-12-15 14:29:19.388 [12416] LOG_TRACE rcv[23]:{DEV_ID:1},{LOST:0.00%} devmon.cpp:53
2017-12-15 14:29:24.390 [12416] LOG_TRACE rcv[23]:{DEV_ID:1},{LOST:0.00%} devmon.cpp:53
2017-12-15 14:29:29.393 [12416] LOG_TRACE rcv[23]:{DEV_ID:1},{LOST:0.00%} devmon.cpp:53
2017-12-15 14:29:34.396 [12416] LOG_TRACE rcv[23]:{DEV_ID:1},{LOST:0.00%} devmon.cpp:53
2017-12-15 14:29:39.400 [12416] LOG_TRACE rcv[23]:{DEV_ID:1},{LOST:0.00%} devmon.cpp:53
2017-12-15 14:29:44.402 [12416] LOG_TRACE rcv[23]:{DEV_ID:1},{LOST:0.00%} devmon.cpp:53
2017-12-15 14:29:49.406 [12416] LOG_TRACE rcv[23]:{DEV_ID:1},{LOST:0.00%} devmon.cpp:53
2017-12-15 14:29:54.408 [12416] LOG_TRACE rcv[23]:{DEV_ID:1},{LOST:0.00%} devmon.cpp:53
2017-12-15 14:29:59.412 [12416] LOG_TRACE rcv[23]:{DEV_ID:1},{LOST:0.00%} devmon.cpp:53
2017-12-15 14:30:04.414 [12416] LOG_TRACE rcv[23]:{DEV_ID:1},{LOST:0.00%} devmon.cpp:53
2017-12-15 14:30:09.418 [12416] LOG_TRACE rcv[23]:{DEV_ID:1},{LOST:0.00%} devmon.cpp:53
2017-12-15 14:30:14.420 [12416] LOG_TRACE rcv[23]:{DEV_ID:1},{LOST:0.00%} devmon.cpp:53
2017-12-15 14:30:19.423 [12416] LOG_TRACE rcv[23]:{DEV_ID:1},{LOST:0.00%} devmon.cpp:53
2017-12-15 14:30:24.426 [12416] LOG_TRACE rcv[23]:{DEV_ID:1},{LOST:0.00%} devmon.cpp:53
2017-12-15 14:30:29.430 [12416] LOG_TRACE rcv[23]:{DEV_ID:1},{LOST:0.00%} devmon.cpp:53
2017-12-15 14:30:34.432 [12416] LOG_TRACE rcv[23]:{DEV_ID:1},{LOST:0.00%} devmon.cpp:53
2017-12-15 14:30:39.435 [12416] LOG_TRACE rcv[23]:{DEV_ID:1},{LOST:0.00%} devmon.cpp:53
2017-12-15 14:30:44.440 [12416] LOG_TRACE rcv[23]:{DEV_ID:1},{LOST:0.00%} devmon.cpp:53
2017-12-15 14:30:49.443 [12416] LOG_TRACE rcv[23]:{DEV_ID:1},{LOST:0.00%} devmon.cpp:53
2017-12-15 14:30:54.445 [12416] LOG_TRACE rcv[23]:{DEV_ID:1},{LOST:0.00%} devmon.cpp:53
2017-12-15 14:30:59.449 [12416] LOG_TRACE rcv[23]:{DEV_ID:1},{LOST:0.00%} devmon.cpp:53
2017-12-15 14:31:04.451 [12416] LOG_TRACE rcv[23]:{DEV_ID:1},{LOST:0.00%} devmon.cpp:53
2017-12-15 14:31:09.454 [12416] LOG_TRACE rcv[23]:{DEV_ID:1},{LOST:0.00%} devmon.cpp:53
2017-12-15 14:31:14.456 [12416] LOG_TRACE rcv[23]:{DEV_ID:1},{LOST:0.00%} devmon.cpp:53
2017-12-15 14:31:19.460 [12416] LOG_TRACE rcv[23]:{DEV_ID:1},{LOST:0.00%} devmon.cpp:53
2017-12-15 14:31:24.462 [12416] LOG_TRACE rcv[23]:{DEV_ID:1},{LOST:0.00%} devmon.cpp:53
2017-12-15 14:31:29.465 [12416] LOG_TRACE rcv[23]:{DEV_ID:1},{LOST:0.00%} devmon.cpp:53
2017-12-15 14:31:34.468 [12416] LOG_TRACE rcv[23]:{DEV_ID:1},{LOST:0.00%} devmon.cpp:53
2017-12-15 14:31:39.471 [12416] LOG_TRACE rcv[23]:{DEV_ID:1},{LOST:0.00%} devmon.cpp:53
2017-12-15 14:31:44.148 [17748] LOG_TRACE file[0] play stop cctdlg.cpp:1029
2017-12-15 14:31:44.148 [17748] LOG_TRACE play file change to  0 cctdlg.cpp:1038
2017-12-15 14:31:44.473 [12416] LOG_TRACE rcv[23]:{DEV_ID:1},{LOST:0.00%} devmon.cpp:53
2017-12-15 14:31:49.476 [12416] LOG_TRACE rcv[23]:{DEV_ID:1},{LOST:0.00%} devmon.cpp:53
2017-12-15 14:31:54.479 [12416] LOG_TRACE rcv[23]:{DEV_ID:1},{LOST:0.00%} devmon.cpp:53
2017-12-15 14:31:59.482 [12416] LOG_TRACE rcv[23]:{DEV_ID:1},{LOST:0.00%} devmon.cpp:53
2017-12-15 14:32:04.485 [12416] LOG_TRACE rcv[23]:{DEV_ID:1},{LOST:0.00%} devmon.cpp:53
2017-12-15 14:32:09.489 [12416] LOG_TRACE rcv[23]:{DEV_ID:1},{LOST:0.00%} devmon.cpp:53
2017-12-15 14:32:14.491 [12416] LOG_TRACE rcv[23]:{DEV_ID:1},{LOST:0.00%} devmon.cpp:53
2017-12-15 14:32:19.494 [12416] LOG_TRACE rcv[23]:{DEV_ID:1},{LOST:0.00%} devmon.cpp:53
2017-12-15 14:32:24.496 [12416] LOG_TRACE rcv[23]:{DEV_ID:1},{LOST:0.00%} devmon.cpp:53
2017-12-15 14:32:29.500 [12416] LOG_TRACE rcv[23]:{DEV_ID:1},{LOST:0.00%} devmon.cpp:53
2017-12-15 14:32:34.502 [12416] LOG_TRACE rcv[23]:{DEV_ID:1},{LOST:0.00%} devmon.cpp:53
2017-12-15 14:32:39.505 [12416] LOG_TRACE rcv[23]:{DEV_ID:1},{LOST:0.00%} devmon.cpp:53
2017-12-15 14:32:44.509 [12416] LOG_TRACE rcv[23]:{DEV_ID:1},{LOST:0.00%} devmon.cpp:53
2017-12-15 14:32:49.512 [12416] LOG_TRACE rcv[23]:{DEV_ID:1},{LOST:0.00%} devmon.cpp:53
2017-12-15 14:32:54.514 [12416] LOG_TRACE rcv[23]:{DEV_ID:1},{LOST:0.00%} devmon.cpp:53
2017-12-15 14:32:59.517 [12416] LOG_TRACE rcv[23]:{DEV_ID:1},{LOST:0.00%} devmon.cpp:53
2017-12-15 14:33:04.520 [12416] LOG_TRACE rcv[23]:{DEV_ID:1},{LOST:0.00%} devmon.cpp:53
2017-12-15 14:33:09.523 [12416] LOG_TRACE rcv[23]:{DEV_ID:1},{LOST:0.00%} devmon.cpp:53
2017-12-15 14:33:14.525 [12416] LOG_TRACE rcv[23]:{DEV_ID:1},{LOST:0.00%} devmon.cpp:53
2017-12-15 14:33:19.530 [12416] LOG_TRACE rcv[23]:{DEV_ID:1},{LOST:0.00%} devmon.cpp:53
2017-12-15 14:33:24.533 [12416] LOG_TRACE rcv[23]:{DEV_ID:1},{LOST:0.00%} devmon.cpp:53
2017-12-15 14:33:29.537 [12416] LOG_TRACE rcv[23]:{DEV_ID:1},{LOST:0.00%} devmon.cpp:53
2017-12-15 14:33:34.539 [12416] LOG_TRACE rcv[23]:{DEV_ID:1},{LOST:0.00%} devmon.cpp:53
2017-12-15 14:33:39.544 [12416] LOG_TRACE rcv[23]:{DEV_ID:1},{LOST:0.00%} devmon.cpp:53
2017-12-15 14:33:44.546 [12416] LOG_TRACE rcv[23]:{DEV_ID:1},{LOST:0.00%} devmon.cpp:53
2017-12-15 14:33:49.549 [12416] LOG_TRACE rcv[23]:{DEV_ID:1},{LOST:0.00%} devmon.cpp:53
2017-12-15 14:33:54.552 [12416] LOG_TRACE rcv[23]:{DEV_ID:1},{LOST:0.00%} devmon.cpp:53
2017-12-15 14:33:59.555 [12416] LOG_TRACE rcv[23]:{DEV_ID:1},{LOST:0.00%} devmon.cpp:53
2017-12-15 14:34:04.558 [12416] LOG_TRACE rcv[23]:{DEV_ID:1},{LOST:0.00%} devmon.cpp:53
2017-12-15 14:34:09.561 [12416] LOG_TRACE rcv[23]:{DEV_ID:1},{LOST:0.00%} devmon.cpp:53
2017-12-15 14:34:14.564 [12416] LOG_TRACE rcv[23]:{DEV_ID:1},{LOST:0.00%} devmon.cpp:53
2017-12-15 14:34:19.567 [12416] LOG_TRACE rcv[23]:{DEV_ID:1},{LOST:0.00%} devmon.cpp:53
2017-12-15 14:34:24.569 [12416] LOG_TRACE rcv[23]:{DEV_ID:1},{LOST:0.00%} devmon.cpp:53
2017-12-15 14:34:29.573 [12416] LOG_TRACE rcv[23]:{DEV_ID:1},{LOST:0.00%} devmon.cpp:53
2017-12-15 14:34:34.575 [12416] LOG_TRACE rcv[23]:{DEV_ID:1},{LOST:0.00%} devmon.cpp:53
2017-12-15 14:34:39.578 [12416] LOG_TRACE rcv[23]:{DEV_ID:1},{LOST:0.00%} devmon.cpp:53
2017-12-15 14:34:44.580 [12416] LOG_TRACE rcv[23]:{DEV_ID:1},{LOST:0.00%} devmon.cpp:53
2017-12-15 14:34:49.584 [12416] LOG_TRACE rcv[23]:{DEV_ID:1},{LOST:0.00%} devmon.cpp:53
2017-12-15 14:34:54.586 [12416] LOG_TRACE rcv[23]:{DEV_ID:1},{LOST:0.00%} devmon.cpp:53
2017-12-15 14:34:59.589 [12416] LOG_TRACE rcv[23]:{DEV_ID:1},{LOST:0.00%} devmon.cpp:53
2017-12-15 14:35:04.592 [12416] LOG_TRACE rcv[23]:{DEV_ID:1},{LOST:0.00%} devmon.cpp:53
2017-12-15 14:35:09.595 [12416] LOG_TRACE rcv[23]:{DEV_ID:1},{LOST:0.00%} devmon.cpp:53
2017-12-15 14:35:14.597 [12416] LOG_TRACE rcv[23]:{DEV_ID:1},{LOST:0.00%} devmon.cpp:53
2017-12-15 14:35:19.600 [12416] LOG_TRACE rcv[23]:{DEV_ID:1},{LOST:0.00%} devmon.cpp:53
2017-12-15 14:35:24.047 [3892] LOG_TRACE file[0] play stop cctdlg.cpp:1029
2017-12-15 14:35:24.047 [3892] LOG_TRACE play file change to  0 cctdlg.cpp:1038
2017-12-15 14:35:24.604 [12416] LOG_TRACE rcv[23]:{DEV_ID:1},{LOST:0.00%} devmon.cpp:53
2017-12-15 14:35:29.607 [12416] LOG_TRACE rcv[23]:{DEV_ID:1},{LOST:0.00%} devmon.cpp:53
2017-12-15 14:35:34.609 [12416] LOG_TRACE rcv[23]:{DEV_ID:1},{LOST:0.00%} devmon.cpp:53
2017-12-15 14:35:39.613 [12416] LOG_TRACE rcv[23]:{DEV_ID:1},{LOST:0.00%} devmon.cpp:53
2017-12-15 14:35:44.615 [12416] LOG_TRACE rcv[23]:{DEV_ID:1},{LOST:0.00%} devmon.cpp:53
2017-12-15 14:35:49.619 [12416] LOG_TRACE rcv[23]:{DEV_ID:1},{LOST:0.00%} devmon.cpp:53
2017-12-15 14:35:54.621 [12416] LOG_TRACE rcv[23]:{DEV_ID:1},{LOST:0.00%} devmon.cpp:53
2017-12-15 14:35:59.625 [12416] LOG_TRACE rcv[23]:{DEV_ID:1},{LOST:0.00%} devmon.cpp:53
2017-12-15 14:36:04.627 [12416] LOG_TRACE rcv[23]:{DEV_ID:1},{LOST:0.00%} devmon.cpp:53
2017-12-15 14:36:09.630 [12416] LOG_TRACE rcv[23]:{DEV_ID:1},{LOST:0.00%} devmon.cpp:53
2017-12-15 14:36:14.633 [12416] LOG_TRACE rcv[23]:{DEV_ID:1},{LOST:0.00%} devmon.cpp:53
2017-12-15 14:36:19.636 [12416] LOG_TRACE rcv[23]:{DEV_ID:1},{LOST:0.00%} devmon.cpp:53
2017-12-15 14:36:24.639 [12416] LOG_TRACE rcv[23]:{DEV_ID:1},{LOST:0.00%} devmon.cpp:53
2017-12-15 14:36:29.642 [12416] LOG_TRACE rcv[23]:{DEV_ID:1},{LOST:0.00%} devmon.cpp:53
2017-12-15 14:36:34.645 [12416] LOG_TRACE rcv[23]:{DEV_ID:1},{LOST:0.00%} devmon.cpp:53
2017-12-15 14:36:39.649 [12416] LOG_TRACE rcv[23]:{DEV_ID:1},{LOST:0.00%} devmon.cpp:53
2017-12-15 14:36:44.651 [12416] LOG_TRACE rcv[23]:{DEV_ID:1},{LOST:0.00%} devmon.cpp:53
2017-12-15 14:36:49.655 [12416] LOG_TRACE rcv[23]:{DEV_ID:1},{LOST:0.00%} devmon.cpp:53
2017-12-15 14:36:54.657 [12416] LOG_TRACE rcv[23]:{DEV_ID:1},{LOST:0.00%} devmon.cpp:53
2017-12-15 14:36:59.660 [12416] LOG_TRACE rcv[23]:{DEV_ID:1},{LOST:0.00%} devmon.cpp:53
2017-12-15 14:37:04.662 [12416] LOG_TRACE rcv[23]:{DEV_ID:1},{LOST:0.00%} devmon.cpp:53
2017-12-15 14:37:09.666 [12416] LOG_TRACE rcv[23]:{DEV_ID:1},{LOST:0.00%} devmon.cpp:53
2017-12-15 14:37:14.669 [12416] LOG_TRACE rcv[23]:{DEV_ID:1},{LOST:0.00%} devmon.cpp:53
2017-12-15 14:37:19.672 [12416] LOG_TRACE rcv[23]:{DEV_ID:1},{LOST:0.00%} devmon.cpp:53
2017-12-15 14:37:24.675 [12416] LOG_TRACE rcv[23]:{DEV_ID:1},{LOST:0.00%} devmon.cpp:53
2017-12-15 14:37:29.678 [12416] LOG_TRACE rcv[23]:{DEV_ID:1},{LOST:0.00%} devmon.cpp:53
2017-12-15 14:37:34.680 [12416] LOG_TRACE rcv[23]:{DEV_ID:1},{LOST:0.00%} devmon.cpp:53
2017-12-15 14:37:39.683 [12416] LOG_TRACE rcv[23]:{DEV_ID:1},{LOST:0.00%} devmon.cpp:53
2017-12-15 14:37:44.686 [12416] LOG_TRACE rcv[23]:{DEV_ID:1},{LOST:0.00%} devmon.cpp:53
2017-12-15 14:37:49.689 [12416] LOG_TRACE rcv[23]:{DEV_ID:1},{LOST:0.00%} devmon.cpp:53
2017-12-15 14:37:54.691 [12416] LOG_TRACE rcv[23]:{DEV_ID:1},{LOST:0.00%} devmon.cpp:53
2017-12-15 14:37:59.695 [12416] LOG_TRACE rcv[23]:{DEV_ID:1},{LOST:0.00%} devmon.cpp:53
2017-12-15 14:38:04.697 [12416] LOG_TRACE rcv[23]:{DEV_ID:1},{LOST:0.00%} devmon.cpp:53
2017-12-15 14:38:09.700 [12416] LOG_TRACE rcv[23]:{DEV_ID:1},{LOST:0.00%} devmon.cpp:53
2017-12-15 14:38:14.702 [12416] LOG_TRACE rcv[23]:{DEV_ID:1},{LOST:0.00%} devmon.cpp:53
2017-12-15 14:38:19.706 [12416] LOG_TRACE rcv[23]:{DEV_ID:1},{LOST:0.00%} devmon.cpp:53
2017-12-15 14:38:24.708 [12416] LOG_TRACE rcv[23]:{DEV_ID:1},{LOST:0.00%} devmon.cpp:53
2017-12-15 14:38:29.712 [12416] LOG_TRACE rcv[23]:{DEV_ID:1},{LOST:0.00%} devmon.cpp:53
2017-12-15 14:38:34.714 [12416] LOG_TRACE rcv[23]:{DEV_ID:1},{LOST:0.00%} devmon.cpp:53
2017-12-15 14:38:39.715 [12416] LOG_TRACE rcv[23]:{DEV_ID:1},{LOST:0.00%} devmon.cpp:53
2017-12-15 14:38:44.716 [12416] LOG_TRACE rcv[23]:{DEV_ID:1},{LOST:0.00%} devmon.cpp:53
2017-12-15 14:38:49.717 [12416] LOG_TRACE rcv[23]:{DEV_ID:1},{LOST:0.00%} devmon.cpp:53
2017-12-15 14:38:54.720 [12416] LOG_TRACE rcv[23]:{DEV_ID:1},{LOST:0.00%} devmon.cpp:53
2017-12-15 14:38:59.723 [12416] LOG_TRACE rcv[23]:{DEV_ID:1},{LOST:0.00%} devmon.cpp:53
2017-12-15 14:39:03.951 [17748] LOG_TRACE file[0] play stop cctdlg.cpp:1029
2017-12-15 14:39:03.951 [17748] LOG_TRACE play file change to  0 cctdlg.cpp:1038
2017-12-15 14:39:04.726 [12416] LOG_TRACE rcv[23]:{DEV_ID:1},{LOST:0.00%} devmon.cpp:53
2017-12-15 14:39:09.729 [12416] LOG_TRACE rcv[23]:{DEV_ID:1},{LOST:0.00%} devmon.cpp:53
2017-12-15 14:39:14.732 [12416] LOG_TRACE rcv[23]:{DEV_ID:1},{LOST:0.00%} devmon.cpp:53
2017-12-15 14:39:19.734 [12416] LOG_TRACE rcv[23]:{DEV_ID:1},{LOST:0.00%} devmon.cpp:53
2017-12-15 14:39:24.737 [12416] LOG_TRACE rcv[23]:{DEV_ID:1},{LOST:0.00%} devmon.cpp:53
2017-12-15 14:39:29.740 [12416] LOG_TRACE rcv[23]:{DEV_ID:1},{LOST:0.00%} devmon.cpp:53
2017-12-15 14:39:34.743 [12416] LOG_TRACE rcv[23]:{DEV_ID:1},{LOST:0.00%} devmon.cpp:53
2017-12-15 14:39:39.745 [12416] LOG_TRACE rcv[23]:{DEV_ID:1},{LOST:0.00%} devmon.cpp:53
2017-12-15 14:39:44.749 [12416] LOG_TRACE rcv[23]:{DEV_ID:1},{LOST:0.00%} devmon.cpp:53
2017-12-15 14:39:49.751 [12416] LOG_TRACE rcv[23]:{DEV_ID:1},{LOST:0.00%} devmon.cpp:53
2017-12-15 14:39:54.754 [12416] LOG_TRACE rcv[23]:{DEV_ID:1},{LOST:0.00%} devmon.cpp:53
2017-12-15 14:39:59.756 [12416] LOG_TRACE rcv[23]:{DEV_ID:1},{LOST:0.00%} devmon.cpp:53
2017-12-15 14:40:04.760 [12416] LOG_TRACE rcv[23]:{DEV_ID:1},{LOST:0.00%} devmon.cpp:53
2017-12-15 14:40:09.762 [12416] LOG_TRACE rcv[23]:{DEV_ID:1},{LOST:0.00%} devmon.cpp:53
2017-12-15 14:40:14.765 [12416] LOG_TRACE rcv[23]:{DEV_ID:1},{LOST:0.00%} devmon.cpp:53
2017-12-15 14:40:19.768 [12416] LOG_TRACE rcv[23]:{DEV_ID:1},{LOST:0.00%} devmon.cpp:53
2017-12-15 14:40:24.773 [12416] LOG_TRACE rcv[23]:{DEV_ID:1},{LOST:0.00%} devmon.cpp:53
2017-12-15 14:40:29.776 [12416] LOG_TRACE rcv[23]:{DEV_ID:1},{LOST:0.00%} devmon.cpp:53
2017-12-15 14:40:34.779 [12416] LOG_TRACE rcv[23]:{DEV_ID:1},{LOST:0.00%} devmon.cpp:53
2017-12-15 14:40:39.785 [12416] LOG_TRACE rcv[23]:{DEV_ID:1},{LOST:0.00%} devmon.cpp:53
2017-12-15 14:40:44.789 [12416] LOG_TRACE rcv[23]:{DEV_ID:1},{LOST:0.00%} devmon.cpp:53
2017-12-15 14:40:49.793 [12416] LOG_TRACE rcv[23]:{DEV_ID:1},{LOST:0.00%} devmon.cpp:53
2017-12-15 14:40:54.797 [12416] LOG_TRACE rcv[23]:{DEV_ID:1},{LOST:0.00%} devmon.cpp:53
2017-12-15 14:40:59.799 [12416] LOG_TRACE rcv[23]:{DEV_ID:1},{LOST:0.00%} devmon.cpp:53
2017-12-15 14:41:04.802 [12416] LOG_TRACE rcv[23]:{DEV_ID:1},{LOST:0.00%} devmon.cpp:53
2017-12-15 14:41:09.804 [12416] LOG_TRACE rcv[23]:{DEV_ID:1},{LOST:0.00%} devmon.cpp:53
2017-12-15 14:41:14.808 [12416] LOG_TRACE rcv[23]:{DEV_ID:1},{LOST:0.00%} devmon.cpp:53
2017-12-15 14:41:19.810 [12416] LOG_TRACE rcv[23]:{DEV_ID:1},{LOST:0.00%} devmon.cpp:53
2017-12-15 14:41:24.814 [12416] LOG_TRACE rcv[23]:{DEV_ID:1},{LOST:0.00%} devmon.cpp:53
2017-12-15 14:41:29.817 [12416] LOG_TRACE rcv[23]:{DEV_ID:1},{LOST:0.00%} devmon.cpp:53
2017-12-15 14:41:34.820 [12416] LOG_TRACE rcv[23]:{DEV_ID:1},{LOST:0.00%} devmon.cpp:53
2017-12-15 14:41:39.822 [12416] LOG_TRACE rcv[23]:{DEV_ID:1},{LOST:0.00%} devmon.cpp:53
2017-12-15 14:41:44.825 [12416] LOG_TRACE rcv[23]:{DEV_ID:1},{LOST:0.00%} devmon.cpp:53
2017-12-15 14:41:49.828 [12416] LOG_TRACE rcv[23]:{DEV_ID:1},{LOST:0.00%} devmon.cpp:53
2017-12-15 14:41:54.831 [12416] LOG_TRACE rcv[23]:{DEV_ID:1},{LOST:0.00%} devmon.cpp:53
2017-12-15 14:41:59.833 [12416] LOG_TRACE rcv[23]:{DEV_ID:1},{LOST:0.00%} devmon.cpp:53
2017-12-15 14:42:04.837 [12416] LOG_TRACE rcv[23]:{DEV_ID:1},{LOST:0.00%} devmon.cpp:53
2017-12-15 14:42:09.840 [12416] LOG_TRACE rcv[23]:{DEV_ID:1},{LOST:0.00%} devmon.cpp:53
2017-12-15 14:42:14.843 [12416] LOG_TRACE rcv[23]:{DEV_ID:1},{LOST:0.00%} devmon.cpp:53
2017-12-15 14:42:19.845 [12416] LOG_TRACE rcv[23]:{DEV_ID:1},{LOST:0.00%} devmon.cpp:53
2017-12-15 14:42:24.849 [12416] LOG_TRACE rcv[23]:{DEV_ID:1},{LOST:0.00%} devmon.cpp:53
2017-12-15 14:42:29.851 [12416] LOG_TRACE rcv[23]:{DEV_ID:1},{LOST:0.00%} devmon.cpp:53
2017-12-15 14:42:34.854 [12416] LOG_TRACE rcv[23]:{DEV_ID:1},{LOST:0.00%} devmon.cpp:53
2017-12-15 14:42:39.857 [12416] LOG_TRACE rcv[23]:{DEV_ID:1},{LOST:0.00%} devmon.cpp:53
2017-12-15 14:42:43.853 [17748] LOG_TRACE file[0] play stop cctdlg.cpp:1029
2017-12-15 14:42:43.853 [17748] LOG_TRACE play file change to  0 cctdlg.cpp:1038
2017-12-15 14:42:44.860 [12416] LOG_TRACE rcv[23]:{DEV_ID:1},{LOST:0.00%} devmon.cpp:53
2017-12-15 14:42:49.862 [12416] LOG_TRACE rcv[23]:{DEV_ID:1},{LOST:0.00%} devmon.cpp:53
2017-12-15 14:42:54.865 [12416] LOG_TRACE rcv[23]:{DEV_ID:1},{LOST:0.00%} devmon.cpp:53
2017-12-15 14:42:59.869 [12416] LOG_TRACE rcv[23]:{DEV_ID:1},{LOST:0.00%} devmon.cpp:53
2017-12-15 14:43:04.872 [12416] LOG_TRACE rcv[23]:{DEV_ID:1},{LOST:0.00%} devmon.cpp:53
2017-12-15 14:43:09.875 [12416] LOG_TRACE rcv[23]:{DEV_ID:1},{LOST:0.00%} devmon.cpp:53
2017-12-15 14:43:14.879 [12416] LOG_TRACE rcv[23]:{DEV_ID:1},{LOST:0.00%} devmon.cpp:53
2017-12-15 14:43:19.882 [12416] LOG_TRACE rcv[23]:{DEV_ID:1},{LOST:0.00%} devmon.cpp:53
2017-12-15 14:43:24.885 [12416] LOG_TRACE rcv[23]:{DEV_ID:1},{LOST:0.00%} devmon.cpp:53
2017-12-15 14:43:29.887 [12416] LOG_TRACE rcv[23]:{DEV_ID:1},{LOST:0.00%} devmon.cpp:53
2017-12-15 14:43:34.891 [12416] LOG_TRACE rcv[23]:{DEV_ID:1},{LOST:0.00%} devmon.cpp:53
2017-12-15 14:43:39.893 [12416] LOG_TRACE rcv[23]:{DEV_ID:1},{LOST:0.00%} devmon.cpp:53
2017-12-15 14:43:44.896 [12416] LOG_TRACE rcv[23]:{DEV_ID:1},{LOST:0.00%} devmon.cpp:53
2017-12-15 14:43:49.899 [12416] LOG_TRACE rcv[23]:{DEV_ID:1},{LOST:0.00%} devmon.cpp:53
2017-12-15 14:43:54.902 [12416] LOG_TRACE rcv[23]:{DEV_ID:1},{LOST:0.00%} devmon.cpp:53
2017-12-15 14:43:59.904 [12416] LOG_TRACE rcv[23]:{DEV_ID:1},{LOST:0.00%} devmon.cpp:53
2017-12-15 14:44:04.907 [12416] LOG_TRACE rcv[23]:{DEV_ID:1},{LOST:0.00%} devmon.cpp:53
2017-12-15 14:44:09.910 [12416] LOG_TRACE rcv[23]:{DEV_ID:1},{LOST:0.00%} devmon.cpp:53
2017-12-15 14:44:14.913 [12416] LOG_TRACE rcv[23]:{DEV_ID:1},{LOST:0.00%} devmon.cpp:53
2017-12-15 14:44:19.915 [12416] LOG_TRACE rcv[23]:{DEV_ID:1},{LOST:0.00%} devmon.cpp:53
2017-12-15 14:44:24.920 [12416] LOG_TRACE rcv[23]:{DEV_ID:1},{LOST:0.00%} devmon.cpp:53
2017-12-15 14:44:29.922 [12416] LOG_TRACE rcv[23]:{DEV_ID:1},{LOST:0.00%} devmon.cpp:53
2017-12-15 14:44:34.925 [12416] LOG_TRACE rcv[23]:{DEV_ID:1},{LOST:0.00%} devmon.cpp:53
2017-12-15 14:44:39.927 [12416] LOG_TRACE rcv[23]:{DEV_ID:1},{LOST:0.00%} devmon.cpp:53
2017-12-15 14:44:44.931 [12416] LOG_TRACE rcv[23]:{DEV_ID:1},{LOST:0.00%} devmon.cpp:53
2017-12-15 14:44:49.933 [12416] LOG_TRACE rcv[23]:{DEV_ID:1},{LOST:0.00%} devmon.cpp:53
2017-12-15 14:44:52.917 [10284] LOG_TRACE m_s32_volume=100 cctdlg.cpp:1180
2017-12-15 14:44:53.137 [10284] LOG_TRACE m_s32_volume=100 cctdlg.cpp:1180
2017-12-15 14:44:54.936 [12416] LOG_TRACE rcv[23]:{DEV_ID:1},{LOST:0.00%} devmon.cpp:53
2017-12-15 14:44:55.314 [10284] LOG_TRACE m_s32_volume=100 cctdlg.cpp:1180
2017-12-15 14:45:57.940 [12416] LOG_TRACE DEV[1] Offline devmon.cpp:76
2017-12-15 14:46:23.787 [3892] LOG_TRACE file[0] play stop cctdlg.cpp:1029
2017-12-15 14:46:23.787 [3892] LOG_TRACE play file change to  0 cctdlg.cpp:1038
2017-12-15 14:50:03.710 [17748] LOG_TRACE file[0] play stop cctdlg.cpp:1029
2017-12-15 14:50:03.710 [17748] LOG_TRACE play file change to  0 cctdlg.cpp:1038
2017-12-15 14:53:43.608 [3892] LOG_TRACE file[0] play stop cctdlg.cpp:1029
2017-12-15 14:53:43.608 [3892] LOG_TRACE play file change to  0 cctdlg.cpp:1038
2017-12-15 14:57:23.520 [17748] LOG_TRACE file[0] play stop cctdlg.cpp:1029
2017-12-15 14:57:23.520 [17748] LOG_TRACE play file change to  0 cctdlg.cpp:1038
2017-12-15 15:01:03.441 [3892] LOG_TRACE file[0] play stop cctdlg.cpp:1029
2017-12-15 15:01:03.441 [3892] LOG_TRACE play file change to  0 cctdlg.cpp:1038
2017-12-15 15:04:43.352 [3892] LOG_TRACE file[0] play stop cctdlg.cpp:1029
2017-12-15 15:04:43.352 [3892] LOG_TRACE play file change to  0 cctdlg.cpp:1038
2017-12-15 15:08:23.379 [3892] LOG_TRACE file[0] play stop cctdlg.cpp:1029
2017-12-15 15:08:23.379 [3892] LOG_TRACE play file change to  0 cctdlg.cpp:1038
2017-12-15 15:12:03.572 [17748] LOG_TRACE file[0] play stop cctdlg.cpp:1029
2017-12-15 15:12:03.572 [17748] LOG_TRACE play file change to  0 cctdlg.cpp:1038
2017-12-15 15:15:43.521 [17748] LOG_TRACE file[0] play stop cctdlg.cpp:1029
2017-12-15 15:15:43.521 [17748] LOG_TRACE play file change to  0 cctdlg.cpp:1038
2017-12-15 15:19:23.505 [8464] LOG_TRACE file[0] play stop cctdlg.cpp:1029
2017-12-15 15:19:23.505 [8464] LOG_TRACE play file change to  0 cctdlg.cpp:1038
2017-12-15 15:23:03.454 [8464] LOG_TRACE file[0] play stop cctdlg.cpp:1029
2017-12-15 15:23:03.454 [8464] LOG_TRACE play file change to  0 cctdlg.cpp:1038
2017-12-15 15:26:43.447 [17748] LOG_TRACE file[0] play stop cctdlg.cpp:1029
2017-12-15 15:26:43.447 [17748] LOG_TRACE play file change to  0 cctdlg.cpp:1038
2017-12-15 15:30:23.371 [17748] LOG_TRACE file[0] play stop cctdlg.cpp:1029
2017-12-15 15:30:23.371 [17748] LOG_TRACE play file change to  0 cctdlg.cpp:1038
2017-12-15 15:34:03.298 [17748] LOG_TRACE file[0] play stop cctdlg.cpp:1029
2017-12-15 15:34:03.298 [17748] LOG_TRACE play file change to  0 cctdlg.cpp:1038
2017-12-15 15:37:43.215 [17748] LOG_TRACE file[0] play stop cctdlg.cpp:1029
2017-12-15 15:37:43.215 [17748] LOG_TRACE play file change to  0 cctdlg.cpp:1038
2017-12-15 15:41:23.143 [17748] LOG_TRACE file[0] play stop cctdlg.cpp:1029
2017-12-15 15:41:23.143 [17748] LOG_TRACE play file change to  0 cctdlg.cpp:1038
2017-12-15 15:45:03.071 [8464] LOG_TRACE file[0] play stop cctdlg.cpp:1029
2017-12-15 15:45:03.071 [8464] LOG_TRACE play file change to  0 cctdlg.cpp:1038
2017-12-15 15:48:43.015 [8464] LOG_TRACE file[0] play stop cctdlg.cpp:1029
2017-12-15 15:48:43.015 [8464] LOG_TRACE play file change to  0 cctdlg.cpp:1038
2017-12-15 15:52:22.965 [17748] LOG_TRACE file[0] play stop cctdlg.cpp:1029
2017-12-15 15:52:22.965 [17748] LOG_TRACE play file change to  0 cctdlg.cpp:1038
2017-12-15 15:56:02.890 [17748] LOG_TRACE file[0] play stop cctdlg.cpp:1029
2017-12-15 15:56:02.890 [17748] LOG_TRACE play file change to  0 cctdlg.cpp:1038
2017-12-15 15:59:42.794 [8464] LOG_TRACE file[0] play stop cctdlg.cpp:1029
2017-12-15 15:59:42.794 [8464] LOG_TRACE play file change to  0 cctdlg.cpp:1038
2017-12-15 16:03:22.698 [17748] LOG_TRACE file[0] play stop cctdlg.cpp:1029
2017-12-15 16:03:22.698 [17748] LOG_TRACE play file change to  0 cctdlg.cpp:1038
2017-12-15 16:07:02.628 [8464] LOG_TRACE file[0] play stop cctdlg.cpp:1029
2017-12-15 16:07:02.628 [8464] LOG_TRACE play file change to  0 cctdlg.cpp:1038
2017-12-15 16:10:42.624 [8464] LOG_TRACE file[0] play stop cctdlg.cpp:1029
2017-12-15 16:10:42.624 [8464] LOG_TRACE play file change to  0 cctdlg.cpp:1038
2017-12-15 16:14:22.536 [17748] LOG_TRACE file[0] play stop cctdlg.cpp:1029
2017-12-15 16:14:22.536 [17748] LOG_TRACE play file change to  0 cctdlg.cpp:1038
2017-12-15 16:18:02.443 [8464] LOG_TRACE file[0] play stop cctdlg.cpp:1029
2017-12-15 16:18:02.443 [8464] LOG_TRACE play file change to  0 cctdlg.cpp:1038
2017-12-15 16:21:42.364 [17748] LOG_TRACE file[0] play stop cctdlg.cpp:1029
2017-12-15 16:21:42.364 [17748] LOG_TRACE play file change to  0 cctdlg.cpp:1038
2017-12-15 16:25:22.277 [17748] LOG_TRACE file[0] play stop cctdlg.cpp:1029
2017-12-15 16:25:22.277 [17748] LOG_TRACE play file change to  0 cctdlg.cpp:1038
2017-12-15 16:29:02.187 [17748] LOG_TRACE file[0] play stop cctdlg.cpp:1029
2017-12-15 16:29:02.187 [17748] LOG_TRACE play file change to  0 cctdlg.cpp:1038
2017-12-15 16:32:42.096 [17748] LOG_TRACE file[0] play stop cctdlg.cpp:1029
2017-12-15 16:32:42.096 [17748] LOG_TRACE play file change to  0 cctdlg.cpp:1038
2017-12-15 16:36:22.017 [17748] LOG_TRACE file[0] play stop cctdlg.cpp:1029
2017-12-15 16:36:22.017 [17748] LOG_TRACE play file change to  0 cctdlg.cpp:1038
2017-12-15 16:40:01.932 [8464] LOG_TRACE file[0] play stop cctdlg.cpp:1029
2017-12-15 16:40:01.932 [8464] LOG_TRACE play file change to  0 cctdlg.cpp:1038
2017-12-15 16:43:41.857 [17748] LOG_TRACE file[0] play stop cctdlg.cpp:1029
2017-12-15 16:43:41.857 [17748] LOG_TRACE play file change to  0 cctdlg.cpp:1038
2017-12-15 16:47:21.769 [17748] LOG_TRACE file[0] play stop cctdlg.cpp:1029
2017-12-15 16:47:21.769 [17748] LOG_TRACE play file change to  0 cctdlg.cpp:1038
2017-12-15 16:51:01.682 [8464] LOG_TRACE file[0] play stop cctdlg.cpp:1029
2017-12-15 16:51:01.682 [8464] LOG_TRACE play file change to  0 cctdlg.cpp:1038
2017-12-15 16:54:41.589 [17748] LOG_TRACE file[0] play stop cctdlg.cpp:1029
2017-12-15 16:54:41.589 [17748] LOG_TRACE play file change to  0 cctdlg.cpp:1038
2017-12-15 16:58:21.498 [8464] LOG_TRACE file[0] play stop cctdlg.cpp:1029
2017-12-15 16:58:21.498 [8464] LOG_TRACE play file change to  0 cctdlg.cpp:1038
2017-12-15 17:02:01.408 [17748] LOG_TRACE file[0] play stop cctdlg.cpp:1029
2017-12-15 17:02:01.408 [17748] LOG_TRACE play file change to  0 cctdlg.cpp:1038
2017-12-15 17:05:41.310 [17748] LOG_TRACE file[0] play stop cctdlg.cpp:1029
2017-12-15 17:05:41.310 [17748] LOG_TRACE play file change to  0 cctdlg.cpp:1038
2017-12-15 17:09:21.222 [8464] LOG_TRACE file[0] play stop cctdlg.cpp:1029
2017-12-15 17:09:21.222 [8464] LOG_TRACE play file change to  0 cctdlg.cpp:1038
2017-12-15 17:13:01.177 [17748] LOG_TRACE file[0] play stop cctdlg.cpp:1029
2017-12-15 17:13:01.177 [17748] LOG_TRACE play file change to  0 cctdlg.cpp:1038
2017-12-15 17:16:41.094 [8464] LOG_TRACE file[0] play stop cctdlg.cpp:1029
2017-12-15 17:16:41.094 [8464] LOG_TRACE play file change to  0 cctdlg.cpp:1038
2017-12-15 17:20:21.008 [8464] LOG_TRACE file[0] play stop cctdlg.cpp:1029
2017-12-15 17:20:21.008 [8464] LOG_TRACE play file change to  0 cctdlg.cpp:1038
2017-12-15 17:24:00.911 [8464] LOG_TRACE file[0] play stop cctdlg.cpp:1029
2017-12-15 17:24:00.911 [8464] LOG_TRACE play file change to  0 cctdlg.cpp:1038
2017-12-15 17:27:40.824 [8464] LOG_TRACE file[0] play stop cctdlg.cpp:1029
2017-12-15 17:27:40.824 [8464] LOG_TRACE play file change to  0 cctdlg.cpp:1038
2017-12-15 17:31:20.747 [8464] LOG_TRACE file[0] play stop cctdlg.cpp:1029
2017-12-15 17:31:20.747 [8464] LOG_TRACE play file change to  0 cctdlg.cpp:1038
2017-12-15 17:35:00.666 [8464] LOG_TRACE file[0] play stop cctdlg.cpp:1029
2017-12-15 17:35:00.666 [8464] LOG_TRACE play file change to  0 cctdlg.cpp:1038
2017-12-15 17:38:40.580 [17748] LOG_TRACE file[0] play stop cctdlg.cpp:1029
2017-12-15 17:38:40.580 [17748] LOG_TRACE play file change to  0 cctdlg.cpp:1038
2017-12-15 17:42:20.494 [8464] LOG_TRACE file[0] play stop cctdlg.cpp:1029
2017-12-15 17:42:20.494 [8464] LOG_TRACE play file change to  0 cctdlg.cpp:1038
2017-12-15 17:46:00.398 [17748] LOG_TRACE file[0] play stop cctdlg.cpp:1029
2017-12-15 17:46:00.398 [17748] LOG_TRACE play file change to  0 cctdlg.cpp:1038
2017-12-15 17:49:40.301 [17748] LOG_TRACE file[0] play stop cctdlg.cpp:1029
2017-12-15 17:49:40.301 [17748] LOG_TRACE play file change to  0 cctdlg.cpp:1038
2017-12-15 17:53:20.211 [8464] LOG_TRACE file[0] play stop cctdlg.cpp:1029
2017-12-15 17:53:20.211 [8464] LOG_TRACE play file change to  0 cctdlg.cpp:1038
2017-12-15 17:57:00.118 [17748] LOG_TRACE file[0] play stop cctdlg.cpp:1029
2017-12-15 17:57:00.118 [17748] LOG_TRACE play file change to  0 cctdlg.cpp:1038
2017-12-15 18:00:40.033 [8464] LOG_TRACE file[0] play stop cctdlg.cpp:1029
2017-12-15 18:00:40.033 [8464] LOG_TRACE play file change to  0 cctdlg.cpp:1038
2017-12-15 18:04:19.943 [8464] LOG_TRACE file[0] play stop cctdlg.cpp:1029
2017-12-15 18:04:19.943 [8464] LOG_TRACE play file change to  0 cctdlg.cpp:1038
2017-12-15 18:07:59.854 [17748] LOG_TRACE file[0] play stop cctdlg.cpp:1029
2017-12-15 18:07:59.854 [17748] LOG_TRACE play file change to  0 cctdlg.cpp:1038
2017-12-15 18:11:39.823 [8464] LOG_TRACE file[0] play stop cctdlg.cpp:1029
2017-12-15 18:11:39.823 [8464] LOG_TRACE play file change to  0 cctdlg.cpp:1038
2017-12-15 18:15:19.736 [17748] LOG_TRACE file[0] play stop cctdlg.cpp:1029
2017-12-15 18:15:19.736 [17748] LOG_TRACE play file change to  0 cctdlg.cpp:1038
2017-12-15 18:18:59.643 [17748] LOG_TRACE file[0] play stop cctdlg.cpp:1029
2017-12-15 18:18:59.643 [17748] LOG_TRACE play file change to  0 cctdlg.cpp:1038
2017-12-15 18:22:39.559 [8464] LOG_TRACE file[0] play stop cctdlg.cpp:1029
2017-12-15 18:22:39.559 [8464] LOG_TRACE play file change to  0 cctdlg.cpp:1038
2017-12-15 18:26:19.462 [17748] LOG_TRACE file[0] play stop cctdlg.cpp:1029
2017-12-15 18:26:19.462 [17748] LOG_TRACE play file change to  0 cctdlg.cpp:1038
2017-12-15 18:29:59.366 [17748] LOG_TRACE file[0] play stop cctdlg.cpp:1029
2017-12-15 18:29:59.366 [17748] LOG_TRACE play file change to  0 cctdlg.cpp:1038
2017-12-15 18:33:39.282 [17748] LOG_TRACE file[0] play stop cctdlg.cpp:1029
2017-12-15 18:33:39.282 [17748] LOG_TRACE play file change to  0 cctdlg.cpp:1038
2017-12-15 18:37:19.195 [17748] LOG_TRACE file[0] play stop cctdlg.cpp:1029
2017-12-15 18:37:19.195 [17748] LOG_TRACE play file change to  0 cctdlg.cpp:1038
2017-12-15 18:40:59.113 [17748] LOG_TRACE file[0] play stop cctdlg.cpp:1029
2017-12-15 18:40:59.113 [17748] LOG_TRACE play file change to  0 cctdlg.cpp:1038
2017-12-15 18:44:39.028 [17748] LOG_TRACE file[0] play stop cctdlg.cpp:1029
2017-12-15 18:44:39.028 [17748] LOG_TRACE play file change to  0 cctdlg.cpp:1038
2017-12-15 18:48:18.938 [17748] LOG_TRACE file[0] play stop cctdlg.cpp:1029
2017-12-15 18:48:18.938 [17748] LOG_TRACE play file change to  0 cctdlg.cpp:1038
2017-12-15 18:51:58.840 [17748] LOG_TRACE file[0] play stop cctdlg.cpp:1029
2017-12-15 18:51:58.840 [17748] LOG_TRACE play file change to  0 cctdlg.cpp:1038
2017-12-15 18:55:38.747 [17748] LOG_TRACE file[0] play stop cctdlg.cpp:1029
2017-12-15 18:55:38.747 [17748] LOG_TRACE play file change to  0 cctdlg.cpp:1038
2017-12-15 18:59:18.652 [17748] LOG_TRACE file[0] play stop cctdlg.cpp:1029
2017-12-15 18:59:18.652 [17748] LOG_TRACE play file change to  0 cctdlg.cpp:1038
2017-12-15 19:02:58.560 [17748] LOG_TRACE file[0] play stop cctdlg.cpp:1029
2017-12-15 19:02:58.560 [17748] LOG_TRACE play file change to  0 cctdlg.cpp:1038
2017-12-15 19:06:38.477 [8464] LOG_TRACE file[0] play stop cctdlg.cpp:1029
2017-12-15 19:06:38.477 [8464] LOG_TRACE play file change to  0 cctdlg.cpp:1038
2017-12-15 19:10:18.406 [17748] LOG_TRACE file[0] play stop cctdlg.cpp:1029
2017-12-15 19:10:18.406 [17748] LOG_TRACE play file change to  0 cctdlg.cpp:1038
2017-12-15 19:13:58.327 [17748] LOG_TRACE file[0] play stop cctdlg.cpp:1029
2017-12-15 19:13:58.327 [17748] LOG_TRACE play file change to  0 cctdlg.cpp:1038
2017-12-15 19:17:38.236 [8464] LOG_TRACE file[0] play stop cctdlg.cpp:1029
2017-12-15 19:17:38.236 [8464] LOG_TRACE play file change to  0 cctdlg.cpp:1038
2017-12-15 19:21:18.154 [8464] LOG_TRACE file[0] play stop cctdlg.cpp:1029
2017-12-15 19:21:18.154 [8464] LOG_TRACE play file change to  0 cctdlg.cpp:1038
2017-12-15 19:24:58.069 [8464] LOG_TRACE file[0] play stop cctdlg.cpp:1029
2017-12-15 19:24:58.069 [8464] LOG_TRACE play file change to  0 cctdlg.cpp:1038
2017-12-15 19:28:37.974 [8464] LOG_TRACE file[0] play stop cctdlg.cpp:1029
2017-12-15 19:28:37.974 [8464] LOG_TRACE play file change to  0 cctdlg.cpp:1038
2017-12-15 19:32:17.881 [8464] LOG_TRACE file[0] play stop cctdlg.cpp:1029
2017-12-15 19:32:17.881 [8464] LOG_TRACE play file change to  0 cctdlg.cpp:1038
2017-12-15 19:35:57.793 [17748] LOG_TRACE file[0] play stop cctdlg.cpp:1029
2017-12-15 19:35:57.793 [17748] LOG_TRACE play file change to  0 cctdlg.cpp:1038
2017-12-15 19:39:37.706 [8464] LOG_TRACE file[0] play stop cctdlg.cpp:1029
2017-12-15 19:39:37.706 [8464] LOG_TRACE play file change to  0 cctdlg.cpp:1038
2017-12-15 19:43:17.618 [8464] LOG_TRACE file[0] play stop cctdlg.cpp:1029
2017-12-15 19:43:17.618 [8464] LOG_TRACE play file change to  0 cctdlg.cpp:1038
2017-12-15 19:46:57.536 [17748] LOG_TRACE file[0] play stop cctdlg.cpp:1029
2017-12-15 19:46:57.536 [17748] LOG_TRACE play file change to  0 cctdlg.cpp:1038
2017-12-15 19:50:37.435 [17748] LOG_TRACE file[0] play stop cctdlg.cpp:1029
2017-12-15 19:50:37.435 [17748] LOG_TRACE play file change to  0 cctdlg.cpp:1038
2017-12-15 19:54:17.347 [17748] LOG_TRACE file[0] play stop cctdlg.cpp:1029
2017-12-15 19:54:17.347 [17748] LOG_TRACE play file change to  0 cctdlg.cpp:1038
2017-12-15 19:57:57.257 [17748] LOG_TRACE file[0] play stop cctdlg.cpp:1029
2017-12-15 19:57:57.257 [17748] LOG_TRACE play file change to  0 cctdlg.cpp:1038
2017-12-15 20:01:37.164 [17748] LOG_TRACE file[0] play stop cctdlg.cpp:1029
2017-12-15 20:01:37.164 [17748] LOG_TRACE play file change to  0 cctdlg.cpp:1038
2017-12-15 20:05:17.084 [8464] LOG_TRACE file[0] play stop cctdlg.cpp:1029
2017-12-15 20:05:17.084 [8464] LOG_TRACE play file change to  0 cctdlg.cpp:1038
2017-12-15 20:08:56.990 [17748] LOG_TRACE file[0] play stop cctdlg.cpp:1029
2017-12-15 20:08:56.990 [17748] LOG_TRACE play file change to  0 cctdlg.cpp:1038
2017-12-15 20:12:36.941 [17748] LOG_TRACE file[0] play stop cctdlg.cpp:1029
2017-12-15 20:12:36.941 [17748] LOG_TRACE play file change to  0 cctdlg.cpp:1038
2017-12-15 20:16:16.848 [17748] LOG_TRACE file[0] play stop cctdlg.cpp:1029
2017-12-15 20:16:16.848 [17748] LOG_TRACE play file change to  0 cctdlg.cpp:1038
2017-12-15 20:19:56.762 [17748] LOG_TRACE file[0] play stop cctdlg.cpp:1029
2017-12-15 20:19:56.762 [17748] LOG_TRACE play file change to  0 cctdlg.cpp:1038
2017-12-15 20:23:36.670 [8464] LOG_TRACE file[0] play stop cctdlg.cpp:1029
2017-12-15 20:23:36.670 [8464] LOG_TRACE play file change to  0 cctdlg.cpp:1038
2017-12-15 20:27:16.577 [17748] LOG_TRACE file[0] play stop cctdlg.cpp:1029
2017-12-15 20:27:16.577 [17748] LOG_TRACE play file change to  0 cctdlg.cpp:1038
2017-12-15 20:30:56.481 [17748] LOG_TRACE file[0] play stop cctdlg.cpp:1029
2017-12-15 20:30:56.481 [17748] LOG_TRACE play file change to  0 cctdlg.cpp:1038
2017-12-15 20:34:36.390 [17748] LOG_TRACE file[0] play stop cctdlg.cpp:1029
2017-12-15 20:34:36.390 [17748] LOG_TRACE play file change to  0 cctdlg.cpp:1038
2017-12-15 20:38:16.301 [17748] LOG_TRACE file[0] play stop cctdlg.cpp:1029
2017-12-15 20:38:16.301 [17748] LOG_TRACE play file change to  0 cctdlg.cpp:1038
2017-12-15 20:41:56.200 [17748] LOG_TRACE file[0] play stop cctdlg.cpp:1029
2017-12-15 20:41:56.200 [17748] LOG_TRACE play file change to  0 cctdlg.cpp:1038
2017-12-15 20:45:36.127 [17748] LOG_TRACE file[0] play stop cctdlg.cpp:1029
2017-12-15 20:45:36.127 [17748] LOG_TRACE play file change to  0 cctdlg.cpp:1038
2017-12-15 20:49:16.037 [8464] LOG_TRACE file[0] play stop cctdlg.cpp:1029
2017-12-15 20:49:16.037 [8464] LOG_TRACE play file change to  0 cctdlg.cpp:1038
2017-12-15 20:52:55.946 [17748] LOG_TRACE file[0] play stop cctdlg.cpp:1029
2017-12-15 20:52:55.946 [17748] LOG_TRACE play file change to  0 cctdlg.cpp:1038
2017-12-15 20:56:35.868 [17748] LOG_TRACE file[0] play stop cctdlg.cpp:1029
2017-12-15 20:56:35.868 [17748] LOG_TRACE play file change to  0 cctdlg.cpp:1038
2017-12-15 21:00:15.780 [8464] LOG_TRACE file[0] play stop cctdlg.cpp:1029
2017-12-15 21:00:15.780 [8464] LOG_TRACE play file change to  0 cctdlg.cpp:1038
2017-12-15 21:03:55.705 [17748] LOG_TRACE file[0] play stop cctdlg.cpp:1029
2017-12-15 21:03:55.705 [17748] LOG_TRACE play file change to  0 cctdlg.cpp:1038
2017-12-15 21:07:35.633 [8464] LOG_TRACE file[0] play stop cctdlg.cpp:1029
2017-12-15 21:07:35.633 [8464] LOG_TRACE play file change to  0 cctdlg.cpp:1038
2017-12-15 21:11:15.594 [8464] LOG_TRACE file[0] play stop cctdlg.cpp:1029
2017-12-15 21:11:15.594 [8464] LOG_TRACE play file change to  0 cctdlg.cpp:1038
2017-12-15 21:14:55.505 [8464] LOG_TRACE file[0] play stop cctdlg.cpp:1029
2017-12-15 21:14:55.505 [8464] LOG_TRACE play file change to  0 cctdlg.cpp:1038
2017-12-15 21:18:35.429 [8464] LOG_TRACE file[0] play stop cctdlg.cpp:1029
2017-12-15 21:18:35.429 [8464] LOG_TRACE play file change to  0 cctdlg.cpp:1038
2017-12-15 21:22:15.351 [8464] LOG_TRACE file[0] play stop cctdlg.cpp:1029
2017-12-15 21:22:15.351 [8464] LOG_TRACE play file change to  0 cctdlg.cpp:1038
2017-12-15 21:25:55.264 [8464] LOG_TRACE file[0] play stop cctdlg.cpp:1029
2017-12-15 21:25:55.264 [8464] LOG_TRACE play file change to  0 cctdlg.cpp:1038
2017-12-15 21:29:35.186 [8464] LOG_TRACE file[0] play stop cctdlg.cpp:1029
2017-12-15 21:29:35.186 [8464] LOG_TRACE play file change to  0 cctdlg.cpp:1038
2017-12-15 21:33:15.102 [17748] LOG_TRACE file[0] play stop cctdlg.cpp:1029
2017-12-15 21:33:15.102 [17748] LOG_TRACE play file change to  0 cctdlg.cpp:1038
2017-12-15 21:36:55.013 [8464] LOG_TRACE file[0] play stop cctdlg.cpp:1029
2017-12-15 21:36:55.013 [8464] LOG_TRACE play file change to  0 cctdlg.cpp:1038
2017-12-15 21:40:34.917 [17748] LOG_TRACE file[0] play stop cctdlg.cpp:1029
2017-12-15 21:40:34.917 [17748] LOG_TRACE play file change to  0 cctdlg.cpp:1038
2017-12-15 21:44:14.841 [17748] LOG_TRACE file[0] play stop cctdlg.cpp:1029
2017-12-15 21:44:14.841 [17748] LOG_TRACE play file change to  0 cctdlg.cpp:1038
2017-12-15 21:47:54.749 [17748] LOG_TRACE file[0] play stop cctdlg.cpp:1029
2017-12-15 21:47:54.749 [17748] LOG_TRACE play file change to  0 cctdlg.cpp:1038
2017-12-15 21:51:34.671 [8464] LOG_TRACE file[0] play stop cctdlg.cpp:1029
2017-12-15 21:51:34.671 [8464] LOG_TRACE play file change to  0 cctdlg.cpp:1038
